  Using 'git status' to determine working set for adaptive non-unity build (D:\FlixInteractive\MinesweeperClone).
  Parsing headers for MinesweeperCloneEditor
    Running UnrealHeaderTool "D:\FlixInteractive\MinesweeperClone\MinesweeperClone\MinesweeperClone.uproject" "D:\FlixInteractive\MinesweeperClone\MinesweeperClone\Intermediate\Build\Win64\MinesweeperCloneEditor\Development\MinesweeperCloneEditor.uhtmanifest" -LogCmds="loginit warning, logexit warning, logdatabase error" -Unattended -WarningsAsErrors -abslog="C:\Users\cadia\AppData\Local\UnrealBuildTool\Log_UHT.txt" -installed
  LogInit: Display: Loading text-based GConfig....
  Reflection code generated for MinesweeperCloneEditor in 2.9353187 seconds
  Building MinesweeperCloneEditor...
  Using Visual Studio 2022 14.34.31937 toolchain (C:\Program Files\Microsoft Visual Studio\2022\Community\VC\Tools\MSVC\14.34.31933) and Windows 10.0.22000.0 SDK (C:\Program Files (x86)\Windows Kits\10).
  Building 8 actions with 24 processes...
    [1/8] GridSquare.cpp
    [2/8] MinesweeperGameMode.cpp
    [3/8] MinesweeperGrid.cpp
    [4/8] GridSquare.gen.cpp
    [5/8] MinesweeperGrid.gen.cpp
    [6/8] UE4Editor-MinesweeperClone-0013.lib
       Creating library D:\FlixInteractive\MinesweeperClone\MinesweeperClone\Intermediate\Build\Win64\UE4Editor\Development\MinesweeperClone\UE4Editor-MinesweeperClone-0013.lib and object D:\FlixInteractive\MinesweeperClone\MinesweeperClone\Intermediate\Build\Win64\UE4Editor\Development\MinesweeperClone\UE4Editor-MinesweeperClone-0013.exp
    [7/8] UE4Editor-MinesweeperClone-0013.dll
       Creating library D:\FlixInteractive\MinesweeperClone\MinesweeperClone\Intermediate\Build\Win64\UE4Editor\Development\MinesweeperClone\UE4Editor-MinesweeperClone-0013.suppressed.lib and object D:\FlixInteractive\MinesweeperClone\MinesweeperClone\Intermediate\Build\Win64\UE4Editor\Development\MinesweeperClone\UE4Editor-MinesweeperClone-0013.suppressed.exp
    [8/8] MinesweeperCloneEditor.target
  Total time in Parallel executor: 1.21 seconds
  Total execution time: 4.69 seconds
