Log file open, 05/05/23 03:49:02
LogWindows: Failed to load 'aqProf.dll' (GetLastError=126)
LogWindows: File 'aqProf.dll' does not exist
LogWindows: Failed to load 'VtuneApi.dll' (GetLastError=126)
LogWindows: File 'VtuneApi.dll' does not exist
LogWindows: Failed to load 'VtuneApi32e.dll' (GetLastError=126)
LogWindows: File 'VtuneApi32e.dll' does not exist
LogConsoleResponse: Display: Failed to find resolution value strings in scalability ini. Falling back to default.
LogConsoleResponse: Display: Failed to find resolution value strings in scalability ini. Falling back to default.
LogInit: Display: Running engine for game: MinesweeperClone
LogPlatformFile: Not using cached read wrapper
LogTaskGraph: Started task graph with 5 named threads and 71 total threads with 3 sets of task threads.
LogStats: Stats thread started at 0.197429
LogICUInternationalization: ICU TimeZone Detection - Raw Offset: +0:00, Platform Override: ''
LogInit: Display: Loading text-based GConfig....
LogPluginManager: Mounting plugin MeshPainting
LogPluginManager: Mounting plugin XGEController
LogPluginManager: Mounting plugin Paper2D
LogPluginManager: Mounting plugin AISupport
LogPluginManager: Mounting plugin EnvironmentQueryEditor
LogPluginManager: Mounting plugin CameraShakePreviewer
LogPluginManager: Mounting plugin LiveLink
LogPluginManager: Mounting plugin OodleData
LogPluginManager: Mounting plugin OodleNetwork
LogPluginManager: Mounting plugin GameplayCameras
LogPluginManager: Mounting plugin AnimationSharing
LogPluginManager: Mounting plugin CLionSourceCodeAccess
LogPluginManager: Mounting plugin LightPropagationVolume
LogPluginManager: Mounting plugin AssetManagerEditor
LogPluginManager: Mounting plugin CodeLiteSourceCodeAccess
LogPluginManager: Mounting plugin CryptoKeys
LogPluginManager: Mounting plugin GitSourceControl
LogPluginManager: Mounting plugin KDevelopSourceCodeAccess
LogPluginManager: Mounting plugin CurveEditorTools
LogPluginManager: Mounting plugin DataValidation
LogPluginManager: Mounting plugin NullSourceCodeAccess
LogPluginManager: Mounting plugin FacialAnimation
LogPluginManager: Mounting plugin PixWinPlugin
LogPluginManager: Mounting plugin PlasticSourceControl
LogPluginManager: Mounting plugin PluginUtils
LogPluginManager: Mounting plugin PropertyAccessNode
LogPluginManager: Mounting plugin PerforceSourceControl
LogPluginManager: Mounting plugin SubversionSourceControl
LogPluginManager: Mounting plugin TextureFormatOodle
LogPluginManager: Mounting plugin VisualStudioSourceCodeAccess
LogPluginManager: Mounting plugin GeometryMode
LogPluginManager: Mounting plugin XCodeSourceCodeAccess
LogPluginManager: Mounting plugin UObjectPlugin
LogPluginManager: Mounting plugin VisualStudioCodeSourceCodeAccess
LogPluginManager: Mounting plugin GameplayTagsEditor
LogPluginManager: Mounting plugin RiderSourceCodeAccess
LogPluginManager: Mounting plugin MacGraphicsSwitching
LogPluginManager: Mounting plugin MaterialAnalyzer
LogPluginManager: Mounting plugin MobileLauncherProfileWizard
LogPluginManager: Mounting plugin PluginBrowser
LogPluginManager: Mounting plugin SpeedTreeImporter
LogPluginManager: Mounting plugin Niagara
LogPluginManager: Mounting plugin DatasmithContent
LogPluginManager: Mounting plugin VariantManagerContent
LogPluginManager: Mounting plugin MagicLeap
LogPluginManager: Mounting plugin LuminPlatformFeatures
LogPluginManager: Mounting plugin AndroidMedia
LogPluginManager: Mounting plugin AvfMedia
LogPluginManager: Mounting plugin MagicLeapLightEstimation
LogPluginManager: Mounting plugin MagicLeapMedia
LogPluginManager: Mounting plugin MagicLeapPassableWorld
LogPluginManager: Mounting plugin MLSDK
LogPluginManager: Mounting plugin TcpMessaging
LogPluginManager: Mounting plugin UdpMessaging
LogPluginManager: Mounting plugin ActorSequence
LogPluginManager: Mounting plugin LevelSequenceEditor
LogPluginManager: Mounting plugin ImgMedia
LogPluginManager: Mounting plugin MatineeToLevelSequence
LogPluginManager: Mounting plugin MediaPlayerEditor
LogPluginManager: Mounting plugin MediaCompositing
LogPluginManager: Mounting plugin TemplateSequence
LogPluginManager: Mounting plugin WebMMedia
LogPluginManager: Mounting plugin WmfMedia
LogPluginManager: Mounting plugin ActorLayerUtilities
LogPluginManager: Mounting plugin AndroidMoviePlayer
LogPluginManager: Mounting plugin AndroidDeviceProfileSelector
LogPluginManager: Mounting plugin OnlineSubsystem
LogPluginManager: Mounting plugin AndroidPermission
LogPluginManager: Mounting plugin OnlineSubsystemNull
LogPluginManager: Mounting plugin AppleImageUtils
LogPluginManager: Mounting plugin OnlineSubsystemUtils
LogPluginManager: Mounting plugin AppleMoviePlayer
LogPluginManager: Mounting plugin ArchVisCharacter
LogPluginManager: Mounting plugin ScreenshotTools
LogPluginManager: Mounting plugin AssetTags
LogPluginManager: Mounting plugin LauncherChunkInstaller
LogPluginManager: Mounting plugin AudioCapture
LogPluginManager: Mounting plugin AudioSynesthesia
LogPluginManager: Mounting plugin CableComponent
LogPluginManager: Mounting plugin CustomMeshComponent
LogPluginManager: Mounting plugin EditableMesh
LogPluginManager: Mounting plugin ChunkDownloader
LogPluginManager: Mounting plugin ExampleDeviceProfileSelector
LogPluginManager: Mounting plugin GoogleCloudMessaging
LogPluginManager: Mounting plugin GooglePAD
LogPluginManager: Mounting plugin LinuxDeviceProfileSelector
LogPluginManager: Mounting plugin IOSDeviceProfileSelector
LogPluginManager: Mounting plugin LocationServicesBPLibrary
LogPluginManager: Mounting plugin Takes
LogPluginManager: Mounting plugin MobilePatchingUtils
LogPluginManager: Mounting plugin OpenXR
LogPluginManager: Mounting plugin OpenXREyeTracker
LogPluginManager: Mounting plugin OpenXRHandTracking
LogPluginManager: Mounting plugin PhysXVehicles
LogPluginManager: Mounting plugin PostSplashScreen
LogPluginManager: Mounting plugin ProceduralMeshComponent
LogPluginManager: Mounting plugin PropertyAccessEditor
LogPluginManager: Mounting plugin RuntimePhysXCooking
LogPluginManager: Mounting plugin AlembicImporter
LogPluginManager: Mounting plugin SignificanceManager
LogPluginManager: Mounting plugin SoundFields
LogPluginManager: Mounting plugin AutomationUtils
LogPluginManager: Mounting plugin BackChannel
LogPluginManager: Mounting plugin Synthesis
LogPluginManager: Mounting plugin WebMMoviePlayer
LogPluginManager: Mounting plugin WindowsMoviePlayer
LogPluginManager: Mounting plugin ChaosCloth
LogPluginManager: Mounting plugin ChaosClothEditor
LogPluginManager: Mounting plugin ChaosEditor
LogPluginManager: Mounting plugin ChaosNiagara
LogPluginManager: Mounting plugin ChaosSolverPlugin
LogPluginManager: Mounting plugin CharacterAI
LogPluginManager: Mounting plugin GeometryCache
LogPluginManager: Mounting plugin GeometryCollectionPlugin
LogPluginManager: Mounting plugin GeometryProcessing
LogPluginManager: Mounting plugin MotoSynth
LogPluginManager: Mounting plugin PlanarCut
LogPluginManager: Mounting plugin OpenImageDenoise
LogPluginManager: Mounting plugin PlatformCrypto
LogPluginManager: Mounting plugin ProxyLODPlugin
LogPluginManager: Mounting plugin PythonScriptPlugin
LogPluginManager: Mounting plugin SkeletalReduction
LogPluginManager: Mounting plugin ContentBrowserAssetDataSource
LogPluginManager: Mounting plugin ContentBrowserClassDataSource
LogPluginManager: Mounting plugin ContentBrowserFileDataSource
LogPluginManager: Mounting plugin OnlineSubsystemGooglePlay
LogPluginManager: Mounting plugin OnlineSubsystemIOS
LogPluginManager: Mounting plugin OculusVR
LogPluginManager: Mounting plugin SteamVR
PixWinPlugin: PIX capture plugin failed to initialize! Check that the process is launched from PIX.
LogInit: Using libcurl 7.55.1-DEV
LogInit:  - built for x86_64-pc-win32
LogInit:  - supports SSL with OpenSSL/1.1.1
LogInit:  - supports HTTP deflate (compression) using libz 1.2.8
LogInit:  - other features:
LogInit:      CURL_VERSION_SSL
LogInit:      CURL_VERSION_LIBZ
LogInit:      CURL_VERSION_IPV6
LogInit:      CURL_VERSION_ASYNCHDNS
LogInit:      CURL_VERSION_LARGEFILE
LogInit:      CURL_VERSION_IDN
LogInit:  CurlRequestOptions (configurable via config and command line):
LogInit:  - bVerifyPeer = true  - Libcurl will verify peer certificate
LogInit:  - bUseHttpProxy = false  - Libcurl will NOT use HTTP proxy
LogInit:  - bDontReuseConnections = false  - Libcurl will reuse connections
LogInit:  - MaxHostConnections = 16  - Libcurl will limit the number of connections to a host
LogInit:  - LocalHostAddr = Default
LogInit:  - BufferSize = 65536
LogOnline: OSS: Creating online subsystem instance for: NULL
LogInit: WinSock: version 1.1 (2.2), MaxSocks=32767, MaxUdp=65467
LogOnline: OSS: TryLoadSubsystemAndSetDefault: Loaded subsystem for module [NULL]
LogInit: Build: ++UE4+Release-4.27-CL-18319896
LogInit: Engine Version: 4.27.2-18319896+++UE4+Release-4.27
LogInit: Compatible Engine Version: 4.27.0-17155196+++UE4+Release-4.27
LogInit: Net CL: 17155196
LogInit: OS: Windows 10 (Release 2009) (), CPU: AMD Ryzen 9 5900X 12-Core Processor            , GPU: NVIDIA GeForce RTX 3090
LogInit: Compiled (64-bit): Nov 30 2021 07:12:08
LogInit: Compiled with Visual C++: 19.24.28315.00
LogInit: Build Configuration: Development
LogInit: Branch Name: ++UE4+Release-4.27
LogInit: Command Line:  D:\FlixInteractive\MinesweeperClone\MinesweeperClone\MinesweeperClone.uproject -run=VisualStudioTools -unattended -noshadercompile -noaudio -nullrhi -nocpuprofilertrace -nocrashreports -nosplash -output C:\Users\cadia\AppData\Local\Temp\tmpF1A9.tmp
LogInit: Base Directory: D:/EpicGames/UE_4.27/Engine/Binaries/Win64/
LogInit: Allocator: TBB
LogInit: Installed Engine Build: 1
LogDevObjectVersion: Number of dev versions registered: 29
LogDevObjectVersion:   Dev-Blueprints (B0D832E4-1F89-4F0D-ACCF-7EB736FD4AA2): 10
LogDevObjectVersion:   Dev-Build (E1C64328-A22C-4D53-A36C-8E866417BD8C): 0
LogDevObjectVersion:   Dev-Core (375EC13C-06E4-48FB-B500-84F0262A717E): 4
LogDevObjectVersion:   Dev-Editor (E4B068ED-F494-42E9-A231-DA0B2E46BB41): 40
LogDevObjectVersion:   Dev-Framework (CFFC743F-43B0-4480-9391-14DF171D2073): 37
LogDevObjectVersion:   Dev-Mobile (B02B49B5-BB20-44E9-A304-32B752E40360): 3
LogDevObjectVersion:   Dev-Networking (A4E4105C-59A1-49B5-A7C5-40C4547EDFEE): 0
LogDevObjectVersion:   Dev-Online (39C831C9-5AE6-47DC-9A44-9C173E1C8E7C): 0
LogDevObjectVersion:   Dev-Physics (78F01B33-EBEA-4F98-B9B4-84EACCB95AA2): 14
LogDevObjectVersion:   Dev-Platform (6631380F-2D4D-43E0-8009-CF276956A95A): 0
LogDevObjectVersion:   Dev-Rendering (12F88B9F-8875-4AFC-A67C-D90C383ABD29): 45
LogDevObjectVersion:   Dev-Sequencer (7B5AE74C-D270-4C10-A958-57980B212A5A): 13
LogDevObjectVersion:   Dev-VR (D7296918-1DD6-4BDD-9DE2-64A83CC13884): 3
LogDevObjectVersion:   Dev-LoadTimes (C2A15278-BFE7-4AFE-6C17-90FF531DF755): 1
LogDevObjectVersion:   Private-Geometry (6EACA3D4-40EC-4CC1-B786-8BED09428FC5): 3
LogDevObjectVersion:   Dev-AnimPhys (29E575DD-E0A3-4627-9D10-D276232CDCEA): 17
LogDevObjectVersion:   Dev-Anim (AF43A65D-7FD3-4947-9873-3E8ED9C1BB05): 15
LogDevObjectVersion:   Dev-ReflectionCapture (6B266CEC-1EC7-4B8F-A30B-E4D90942FC07): 1
LogDevObjectVersion:   Dev-Automation (0DF73D61-A23F-47EA-B727-89E90C41499A): 1
LogDevObjectVersion:   FortniteMain (601D1886-AC64-4F84-AA16-D3DE0DEAC7D6): 47
LogDevObjectVersion:   FortniteRelease (E7086368-6B23-4C58-8439-1B7016265E91): 1
LogDevObjectVersion:   Dev-Enterprise (9DFFBCD6-494F-0158-E221-12823C92A888): 10
LogDevObjectVersion:   Dev-Niagara (F2AED0AC-9AFE-416F-8664-AA7FFA26D6FC): 1
LogDevObjectVersion:   Dev-Destruction (174F1F0B-B4C6-45A5-B13F-2EE8D0FB917D): 10
LogDevObjectVersion:   Dev-Physics-Ext (35F94A83-E258-406C-A318-09F59610247C): 41
LogDevObjectVersion:   Dev-PhysicsMaterial-Chaos (B68FC16E-8B1B-42E2-B453-215C058844FE): 1
LogDevObjectVersion:   Dev-CineCamera (B2E18506-4273-CFC2-A54E-F4BB758BBA07): 1
LogDevObjectVersion:   Dev-VirtualProduction (64F58936-FD1B-42BA-BA96-7289D5D0FA4E): 1
LogDevObjectVersion:   Dev-MediaFramework (6F0ED827-A609-4895-9C91-998D90180EA4): 2
LogInit: Presizing for max 25165824 objects, including 0 objects not considered by GC, pre-allocating 0 bytes for permanent pool.
LogConfig: Applying CVar settings from Section [/Script/Engine.StreamingSettings] File [D:/FlixInteractive/MinesweeperClone/MinesweeperClone/Saved/Config/Windows/Engine.ini]
LogConfig: Setting CVar [[s.MinBulkDataSizeForAsyncLoading:131072]]
LogConfig: Setting CVar [[s.AsyncLoadingThreadEnabled:0]]
LogConfig: Setting CVar [[s.EventDrivenLoaderEnabled:1]]
LogConfig: Setting CVar [[s.WarnIfTimeLimitExceeded:0]]
LogConfig: Setting CVar [[s.TimeLimitExceededMultiplier:1.5]]
LogConfig: Setting CVar [[s.TimeLimitExceededMinTime:0.005]]
LogConfig: Setting CVar [[s.UseBackgroundLevelStreaming:1]]
LogConfig: Setting CVar [[s.PriorityAsyncLoadingExtraTime:15.0]]
LogConfig: Setting CVar [[s.LevelStreamingActorsUpdateTimeLimit:5.0]]
LogConfig: Setting CVar [[s.PriorityLevelStreamingActorsUpdateExtraTime:5.0]]
LogConfig: Setting CVar [[s.LevelStreamingComponentsRegistrationGranularity:10]]
LogConfig: Setting CVar [[s.UnregisterComponentsTimeLimit:1.0]]
LogConfig: Setting CVar [[s.LevelStreamingComponentsUnregistrationGranularity:5]]
LogConfig: Setting CVar [[s.FlushStreamingOnExit:1]]
LogInit: Object subsystem initialized
LogConfig: Setting CVar [[con.DebugEarlyDefault:1]]
LogConfig: Setting CVar [[r.setres:1280x720]]
[2023.05.05-02.49.02:934][  0]LogConfig: Setting CVar [[con.DebugEarlyDefault:1]]
[2023.05.05-02.49.02:934][  0]LogConfig: Setting CVar [[r.setres:1280x720]]
[2023.05.05-02.49.02:934][  0]LogConfig: Applying CVar settings from Section [/Script/Engine.RendererSettings] File [D:/FlixInteractive/MinesweeperClone/MinesweeperClone/Saved/Config/Windows/Engine.ini]
[2023.05.05-02.49.02:934][  0]LogConfig: Setting CVar [[r.GPUCrashDebugging:0]]
[2023.05.05-02.49.02:934][  0]LogConfig: Applying CVar settings from Section [/Script/Engine.RendererOverrideSettings] File [D:/FlixInteractive/MinesweeperClone/MinesweeperClone/Saved/Config/Windows/Engine.ini]
[2023.05.05-02.49.02:934][  0]LogConfig: Applying CVar settings from Section [/Script/Engine.StreamingSettings] File [D:/FlixInteractive/MinesweeperClone/MinesweeperClone/Saved/Config/Windows/Engine.ini]
[2023.05.05-02.49.02:934][  0]LogConfig: Setting CVar [[s.MinBulkDataSizeForAsyncLoading:131072]]
[2023.05.05-02.49.02:934][  0]LogConfig: Setting CVar [[s.AsyncLoadingThreadEnabled:0]]
[2023.05.05-02.49.02:934][  0]LogConfig: Setting CVar [[s.EventDrivenLoaderEnabled:1]]
[2023.05.05-02.49.02:934][  0]LogConfig: Setting CVar [[s.WarnIfTimeLimitExceeded:0]]
[2023.05.05-02.49.02:934][  0]LogConfig: Setting CVar [[s.TimeLimitExceededMultiplier:1.5]]
[2023.05.05-02.49.02:934][  0]LogConfig: Setting CVar [[s.TimeLimitExceededMinTime:0.005]]
[2023.05.05-02.49.02:934][  0]LogConfig: Setting CVar [[s.UseBackgroundLevelStreaming:1]]
[2023.05.05-02.49.02:934][  0]LogConfig: Setting CVar [[s.PriorityAsyncLoadingExtraTime:15.0]]
[2023.05.05-02.49.02:934][  0]LogConfig: Setting CVar [[s.LevelStreamingActorsUpdateTimeLimit:5.0]]
[2023.05.05-02.49.02:934][  0]LogConfig: Setting CVar [[s.PriorityLevelStreamingActorsUpdateExtraTime:5.0]]
[2023.05.05-02.49.02:934][  0]LogConfig: Setting CVar [[s.LevelStreamingComponentsRegistrationGranularity:10]]
[2023.05.05-02.49.02:934][  0]LogConfig: Setting CVar [[s.UnregisterComponentsTimeLimit:1.0]]
[2023.05.05-02.49.02:934][  0]LogConfig: Setting CVar [[s.LevelStreamingComponentsUnregistrationGranularity:5]]
[2023.05.05-02.49.02:934][  0]LogConfig: Setting CVar [[s.FlushStreamingOnExit:1]]
[2023.05.05-02.49.02:934][  0]LogConfig: Applying CVar settings from Section [/Script/Engine.GarbageCollectionSettings] File [D:/FlixInteractive/MinesweeperClone/MinesweeperClone/Saved/Config/Windows/Engine.ini]
[2023.05.05-02.49.02:934][  0]LogConfig: Setting CVar [[gc.MaxObjectsNotConsideredByGC:1]]
[2023.05.05-02.49.02:934][  0]LogConfig: Setting CVar [[gc.SizeOfPermanentObjectPool:0]]
[2023.05.05-02.49.02:934][  0]LogConfig: Setting CVar [[gc.FlushStreamingOnGC:0]]
[2023.05.05-02.49.02:934][  0]LogConfig: Setting CVar [[gc.NumRetriesBeforeForcingGC:10]]
[2023.05.05-02.49.02:934][  0]LogConfig: Setting CVar [[gc.AllowParallelGC:1]]
[2023.05.05-02.49.02:934][  0]LogConfig: Setting CVar [[gc.TimeBetweenPurgingPendingKillObjects:61.1]]
[2023.05.05-02.49.02:934][  0]LogConfig: Setting CVar [[gc.MaxObjectsInEditor:25165824]]
[2023.05.05-02.49.02:934][  0]LogConfig: Setting CVar [[gc.IncrementalBeginDestroyEnabled:1]]
[2023.05.05-02.49.02:934][  0]LogConfig: Setting CVar [[gc.CreateGCClusters:1]]
[2023.05.05-02.49.02:934][  0]LogConfig: Setting CVar [[gc.MinGCClusterSize:5]]
[2023.05.05-02.49.02:934][  0]LogConfig: Setting CVar [[gc.ActorClusteringEnabled:0]]
[2023.05.05-02.49.02:934][  0]LogConfig: Setting CVar [[gc.BlueprintClusteringEnabled:0]]
[2023.05.05-02.49.02:934][  0]LogConfig: Setting CVar [[gc.UseDisregardForGCOnDedicatedServers:0]]
[2023.05.05-02.49.02:934][  0]LogConfig: Setting CVar [[gc.MultithreadedDestructionEnabled:1]]
[2023.05.05-02.49.02:934][  0]LogConfig: Applying CVar settings from Section [/Script/Engine.NetworkSettings] File [D:/FlixInteractive/MinesweeperClone/MinesweeperClone/Saved/Config/Windows/Engine.ini]
[2023.05.05-02.49.02:934][  0]LogConfig: Applying CVar settings from Section [/Script/UnrealEd.CookerSettings] File [D:/FlixInteractive/MinesweeperClone/MinesweeperClone/Saved/Config/Windows/Engine.ini]
[2023.05.05-02.49.02:935][  0]LogConfig: Applying CVar settings from Section [ViewDistanceQuality@3] File [D:/FlixInteractive/MinesweeperClone/MinesweeperClone/Saved/Config/Windows/Scalability.ini]
[2023.05.05-02.49.02:935][  0]LogConfig: Setting CVar [[r.SkeletalMeshLODBias:0]]
[2023.05.05-02.49.02:935][  0]LogConfig: Setting CVar [[r.ViewDistanceScale:1.0]]
[2023.05.05-02.49.02:935][  0]LogConfig: Applying CVar settings from Section [AntiAliasingQuality@3] File [D:/FlixInteractive/MinesweeperClone/MinesweeperClone/Saved/Config/Windows/Scalability.ini]
[2023.05.05-02.49.02:935][  0]LogConfig: Setting CVar [[r.PostProcessAAQuality:4]]
[2023.05.05-02.49.02:935][  0]LogConfig: Applying CVar settings from Section [ShadowQuality@3] File [D:/FlixInteractive/MinesweeperClone/MinesweeperClone/Saved/Config/Windows/Scalability.ini]
[2023.05.05-02.49.02:935][  0]LogConfig: Setting CVar [[r.LightFunctionQuality:1]]
[2023.05.05-02.49.02:935][  0]LogConfig: Setting CVar [[r.ShadowQuality:5]]
[2023.05.05-02.49.02:935][  0]LogConfig: Setting CVar [[r.Shadow.CSM.MaxCascades:10]]
[2023.05.05-02.49.02:935][  0]LogConfig: Setting CVar [[r.Shadow.MaxResolution:2048]]
[2023.05.05-02.49.02:935][  0]LogConfig: Setting CVar [[r.Shadow.MaxCSMResolution:2048]]
[2023.05.05-02.49.02:935][  0]LogConfig: Setting CVar [[r.Shadow.RadiusThreshold:0.01]]
[2023.05.05-02.49.02:935][  0]LogConfig: Setting CVar [[r.Shadow.DistanceScale:1.0]]
[2023.05.05-02.49.02:935][  0]LogConfig: Setting CVar [[r.Shadow.CSM.TransitionScale:1.0]]
[2023.05.05-02.49.02:935][  0]LogConfig: Setting CVar [[r.Shadow.PreShadowResolutionFactor:1.0]]
[2023.05.05-02.49.02:935][  0]LogConfig: Setting CVar [[r.DistanceFieldShadowing:1]]
[2023.05.05-02.49.02:935][  0]LogConfig: Setting CVar [[r.DistanceFieldAO:1]]
[2023.05.05-02.49.02:935][  0]LogConfig: Setting CVar [[r.AOQuality:2]]
[2023.05.05-02.49.02:935][  0]LogConfig: Setting CVar [[r.VolumetricFog:1]]
[2023.05.05-02.49.02:935][  0]LogConfig: Setting CVar [[r.VolumetricFog.GridPixelSize:8]]
[2023.05.05-02.49.02:935][  0]LogConfig: Setting CVar [[r.VolumetricFog.GridSizeZ:128]]
[2023.05.05-02.49.02:935][  0]LogConfig: Setting CVar [[r.VolumetricFog.HistoryMissSupersampleCount:4]]
[2023.05.05-02.49.02:935][  0]LogConfig: Setting CVar [[r.LightMaxDrawDistanceScale:1]]
[2023.05.05-02.49.02:935][  0]LogConfig: Setting CVar [[r.CapsuleShadows:1]]
[2023.05.05-02.49.02:935][  0]LogConfig: Applying CVar settings from Section [PostProcessQuality@3] File [D:/FlixInteractive/MinesweeperClone/MinesweeperClone/Saved/Config/Windows/Scalability.ini]
[2023.05.05-02.49.02:935][  0]LogConfig: Setting CVar [[r.MotionBlurQuality:4]]
[2023.05.05-02.49.02:935][  0]LogConfig: Setting CVar [[r.AmbientOcclusionMipLevelFactor:0.4]]
[2023.05.05-02.49.02:935][  0]LogConfig: Setting CVar [[r.AmbientOcclusionMaxQuality:100]]
[2023.05.05-02.49.02:935][  0]LogConfig: Setting CVar [[r.AmbientOcclusionLevels:-1]]
[2023.05.05-02.49.02:935][  0]LogConfig: Setting CVar [[r.AmbientOcclusionRadiusScale:1.0]]
[2023.05.05-02.49.02:935][  0]LogConfig: Setting CVar [[r.DepthOfFieldQuality:2]]
[2023.05.05-02.49.02:935][  0]LogConfig: Setting CVar [[r.RenderTargetPoolMin:400]]
[2023.05.05-02.49.02:935][  0]LogConfig: Setting CVar [[r.LensFlareQuality:2]]
[2023.05.05-02.49.02:935][  0]LogConfig: Setting CVar [[r.SceneColorFringeQuality:1]]
[2023.05.05-02.49.02:935][  0]LogConfig: Setting CVar [[r.EyeAdaptationQuality:2]]
[2023.05.05-02.49.02:935][  0]LogConfig: Setting CVar [[r.BloomQuality:5]]
[2023.05.05-02.49.02:935][  0]LogConfig: Setting CVar [[r.FastBlurThreshold:100]]
[2023.05.05-02.49.02:935][  0]LogConfig: Setting CVar [[r.Upscale.Quality:3]]
[2023.05.05-02.49.02:935][  0]LogConfig: Setting CVar [[r.Tonemapper.GrainQuantization:1]]
[2023.05.05-02.49.02:935][  0]LogConfig: Setting CVar [[r.LightShaftQuality:1]]
[2023.05.05-02.49.02:935][  0]LogConfig: Setting CVar [[r.Filter.SizeScale:1]]
[2023.05.05-02.49.02:935][  0]LogConfig: Setting CVar [[r.Tonemapper.Quality:5]]
[2023.05.05-02.49.02:935][  0]LogConfig: Setting CVar [[r.DOF.Gather.AccumulatorQuality:1        ; higher gathering accumulator quality]]
[2023.05.05-02.49.02:935][  0]LogConfig: Setting CVar [[r.DOF.Gather.PostfilterMethod:1          ; Median3x3 postfilering method]]
[2023.05.05-02.49.02:935][  0]LogConfig: Setting CVar [[r.DOF.Gather.EnableBokehSettings:0       ; no bokeh simulation when gathering]]
[2023.05.05-02.49.02:935][  0]LogConfig: Setting CVar [[r.DOF.Gather.RingCount:4                 ; medium number of samples when gathering]]
[2023.05.05-02.49.02:935][  0]LogConfig: Setting CVar [[r.DOF.Scatter.ForegroundCompositing:1    ; additive foreground scattering]]
[2023.05.05-02.49.02:935][  0]LogConfig: Setting CVar [[r.DOF.Scatter.BackgroundCompositing:2    ; additive background scattering]]
[2023.05.05-02.49.02:935][  0]LogConfig: Setting CVar [[r.DOF.Scatter.EnableBokehSettings:1      ; bokeh simulation when scattering]]
[2023.05.05-02.49.02:935][  0]LogConfig: Setting CVar [[r.DOF.Scatter.MaxSpriteRatio:0.1         ; only a maximum of 10% of scattered bokeh]]
[2023.05.05-02.49.02:935][  0]LogConfig: Setting CVar [[r.DOF.Recombine.Quality:1                ; cheap slight out of focus]]
[2023.05.05-02.49.02:935][  0]LogConfig: Setting CVar [[r.DOF.Recombine.EnableBokehSettings:0    ; no bokeh simulation on slight out of focus]]
[2023.05.05-02.49.02:935][  0]LogConfig: Setting CVar [[r.DOF.TemporalAAQuality:1                ; more stable temporal accumulation]]
[2023.05.05-02.49.02:935][  0]LogConfig: Setting CVar [[r.DOF.Kernel.MaxForegroundRadius:0.025]]
[2023.05.05-02.49.02:935][  0]LogConfig: Setting CVar [[r.DOF.Kernel.MaxBackgroundRadius:0.025]]
[2023.05.05-02.49.02:935][  0]LogConfig: Applying CVar settings from Section [TextureQuality@3] File [D:/FlixInteractive/MinesweeperClone/MinesweeperClone/Saved/Config/Windows/Scalability.ini]
[2023.05.05-02.49.02:935][  0]LogConfig: Setting CVar [[r.Streaming.MipBias:0]]
[2023.05.05-02.49.02:935][  0]LogConfig: Setting CVar [[r.Streaming.AmortizeCPUToGPUCopy:0]]
[2023.05.05-02.49.02:935][  0]LogConfig: Setting CVar [[r.Streaming.MaxNumTexturesToStreamPerFrame:0]]
[2023.05.05-02.49.02:935][  0]LogConfig: Setting CVar [[r.Streaming.Boost:1]]
[2023.05.05-02.49.02:935][  0]LogConfig: Setting CVar [[r.MaxAnisotropy:8]]
[2023.05.05-02.49.02:935][  0]LogConfig: Setting CVar [[r.VT.MaxAnisotropy:8]]
[2023.05.05-02.49.02:935][  0]LogConfig: Setting CVar [[r.Streaming.LimitPoolSizeToVRAM:0]]
[2023.05.05-02.49.02:935][  0]LogConfig: Setting CVar [[r.Streaming.PoolSize:1000]]
[2023.05.05-02.49.02:935][  0]LogConfig: Setting CVar [[r.Streaming.MaxEffectiveScreenSize:0]]
[2023.05.05-02.49.02:935][  0]LogConfig: Applying CVar settings from Section [EffectsQuality@3] File [D:/FlixInteractive/MinesweeperClone/MinesweeperClone/Saved/Config/Windows/Scalability.ini]
[2023.05.05-02.49.02:935][  0]LogConfig: Setting CVar [[r.TranslucencyLightingVolumeDim:64]]
[2023.05.05-02.49.02:935][  0]LogConfig: Setting CVar [[r.RefractionQuality:2]]
[2023.05.05-02.49.02:935][  0]LogConfig: Setting CVar [[r.SSR.Quality:3]]
[2023.05.05-02.49.02:935][  0]LogConfig: Setting CVar [[r.SSR.HalfResSceneColor:0]]
[2023.05.05-02.49.02:935][  0]LogConfig: Setting CVar [[r.SceneColorFormat:4]]
[2023.05.05-02.49.02:935][  0]LogConfig: Setting CVar [[r.DetailMode:2]]
[2023.05.05-02.49.02:935][  0]LogConfig: Setting CVar [[r.TranslucencyVolumeBlur:1]]
[2023.05.05-02.49.02:935][  0]LogConfig: Setting CVar [[r.MaterialQualityLevel:1 ; High quality]]
[2023.05.05-02.49.02:935][  0]LogConfig: Setting CVar [[r.AnisotropicMaterials:1]]
[2023.05.05-02.49.02:935][  0]LogConfig: Setting CVar [[r.SSS.Scale:1]]
[2023.05.05-02.49.02:935][  0]LogConfig: Setting CVar [[r.SSS.SampleSet:2]]
[2023.05.05-02.49.02:935][  0]LogConfig: Setting CVar [[r.SSS.Quality:1]]
[2023.05.05-02.49.02:935][  0]LogConfig: Setting CVar [[r.SSS.HalfRes:0]]
[2023.05.05-02.49.02:935][  0]LogConfig: Setting CVar [[r.SSGI.Quality:3]]
[2023.05.05-02.49.02:935][  0]LogConfig: Setting CVar [[r.EmitterSpawnRateScale:1.0]]
[2023.05.05-02.49.02:935][  0]LogConfig: Setting CVar [[r.ParticleLightQuality:2]]
[2023.05.05-02.49.02:935][  0]LogConfig: Setting CVar [[r.SkyAtmosphere.AerialPerspectiveLUT.FastApplyOnOpaque:1 ; Always have FastSkyLUT 1 in this case to avoid wrong sky]]
[2023.05.05-02.49.02:935][  0]LogConfig: Setting CVar [[r.SkyAtmosphere.AerialPerspectiveLUT.SampleCountMaxPerSlice:4]]
[2023.05.05-02.49.02:935][  0]LogConfig: Setting CVar [[r.SkyAtmosphere.AerialPerspectiveLUT.DepthResolution:16.0]]
[2023.05.05-02.49.02:935][  0]LogConfig: Setting CVar [[r.SkyAtmosphere.FastSkyLUT:1]]
[2023.05.05-02.49.02:935][  0]LogConfig: Setting CVar [[r.SkyAtmosphere.FastSkyLUT.SampleCountMin:4.0]]
[2023.05.05-02.49.02:935][  0]LogConfig: Setting CVar [[r.SkyAtmosphere.FastSkyLUT.SampleCountMax:128.0]]
[2023.05.05-02.49.02:935][  0]LogConfig: Setting CVar [[r.SkyAtmosphere.SampleCountMin:4.0]]
[2023.05.05-02.49.02:935][  0]LogConfig: Setting CVar [[r.SkyAtmosphere.SampleCountMax:128.0]]
[2023.05.05-02.49.02:935][  0]LogConfig: Setting CVar [[r.SkyAtmosphere.TransmittanceLUT.UseSmallFormat:0]]
[2023.05.05-02.49.02:935][  0]LogConfig: Setting CVar [[r.SkyAtmosphere.TransmittanceLUT.SampleCount:10.0]]
[2023.05.05-02.49.02:935][  0]LogConfig: Setting CVar [[r.SkyAtmosphere.MultiScatteringLUT.SampleCount:15.0]]
[2023.05.05-02.49.02:935][  0]LogConfig: Setting CVar [[r.SkyLight.RealTimeReflectionCapture:1]]
[2023.05.05-02.49.02:935][  0]LogConfig: Applying CVar settings from Section [FoliageQuality@3] File [D:/FlixInteractive/MinesweeperClone/MinesweeperClone/Saved/Config/Windows/Scalability.ini]
[2023.05.05-02.49.02:935][  0]LogConfig: Setting CVar [[foliage.DensityScale:1.0]]
[2023.05.05-02.49.02:935][  0]LogConfig: Setting CVar [[grass.DensityScale:1.0]]
[2023.05.05-02.49.02:935][  0]LogConfig: Applying CVar settings from Section [ShadingQuality@3] File [D:/FlixInteractive/MinesweeperClone/MinesweeperClone/Saved/Config/Windows/Scalability.ini]
[2023.05.05-02.49.02:935][  0]LogConfig: Setting CVar [[r.HairStrands.SkyLighting.IntegrationType:2]]
[2023.05.05-02.49.02:935][  0]LogConfig: Setting CVar [[r.HairStrands.SkyAO.SampleCount:4]]
[2023.05.05-02.49.02:935][  0]LogConfig: Setting CVar [[r.HairStrands.Visibility.MSAA.SamplePerPixel:4]]
[2023.05.05-02.49.02:938][  0]LogInit: Selected Device Profile: [Windows]
[2023.05.05-02.49.02:938][  0]LogInit: Applying CVar settings loaded from the selected device profile: [Windows]
[2023.05.05-02.49.02:938][  0]LogHAL: Display: Platform has ~ 64 GB [68622884864 / 68719476736 / 64], which maps to Largest [LargestMinGB=32, LargerMinGB=12, DefaultMinGB=8, SmallerMinGB=6, SmallestMinGB=0)
[2023.05.05-02.49.02:938][  0]LogInit: Going up to parent DeviceProfile []
[2023.05.05-02.49.02:938][  0]LogConfig: Applying CVar settings from Section [ViewDistanceQuality@3] File [D:/FlixInteractive/MinesweeperClone/MinesweeperClone/Saved/Config/Windows/Scalability.ini]
[2023.05.05-02.49.02:938][  0]LogConfig: Setting CVar [[r.SkeletalMeshLODBias:0]]
[2023.05.05-02.49.02:938][  0]LogConfig: Setting CVar [[r.ViewDistanceScale:1.0]]
[2023.05.05-02.49.02:938][  0]LogConfig: Applying CVar settings from Section [AntiAliasingQuality@3] File [D:/FlixInteractive/MinesweeperClone/MinesweeperClone/Saved/Config/Windows/Scalability.ini]
[2023.05.05-02.49.02:938][  0]LogConfig: Setting CVar [[r.PostProcessAAQuality:4]]
[2023.05.05-02.49.02:938][  0]LogConfig: Applying CVar settings from Section [ShadowQuality@3] File [D:/FlixInteractive/MinesweeperClone/MinesweeperClone/Saved/Config/Windows/Scalability.ini]
[2023.05.05-02.49.02:938][  0]LogConfig: Setting CVar [[r.LightFunctionQuality:1]]
[2023.05.05-02.49.02:938][  0]LogConfig: Setting CVar [[r.ShadowQuality:5]]
[2023.05.05-02.49.02:938][  0]LogConfig: Setting CVar [[r.Shadow.CSM.MaxCascades:10]]
[2023.05.05-02.49.02:938][  0]LogConfig: Setting CVar [[r.Shadow.MaxResolution:2048]]
[2023.05.05-02.49.02:938][  0]LogConfig: Setting CVar [[r.Shadow.MaxCSMResolution:2048]]
[2023.05.05-02.49.02:938][  0]LogConfig: Setting CVar [[r.Shadow.RadiusThreshold:0.01]]
[2023.05.05-02.49.02:938][  0]LogConfig: Setting CVar [[r.Shadow.DistanceScale:1.0]]
[2023.05.05-02.49.02:938][  0]LogConfig: Setting CVar [[r.Shadow.CSM.TransitionScale:1.0]]
[2023.05.05-02.49.02:938][  0]LogConfig: Setting CVar [[r.Shadow.PreShadowResolutionFactor:1.0]]
[2023.05.05-02.49.02:938][  0]LogConfig: Setting CVar [[r.DistanceFieldShadowing:1]]
[2023.05.05-02.49.02:938][  0]LogConfig: Setting CVar [[r.DistanceFieldAO:1]]
[2023.05.05-02.49.02:938][  0]LogConfig: Setting CVar [[r.AOQuality:2]]
[2023.05.05-02.49.02:938][  0]LogConfig: Setting CVar [[r.VolumetricFog:1]]
[2023.05.05-02.49.02:938][  0]LogConfig: Setting CVar [[r.VolumetricFog.GridPixelSize:8]]
[2023.05.05-02.49.02:938][  0]LogConfig: Setting CVar [[r.VolumetricFog.GridSizeZ:128]]
[2023.05.05-02.49.02:938][  0]LogConfig: Setting CVar [[r.VolumetricFog.HistoryMissSupersampleCount:4]]
[2023.05.05-02.49.02:938][  0]LogConfig: Setting CVar [[r.LightMaxDrawDistanceScale:1]]
[2023.05.05-02.49.02:938][  0]LogConfig: Setting CVar [[r.CapsuleShadows:1]]
[2023.05.05-02.49.02:938][  0]LogConfig: Applying CVar settings from Section [PostProcessQuality@3] File [D:/FlixInteractive/MinesweeperClone/MinesweeperClone/Saved/Config/Windows/Scalability.ini]
[2023.05.05-02.49.02:938][  0]LogConfig: Setting CVar [[r.MotionBlurQuality:4]]
[2023.05.05-02.49.02:938][  0]LogConfig: Setting CVar [[r.AmbientOcclusionMipLevelFactor:0.4]]
[2023.05.05-02.49.02:938][  0]LogConfig: Setting CVar [[r.AmbientOcclusionMaxQuality:100]]
[2023.05.05-02.49.02:938][  0]LogConfig: Setting CVar [[r.AmbientOcclusionLevels:-1]]
[2023.05.05-02.49.02:938][  0]LogConfig: Setting CVar [[r.AmbientOcclusionRadiusScale:1.0]]
[2023.05.05-02.49.02:938][  0]LogConfig: Setting CVar [[r.DepthOfFieldQuality:2]]
[2023.05.05-02.49.02:938][  0]LogConfig: Setting CVar [[r.RenderTargetPoolMin:400]]
[2023.05.05-02.49.02:938][  0]LogConfig: Setting CVar [[r.LensFlareQuality:2]]
[2023.05.05-02.49.02:938][  0]LogConfig: Setting CVar [[r.SceneColorFringeQuality:1]]
[2023.05.05-02.49.02:938][  0]LogConfig: Setting CVar [[r.EyeAdaptationQuality:2]]
[2023.05.05-02.49.02:938][  0]LogConfig: Setting CVar [[r.BloomQuality:5]]
[2023.05.05-02.49.02:938][  0]LogConfig: Setting CVar [[r.FastBlurThreshold:100]]
[2023.05.05-02.49.02:938][  0]LogConfig: Setting CVar [[r.Upscale.Quality:3]]
[2023.05.05-02.49.02:938][  0]LogConfig: Setting CVar [[r.Tonemapper.GrainQuantization:1]]
[2023.05.05-02.49.02:938][  0]LogConfig: Setting CVar [[r.LightShaftQuality:1]]
[2023.05.05-02.49.02:938][  0]LogConfig: Setting CVar [[r.Filter.SizeScale:1]]
[2023.05.05-02.49.02:938][  0]LogConfig: Setting CVar [[r.Tonemapper.Quality:5]]
[2023.05.05-02.49.02:938][  0]LogConfig: Setting CVar [[r.DOF.Gather.AccumulatorQuality:1        ; higher gathering accumulator quality]]
[2023.05.05-02.49.02:938][  0]LogConfig: Setting CVar [[r.DOF.Gather.PostfilterMethod:1          ; Median3x3 postfilering method]]
[2023.05.05-02.49.02:938][  0]LogConfig: Setting CVar [[r.DOF.Gather.EnableBokehSettings:0       ; no bokeh simulation when gathering]]
[2023.05.05-02.49.02:938][  0]LogConfig: Setting CVar [[r.DOF.Gather.RingCount:4                 ; medium number of samples when gathering]]
[2023.05.05-02.49.02:938][  0]LogConfig: Setting CVar [[r.DOF.Scatter.ForegroundCompositing:1    ; additive foreground scattering]]
[2023.05.05-02.49.02:938][  0]LogConfig: Setting CVar [[r.DOF.Scatter.BackgroundCompositing:2    ; additive background scattering]]
[2023.05.05-02.49.02:938][  0]LogConfig: Setting CVar [[r.DOF.Scatter.EnableBokehSettings:1      ; bokeh simulation when scattering]]
[2023.05.05-02.49.02:938][  0]LogConfig: Setting CVar [[r.DOF.Scatter.MaxSpriteRatio:0.1         ; only a maximum of 10% of scattered bokeh]]
[2023.05.05-02.49.02:938][  0]LogConfig: Setting CVar [[r.DOF.Recombine.Quality:1                ; cheap slight out of focus]]
[2023.05.05-02.49.02:938][  0]LogConfig: Setting CVar [[r.DOF.Recombine.EnableBokehSettings:0    ; no bokeh simulation on slight out of focus]]
[2023.05.05-02.49.02:938][  0]LogConfig: Setting CVar [[r.DOF.TemporalAAQuality:1                ; more stable temporal accumulation]]
[2023.05.05-02.49.02:938][  0]LogConfig: Setting CVar [[r.DOF.Kernel.MaxForegroundRadius:0.025]]
[2023.05.05-02.49.02:938][  0]LogConfig: Setting CVar [[r.DOF.Kernel.MaxBackgroundRadius:0.025]]
[2023.05.05-02.49.02:938][  0]LogConfig: Applying CVar settings from Section [TextureQuality@3] File [D:/FlixInteractive/MinesweeperClone/MinesweeperClone/Saved/Config/Windows/Scalability.ini]
[2023.05.05-02.49.02:938][  0]LogConfig: Setting CVar [[r.Streaming.MipBias:0]]
[2023.05.05-02.49.02:938][  0]LogConfig: Setting CVar [[r.Streaming.AmortizeCPUToGPUCopy:0]]
[2023.05.05-02.49.02:938][  0]LogConfig: Setting CVar [[r.Streaming.MaxNumTexturesToStreamPerFrame:0]]
[2023.05.05-02.49.02:938][  0]LogConfig: Setting CVar [[r.Streaming.Boost:1]]
[2023.05.05-02.49.02:938][  0]LogConfig: Setting CVar [[r.MaxAnisotropy:8]]
[2023.05.05-02.49.02:938][  0]LogConfig: Setting CVar [[r.VT.MaxAnisotropy:8]]
[2023.05.05-02.49.02:938][  0]LogConfig: Setting CVar [[r.Streaming.LimitPoolSizeToVRAM:0]]
[2023.05.05-02.49.02:938][  0]LogConfig: Setting CVar [[r.Streaming.PoolSize:1000]]
[2023.05.05-02.49.02:938][  0]LogConfig: Setting CVar [[r.Streaming.MaxEffectiveScreenSize:0]]
[2023.05.05-02.49.02:938][  0]LogConfig: Applying CVar settings from Section [EffectsQuality@3] File [D:/FlixInteractive/MinesweeperClone/MinesweeperClone/Saved/Config/Windows/Scalability.ini]
[2023.05.05-02.49.02:938][  0]LogConfig: Setting CVar [[r.TranslucencyLightingVolumeDim:64]]
[2023.05.05-02.49.02:938][  0]LogConfig: Setting CVar [[r.RefractionQuality:2]]
[2023.05.05-02.49.02:938][  0]LogConfig: Setting CVar [[r.SSR.Quality:3]]
[2023.05.05-02.49.02:938][  0]LogConfig: Setting CVar [[r.SSR.HalfResSceneColor:0]]
[2023.05.05-02.49.02:938][  0]LogConfig: Setting CVar [[r.SceneColorFormat:4]]
[2023.05.05-02.49.02:938][  0]LogConfig: Setting CVar [[r.DetailMode:2]]
[2023.05.05-02.49.02:938][  0]LogConfig: Setting CVar [[r.TranslucencyVolumeBlur:1]]
[2023.05.05-02.49.02:938][  0]LogConfig: Setting CVar [[r.MaterialQualityLevel:1 ; High quality]]
[2023.05.05-02.49.02:938][  0]LogConfig: Setting CVar [[r.AnisotropicMaterials:1]]
[2023.05.05-02.49.02:938][  0]LogConfig: Setting CVar [[r.SSS.Scale:1]]
[2023.05.05-02.49.02:938][  0]LogConfig: Setting CVar [[r.SSS.SampleSet:2]]
[2023.05.05-02.49.02:938][  0]LogConfig: Setting CVar [[r.SSS.Quality:1]]
[2023.05.05-02.49.02:938][  0]LogConfig: Setting CVar [[r.SSS.HalfRes:0]]
[2023.05.05-02.49.02:938][  0]LogConfig: Setting CVar [[r.SSGI.Quality:3]]
[2023.05.05-02.49.02:938][  0]LogConfig: Setting CVar [[r.EmitterSpawnRateScale:1.0]]
[2023.05.05-02.49.02:938][  0]LogConfig: Setting CVar [[r.ParticleLightQuality:2]]
[2023.05.05-02.49.02:938][  0]LogConfig: Setting CVar [[r.SkyAtmosphere.AerialPerspectiveLUT.FastApplyOnOpaque:1 ; Always have FastSkyLUT 1 in this case to avoid wrong sky]]
[2023.05.05-02.49.02:938][  0]LogConfig: Setting CVar [[r.SkyAtmosphere.AerialPerspectiveLUT.SampleCountMaxPerSlice:4]]
[2023.05.05-02.49.02:938][  0]LogConfig: Setting CVar [[r.SkyAtmosphere.AerialPerspectiveLUT.DepthResolution:16.0]]
[2023.05.05-02.49.02:938][  0]LogConfig: Setting CVar [[r.SkyAtmosphere.FastSkyLUT:1]]
[2023.05.05-02.49.02:938][  0]LogConfig: Setting CVar [[r.SkyAtmosphere.FastSkyLUT.SampleCountMin:4.0]]
[2023.05.05-02.49.02:938][  0]LogConfig: Setting CVar [[r.SkyAtmosphere.FastSkyLUT.SampleCountMax:128.0]]
[2023.05.05-02.49.02:939][  0]LogConfig: Setting CVar [[r.SkyAtmosphere.SampleCountMin:4.0]]
[2023.05.05-02.49.02:939][  0]LogConfig: Setting CVar [[r.SkyAtmosphere.SampleCountMax:128.0]]
[2023.05.05-02.49.02:939][  0]LogConfig: Setting CVar [[r.SkyAtmosphere.TransmittanceLUT.UseSmallFormat:0]]
[2023.05.05-02.49.02:939][  0]LogConfig: Setting CVar [[r.SkyAtmosphere.TransmittanceLUT.SampleCount:10.0]]
[2023.05.05-02.49.02:939][  0]LogConfig: Setting CVar [[r.SkyAtmosphere.MultiScatteringLUT.SampleCount:15.0]]
[2023.05.05-02.49.02:939][  0]LogConfig: Setting CVar [[r.SkyLight.RealTimeReflectionCapture:1]]
[2023.05.05-02.49.02:939][  0]LogConfig: Applying CVar settings from Section [FoliageQuality@3] File [D:/FlixInteractive/MinesweeperClone/MinesweeperClone/Saved/Config/Windows/Scalability.ini]
[2023.05.05-02.49.02:939][  0]LogConfig: Setting CVar [[foliage.DensityScale:1.0]]
[2023.05.05-02.49.02:939][  0]LogConfig: Setting CVar [[grass.DensityScale:1.0]]
[2023.05.05-02.49.02:939][  0]LogConfig: Applying CVar settings from Section [ShadingQuality@3] File [D:/FlixInteractive/MinesweeperClone/MinesweeperClone/Saved/Config/Windows/Scalability.ini]
[2023.05.05-02.49.02:939][  0]LogConfig: Setting CVar [[r.HairStrands.SkyLighting.IntegrationType:2]]
[2023.05.05-02.49.02:939][  0]LogConfig: Setting CVar [[r.HairStrands.SkyAO.SampleCount:4]]
[2023.05.05-02.49.02:939][  0]LogConfig: Setting CVar [[r.HairStrands.Visibility.MSAA.SamplePerPixel:4]]
[2023.05.05-02.49.02:939][  0]LogConfig: Applying CVar settings from Section [Startup] File [../../../Engine/Config/ConsoleVariables.ini]
[2023.05.05-02.49.02:939][  0]LogConfig: Setting CVar [[net.UseAdaptiveNetUpdateFrequency:0]]
[2023.05.05-02.49.02:939][  0]LogConfig: Setting CVar [[p.chaos.AllowCreatePhysxBodies:1]]
[2023.05.05-02.49.02:939][  0]LogConfig: Setting CVar [[fx.SkipVectorVMBackendOptimizations:1]]
[2023.05.05-02.49.02:939][  0]LogConfig: Applying CVar settings from Section [ConsoleVariables] File [D:/FlixInteractive/MinesweeperClone/MinesweeperClone/Saved/Config/Windows/Engine.ini]
[2023.05.05-02.49.02:939][  0]LogConfig: Applying CVar settings from Section [ConsoleVariables] File [D:/FlixInteractive/MinesweeperClone/MinesweeperClone/Saved/Config/Windows/Editor.ini]
[2023.05.05-02.49.02:939][  0]LogInit: Computer: DESKTOP-AGD2073
[2023.05.05-02.49.02:939][  0]LogInit: User: cadia
[2023.05.05-02.49.02:939][  0]LogInit: CPU Page size=4096, Cores=12
[2023.05.05-02.49.02:939][  0]LogInit: High frequency timer resolution =10.000000 MHz
[2023.05.05-02.49.02:939][  0]LogMemory: Memory total: Physical=63.9GB (64GB approx)
[2023.05.05-02.49.02:939][  0]LogMemory: Platform Memory Stats for Windows
[2023.05.05-02.49.02:939][  0]LogMemory: Process Physical Memory: 144.89 MB used, 144.90 MB peak
[2023.05.05-02.49.02:939][  0]LogMemory: Process Virtual Memory: 127.20 MB used, 127.20 MB peak
[2023.05.05-02.49.02:939][  0]LogMemory: Physical Memory: 15316.20 MB used,  50127.68 MB free, 65443.88 MB total
[2023.05.05-02.49.02:939][  0]LogMemory: Virtual Memory: 134163440.00 MB used,  54284.93 MB free, 134217728.00 MB total
[2023.05.05-02.49.02:943][  0]LogWindows: WindowsPlatformFeatures enabled
[2023.05.05-02.49.02:978][  0]LogInit: Physics initialised using underlying interface: PhysX
[2023.05.05-02.49.02:978][  0]LogInit: Using OS detected language (en-GB).
[2023.05.05-02.49.02:978][  0]LogInit: Using OS detected locale (en-GB).
[2023.05.05-02.49.02:980][  0]LogTextLocalizationManager: No specific localization for 'en-GB' exists, so the 'en' localization will be used.
[2023.05.05-02.49.03:857][  0]LogTargetPlatformManager: Display: Loaded TargetPlatform 'AllDesktop'
[2023.05.05-02.49.03:874][  0]LogTargetPlatformManager: Display: Loaded TargetPlatform 'Android'
[2023.05.05-02.49.03:874][  0]LogTargetPlatformManager: Display: Loaded TargetPlatform 'Android_ASTC'
[2023.05.05-02.49.03:874][  0]LogTargetPlatformManager: Display: Loaded TargetPlatform 'Android_DXT'
[2023.05.05-02.49.03:875][  0]LogTargetPlatformManager: Display: Loaded TargetPlatform 'Android_ETC2'
[2023.05.05-02.49.03:875][  0]LogTargetPlatformManager: Display: Loaded TargetPlatform 'AndroidClient'
[2023.05.05-02.49.03:875][  0]LogTargetPlatformManager: Display: Loaded TargetPlatform 'Android_ASTCClient'
[2023.05.05-02.49.03:875][  0]LogTargetPlatformManager: Display: Loaded TargetPlatform 'Android_DXTClient'
[2023.05.05-02.49.03:875][  0]LogTargetPlatformManager: Display: Loaded TargetPlatform 'Android_ETC2Client'
[2023.05.05-02.49.03:875][  0]LogTargetPlatformManager: Display: Loaded TargetPlatform 'Android_Multi'
[2023.05.05-02.49.03:875][  0]LogTargetPlatformManager: Display: Loaded TargetPlatform 'Android_MultiClient'
[2023.05.05-02.49.03:889][  0]LogTargetPlatformManager: Display: Loaded TargetPlatform 'IOSClient'
[2023.05.05-02.49.03:889][  0]LogTargetPlatformManager: Display: Loaded TargetPlatform 'IOS'
[2023.05.05-02.49.03:896][  0]LogTargetPlatformManager: Display: Loaded TargetPlatform 'Linux'
[2023.05.05-02.49.03:899][  0]LogTargetPlatformManager: Display: Loaded TargetPlatform 'LinuxNoEditor'
[2023.05.05-02.49.03:902][  0]LogTargetPlatformManager: Display: Loaded TargetPlatform 'LinuxClient'
[2023.05.05-02.49.03:906][  0]LogTargetPlatformManager: Display: Loaded TargetPlatform 'LinuxServer'
[2023.05.05-02.49.03:912][  0]LogTargetPlatformManager: Display: Loaded TargetPlatform 'LinuxAArch64NoEditor'
[2023.05.05-02.49.03:916][  0]LogTargetPlatformManager: Display: Loaded TargetPlatform 'LinuxAArch64Client'
[2023.05.05-02.49.03:919][  0]LogTargetPlatformManager: Display: Loaded TargetPlatform 'LinuxAArch64Server'
[2023.05.05-02.49.03:939][  0]LogTargetPlatformManager: Display: Loaded TargetPlatform 'Lumin'
[2023.05.05-02.49.03:939][  0]LogTargetPlatformManager: Display: Loaded TargetPlatform 'LuminClient'
[2023.05.05-02.49.03:946][  0]LogTargetPlatformManager: Display: Loaded TargetPlatform 'MacNoEditor'
[2023.05.05-02.49.03:949][  0]LogTargetPlatformManager: Display: Loaded TargetPlatform 'Mac'
[2023.05.05-02.49.03:953][  0]LogTargetPlatformManager: Display: Loaded TargetPlatform 'MacClient'
[2023.05.05-02.49.03:956][  0]LogTargetPlatformManager: Display: Loaded TargetPlatform 'MacServer'
[2023.05.05-02.49.03:963][  0]LogTargetPlatformManager: Display: Loaded TargetPlatform 'TVOSClient'
[2023.05.05-02.49.03:963][  0]LogTargetPlatformManager: Display: Loaded TargetPlatform 'TVOS'
[2023.05.05-02.49.03:971][  0]LogTargetPlatformManager: Display: Loaded TargetPlatform 'WindowsNoEditor'
[2023.05.05-02.49.03:975][  0]LogTargetPlatformManager: Display: Loaded TargetPlatform 'Windows'
[2023.05.05-02.49.03:979][  0]LogTargetPlatformManager: Display: Loaded TargetPlatform 'WindowsClient'
[2023.05.05-02.49.03:982][  0]LogTargetPlatformManager: Display: Loaded TargetPlatform 'WindowsServer'
[2023.05.05-02.49.03:982][  0]LogTargetPlatformManager: Display: Building Assets For Windows
[2023.05.05-02.49.03:988][  0]LogAudioDebug: Display: Lib vorbis DLL was dynamically loaded.
[2023.05.05-02.49.04:012][  0]LogTextureFormatOodle: Display: Oodle Texture 2.9.0 init RDO Off
[2023.05.05-02.49.04:037][  0]LogRendererCore: Ray tracing is disabled. Reason: r.RayTracing=0.
[2023.05.05-02.49.04:038][  0]LogDerivedDataCache: Display: Max Cache Size: 512 MB
[2023.05.05-02.49.04:080][  0]LogDerivedDataCache: Loaded boot cache 0.04s 95MB C:/Users/cadia/AppData/Local/UnrealEngine/4.27/DerivedDataCache/Boot.ddc.
[2023.05.05-02.49.04:080][  0]LogDerivedDataCache: Display: Loaded Boot cache: C:/Users/cadia/AppData/Local/UnrealEngine/4.27/DerivedDataCache/Boot.ddc
[2023.05.05-02.49.04:080][  0]LogDerivedDataCache: FDerivedDataBackendGraph:  Pak pak cache file ../../../../../FlixInteractive/MinesweeperClone/MinesweeperClone/DerivedDataCache/DDC.ddp not found, will not use a pak cache.
[2023.05.05-02.49.04:080][  0]LogDerivedDataCache: Unable to find inner node Pak for hierarchical cache Hierarchy.
[2023.05.05-02.49.04:080][  0]LogDerivedDataCache: FDerivedDataBackendGraph:  CompressedPak pak cache file ../../../../../FlixInteractive/MinesweeperClone/MinesweeperClone/DerivedDataCache/Compressed.ddp not found, will not use a pak cache.
[2023.05.05-02.49.04:080][  0]LogDerivedDataCache: Unable to find inner node CompressedPak for hierarchical cache Hierarchy.
[2023.05.05-02.49.04:096][  0]LogDerivedDataCache: Display: Pak cache opened for reading ../../../Engine/DerivedDataCache/Compressed.ddp.
[2023.05.05-02.49.04:096][  0]LogDerivedDataCache: FDerivedDataBackendGraph:  EnterprisePak pak cache file ../../../Enterprise/DerivedDataCache/Compressed.ddp not found, will not use a pak cache.
[2023.05.05-02.49.04:096][  0]LogDerivedDataCache: Unable to find inner node EnterprisePak for hierarchical cache Hierarchy.
[2023.05.05-02.49.04:102][  0]LogDerivedDataCache: Speed tests for C:/Users/cadia/AppData/Local/UnrealEngine/Common/DerivedDataCache took 0.01 seconds
[2023.05.05-02.49.04:102][  0]LogDerivedDataCache: Display: Performance to C:/Users/cadia/AppData/Local/UnrealEngine/Common/DerivedDataCache: Latency=0.04ms. RandomReadSpeed=1204.26MBs, RandomWriteSpeed=195.88MBs. Assigned SpeedClass 'Local'
[2023.05.05-02.49.04:103][  0]LogDerivedDataCache: Using Local data cache path C:/Users/cadia/AppData/Local/UnrealEngine/Common/DerivedDataCache: Writable
[2023.05.05-02.49.04:103][  0]LogDerivedDataCache: Shared data cache path not found in *engine.ini, will not use an Shared cache.
[2023.05.05-02.49.04:103][  0]LogDerivedDataCache: Unable to find inner node Shared for hierarchical cache Hierarchy.
[2023.05.05-02.49.04:109][  0]LogAssetRegistry: FAssetRegistry took 0.0017 seconds to start up
[2023.05.05-02.49.04:301][  0]LogInit: Selected Device Profile: [Windows]
[2023.05.05-02.49.04:301][  0]LogInit: Active device profile: [000001728E286C00][000001728C52B880 49] Windows
[2023.05.05-02.49.04:301][  0]LogInit: Profiles: [000001728E286C00][000001728C52B880 49] Windows, [000001728E24B100][000001728EDE3A00 49] WindowsNoEditor, [000001728E287900][000001728EDE7B80 49] WindowsServer, [000001728E248700][000001728EDEA180 49] WindowsClient, [000001728E284600][000001728EDEE300 49] IOS, [000001728E24BB00][000001728EDF2480 49] iPadAir, [000001728E286700][000001728EDF6600 49] iPadAir2, [000001728E1FA300][000001728EE048C0 49] IPadPro, [000001728E1FA400][000001728EDFA900 49] iPadAir3, [000001728E286A00][000001728EE0EA80 49] iPadAir4, [000001728E1FAB00][000001728EE12C00 49] iPadMini2, [000001728E284100][000001728EE16D80 49] iPadMini3, [000001728E1FB100][000001728C52EEC0 49] iPadMini4, [000001728E287300][000001728EE1B000 49] iPadMini5, [000001728E239C00][000001728EE23240 49] iPhone6, [000001728E239D00][000001728EE1F280 49] iPodTouch6, [000001728E1F8A00][000001728EE2F540 49] iPhone7, [000001728E1FA600][000001728EE2B580 49] iPodTouch7, [000001728E23A500][000001728EE33700 49] iPhone5S, [000001728E1FA000][000001728EE37880 49] iPhone6Plus, [000001728E23A800][000001728EE3BA00 49] iPhone6S, [000001728E1FBC00][000001728EE3FB80 49] iPhone6SPlus, [000001728E238900][000001728EE42180 49] iPhone7Plus, [000001728E1FB300][000001728EE46300 49] iPhoneSE, [000001728E238B00][000001728EE4A480 49] iPhone8, [000001728E1F9800][000001728EE4E600 49] iPhone8Plus, [000001728E23A600][000001728EE52780 49] iPhoneX, [000001728E1F9900][000001728EE56900 49] iPhoneXS, [000001728E23BD00][000001728EE5AA80 49] iPhoneXSMax, [000001728E1F8D00][000001728EE5EC00 49] iPhoneXR, [000001728E239A00][000001728EE62D80 49] iPhone11, [000001728E1FA800][000001728EE66F00 49] iPhone11Pro, [000001728E239B00][000001728EE27040 49] iPhone11ProMax, [000001728E1FAE00][000001728EE6B180 49] iPhoneSE2, [000001728E239800][000001728EE6F2C0 49] iPhone12Mini, [000001728E1FAA00][000001728EE73400 49] iPhone12, [000001728E239100][000001728EE7B580 49] iPhone12Pro, [000001728E1FB500][000001728EE7F700 49] iPhone12ProMax, [000001728E23BF00][000001728EE83880 49] iPadPro105, [000001728E1FB700][000001728EE87A00 49] iPadPro129, [000001728E239E00][000001728EE8BB80 49] iPadPro97, [000001728E1F9C00][000001728EE8E180 49] iPadPro2_129, [000001728E238200][000001728EE92300 49] iPad5, [000001728E1F8600][000001728EE96480 49] iPad6, [000001728E238600][000001728EE9A600 49] iPad7, [000001728E1F8500][000001728EE9E780 49] iPad8, [000001728E248200][000001728EEA2900 49] iPadPro11, [000001728E2BC100][000001728EEA6A80 49] iPadPro2_11, [000001728E24A900][000001728EEAAC00 49] iPadPro3_129, [000001728E2BD100][000001728EEAED80 49] iPadPro4_129, [000001728E24B900][000001728EEB2F00 49] AppleTV, [000001728E2BD600][000001728EEB7080 49] AppleTV4K, [000001728E249E00][000001728EE771C0 49] TVOS, [000001728E2BDC00][000001728EEBB300 49] Mac, [000001728E248C00][000001728EEBF440 49] MacClient, [000001728E2BCB00][000001728EEC3580 49] MacNoEditor, [000001728E24A300][000001728EECB700 49] MacServer, [000001728E2BD400][000001728EECF880 49] Linux, [000001728E248900][000001728EED3A00 49] LinuxAArch64, [000001728E2BE000][000001728EED7B80 49] LinuxNoEditor, [000001728E248800][000001728EEDA180 49] LinuxAArch64NoEditor, [000001728E2BC300][000001728EEDE300 49] LinuxClient, [000001728E1F9B00][000001728EEE2480 49] LinuxAArch64Client, [000001728E23AF00][000001728EEE6600 49] LinuxServer, [000001728E1F9700][000001728EEEA780 49] LinuxAArch64Server, [000001728E23B600][000001728EEEE900 49] Android, [000001728E1FB600][000001728EEF2A80 49] Android_Low, [000001728E238E00][000001728EEF6C00 49] Android_Mid, [000001728E1F9600][000001728EEFAD80 49] Android_High, [000001728E23A000][000001728EEFEF00 49] Android_Default, [000001728E1F9400][000001728EF03080 49] Android_Adreno4xx, [000001728E239400][000001728EF07200 49] Android_Adreno5xx_Low, [000001728E1F8C00][000001728EF0B380 49] Android_Adreno5xx, [000001728E2BDF00][000001728EEC74C0 49] Android_Adreno6xx, [000001728E1F9D00][000001728EF0F600 49] Android_Adreno6xx_Vulkan, [000001728E2BC700][000001728EF13740 49] Android_Mali_T6xx, [000001728E1F9100][000001728EF1B8C0 49] Android_Mali_T7xx, [000001728E2BCF00][000001728EF1FA40 49] Android_Mali_T8xx, [000001728E1F8400][000001728EF23BC0 49] Android_Mali_G71, [000001728E2BCE00][000001728EF261C0 49] Android_Mali_G72, [000001728E1F8F00][000001728EF2A340 49] Android_Mali_G72_Vulkan, [000001728E2BDE00][00000172913504C0 49] Android_Mali_G76, [000001728E1F8E00][0000017291354640 49] Android_Mali_G76_Vulkan, [000001728E2BC600][00000172913587C0 49] Android_Mali_G77, [000001728E1F9500][000001729135C940 49] Android_Mali_G77_Vulkan, [000001728E23AC00][0000017291360AC0 49] Android_Mali_G78, [000001728E1FBF00][0000017291364C40 49] Android_Mali_G78_Vulkan, [000001728E23A100][0000017291368DC0 49] Android_Mali_G710, [000001728E1FBD00][000001729136CF40 49] Android_Mali_G710_Vulkan, [000001728E238500][00000172913710C0 49] Android_Vulkan_SM5, [000001728E1F8800][0000017291375240 49] Android_PowerVR_G6xxx, [000001728E23A700][00000172913793C0 49] Android_PowerVR_GT7xxx, [000001728E1FB900][000001729137D540 49] Android_PowerVR_GE8xxx, [000001728E239300][000001728EF17680 49] Android_PowerVR_GM9xxx, [000001728E1FB400][00000172913817C0 49] Android_PowerVR_GM9xxx_Vulkan, [000001728E23BB00][0000017291385900 49] Android_TegraK1, [000001728E1FA900][0000017291389A40 49] Android_Unknown_Vulkan, [000001728E239F00][0000017291391BC0 49] Lumin, [000001728E1FAC00][00000172913941C0 49] Lumin_Desktop, [000001728E23B200][0000017291398340 49] HoloLens, 
[2023.05.05-02.49.04:329][  0]LogMeshReduction: Using QuadricMeshReduction for automatic static mesh reduction
[2023.05.05-02.49.04:329][  0]LogMeshReduction: Using SimplygonMeshReduction for automatic skeletal mesh reduction
[2023.05.05-02.49.04:329][  0]LogMeshReduction: Using ProxyLODMeshReduction for automatic mesh merging
[2023.05.05-02.49.04:329][  0]LogMeshReduction: No distributed automatic mesh merging module available
[2023.05.05-02.49.04:329][  0]LogMeshMerging: No distributed automatic mesh merging module available
[2023.05.05-02.49.04:335][  0]LogNetVersion: MinesweeperClone 1.0.0, NetCL: 17155196, EngineNetVer: 17, GameNetVer: 0 (Checksum: 3520621560)
[2023.05.05-02.49.04:458][  0]LogHMD: PokeAHoleMaterial loaded successfully
[2023.05.05-02.49.04:534][  0]LogCollectionManager: Loaded 0 collections in 0.000586 seconds
[2023.05.05-02.49.04:536][  0]LogFileCache: Scanning file cache for directory 'D:/FlixInteractive/MinesweeperClone/MinesweeperClone/Saved/Collections/' took 0.00s
[2023.05.05-02.49.04:536][  0]LogFileCache: Scanning file cache for directory 'D:/FlixInteractive/MinesweeperClone/MinesweeperClone/Content/Developers/cadia/Collections/' took 0.00s
[2023.05.05-02.49.04:536][  0]LogFileCache: Scanning file cache for directory 'D:/FlixInteractive/MinesweeperClone/MinesweeperClone/Content/Collections/' took 0.00s
[2023.05.05-02.49.04:536][  0]LogCollectionManager: Fixed up redirectors for 0 collections in 0.000001 seconds (updated 0 objects)
[2023.05.05-02.49.04:627][  0]LogNiagaraDebuggerClient: Niagara Debugger Client Initialized | Session: CA3650E54718B4118B085086119F01C9 | Instance: 335A4F9C42DC65A45C568FBFD976D270 (DESKTOP-AGD2073-35956).
[2023.05.05-02.49.04:737][  0]LogPython: Using Python 3.7.7
[2023.05.05-02.49.05:162][  0]LogScript: Warning: Script Msg: A null object was passed as a world context object to UEngine::GetWorldFromContextObject().
[2023.05.05-02.49.05:239][  0]SourceControl: Source control is disabled
[2023.05.05-02.49.05:239][  0]SourceControl: Source control is disabled
[2023.05.05-02.49.05:244][  0]SourceControl: Source control is disabled
[2023.05.05-02.49.05:249][  0]SourceControl: Source control is disabled
[2023.05.05-02.49.05:251][  0]SourceControl: Source control is disabled
[2023.05.05-02.49.05:253][  0]LogUProjectInfo: Found projects:
[2023.05.05-02.49.05:323][  0]LogAndroidPermission: UAndroidPermissionCallbackProxy::GetInstance
[2023.05.05-02.49.05:341][  0]LogAudioCaptureCore: Display: No Audio Capture implementations found. Audio input will be silent.
[2023.05.05-02.49.05:342][  0]LogAudioCaptureCore: Display: No Audio Capture implementations found. Audio input will be silent.
[2023.05.05-02.49.05:512][  0]LogOpenImageDenoise: OIDN starting up
[2023.05.05-02.49.05:528][  0]LogOcInput: OculusInput pre-init called
[2023.05.05-02.49.05:555][  0]LogUObjectArray: 23273 objects as part of root set at end of initial load.
[2023.05.05-02.49.05:555][  0]LogUObjectAllocator: 6507248 out of 0 bytes used by permanent object pool.
[2023.05.05-02.49.05:555][  0]LogUObjectArray: CloseDisregardForGC: 0/0 objects in disregard for GC pool
[2023.05.05-02.49.05:558][  0]LogInit: Error: VisualStudioToolsCommandlet looked like a commandlet, but we could not find the class.
[2023.05.05-02.49.05:559][  0]LogCore: Engine exit requested (reason: Failed to find commandlet class VisualStudioToolsCommandlet)
[2023.05.05-02.49.05:559][  0]LogCore: Engine exit requested (reason: EngineExit() was called; note: exit was already requested)
[2023.05.05-02.49.05:559][  0]LogExit: Preparing to exit.
[2023.05.05-02.49.05:563][  0]LogUObjectHash: Compacting FUObjectHashTables data took   0.64ms
[2023.05.05-02.49.05:609][  0]LogDemo: Cleaned up 0 splitscreen connections with owner deletion
[2023.05.05-02.49.05:639][  0]LogExit: Object subsystem successfully closed.
[2023.05.05-02.49.05:663][  0]LogModuleManager: Shutting down and abandoning module AudioSynesthesiaEditor (594)
[2023.05.05-02.49.05:663][  0]LogModuleManager: Shutting down and abandoning module OculusEditor (592)
[2023.05.05-02.49.05:663][  0]LogModuleManager: Shutting down and abandoning module OculusInput (590)
[2023.05.05-02.49.05:663][  0]LogModuleManager: Shutting down and abandoning module ContentBrowserFileDataSource (588)
[2023.05.05-02.49.05:663][  0]LogModuleManager: Shutting down and abandoning module ContentBrowserClassDataSource (586)
[2023.05.05-02.49.05:663][  0]LogModuleManager: Shutting down and abandoning module ContentBrowserAssetDataSource (584)
[2023.05.05-02.49.05:663][  0]LogModuleManager: Shutting down and abandoning module ToolMenus (583)
[2023.05.05-02.49.05:663][  0]LogModuleManager: Shutting down and abandoning module OpenImageDenoise (580)
[2023.05.05-02.49.05:663][  0]LogOpenImageDenoise: OIDN shutting down
[2023.05.05-02.49.05:663][  0]LogModuleManager: Shutting down and abandoning module MotoSynthEditor (578)
[2023.05.05-02.49.05:663][  0]LogModuleManager: Shutting down and abandoning module MotoSynth (576)
[2023.05.05-02.49.05:663][  0]LogModuleManager: Shutting down and abandoning module MeshConversion (574)
[2023.05.05-02.49.05:663][  0]LogModuleManager: Shutting down and abandoning module DynamicMesh (572)
[2023.05.05-02.49.05:663][  0]LogModuleManager: Shutting down and abandoning module GeometryAlgorithms (570)
[2023.05.05-02.49.05:663][  0]LogModuleManager: Shutting down and abandoning module GeometricObjects (568)
[2023.05.05-02.49.05:663][  0]LogModuleManager: Shutting down and abandoning module GeometryCollectionTracks (566)
[2023.05.05-02.49.05:663][  0]LogModuleManager: Shutting down and abandoning module GeometryCollectionSequencer (565)
[2023.05.05-02.49.05:663][  0]LogModuleManager: Shutting down and abandoning module GeometryCollectionEditor (562)
[2023.05.05-02.49.05:663][  0]LogModuleManager: Shutting down and abandoning module GeometryCacheTracks (560)
[2023.05.05-02.49.05:663][  0]LogModuleManager: Shutting down and abandoning module GeometryCacheStreamer (558)
[2023.05.05-02.49.05:663][  0]LogModuleManager: Shutting down and abandoning module GeometryCacheSequencer (556)
[2023.05.05-02.49.05:663][  0]LogModuleManager: Shutting down and abandoning module ChaosSolverEditor (554)
[2023.05.05-02.49.05:663][  0]LogModuleManager: Shutting down and abandoning module ChaosNiagara (552)
[2023.05.05-02.49.05:663][  0]LogModuleManager: Shutting down and abandoning module FractureEditor (550)
[2023.05.05-02.49.05:663][  0]LogModuleManager: Shutting down and abandoning module ChaosClothEditor (548)
[2023.05.05-02.49.05:663][  0]LogModuleManager: Shutting down and abandoning module SynthesisEditor (546)
[2023.05.05-02.49.05:663][  0]LogModuleManager: Shutting down and abandoning module Synthesis (544)
[2023.05.05-02.49.05:663][  0]LogModuleManager: Shutting down and abandoning module AutomationUtilsEditor (542)
[2023.05.05-02.49.05:663][  0]LogModuleManager: Shutting down and abandoning module AutomationUtils (540)
[2023.05.05-02.49.05:663][  0]LogModuleManager: Shutting down and abandoning module AlembicImporter (538)
[2023.05.05-02.49.05:663][  0]LogModuleManager: Shutting down and abandoning module AlembicLibrary (537)
[2023.05.05-02.49.05:663][  0]LogModuleManager: Shutting down and abandoning module GeometryCache (536)
[2023.05.05-02.49.05:663][  0]LogModuleManager: Shutting down and abandoning module GeometryCacheEd (535)
[2023.05.05-02.49.05:663][  0]LogModuleManager: Shutting down and abandoning module ProceduralMeshComponentEditor (530)
[2023.05.05-02.49.05:663][  0]LogModuleManager: Shutting down and abandoning module ProceduralMeshComponent (528)
[2023.05.05-02.49.05:663][  0]LogModuleManager: Shutting down and abandoning module OpenXREditor (526)
[2023.05.05-02.49.05:663][  0]LogModuleManager: Shutting down and abandoning module MobilePatchingUtils (524)
[2023.05.05-02.49.05:663][  0]LogModuleManager: Shutting down and abandoning module TakeSequencer (522)
[2023.05.05-02.49.05:663][  0]LogModuleManager: Shutting down and abandoning module TakeMovieScene (520)
[2023.05.05-02.49.05:663][  0]LogModuleManager: Shutting down and abandoning module GooglePAD (518)
[2023.05.05-02.49.05:663][  0]LogModuleManager: Shutting down and abandoning module EditableMesh (516)
[2023.05.05-02.49.05:663][  0]LogModuleManager: Shutting down and abandoning module FieldSystemEngine (515)
[2023.05.05-02.49.05:663][  0]LogModuleManager: Shutting down and abandoning module CustomMeshComponent (512)
[2023.05.05-02.49.05:663][  0]LogModuleManager: Shutting down and abandoning module CableComponent (510)
[2023.05.05-02.49.05:663][  0]LogModuleManager: Shutting down and abandoning module AudioCapture (508)
[2023.05.05-02.49.05:663][  0]LogModuleManager: Shutting down and abandoning module AudioCaptureRtAudio (507)
[2023.05.05-02.49.05:663][  0]LogModuleManager: Shutting down and abandoning module AssetTags (504)
[2023.05.05-02.49.05:663][  0]LogModuleManager: Shutting down and abandoning module ScreenshotTools (502)
[2023.05.05-02.49.05:663][  0]LogModuleManager: Shutting down and abandoning module ArchVisCharacter (500)
[2023.05.05-02.49.05:663][  0]LogModuleManager: Shutting down and abandoning module AppleImageUtilsBlueprintSupport (498)
[2023.05.05-02.49.05:663][  0]LogModuleManager: Shutting down and abandoning module AppleImageUtils (496)
[2023.05.05-02.49.05:663][  0]LogModuleManager: Shutting down and abandoning module AndroidPermission (494)
[2023.05.05-02.49.05:663][  0]LogModuleManager: Shutting down and abandoning module ActorLayerUtilitiesEditor (492)
[2023.05.05-02.49.05:663][  0]LogModuleManager: Shutting down and abandoning module ActorLayerUtilities (490)
[2023.05.05-02.49.05:663][  0]LogModuleManager: Shutting down and abandoning module TemplateSequence (488)
[2023.05.05-02.49.05:663][  0]LogModuleManager: Shutting down and abandoning module MediaCompositing (486)
[2023.05.05-02.49.05:663][  0]LogModuleManager: Shutting down and abandoning module MagicLeapSharedWorld (484)
[2023.05.05-02.49.05:663][  0]LogModuleManager: Shutting down and abandoning module MagicLeapLightEstimation (482)
[2023.05.05-02.49.05:663][  0]LogModuleManager: Shutting down and abandoning module MagicLeapHelperVulkan (480)
[2023.05.05-02.49.05:663][  0]LogModuleManager: Shutting down and abandoning module MagicLeapHelperOpenGL (478)
[2023.05.05-02.49.05:664][  0]LogModuleManager: Shutting down and abandoning module MagicLeapAudio (476)
[2023.05.05-02.49.05:664][  0]LogModuleManager: Shutting down and abandoning module VariantManagerContentEditor (474)
[2023.05.05-02.49.05:664][  0]LogModuleManager: Shutting down and abandoning module DatasmithContentEditor (472)
[2023.05.05-02.49.05:664][  0]LogModuleManager: Shutting down and abandoning module NiagaraEditorWidgets (470)
[2023.05.05-02.49.05:664][  0]LogModuleManager: Shutting down and abandoning module SpeedTreeImporter (468)
[2023.05.05-02.49.05:664][  0]LogModuleManager: Shutting down and abandoning module PluginBrowser (466)
[2023.05.05-02.49.05:664][  0]LogModuleManager: Shutting down and abandoning module MobileLauncherProfileWizard (464)
[2023.05.05-02.49.05:664][  0]LogModuleManager: Shutting down and abandoning module MaterialAnalyzer (462)
[2023.05.05-02.49.05:664][  0]LogModuleManager: Shutting down and abandoning module VisualStudioCodeSourceCodeAccess (460)
[2023.05.05-02.49.05:664][  0]LogModuleManager: Shutting down and abandoning module UObjectPlugin (458)
[2023.05.05-02.49.05:664][  0]LogModuleManager: Shutting down and abandoning module VisualStudioSourceCodeAccess (456)
[2023.05.05-02.49.05:664][  0]LogModuleManager: Shutting down and abandoning module SubversionSourceControl (454)
[2023.05.05-02.49.05:664][  0]LogModuleManager: Shutting down and abandoning module PerforceSourceControl (452)
[2023.05.05-02.49.05:664][  0]LogModuleManager: Shutting down and abandoning module PluginUtils (450)
[2023.05.05-02.49.05:664][  0]LogModuleManager: Shutting down and abandoning module PlasticSourceControl (448)
[2023.05.05-02.49.05:664][  0]LogModuleManager: Shutting down and abandoning module CurveEditorTools (446)
[2023.05.05-02.49.05:664][  0]LogModuleManager: Shutting down and abandoning module GitSourceControl (444)
[2023.05.05-02.49.05:664][  0]LogModuleManager: Shutting down and abandoning module SourceControl (443)
[2023.05.05-02.49.05:664][  0]LogModuleManager: Shutting down and abandoning module CryptoKeysOpenSSL (440)
[2023.05.05-02.49.05:664][  0]LogModuleManager: Shutting down and abandoning module CryptoKeys (438)
[2023.05.05-02.49.05:664][  0]LogModuleManager: Shutting down and abandoning module LightPropagationVolumeEditor (436)
[2023.05.05-02.49.05:664][  0]LogModuleManager: Shutting down and abandoning module CLionSourceCodeAccess (434)
[2023.05.05-02.49.05:664][  0]LogModuleManager: Shutting down and abandoning module AnimationSharingEd (432)
[2023.05.05-02.49.05:664][  0]LogModuleManager: Shutting down and abandoning module OodleNetworkHandlerComponent (430)
[2023.05.05-02.49.05:664][  0]LogModuleManager: Shutting down and abandoning module LiveLinkSequencer (428)
[2023.05.05-02.49.05:664][  0]LogModuleManager: Shutting down and abandoning module LiveLinkMovieScene (426)
[2023.05.05-02.49.05:664][  0]LogModuleManager: Shutting down and abandoning module LiveLinkGraphNode (424)
[2023.05.05-02.49.05:664][  0]LogModuleManager: Shutting down and abandoning module LiveLinkEditor (422)
[2023.05.05-02.49.05:664][  0]LogModuleManager: Shutting down and abandoning module LiveLinkComponents (420)
[2023.05.05-02.49.05:664][  0]LogModuleManager: Shutting down and abandoning module LiveLink (418)
[2023.05.05-02.49.06:183][  0]LogModuleManager: Shutting down and abandoning module PaperTiledImporter (416)
[2023.05.05-02.49.06:183][  0]LogModuleManager: Shutting down and abandoning module PaperSpriteSheetImporter (414)
[2023.05.05-02.49.06:183][  0]LogModuleManager: Shutting down and abandoning module Paper2DEditor (412)
[2023.05.05-02.49.06:183][  0]LogModuleManager: Shutting down and abandoning module MeshPaintingToolset (410)
[2023.05.05-02.49.06:183][  0]LogModuleManager: Shutting down and abandoning module MeshPaintEditorMode (408)
[2023.05.05-02.49.06:183][  0]LogModuleManager: Shutting down and abandoning module MinesweeperClone (406)
[2023.05.05-02.49.06:183][  0]LogModuleManager: Shutting down and abandoning module PythonScriptPlugin (404)
[2023.05.05-02.49.06:183][  0]LogModuleManager: Shutting down and abandoning module SoundFields (402)
[2023.05.05-02.49.06:183][  0]LogModuleManager: Shutting down and abandoning module SignificanceManager (400)
[2023.05.05-02.49.06:183][  0]LogModuleManager: Shutting down and abandoning module RuntimePhysXCooking (398)
[2023.05.05-02.49.06:183][  0]LogModuleManager: Shutting down and abandoning module PropertyAccessEditor (396)
[2023.05.05-02.49.06:183][  0]LogModuleManager: Shutting down and abandoning module PhysXVehiclesEditor (394)
[2023.05.05-02.49.06:183][  0]LogModuleManager: Shutting down and abandoning module LocationServicesBPLibrary (390)
[2023.05.05-02.49.06:183][  0]LogModuleManager: Shutting down and abandoning module AudioSynesthesia (388)
[2023.05.05-02.49.06:183][  0]LogModuleManager: Shutting down and abandoning module AudioSynesthesiaCore (386)
[2023.05.05-02.49.06:183][  0]LogModuleManager: Shutting down and abandoning module ActorSequence (384)
[2023.05.05-02.49.06:183][  0]LogModuleManager: Shutting down and abandoning module UdpMessaging (382)
[2023.05.05-02.49.06:183][  0]LogModuleManager: Shutting down and abandoning module TcpMessaging (380)
[2023.05.05-02.49.06:183][  0]LogModuleManager: Shutting down and abandoning module MagicLeapARPin (378)
[2023.05.05-02.49.06:183][  0]LogModuleManager: Shutting down and abandoning module MagicLeapHandMeshing (376)
[2023.05.05-02.49.06:183][  0]LogModuleManager: Shutting down and abandoning module MagicLeapSecureStorage (374)
[2023.05.05-02.49.06:183][  0]LogModuleManager: Shutting down and abandoning module MagicLeapPrivileges (372)
[2023.05.05-02.49.06:183][  0]LogModuleManager: Shutting down and abandoning module MagicLeapPlanes (370)
[2023.05.05-02.49.06:183][  0]LogMagicLeapPlanes: Planes tracker already destroyed.
[2023.05.05-02.49.06:183][  0]LogModuleManager: Shutting down and abandoning module MagicLeapImageTracker (368)
[2023.05.05-02.49.06:183][  0]LogModuleManager: Shutting down and abandoning module MagicLeapIdentity (366)
[2023.05.05-02.49.06:183][  0]LogModuleManager: Shutting down and abandoning module MagicLeapHandTracking (364)
[2023.05.05-02.49.06:183][  0]LogModuleManager: Shutting down and abandoning module MagicLeapEyeTracker (362)
[2023.05.05-02.49.06:183][  0]LogModuleManager: Shutting down and abandoning module MagicLeapController (360)
[2023.05.05-02.49.06:183][  0]LogModuleManager: Shutting down and abandoning module MagicLeapARPinImpl (358)
[2023.05.05-02.49.06:183][  0]LogModuleManager: Shutting down and abandoning module MagicLeapAR (356)
[2023.05.05-02.49.06:183][  0]LogModuleManager: Shutting down and abandoning module NiagaraAnimNotifies (354)
[2023.05.05-02.49.06:183][  0]LogModuleManager: Shutting down and abandoning module Niagara (352)
[2023.05.05-02.49.06:183][  0]LogModuleManager: Shutting down and abandoning module SignalProcessing (351)
[2023.05.05-02.49.06:183][  0]LogModuleManager: Shutting down and abandoning module NiagaraEditor (349)
[2023.05.05-02.49.06:183][  0]LogModuleManager: Shutting down and abandoning module NiagaraCore (346)
[2023.05.05-02.49.06:183][  0]LogModuleManager: Shutting down and abandoning module GameplayTagsEditor (344)
[2023.05.05-02.49.06:183][  0]LogModuleManager: Shutting down and abandoning module PropertyAccessNode (342)
[2023.05.05-02.49.06:183][  0]LogModuleManager: Shutting down and abandoning module FacialAnimationEditor (340)
[2023.05.05-02.49.06:183][  0]LogModuleManager: Shutting down and abandoning module FacialAnimation (338)
[2023.05.05-02.49.06:184][  0]LogModuleManager: Shutting down and abandoning module DataValidation (336)
[2023.05.05-02.49.06:184][  0]LogModuleManager: Shutting down and abandoning module AssetManagerEditor (334)
[2023.05.05-02.49.06:184][  0]LogModuleManager: Shutting down and abandoning module TreeMap (333)
[2023.05.05-02.49.06:184][  0]LogModuleManager: Shutting down and abandoning module LightPropagationVolumeRuntime (330)
[2023.05.05-02.49.06:184][  0]LogModuleManager: Shutting down and abandoning module AnimationSharing (328)
[2023.05.05-02.49.06:184][  0]LogModuleManager: Shutting down and abandoning module GameplayCameras (326)
[2023.05.05-02.49.06:184][  0]LogModuleManager: Shutting down and abandoning module EnvironmentQueryEditor (324)
[2023.05.05-02.49.06:184][  0]LogModuleManager: Shutting down and abandoning module Paper2D (322)
[2023.05.05-02.49.06:184][  0]LogModuleManager: Shutting down and abandoning module NetworkReplayStreaming (320)
[2023.05.05-02.49.06:184][  0]LogModuleManager: Shutting down and abandoning module PacketHandler (318)
[2023.05.05-02.49.06:184][  0]LogModuleManager: Shutting down and abandoning module ClothingSystemEditor (316)
[2023.05.05-02.49.06:184][  0]LogModuleManager: Shutting down and abandoning module ClothingSystemRuntimeNv (314)
[2023.05.05-02.49.06:184][  0]LogModuleManager: Shutting down and abandoning module MediaAssets (312)
[2023.05.05-02.49.06:184][  0]LogModuleManager: Shutting down and abandoning module Overlay (310)
[2023.05.05-02.49.06:184][  0]LogModuleManager: Shutting down and abandoning module OverlayEditor (309)
[2023.05.05-02.49.06:184][  0]LogModuleManager: Shutting down and abandoning module Blutility (306)
[2023.05.05-02.49.06:184][  0]LogModuleManager: Shutting down and abandoning module LevelEditor (305)
[2023.05.05-02.49.06:184][  0]LogModuleManager: Shutting down and abandoning module PixelInspectorModule (304)
[2023.05.05-02.49.06:184][  0]LogModuleManager: Shutting down and abandoning module CommonMenuExtensions (302)
[2023.05.05-02.49.06:184][  0]LogModuleManager: Shutting down and abandoning module MainFrame (300)
[2023.05.05-02.49.06:184][  0]LogModuleManager: Shutting down and abandoning module HotReload (299)
[2023.05.05-02.49.06:185][  0]LogModuleManager: Shutting down and abandoning module ContentBrowser (295)
[2023.05.05-02.49.06:185][  0]LogModuleManager: Shutting down and abandoning module CollectionManager (294)
[2023.05.05-02.49.06:185][  0]LogModuleManager: Shutting down and abandoning module ContentBrowserData (292)
[2023.05.05-02.49.06:185][  0]LogModuleManager: Shutting down and abandoning module IntroTutorials (288)
[2023.05.05-02.49.06:185][  0]LogModuleManager: Shutting down and abandoning module VREditor (286)
[2023.05.05-02.49.06:185][  0]LogModuleManager: Shutting down and abandoning module StringTableEditor (284)
[2023.05.05-02.49.06:185][  0]LogModuleManager: Shutting down and abandoning module GameplayTasksEditor (282)
[2023.05.05-02.49.06:185][  0]LogModuleManager: Shutting down and abandoning module BehaviorTreeEditor (280)
[2023.05.05-02.49.06:185][  0]LogModuleManager: Shutting down and abandoning module FunctionalTesting (278)
[2023.05.05-02.49.06:185][  0]LogModuleManager: Shutting down and abandoning module CollisionAnalyzer (276)
[2023.05.05-02.49.06:185][  0]LogModuleManager: Shutting down and abandoning module WorkspaceMenuStructure (275)
[2023.05.05-02.49.06:185][  0]LogModuleManager: Shutting down and abandoning module UMG (272)
[2023.05.05-02.49.06:185][  0]LogModuleManager: Shutting down and abandoning module UMGEditor (271)
[2023.05.05-02.49.06:185][  0]LogModuleManager: Shutting down and abandoning module MessageLog (269)
[2023.05.05-02.49.06:185][  0]LogModuleManager: Shutting down and abandoning module SlateReflector (264)
[2023.05.05-02.49.06:185][  0]LogModuleManager: Shutting down and abandoning module Slate (262)
[2023.05.05-02.49.06:185][  0]LogModuleManager: Shutting down and abandoning module SlateCore (260)
[2023.05.05-02.49.06:186][  0]LogModuleManager: Shutting down and abandoning module LandscapeEditorUtilities (258)
[2023.05.05-02.49.06:186][  0]LogModuleManager: Shutting down and abandoning module UnrealEd (256)
[2023.05.05-02.49.06:186][  0]LogModuleManager: Shutting down and abandoning module MRMesh (254)
[2023.05.05-02.49.06:186][  0]LogModuleManager: Shutting down and abandoning module SourceCodeAccess (252)
[2023.05.05-02.49.06:186][  0]LogModuleManager: Shutting down and abandoning module HeadMountedDisplay (250)
[2023.05.05-02.49.06:186][  0]LogModuleManager: Shutting down and abandoning module XAudio2 (248)
[2023.05.05-02.49.06:186][  0]LogModuleManager: Shutting down and abandoning module Networking (246)
[2023.05.05-02.49.06:186][  0]LogModuleManager: Shutting down and abandoning module Core (244)
[2023.05.05-02.49.06:186][  0]LogModuleManager: Shutting down and abandoning module MaterialEditor (242)
[2023.05.05-02.49.06:186][  0]LogModuleManager: Shutting down and abandoning module Settings (241)
[2023.05.05-02.49.06:186][  0]LogModuleManager: Shutting down and abandoning module MovieSceneTools (238)
[2023.05.05-02.49.06:186][  0]LogModuleManager: Shutting down and abandoning module CurveEditor (237)
[2023.05.05-02.49.06:186][  0]LogModuleManager: Shutting down and abandoning module Sequencer (235)
[2023.05.05-02.49.06:186][  0]LogModuleManager: Shutting down and abandoning module EditorStyle (234)
[2023.05.05-02.49.06:187][  0]LogModuleManager: Shutting down and abandoning module KismetCompiler (230)
[2023.05.05-02.49.06:187][  0]LogModuleManager: Shutting down and abandoning module MeshBuilder (228)
[2023.05.05-02.49.06:187][  0]LogModuleManager: Shutting down and abandoning module MeshUtilities (226)
[2023.05.05-02.49.06:187][  0]LogModuleManager: Shutting down and abandoning module MeshMergeUtilities (225)
[2023.05.05-02.49.06:187][  0]LogModuleManager: Shutting down and abandoning module MeshReductionInterface (224)
[2023.05.05-02.49.06:187][  0]LogModuleManager: Shutting down and abandoning module MeshBoneReduction (223)
[2023.05.05-02.49.06:187][  0]LogModuleManager: Shutting down and abandoning module SkeletalMeshReduction (221)
[2023.05.05-02.49.06:187][  0]LogModuleManager: Shutting down and abandoning module ProxyLODMeshReduction (219)
[2023.05.05-02.49.06:187][  0]LogModuleManager: Shutting down and abandoning module QuadricMeshReduction (217)
[2023.05.05-02.49.06:187][  0]LogModuleManager: Shutting down and abandoning module MaterialBaking (213)
[2023.05.05-02.49.06:187][  0]LogModuleManager: Shutting down and abandoning module DirectoryWatcher (209)
[2023.05.05-02.49.06:187][  0]LogModuleManager: Shutting down and abandoning module NullInstallBundleManager (206)
[2023.05.05-02.49.06:187][  0]LogModuleManager: Shutting down and abandoning module DerivedDataCache (204)
[2023.05.05-02.49.06:187][  0]LogModuleManager: Shutting down and abandoning module TargetPlatform (202)
[2023.05.05-02.49.06:187][  0]LogModuleManager: Shutting down and abandoning module VulkanShaderFormat (201)
[2023.05.05-02.49.06:187][  0]LogModuleManager: Shutting down and abandoning module ShaderFormatVectorVM (199)
[2023.05.05-02.49.06:187][  0]LogModuleManager: Shutting down and abandoning module ShaderFormatOpenGL (197)
[2023.05.05-02.49.06:187][  0]LogModuleManager: Shutting down and abandoning module ShaderFormatD3D (195)
[2023.05.05-02.49.06:187][  0]LogModuleManager: Shutting down and abandoning module MetalShaderFormat (193)
[2023.05.05-02.49.06:187][  0]LogModuleManager: Shutting down and abandoning module TextureFormatOodle (191)
[2023.05.05-02.49.06:187][  0]LogModuleManager: Shutting down and abandoning module TextureFormatUncompressed (189)
[2023.05.05-02.49.06:187][  0]LogModuleManager: Shutting down and abandoning module TextureFormatPVR (187)
[2023.05.05-02.49.06:187][  0]LogModuleManager: Shutting down and abandoning module TextureFormatETC2 (185)
[2023.05.05-02.49.06:187][  0]LogModuleManager: Shutting down and abandoning module TextureFormatDXT (183)
[2023.05.05-02.49.06:187][  0]LogModuleManager: Shutting down and abandoning module TextureFormatIntelISPCTexComp (181)
[2023.05.05-02.49.06:187][  0]LogModuleManager: Shutting down and abandoning module TextureFormatASTC (179)
[2023.05.05-02.49.06:187][  0]LogModuleManager: Shutting down and abandoning module ImageWrapper (178)
[2023.05.05-02.49.06:187][  0]LogModuleManager: Shutting down and abandoning module AudioFormatOpus (175)
[2023.05.05-02.49.06:187][  0]LogModuleManager: Shutting down and abandoning module AudioFormatOgg (173)
[2023.05.05-02.49.06:187][  0]LogModuleManager: Shutting down and abandoning module AudioFormatADPCM (171)
[2023.05.05-02.49.06:187][  0]LogModuleManager: Shutting down and abandoning module WindowsServerTargetPlatform (169)
[2023.05.05-02.49.06:187][  0]LogModuleManager: Shutting down and abandoning module WindowsClientTargetPlatform (167)
[2023.05.05-02.49.06:187][  0]LogModuleManager: Shutting down and abandoning module WindowsTargetPlatform (165)
[2023.05.05-02.49.06:187][  0]LogModuleManager: Shutting down and abandoning module WindowsNoEditorTargetPlatform (163)
[2023.05.05-02.49.06:187][  0]LogModuleManager: Shutting down and abandoning module TVOSTargetPlatform (161)
[2023.05.05-02.49.06:188][  0]LogModuleManager: Shutting down and abandoning module MacServerTargetPlatform (159)
[2023.05.05-02.49.06:188][  0]LogModuleManager: Shutting down and abandoning module MacClientTargetPlatform (157)
[2023.05.05-02.49.06:188][  0]LogModuleManager: Shutting down and abandoning module MacTargetPlatform (155)
[2023.05.05-02.49.06:188][  0]LogModuleManager: Shutting down and abandoning module MacNoEditorTargetPlatform (153)
[2023.05.05-02.49.06:188][  0]LogModuleManager: Shutting down and abandoning module LuminTargetPlatform (151)
[2023.05.05-02.49.06:188][  0]LogModuleManager: Shutting down and abandoning module LinuxAArch64ServerTargetPlatform (149)
[2023.05.05-02.49.06:188][  0]LogModuleManager: Shutting down and abandoning module LinuxAArch64ClientTargetPlatform (147)
[2023.05.05-02.49.06:188][  0]LogModuleManager: Shutting down and abandoning module LinuxAArch64NoEditorTargetPlatform (145)
[2023.05.05-02.49.06:188][  0]LogModuleManager: Shutting down and abandoning module LinuxServerTargetPlatform (143)
[2023.05.05-02.49.06:188][  0]LogModuleManager: Shutting down and abandoning module LinuxClientTargetPlatform (141)
[2023.05.05-02.49.06:188][  0]LogModuleManager: Shutting down and abandoning module LinuxNoEditorTargetPlatform (139)
[2023.05.05-02.49.06:188][  0]LogModuleManager: Shutting down and abandoning module LinuxTargetPlatform (137)
[2023.05.05-02.49.06:188][  0]LogModuleManager: Shutting down and abandoning module Messaging (135)
[2023.05.05-02.49.06:188][  0]LogModuleManager: Shutting down and abandoning module IOSTargetPlatform (133)
[2023.05.05-02.49.06:189][  0]LogModuleManager: Shutting down and abandoning module AndroidTargetPlatform (131)
[2023.05.05-02.49.06:191][  0]LogModuleManager: Shutting down and abandoning module AllDesktopTargetPlatform (129)
[2023.05.05-02.49.06:191][  0]LogModuleManager: Shutting down and abandoning module NullDrv (126)
[2023.05.05-02.49.06:191][  0]LogModuleManager: Shutting down and abandoning module PhysXCooking (124)
[2023.05.05-02.49.06:191][  0]LogModuleManager: Shutting down and abandoning module Chaos (122)
[2023.05.05-02.49.06:191][  0]LogModuleManager: Shutting down and abandoning module WindowsPlatformFeatures (120)
[2023.05.05-02.49.06:191][  0]LogModuleManager: Shutting down and abandoning module GameplayMediaEncoder (119)
[2023.05.05-02.49.06:191][  0]LogModuleManager: Shutting down and abandoning module AVEncoder (118)
[2023.05.05-02.49.06:191][  0]LogModuleManager: Shutting down and abandoning module ExampleDeviceProfileSelector (114)
[2023.05.05-02.49.06:191][  0]LogModuleManager: Shutting down and abandoning module SteamVRInputDevice (112)
[2023.05.05-02.49.06:191][  0]LogModuleManager: Shutting down and abandoning module SteamVRInput (110)
[2023.05.05-02.49.06:191][  0]LogModuleManager: Shutting down and abandoning module SteamVR (108)
[2023.05.05-02.49.06:191][  0]LogHMD: Freeing OpenVRDLLHandle.
[2023.05.05-02.49.06:191][  0]LogModuleManager: Shutting down and abandoning module OculusHMD (106)
[2023.05.05-02.49.06:191][  0]LogModuleManager: Shutting down and abandoning module ChaosCloth (104)
[2023.05.05-02.49.06:191][  0]LogModuleManager: Shutting down and abandoning module OpenXRHandTracking (102)
[2023.05.05-02.49.06:191][  0]LogModuleManager: Shutting down and abandoning module OpenXREyeTracker (100)
[2023.05.05-02.49.06:191][  0]LogModuleManager: Shutting down and abandoning module OpenXRAR (98)
[2023.05.05-02.49.06:191][  0]LogModuleManager: Shutting down and abandoning module AugmentedReality (97)
[2023.05.05-02.49.06:191][  0]LogModuleManager: Shutting down and abandoning module OpenXRHMD (94)
[2023.05.05-02.49.06:191][  0]LogModuleManager: Shutting down and abandoning module ChunkDownloader (92)
[2023.05.05-02.49.06:191][  0]LogModuleManager: Shutting down and abandoning module LauncherChunkInstaller (90)
[2023.05.05-02.49.06:191][  0]LogModuleManager: Shutting down and abandoning module OnlineBlueprintSupport (88)
[2023.05.05-02.49.06:191][  0]LogModuleManager: Shutting down and abandoning module OnlineSubsystem (84)
[2023.05.05-02.49.06:192][  0]LogModuleManager: Shutting down and abandoning module XMPP (79)
[2023.05.05-02.49.06:192][  0]LogModuleManager: Shutting down and abandoning module WebSockets (78)
[2023.05.05-02.49.06:201][  0]LogModuleManager: Shutting down and abandoning module HTTP (75)
[2023.05.05-02.49.06:201][  0]LogHttp: Display: cleaning up 0 outstanding Http requests.
[2023.05.05-02.49.06:222][  0]LogModuleManager: Shutting down and abandoning module SSL (74)
[2023.05.05-02.49.06:223][  0]LogModuleManager: Shutting down and abandoning module WmfMedia (70)
[2023.05.05-02.49.06:224][  0]LogModuleManager: Shutting down and abandoning module Media (69)
[2023.05.05-02.49.06:224][  0]LogModuleManager: Shutting down and abandoning module MediaInfo (68)
[2023.05.05-02.49.06:224][  0]LogModuleManager: Shutting down and abandoning module ExrReaderGpu (64)
[2023.05.05-02.49.06:224][  0]LogModuleManager: Shutting down and abandoning module MLSDK (62)
[2023.05.05-02.49.06:224][  0]LogModuleManager: Shutting down and abandoning module MagicLeap (60)
[2023.05.05-02.49.06:225][  0]LogModuleManager: Shutting down and abandoning module VariantManagerContent (58)
[2023.05.05-02.49.06:225][  0]LogModuleManager: Shutting down and abandoning module DatasmithContent (56)
[2023.05.05-02.49.06:236][  0]LogModuleManager: Shutting down and abandoning module NiagaraVertexFactories (54)
[2023.05.05-02.49.06:236][  0]LogModuleManager: Shutting down and abandoning module NiagaraShader (52)
[2023.05.05-02.49.06:236][  0]LogModuleManager: Shutting down and abandoning module PixWinPlugin (50)
[2023.05.05-02.49.06:236][  0]LogModuleManager: Shutting down and abandoning module AISupportModule (48)
[2023.05.05-02.49.06:236][  0]LogModuleManager: Shutting down and abandoning module PythonScriptPluginPreload (46)
[2023.05.05-02.49.06:236][  0]LogModuleManager: Shutting down and abandoning module PlatformCryptoOpenSSL (44)
[2023.05.05-02.49.06:236][  0]LogModuleManager: Shutting down and abandoning module PlatformCryptoTypes (42)
[2023.05.05-02.49.06:236][  0]LogModuleManager: Shutting down and abandoning module PlatformCrypto (40)
[2023.05.05-02.49.06:236][  0]LogModuleManager: Shutting down and abandoning module OodleDataCompressionFormat (38)
[2023.05.05-02.49.06:236][  0]LogModuleManager: Shutting down and abandoning module XGEController (36)
[2023.05.05-02.49.06:236][  0]LogXGEController: Cannot use XGE Controller as Incredibuild is not installed on this machine.
[2023.05.05-02.49.06:236][  0]LogXGEController: Cleaning working directory: C:/Users/cadia/AppData/Local/Temp/UnrealXGEWorkingDir/
[2023.05.05-02.49.06:236][  0]LogModuleManager: Shutting down and abandoning module AnimationModifiers (34)
[2023.05.05-02.49.06:236][  0]LogModuleManager: Shutting down and abandoning module AudioEditor (32)
[2023.05.05-02.49.06:236][  0]LogModuleManager: Shutting down and abandoning module PropertyEditor (31)
[2023.05.05-02.49.06:236][  0]LogModuleManager: Shutting down and abandoning module TextureCompressor (28)
[2023.05.05-02.49.06:236][  0]LogModuleManager: Shutting down and abandoning module RenderCore (26)
[2023.05.05-02.49.06:236][  0]LogModuleManager: Shutting down and abandoning module Landscape (24)
[2023.05.05-02.49.06:236][  0]LogModuleManager: Shutting down and abandoning module SlateRHIRenderer (22)
[2023.05.05-02.49.06:236][  0]LogModuleManager: Shutting down and abandoning module AnimGraphRuntime (20)
[2023.05.05-02.49.06:236][  0]LogModuleManager: Shutting down and abandoning module Renderer (18)
[2023.05.05-02.49.06:236][  0]LogModuleManager: Shutting down and abandoning module Engine (16)
[2023.05.05-02.49.06:236][  0]LogModuleManager: Shutting down and abandoning module CoreUObject (14)
[2023.05.05-02.49.06:236][  0]LogModuleManager: Shutting down and abandoning module NetworkFile (12)
[2023.05.05-02.49.06:236][  0]LogModuleManager: Shutting down and abandoning module CookedIterativeFile (10)
[2023.05.05-02.49.06:237][  0]LogModuleManager: Shutting down and abandoning module StreamingFile (8)
[2023.05.05-02.49.06:237][  0]LogModuleManager: Shutting down and abandoning module SandboxFile (6)
[2023.05.05-02.49.06:237][  0]LogModuleManager: Shutting down and abandoning module PakFile (4)
[2023.05.05-02.49.06:237][  0]LogModuleManager: Shutting down and abandoning module RSA (3)
[2023.05.05-02.49.06:337][  0]LogContentStreaming: Display: There are 1 unreleased StreamingManagers
[2023.05.05-02.49.06:355][  0]LogExit: Exiting.
[2023.05.05-02.49.06:373][  0]Log file closed, 05/05/23 03:49:06
