Log file open, 05/05/23 03:17:09
LogWindows: Failed to load 'aqProf.dll' (GetLastError=126)
LogWindows: File 'aqProf.dll' does not exist
LogWindows: Failed to load 'VtuneApi.dll' (GetLastError=126)
LogWindows: File 'VtuneApi.dll' does not exist
LogWindows: Failed to load 'VtuneApi32e.dll' (GetLastError=126)
LogWindows: File 'VtuneApi32e.dll' does not exist
LogConsoleResponse: Display: Failed to find resolution value strings in scalability ini. Falling back to default.
LogConsoleResponse: Display: Failed to find resolution value strings in scalability ini. Falling back to default.
LogInit: Display: Running engine for game: MinesweeperClone
LogPlatformFile: Not using cached read wrapper
LogTaskGraph: Started task graph with 5 named threads and 71 total threads with 3 sets of task threads.
LogStats: Stats thread started at 0.206292
LogICUInternationalization: ICU TimeZone Detection - Raw Offset: +0:00, Platform Override: ''
LogInit: Display: Loading text-based GConfig....
LogPluginManager: Mounting plugin MeshPainting
LogPluginManager: Mounting plugin XGEController
LogPluginManager: Mounting plugin Paper2D
LogPluginManager: Mounting plugin AISupport
LogPluginManager: Mounting plugin EnvironmentQueryEditor
LogPluginManager: Mounting plugin LiveLink
LogPluginManager: Mounting plugin CameraShakePreviewer
LogPluginManager: Mounting plugin OodleData
LogPluginManager: Mounting plugin GameplayCameras
LogPluginManager: Mounting plugin OodleNetwork
LogPluginManager: Mounting plugin AnimationSharing
LogPluginManager: Mounting plugin CLionSourceCodeAccess
LogPluginManager: Mounting plugin CodeLiteSourceCodeAccess
LogPluginManager: Mounting plugin DatasmithContent
LogPluginManager: Mounting plugin GitSourceControl
LogPluginManager: Mounting plugin KDevelopSourceCodeAccess
LogPluginManager: Mounting plugin NullSourceCodeAccess
LogPluginManager: Mounting plugin PerforceSourceControl
LogPluginManager: Mounting plugin PixWinPlugin
LogPluginManager: Mounting plugin PropertyAccessNode
LogPluginManager: Mounting plugin PlasticSourceControl
LogPluginManager: Mounting plugin VariantManagerContent
LogPluginManager: Mounting plugin RiderSourceCodeAccess
LogPluginManager: Mounting plugin TextureFormatOodle
LogPluginManager: Mounting plugin PluginUtils
LogPluginManager: Mounting plugin SubversionSourceControl
LogPluginManager: Mounting plugin VisualStudioCodeSourceCodeAccess
LogPluginManager: Mounting plugin UObjectPlugin
LogPluginManager: Mounting plugin VisualStudioSourceCodeAccess
LogPluginManager: Mounting plugin XCodeSourceCodeAccess
LogPluginManager: Mounting plugin AlembicImporter
LogPluginManager: Mounting plugin AutomationUtils
LogPluginManager: Mounting plugin BackChannel
LogPluginManager: Mounting plugin ChaosCloth
LogPluginManager: Mounting plugin ChaosClothEditor
LogPluginManager: Mounting plugin ChaosEditor
LogPluginManager: Mounting plugin ChaosNiagara
LogPluginManager: Mounting plugin ChaosSolverPlugin
LogPluginManager: Mounting plugin CharacterAI
LogPluginManager: Mounting plugin AssetManagerEditor
LogPluginManager: Mounting plugin GeometryCache
LogPluginManager: Mounting plugin GeometryCollectionPlugin
LogPluginManager: Mounting plugin CryptoKeys
LogPluginManager: Mounting plugin GeometryProcessing
LogPluginManager: Mounting plugin DataValidation
LogPluginManager: Mounting plugin CurveEditorTools
LogPluginManager: Mounting plugin FacialAnimation
LogPluginManager: Mounting plugin GameplayTagsEditor
LogPluginManager: Mounting plugin GeometryMode
LogPluginManager: Mounting plugin MacGraphicsSwitching
LogPluginManager: Mounting plugin MobileLauncherProfileWizard
LogPluginManager: Mounting plugin SpeedTreeImporter
LogPluginManager: Mounting plugin MaterialAnalyzer
LogPluginManager: Mounting plugin PluginBrowser
LogPluginManager: Mounting plugin MotoSynth
LogPluginManager: Mounting plugin OpenImageDenoise
LogPluginManager: Mounting plugin Niagara
LogPluginManager: Mounting plugin LuminPlatformFeatures
LogPluginManager: Mounting plugin PlanarCut
LogPluginManager: Mounting plugin PlatformCrypto
LogPluginManager: Mounting plugin ProxyLODPlugin
LogPluginManager: Mounting plugin PythonScriptPlugin
LogPluginManager: Mounting plugin SkeletalReduction
LogPluginManager: Mounting plugin MagicLeap
LogPluginManager: Mounting plugin AndroidMedia
LogPluginManager: Mounting plugin MagicLeapLightEstimation
LogPluginManager: Mounting plugin AvfMedia
LogPluginManager: Mounting plugin MagicLeapMedia
LogPluginManager: Mounting plugin MagicLeapPassableWorld
LogPluginManager: Mounting plugin MLSDK
LogPluginManager: Mounting plugin TcpMessaging
LogPluginManager: Mounting plugin ActorSequence
LogPluginManager: Mounting plugin UdpMessaging
LogPluginManager: Mounting plugin LevelSequenceEditor
LogPluginManager: Mounting plugin MatineeToLevelSequence
LogPluginManager: Mounting plugin MediaCompositing
LogPluginManager: Mounting plugin ImgMedia
LogPluginManager: Mounting plugin TemplateSequence
LogPluginManager: Mounting plugin MediaPlayerEditor
LogPluginManager: Mounting plugin WebMMedia
LogPluginManager: Mounting plugin WmfMedia
LogPluginManager: Mounting plugin LauncherChunkInstaller
LogPluginManager: Mounting plugin ActorLayerUtilities
LogPluginManager: Mounting plugin OnlineSubsystem
LogPluginManager: Mounting plugin AndroidDeviceProfileSelector
LogPluginManager: Mounting plugin AndroidMoviePlayer
LogPluginManager: Mounting plugin OnlineSubsystemNull
LogPluginManager: Mounting plugin AndroidPermission
LogPluginManager: Mounting plugin OnlineSubsystemUtils
LogPluginManager: Mounting plugin AppleImageUtils
LogPluginManager: Mounting plugin AppleMoviePlayer
LogPluginManager: Mounting plugin ArchVisCharacter
LogPluginManager: Mounting plugin AssetTags
LogPluginManager: Mounting plugin AudioCapture
LogPluginManager: Mounting plugin AudioSynesthesia
LogPluginManager: Mounting plugin ChunkDownloader
LogPluginManager: Mounting plugin CableComponent
LogPluginManager: Mounting plugin CustomMeshComponent
LogPluginManager: Mounting plugin EditableMesh
LogPluginManager: Mounting plugin GooglePAD
LogPluginManager: Mounting plugin GoogleCloudMessaging
LogPluginManager: Mounting plugin ExampleDeviceProfileSelector
LogPluginManager: Mounting plugin IOSDeviceProfileSelector
LogPluginManager: Mounting plugin LinuxDeviceProfileSelector
LogPluginManager: Mounting plugin LocationServicesBPLibrary
LogPluginManager: Mounting plugin MobilePatchingUtils
LogPluginManager: Mounting plugin OpenXR
LogPluginManager: Mounting plugin OpenXREyeTracker
LogPluginManager: Mounting plugin OpenXRHandTracking
LogPluginManager: Mounting plugin PhysXVehicles
LogPluginManager: Mounting plugin PostSplashScreen
LogPluginManager: Mounting plugin ProceduralMeshComponent
LogPluginManager: Mounting plugin PropertyAccessEditor
LogPluginManager: Mounting plugin RuntimePhysXCooking
LogPluginManager: Mounting plugin SignificanceManager
LogPluginManager: Mounting plugin SoundFields
LogPluginManager: Mounting plugin ScreenshotTools
LogPluginManager: Mounting plugin Synthesis
LogPluginManager: Mounting plugin WebMMoviePlayer
LogPluginManager: Mounting plugin WindowsMoviePlayer
LogPluginManager: Mounting plugin LightPropagationVolume
LogPluginManager: Mounting plugin Takes
LogPluginManager: Mounting plugin ContentBrowserAssetDataSource
LogPluginManager: Mounting plugin ContentBrowserFileDataSource
LogPluginManager: Mounting plugin ContentBrowserClassDataSource
LogPluginManager: Mounting plugin OnlineSubsystemGooglePlay
LogPluginManager: Mounting plugin OnlineSubsystemIOS
LogPluginManager: Mounting plugin OculusVR
LogPluginManager: Mounting plugin SteamVR
PixWinPlugin: PIX capture plugin failed to initialize! Check that the process is launched from PIX.
LogInit: Using libcurl 7.55.1-DEV
LogInit:  - built for x86_64-pc-win32
LogInit:  - supports SSL with OpenSSL/1.1.1
LogInit:  - supports HTTP deflate (compression) using libz 1.2.8
LogInit:  - other features:
LogInit:      CURL_VERSION_SSL
LogInit:      CURL_VERSION_LIBZ
LogInit:      CURL_VERSION_IPV6
LogInit:      CURL_VERSION_ASYNCHDNS
LogInit:      CURL_VERSION_LARGEFILE
LogInit:      CURL_VERSION_IDN
LogInit:  CurlRequestOptions (configurable via config and command line):
LogInit:  - bVerifyPeer = true  - Libcurl will verify peer certificate
LogInit:  - bUseHttpProxy = false  - Libcurl will NOT use HTTP proxy
LogInit:  - bDontReuseConnections = false  - Libcurl will reuse connections
LogInit:  - MaxHostConnections = 16  - Libcurl will limit the number of connections to a host
LogInit:  - LocalHostAddr = Default
LogInit:  - BufferSize = 65536
LogOnline: OSS: Creating online subsystem instance for: NULL
LogInit: WinSock: version 1.1 (2.2), MaxSocks=32767, MaxUdp=65467
LogOnline: OSS: TryLoadSubsystemAndSetDefault: Loaded subsystem for module [NULL]
LogInit: Build: ++UE4+Release-4.27-CL-18319896
LogInit: Engine Version: 4.27.2-18319896+++UE4+Release-4.27
LogInit: Compatible Engine Version: 4.27.0-17155196+++UE4+Release-4.27
LogInit: Net CL: 17155196
LogInit: OS: Windows 10 (Release 2009) (), CPU: AMD Ryzen 9 5900X 12-Core Processor            , GPU: NVIDIA GeForce RTX 3090
LogInit: Compiled (64-bit): Nov 30 2021 07:12:08
LogInit: Compiled with Visual C++: 19.24.28315.00
LogInit: Build Configuration: Development
LogInit: Branch Name: ++UE4+Release-4.27
LogInit: Command Line:  D:\FlixInteractive\MinesweeperClone\MinesweeperClone\MinesweeperClone.uproject -run=VisualStudioTools -unattended -noshadercompile -noaudio -nullrhi -nocpuprofilertrace -nocrashreports -nosplash -output C:\Users\cadia\AppData\Local\Temp\tmpBEEE.tmp
LogInit: Base Directory: D:/EpicGames/UE_4.27/Engine/Binaries/Win64/
LogInit: Allocator: TBB
LogInit: Installed Engine Build: 1
LogDevObjectVersion: Number of dev versions registered: 29
LogDevObjectVersion:   Dev-Blueprints (B0D832E4-1F89-4F0D-ACCF-7EB736FD4AA2): 10
LogDevObjectVersion:   Dev-Build (E1C64328-A22C-4D53-A36C-8E866417BD8C): 0
LogDevObjectVersion:   Dev-Core (375EC13C-06E4-48FB-B500-84F0262A717E): 4
LogDevObjectVersion:   Dev-Editor (E4B068ED-F494-42E9-A231-DA0B2E46BB41): 40
LogDevObjectVersion:   Dev-Framework (CFFC743F-43B0-4480-9391-14DF171D2073): 37
LogDevObjectVersion:   Dev-Mobile (B02B49B5-BB20-44E9-A304-32B752E40360): 3
LogDevObjectVersion:   Dev-Networking (A4E4105C-59A1-49B5-A7C5-40C4547EDFEE): 0
LogDevObjectVersion:   Dev-Online (39C831C9-5AE6-47DC-9A44-9C173E1C8E7C): 0
LogDevObjectVersion:   Dev-Physics (78F01B33-EBEA-4F98-B9B4-84EACCB95AA2): 14
LogDevObjectVersion:   Dev-Platform (6631380F-2D4D-43E0-8009-CF276956A95A): 0
LogDevObjectVersion:   Dev-Rendering (12F88B9F-8875-4AFC-A67C-D90C383ABD29): 45
LogDevObjectVersion:   Dev-Sequencer (7B5AE74C-D270-4C10-A958-57980B212A5A): 13
LogDevObjectVersion:   Dev-VR (D7296918-1DD6-4BDD-9DE2-64A83CC13884): 3
LogDevObjectVersion:   Dev-LoadTimes (C2A15278-BFE7-4AFE-6C17-90FF531DF755): 1
LogDevObjectVersion:   Private-Geometry (6EACA3D4-40EC-4CC1-B786-8BED09428FC5): 3
LogDevObjectVersion:   Dev-AnimPhys (29E575DD-E0A3-4627-9D10-D276232CDCEA): 17
LogDevObjectVersion:   Dev-Anim (AF43A65D-7FD3-4947-9873-3E8ED9C1BB05): 15
LogDevObjectVersion:   Dev-ReflectionCapture (6B266CEC-1EC7-4B8F-A30B-E4D90942FC07): 1
LogDevObjectVersion:   Dev-Automation (0DF73D61-A23F-47EA-B727-89E90C41499A): 1
LogDevObjectVersion:   FortniteMain (601D1886-AC64-4F84-AA16-D3DE0DEAC7D6): 47
LogDevObjectVersion:   FortniteRelease (E7086368-6B23-4C58-8439-1B7016265E91): 1
LogDevObjectVersion:   Dev-Enterprise (9DFFBCD6-494F-0158-E221-12823C92A888): 10
LogDevObjectVersion:   Dev-Niagara (F2AED0AC-9AFE-416F-8664-AA7FFA26D6FC): 1
LogDevObjectVersion:   Dev-Destruction (174F1F0B-B4C6-45A5-B13F-2EE8D0FB917D): 10
LogDevObjectVersion:   Dev-Physics-Ext (35F94A83-E258-406C-A318-09F59610247C): 41
LogDevObjectVersion:   Dev-PhysicsMaterial-Chaos (B68FC16E-8B1B-42E2-B453-215C058844FE): 1
LogDevObjectVersion:   Dev-CineCamera (B2E18506-4273-CFC2-A54E-F4BB758BBA07): 1
LogDevObjectVersion:   Dev-VirtualProduction (64F58936-FD1B-42BA-BA96-7289D5D0FA4E): 1
LogDevObjectVersion:   Dev-MediaFramework (6F0ED827-A609-4895-9C91-998D90180EA4): 2
LogInit: Presizing for max 25165824 objects, including 0 objects not considered by GC, pre-allocating 0 bytes for permanent pool.
LogConfig: Applying CVar settings from Section [/Script/Engine.StreamingSettings] File [D:/FlixInteractive/MinesweeperClone/MinesweeperClone/Saved/Config/Windows/Engine.ini]
LogConfig: Setting CVar [[s.MinBulkDataSizeForAsyncLoading:131072]]
LogConfig: Setting CVar [[s.AsyncLoadingThreadEnabled:0]]
LogConfig: Setting CVar [[s.EventDrivenLoaderEnabled:1]]
LogConfig: Setting CVar [[s.WarnIfTimeLimitExceeded:0]]
LogConfig: Setting CVar [[s.TimeLimitExceededMultiplier:1.5]]
LogConfig: Setting CVar [[s.TimeLimitExceededMinTime:0.005]]
LogConfig: Setting CVar [[s.UseBackgroundLevelStreaming:1]]
LogConfig: Setting CVar [[s.PriorityAsyncLoadingExtraTime:15.0]]
LogConfig: Setting CVar [[s.LevelStreamingActorsUpdateTimeLimit:5.0]]
LogConfig: Setting CVar [[s.PriorityLevelStreamingActorsUpdateExtraTime:5.0]]
LogConfig: Setting CVar [[s.LevelStreamingComponentsRegistrationGranularity:10]]
LogConfig: Setting CVar [[s.UnregisterComponentsTimeLimit:1.0]]
LogConfig: Setting CVar [[s.LevelStreamingComponentsUnregistrationGranularity:5]]
LogConfig: Setting CVar [[s.FlushStreamingOnExit:1]]
LogInit: Object subsystem initialized
LogConfig: Setting CVar [[con.DebugEarlyDefault:1]]
LogConfig: Setting CVar [[r.setres:1280x720]]
[2023.05.05-02.17.09:430][  0]LogConfig: Setting CVar [[con.DebugEarlyDefault:1]]
[2023.05.05-02.17.09:430][  0]LogConfig: Setting CVar [[r.setres:1280x720]]
[2023.05.05-02.17.09:430][  0]LogConfig: Applying CVar settings from Section [/Script/Engine.RendererSettings] File [D:/FlixInteractive/MinesweeperClone/MinesweeperClone/Saved/Config/Windows/Engine.ini]
[2023.05.05-02.17.09:430][  0]LogConfig: Setting CVar [[r.GPUCrashDebugging:0]]
[2023.05.05-02.17.09:430][  0]LogConfig: Applying CVar settings from Section [/Script/Engine.RendererOverrideSettings] File [D:/FlixInteractive/MinesweeperClone/MinesweeperClone/Saved/Config/Windows/Engine.ini]
[2023.05.05-02.17.09:430][  0]LogConfig: Applying CVar settings from Section [/Script/Engine.StreamingSettings] File [D:/FlixInteractive/MinesweeperClone/MinesweeperClone/Saved/Config/Windows/Engine.ini]
[2023.05.05-02.17.09:430][  0]LogConfig: Setting CVar [[s.MinBulkDataSizeForAsyncLoading:131072]]
[2023.05.05-02.17.09:430][  0]LogConfig: Setting CVar [[s.AsyncLoadingThreadEnabled:0]]
[2023.05.05-02.17.09:430][  0]LogConfig: Setting CVar [[s.EventDrivenLoaderEnabled:1]]
[2023.05.05-02.17.09:430][  0]LogConfig: Setting CVar [[s.WarnIfTimeLimitExceeded:0]]
[2023.05.05-02.17.09:430][  0]LogConfig: Setting CVar [[s.TimeLimitExceededMultiplier:1.5]]
[2023.05.05-02.17.09:430][  0]LogConfig: Setting CVar [[s.TimeLimitExceededMinTime:0.005]]
[2023.05.05-02.17.09:430][  0]LogConfig: Setting CVar [[s.UseBackgroundLevelStreaming:1]]
[2023.05.05-02.17.09:430][  0]LogConfig: Setting CVar [[s.PriorityAsyncLoadingExtraTime:15.0]]
[2023.05.05-02.17.09:430][  0]LogConfig: Setting CVar [[s.LevelStreamingActorsUpdateTimeLimit:5.0]]
[2023.05.05-02.17.09:430][  0]LogConfig: Setting CVar [[s.PriorityLevelStreamingActorsUpdateExtraTime:5.0]]
[2023.05.05-02.17.09:430][  0]LogConfig: Setting CVar [[s.LevelStreamingComponentsRegistrationGranularity:10]]
[2023.05.05-02.17.09:430][  0]LogConfig: Setting CVar [[s.UnregisterComponentsTimeLimit:1.0]]
[2023.05.05-02.17.09:430][  0]LogConfig: Setting CVar [[s.LevelStreamingComponentsUnregistrationGranularity:5]]
[2023.05.05-02.17.09:430][  0]LogConfig: Setting CVar [[s.FlushStreamingOnExit:1]]
[2023.05.05-02.17.09:430][  0]LogConfig: Applying CVar settings from Section [/Script/Engine.GarbageCollectionSettings] File [D:/FlixInteractive/MinesweeperClone/MinesweeperClone/Saved/Config/Windows/Engine.ini]
[2023.05.05-02.17.09:430][  0]LogConfig: Setting CVar [[gc.MaxObjectsNotConsideredByGC:1]]
[2023.05.05-02.17.09:430][  0]LogConfig: Setting CVar [[gc.SizeOfPermanentObjectPool:0]]
[2023.05.05-02.17.09:430][  0]LogConfig: Setting CVar [[gc.FlushStreamingOnGC:0]]
[2023.05.05-02.17.09:430][  0]LogConfig: Setting CVar [[gc.NumRetriesBeforeForcingGC:10]]
[2023.05.05-02.17.09:430][  0]LogConfig: Setting CVar [[gc.AllowParallelGC:1]]
[2023.05.05-02.17.09:430][  0]LogConfig: Setting CVar [[gc.TimeBetweenPurgingPendingKillObjects:61.1]]
[2023.05.05-02.17.09:430][  0]LogConfig: Setting CVar [[gc.MaxObjectsInEditor:25165824]]
[2023.05.05-02.17.09:430][  0]LogConfig: Setting CVar [[gc.IncrementalBeginDestroyEnabled:1]]
[2023.05.05-02.17.09:430][  0]LogConfig: Setting CVar [[gc.CreateGCClusters:1]]
[2023.05.05-02.17.09:430][  0]LogConfig: Setting CVar [[gc.MinGCClusterSize:5]]
[2023.05.05-02.17.09:430][  0]LogConfig: Setting CVar [[gc.ActorClusteringEnabled:0]]
[2023.05.05-02.17.09:430][  0]LogConfig: Setting CVar [[gc.BlueprintClusteringEnabled:0]]
[2023.05.05-02.17.09:430][  0]LogConfig: Setting CVar [[gc.UseDisregardForGCOnDedicatedServers:0]]
[2023.05.05-02.17.09:430][  0]LogConfig: Setting CVar [[gc.MultithreadedDestructionEnabled:1]]
[2023.05.05-02.17.09:430][  0]LogConfig: Applying CVar settings from Section [/Script/Engine.NetworkSettings] File [D:/FlixInteractive/MinesweeperClone/MinesweeperClone/Saved/Config/Windows/Engine.ini]
[2023.05.05-02.17.09:430][  0]LogConfig: Applying CVar settings from Section [/Script/UnrealEd.CookerSettings] File [D:/FlixInteractive/MinesweeperClone/MinesweeperClone/Saved/Config/Windows/Engine.ini]
[2023.05.05-02.17.09:430][  0]LogConfig: Applying CVar settings from Section [ViewDistanceQuality@3] File [D:/FlixInteractive/MinesweeperClone/MinesweeperClone/Saved/Config/Windows/Scalability.ini]
[2023.05.05-02.17.09:430][  0]LogConfig: Setting CVar [[r.SkeletalMeshLODBias:0]]
[2023.05.05-02.17.09:430][  0]LogConfig: Setting CVar [[r.ViewDistanceScale:1.0]]
[2023.05.05-02.17.09:430][  0]LogConfig: Applying CVar settings from Section [AntiAliasingQuality@3] File [D:/FlixInteractive/MinesweeperClone/MinesweeperClone/Saved/Config/Windows/Scalability.ini]
[2023.05.05-02.17.09:430][  0]LogConfig: Setting CVar [[r.PostProcessAAQuality:4]]
[2023.05.05-02.17.09:430][  0]LogConfig: Applying CVar settings from Section [ShadowQuality@3] File [D:/FlixInteractive/MinesweeperClone/MinesweeperClone/Saved/Config/Windows/Scalability.ini]
[2023.05.05-02.17.09:430][  0]LogConfig: Setting CVar [[r.LightFunctionQuality:1]]
[2023.05.05-02.17.09:430][  0]LogConfig: Setting CVar [[r.ShadowQuality:5]]
[2023.05.05-02.17.09:430][  0]LogConfig: Setting CVar [[r.Shadow.CSM.MaxCascades:10]]
[2023.05.05-02.17.09:430][  0]LogConfig: Setting CVar [[r.Shadow.MaxResolution:2048]]
[2023.05.05-02.17.09:430][  0]LogConfig: Setting CVar [[r.Shadow.MaxCSMResolution:2048]]
[2023.05.05-02.17.09:430][  0]LogConfig: Setting CVar [[r.Shadow.RadiusThreshold:0.01]]
[2023.05.05-02.17.09:430][  0]LogConfig: Setting CVar [[r.Shadow.DistanceScale:1.0]]
[2023.05.05-02.17.09:430][  0]LogConfig: Setting CVar [[r.Shadow.CSM.TransitionScale:1.0]]
[2023.05.05-02.17.09:430][  0]LogConfig: Setting CVar [[r.Shadow.PreShadowResolutionFactor:1.0]]
[2023.05.05-02.17.09:430][  0]LogConfig: Setting CVar [[r.DistanceFieldShadowing:1]]
[2023.05.05-02.17.09:430][  0]LogConfig: Setting CVar [[r.DistanceFieldAO:1]]
[2023.05.05-02.17.09:430][  0]LogConfig: Setting CVar [[r.AOQuality:2]]
[2023.05.05-02.17.09:430][  0]LogConfig: Setting CVar [[r.VolumetricFog:1]]
[2023.05.05-02.17.09:430][  0]LogConfig: Setting CVar [[r.VolumetricFog.GridPixelSize:8]]
[2023.05.05-02.17.09:430][  0]LogConfig: Setting CVar [[r.VolumetricFog.GridSizeZ:128]]
[2023.05.05-02.17.09:430][  0]LogConfig: Setting CVar [[r.VolumetricFog.HistoryMissSupersampleCount:4]]
[2023.05.05-02.17.09:430][  0]LogConfig: Setting CVar [[r.LightMaxDrawDistanceScale:1]]
[2023.05.05-02.17.09:430][  0]LogConfig: Setting CVar [[r.CapsuleShadows:1]]
[2023.05.05-02.17.09:430][  0]LogConfig: Applying CVar settings from Section [PostProcessQuality@3] File [D:/FlixInteractive/MinesweeperClone/MinesweeperClone/Saved/Config/Windows/Scalability.ini]
[2023.05.05-02.17.09:430][  0]LogConfig: Setting CVar [[r.MotionBlurQuality:4]]
[2023.05.05-02.17.09:430][  0]LogConfig: Setting CVar [[r.AmbientOcclusionMipLevelFactor:0.4]]
[2023.05.05-02.17.09:430][  0]LogConfig: Setting CVar [[r.AmbientOcclusionMaxQuality:100]]
[2023.05.05-02.17.09:430][  0]LogConfig: Setting CVar [[r.AmbientOcclusionLevels:-1]]
[2023.05.05-02.17.09:430][  0]LogConfig: Setting CVar [[r.AmbientOcclusionRadiusScale:1.0]]
[2023.05.05-02.17.09:430][  0]LogConfig: Setting CVar [[r.DepthOfFieldQuality:2]]
[2023.05.05-02.17.09:430][  0]LogConfig: Setting CVar [[r.RenderTargetPoolMin:400]]
[2023.05.05-02.17.09:430][  0]LogConfig: Setting CVar [[r.LensFlareQuality:2]]
[2023.05.05-02.17.09:430][  0]LogConfig: Setting CVar [[r.SceneColorFringeQuality:1]]
[2023.05.05-02.17.09:430][  0]LogConfig: Setting CVar [[r.EyeAdaptationQuality:2]]
[2023.05.05-02.17.09:430][  0]LogConfig: Setting CVar [[r.BloomQuality:5]]
[2023.05.05-02.17.09:430][  0]LogConfig: Setting CVar [[r.FastBlurThreshold:100]]
[2023.05.05-02.17.09:430][  0]LogConfig: Setting CVar [[r.Upscale.Quality:3]]
[2023.05.05-02.17.09:430][  0]LogConfig: Setting CVar [[r.Tonemapper.GrainQuantization:1]]
[2023.05.05-02.17.09:430][  0]LogConfig: Setting CVar [[r.LightShaftQuality:1]]
[2023.05.05-02.17.09:430][  0]LogConfig: Setting CVar [[r.Filter.SizeScale:1]]
[2023.05.05-02.17.09:430][  0]LogConfig: Setting CVar [[r.Tonemapper.Quality:5]]
[2023.05.05-02.17.09:430][  0]LogConfig: Setting CVar [[r.DOF.Gather.AccumulatorQuality:1        ; higher gathering accumulator quality]]
[2023.05.05-02.17.09:430][  0]LogConfig: Setting CVar [[r.DOF.Gather.PostfilterMethod:1          ; Median3x3 postfilering method]]
[2023.05.05-02.17.09:430][  0]LogConfig: Setting CVar [[r.DOF.Gather.EnableBokehSettings:0       ; no bokeh simulation when gathering]]
[2023.05.05-02.17.09:430][  0]LogConfig: Setting CVar [[r.DOF.Gather.RingCount:4                 ; medium number of samples when gathering]]
[2023.05.05-02.17.09:431][  0]LogConfig: Setting CVar [[r.DOF.Scatter.ForegroundCompositing:1    ; additive foreground scattering]]
[2023.05.05-02.17.09:431][  0]LogConfig: Setting CVar [[r.DOF.Scatter.BackgroundCompositing:2    ; additive background scattering]]
[2023.05.05-02.17.09:431][  0]LogConfig: Setting CVar [[r.DOF.Scatter.EnableBokehSettings:1      ; bokeh simulation when scattering]]
[2023.05.05-02.17.09:431][  0]LogConfig: Setting CVar [[r.DOF.Scatter.MaxSpriteRatio:0.1         ; only a maximum of 10% of scattered bokeh]]
[2023.05.05-02.17.09:431][  0]LogConfig: Setting CVar [[r.DOF.Recombine.Quality:1                ; cheap slight out of focus]]
[2023.05.05-02.17.09:431][  0]LogConfig: Setting CVar [[r.DOF.Recombine.EnableBokehSettings:0    ; no bokeh simulation on slight out of focus]]
[2023.05.05-02.17.09:431][  0]LogConfig: Setting CVar [[r.DOF.TemporalAAQuality:1                ; more stable temporal accumulation]]
[2023.05.05-02.17.09:431][  0]LogConfig: Setting CVar [[r.DOF.Kernel.MaxForegroundRadius:0.025]]
[2023.05.05-02.17.09:431][  0]LogConfig: Setting CVar [[r.DOF.Kernel.MaxBackgroundRadius:0.025]]
[2023.05.05-02.17.09:431][  0]LogConfig: Applying CVar settings from Section [TextureQuality@3] File [D:/FlixInteractive/MinesweeperClone/MinesweeperClone/Saved/Config/Windows/Scalability.ini]
[2023.05.05-02.17.09:431][  0]LogConfig: Setting CVar [[r.Streaming.MipBias:0]]
[2023.05.05-02.17.09:431][  0]LogConfig: Setting CVar [[r.Streaming.AmortizeCPUToGPUCopy:0]]
[2023.05.05-02.17.09:431][  0]LogConfig: Setting CVar [[r.Streaming.MaxNumTexturesToStreamPerFrame:0]]
[2023.05.05-02.17.09:431][  0]LogConfig: Setting CVar [[r.Streaming.Boost:1]]
[2023.05.05-02.17.09:431][  0]LogConfig: Setting CVar [[r.MaxAnisotropy:8]]
[2023.05.05-02.17.09:431][  0]LogConfig: Setting CVar [[r.VT.MaxAnisotropy:8]]
[2023.05.05-02.17.09:431][  0]LogConfig: Setting CVar [[r.Streaming.LimitPoolSizeToVRAM:0]]
[2023.05.05-02.17.09:431][  0]LogConfig: Setting CVar [[r.Streaming.PoolSize:1000]]
[2023.05.05-02.17.09:431][  0]LogConfig: Setting CVar [[r.Streaming.MaxEffectiveScreenSize:0]]
[2023.05.05-02.17.09:431][  0]LogConfig: Applying CVar settings from Section [EffectsQuality@3] File [D:/FlixInteractive/MinesweeperClone/MinesweeperClone/Saved/Config/Windows/Scalability.ini]
[2023.05.05-02.17.09:431][  0]LogConfig: Setting CVar [[r.TranslucencyLightingVolumeDim:64]]
[2023.05.05-02.17.09:431][  0]LogConfig: Setting CVar [[r.RefractionQuality:2]]
[2023.05.05-02.17.09:431][  0]LogConfig: Setting CVar [[r.SSR.Quality:3]]
[2023.05.05-02.17.09:431][  0]LogConfig: Setting CVar [[r.SSR.HalfResSceneColor:0]]
[2023.05.05-02.17.09:431][  0]LogConfig: Setting CVar [[r.SceneColorFormat:4]]
[2023.05.05-02.17.09:431][  0]LogConfig: Setting CVar [[r.DetailMode:2]]
[2023.05.05-02.17.09:431][  0]LogConfig: Setting CVar [[r.TranslucencyVolumeBlur:1]]
[2023.05.05-02.17.09:431][  0]LogConfig: Setting CVar [[r.MaterialQualityLevel:1 ; High quality]]
[2023.05.05-02.17.09:431][  0]LogConfig: Setting CVar [[r.AnisotropicMaterials:1]]
[2023.05.05-02.17.09:431][  0]LogConfig: Setting CVar [[r.SSS.Scale:1]]
[2023.05.05-02.17.09:431][  0]LogConfig: Setting CVar [[r.SSS.SampleSet:2]]
[2023.05.05-02.17.09:431][  0]LogConfig: Setting CVar [[r.SSS.Quality:1]]
[2023.05.05-02.17.09:431][  0]LogConfig: Setting CVar [[r.SSS.HalfRes:0]]
[2023.05.05-02.17.09:431][  0]LogConfig: Setting CVar [[r.SSGI.Quality:3]]
[2023.05.05-02.17.09:431][  0]LogConfig: Setting CVar [[r.EmitterSpawnRateScale:1.0]]
[2023.05.05-02.17.09:431][  0]LogConfig: Setting CVar [[r.ParticleLightQuality:2]]
[2023.05.05-02.17.09:431][  0]LogConfig: Setting CVar [[r.SkyAtmosphere.AerialPerspectiveLUT.FastApplyOnOpaque:1 ; Always have FastSkyLUT 1 in this case to avoid wrong sky]]
[2023.05.05-02.17.09:431][  0]LogConfig: Setting CVar [[r.SkyAtmosphere.AerialPerspectiveLUT.SampleCountMaxPerSlice:4]]
[2023.05.05-02.17.09:431][  0]LogConfig: Setting CVar [[r.SkyAtmosphere.AerialPerspectiveLUT.DepthResolution:16.0]]
[2023.05.05-02.17.09:431][  0]LogConfig: Setting CVar [[r.SkyAtmosphere.FastSkyLUT:1]]
[2023.05.05-02.17.09:431][  0]LogConfig: Setting CVar [[r.SkyAtmosphere.FastSkyLUT.SampleCountMin:4.0]]
[2023.05.05-02.17.09:431][  0]LogConfig: Setting CVar [[r.SkyAtmosphere.FastSkyLUT.SampleCountMax:128.0]]
[2023.05.05-02.17.09:431][  0]LogConfig: Setting CVar [[r.SkyAtmosphere.SampleCountMin:4.0]]
[2023.05.05-02.17.09:431][  0]LogConfig: Setting CVar [[r.SkyAtmosphere.SampleCountMax:128.0]]
[2023.05.05-02.17.09:431][  0]LogConfig: Setting CVar [[r.SkyAtmosphere.TransmittanceLUT.UseSmallFormat:0]]
[2023.05.05-02.17.09:431][  0]LogConfig: Setting CVar [[r.SkyAtmosphere.TransmittanceLUT.SampleCount:10.0]]
[2023.05.05-02.17.09:431][  0]LogConfig: Setting CVar [[r.SkyAtmosphere.MultiScatteringLUT.SampleCount:15.0]]
[2023.05.05-02.17.09:431][  0]LogConfig: Setting CVar [[r.SkyLight.RealTimeReflectionCapture:1]]
[2023.05.05-02.17.09:431][  0]LogConfig: Applying CVar settings from Section [FoliageQuality@3] File [D:/FlixInteractive/MinesweeperClone/MinesweeperClone/Saved/Config/Windows/Scalability.ini]
[2023.05.05-02.17.09:431][  0]LogConfig: Setting CVar [[foliage.DensityScale:1.0]]
[2023.05.05-02.17.09:431][  0]LogConfig: Setting CVar [[grass.DensityScale:1.0]]
[2023.05.05-02.17.09:431][  0]LogConfig: Applying CVar settings from Section [ShadingQuality@3] File [D:/FlixInteractive/MinesweeperClone/MinesweeperClone/Saved/Config/Windows/Scalability.ini]
[2023.05.05-02.17.09:431][  0]LogConfig: Setting CVar [[r.HairStrands.SkyLighting.IntegrationType:2]]
[2023.05.05-02.17.09:431][  0]LogConfig: Setting CVar [[r.HairStrands.SkyAO.SampleCount:4]]
[2023.05.05-02.17.09:431][  0]LogConfig: Setting CVar [[r.HairStrands.Visibility.MSAA.SamplePerPixel:4]]
[2023.05.05-02.17.09:434][  0]LogInit: Selected Device Profile: [Windows]
[2023.05.05-02.17.09:434][  0]LogInit: Applying CVar settings loaded from the selected device profile: [Windows]
[2023.05.05-02.17.09:434][  0]LogHAL: Display: Platform has ~ 64 GB [68622884864 / 68719476736 / 64], which maps to Largest [LargestMinGB=32, LargerMinGB=12, DefaultMinGB=8, SmallerMinGB=6, SmallestMinGB=0)
[2023.05.05-02.17.09:434][  0]LogInit: Going up to parent DeviceProfile []
[2023.05.05-02.17.09:434][  0]LogConfig: Applying CVar settings from Section [ViewDistanceQuality@3] File [D:/FlixInteractive/MinesweeperClone/MinesweeperClone/Saved/Config/Windows/Scalability.ini]
[2023.05.05-02.17.09:434][  0]LogConfig: Setting CVar [[r.SkeletalMeshLODBias:0]]
[2023.05.05-02.17.09:434][  0]LogConfig: Setting CVar [[r.ViewDistanceScale:1.0]]
[2023.05.05-02.17.09:434][  0]LogConfig: Applying CVar settings from Section [AntiAliasingQuality@3] File [D:/FlixInteractive/MinesweeperClone/MinesweeperClone/Saved/Config/Windows/Scalability.ini]
[2023.05.05-02.17.09:434][  0]LogConfig: Setting CVar [[r.PostProcessAAQuality:4]]
[2023.05.05-02.17.09:434][  0]LogConfig: Applying CVar settings from Section [ShadowQuality@3] File [D:/FlixInteractive/MinesweeperClone/MinesweeperClone/Saved/Config/Windows/Scalability.ini]
[2023.05.05-02.17.09:434][  0]LogConfig: Setting CVar [[r.LightFunctionQuality:1]]
[2023.05.05-02.17.09:434][  0]LogConfig: Setting CVar [[r.ShadowQuality:5]]
[2023.05.05-02.17.09:434][  0]LogConfig: Setting CVar [[r.Shadow.CSM.MaxCascades:10]]
[2023.05.05-02.17.09:434][  0]LogConfig: Setting CVar [[r.Shadow.MaxResolution:2048]]
[2023.05.05-02.17.09:434][  0]LogConfig: Setting CVar [[r.Shadow.MaxCSMResolution:2048]]
[2023.05.05-02.17.09:434][  0]LogConfig: Setting CVar [[r.Shadow.RadiusThreshold:0.01]]
[2023.05.05-02.17.09:434][  0]LogConfig: Setting CVar [[r.Shadow.DistanceScale:1.0]]
[2023.05.05-02.17.09:434][  0]LogConfig: Setting CVar [[r.Shadow.CSM.TransitionScale:1.0]]
[2023.05.05-02.17.09:434][  0]LogConfig: Setting CVar [[r.Shadow.PreShadowResolutionFactor:1.0]]
[2023.05.05-02.17.09:434][  0]LogConfig: Setting CVar [[r.DistanceFieldShadowing:1]]
[2023.05.05-02.17.09:434][  0]LogConfig: Setting CVar [[r.DistanceFieldAO:1]]
[2023.05.05-02.17.09:434][  0]LogConfig: Setting CVar [[r.AOQuality:2]]
[2023.05.05-02.17.09:434][  0]LogConfig: Setting CVar [[r.VolumetricFog:1]]
[2023.05.05-02.17.09:434][  0]LogConfig: Setting CVar [[r.VolumetricFog.GridPixelSize:8]]
[2023.05.05-02.17.09:434][  0]LogConfig: Setting CVar [[r.VolumetricFog.GridSizeZ:128]]
[2023.05.05-02.17.09:434][  0]LogConfig: Setting CVar [[r.VolumetricFog.HistoryMissSupersampleCount:4]]
[2023.05.05-02.17.09:434][  0]LogConfig: Setting CVar [[r.LightMaxDrawDistanceScale:1]]
[2023.05.05-02.17.09:434][  0]LogConfig: Setting CVar [[r.CapsuleShadows:1]]
[2023.05.05-02.17.09:434][  0]LogConfig: Applying CVar settings from Section [PostProcessQuality@3] File [D:/FlixInteractive/MinesweeperClone/MinesweeperClone/Saved/Config/Windows/Scalability.ini]
[2023.05.05-02.17.09:434][  0]LogConfig: Setting CVar [[r.MotionBlurQuality:4]]
[2023.05.05-02.17.09:434][  0]LogConfig: Setting CVar [[r.AmbientOcclusionMipLevelFactor:0.4]]
[2023.05.05-02.17.09:434][  0]LogConfig: Setting CVar [[r.AmbientOcclusionMaxQuality:100]]
[2023.05.05-02.17.09:434][  0]LogConfig: Setting CVar [[r.AmbientOcclusionLevels:-1]]
[2023.05.05-02.17.09:434][  0]LogConfig: Setting CVar [[r.AmbientOcclusionRadiusScale:1.0]]
[2023.05.05-02.17.09:434][  0]LogConfig: Setting CVar [[r.DepthOfFieldQuality:2]]
[2023.05.05-02.17.09:434][  0]LogConfig: Setting CVar [[r.RenderTargetPoolMin:400]]
[2023.05.05-02.17.09:434][  0]LogConfig: Setting CVar [[r.LensFlareQuality:2]]
[2023.05.05-02.17.09:434][  0]LogConfig: Setting CVar [[r.SceneColorFringeQuality:1]]
[2023.05.05-02.17.09:434][  0]LogConfig: Setting CVar [[r.EyeAdaptationQuality:2]]
[2023.05.05-02.17.09:434][  0]LogConfig: Setting CVar [[r.BloomQuality:5]]
[2023.05.05-02.17.09:434][  0]LogConfig: Setting CVar [[r.FastBlurThreshold:100]]
[2023.05.05-02.17.09:434][  0]LogConfig: Setting CVar [[r.Upscale.Quality:3]]
[2023.05.05-02.17.09:434][  0]LogConfig: Setting CVar [[r.Tonemapper.GrainQuantization:1]]
[2023.05.05-02.17.09:434][  0]LogConfig: Setting CVar [[r.LightShaftQuality:1]]
[2023.05.05-02.17.09:434][  0]LogConfig: Setting CVar [[r.Filter.SizeScale:1]]
[2023.05.05-02.17.09:434][  0]LogConfig: Setting CVar [[r.Tonemapper.Quality:5]]
[2023.05.05-02.17.09:434][  0]LogConfig: Setting CVar [[r.DOF.Gather.AccumulatorQuality:1        ; higher gathering accumulator quality]]
[2023.05.05-02.17.09:434][  0]LogConfig: Setting CVar [[r.DOF.Gather.PostfilterMethod:1          ; Median3x3 postfilering method]]
[2023.05.05-02.17.09:434][  0]LogConfig: Setting CVar [[r.DOF.Gather.EnableBokehSettings:0       ; no bokeh simulation when gathering]]
[2023.05.05-02.17.09:434][  0]LogConfig: Setting CVar [[r.DOF.Gather.RingCount:4                 ; medium number of samples when gathering]]
[2023.05.05-02.17.09:434][  0]LogConfig: Setting CVar [[r.DOF.Scatter.ForegroundCompositing:1    ; additive foreground scattering]]
[2023.05.05-02.17.09:434][  0]LogConfig: Setting CVar [[r.DOF.Scatter.BackgroundCompositing:2    ; additive background scattering]]
[2023.05.05-02.17.09:434][  0]LogConfig: Setting CVar [[r.DOF.Scatter.EnableBokehSettings:1      ; bokeh simulation when scattering]]
[2023.05.05-02.17.09:434][  0]LogConfig: Setting CVar [[r.DOF.Scatter.MaxSpriteRatio:0.1         ; only a maximum of 10% of scattered bokeh]]
[2023.05.05-02.17.09:434][  0]LogConfig: Setting CVar [[r.DOF.Recombine.Quality:1                ; cheap slight out of focus]]
[2023.05.05-02.17.09:434][  0]LogConfig: Setting CVar [[r.DOF.Recombine.EnableBokehSettings:0    ; no bokeh simulation on slight out of focus]]
[2023.05.05-02.17.09:434][  0]LogConfig: Setting CVar [[r.DOF.TemporalAAQuality:1                ; more stable temporal accumulation]]
[2023.05.05-02.17.09:434][  0]LogConfig: Setting CVar [[r.DOF.Kernel.MaxForegroundRadius:0.025]]
[2023.05.05-02.17.09:434][  0]LogConfig: Setting CVar [[r.DOF.Kernel.MaxBackgroundRadius:0.025]]
[2023.05.05-02.17.09:434][  0]LogConfig: Applying CVar settings from Section [TextureQuality@3] File [D:/FlixInteractive/MinesweeperClone/MinesweeperClone/Saved/Config/Windows/Scalability.ini]
[2023.05.05-02.17.09:434][  0]LogConfig: Setting CVar [[r.Streaming.MipBias:0]]
[2023.05.05-02.17.09:434][  0]LogConfig: Setting CVar [[r.Streaming.AmortizeCPUToGPUCopy:0]]
[2023.05.05-02.17.09:434][  0]LogConfig: Setting CVar [[r.Streaming.MaxNumTexturesToStreamPerFrame:0]]
[2023.05.05-02.17.09:434][  0]LogConfig: Setting CVar [[r.Streaming.Boost:1]]
[2023.05.05-02.17.09:434][  0]LogConfig: Setting CVar [[r.MaxAnisotropy:8]]
[2023.05.05-02.17.09:434][  0]LogConfig: Setting CVar [[r.VT.MaxAnisotropy:8]]
[2023.05.05-02.17.09:434][  0]LogConfig: Setting CVar [[r.Streaming.LimitPoolSizeToVRAM:0]]
[2023.05.05-02.17.09:434][  0]LogConfig: Setting CVar [[r.Streaming.PoolSize:1000]]
[2023.05.05-02.17.09:434][  0]LogConfig: Setting CVar [[r.Streaming.MaxEffectiveScreenSize:0]]
[2023.05.05-02.17.09:434][  0]LogConfig: Applying CVar settings from Section [EffectsQuality@3] File [D:/FlixInteractive/MinesweeperClone/MinesweeperClone/Saved/Config/Windows/Scalability.ini]
[2023.05.05-02.17.09:434][  0]LogConfig: Setting CVar [[r.TranslucencyLightingVolumeDim:64]]
[2023.05.05-02.17.09:434][  0]LogConfig: Setting CVar [[r.RefractionQuality:2]]
[2023.05.05-02.17.09:434][  0]LogConfig: Setting CVar [[r.SSR.Quality:3]]
[2023.05.05-02.17.09:434][  0]LogConfig: Setting CVar [[r.SSR.HalfResSceneColor:0]]
[2023.05.05-02.17.09:434][  0]LogConfig: Setting CVar [[r.SceneColorFormat:4]]
[2023.05.05-02.17.09:434][  0]LogConfig: Setting CVar [[r.DetailMode:2]]
[2023.05.05-02.17.09:434][  0]LogConfig: Setting CVar [[r.TranslucencyVolumeBlur:1]]
[2023.05.05-02.17.09:434][  0]LogConfig: Setting CVar [[r.MaterialQualityLevel:1 ; High quality]]
[2023.05.05-02.17.09:434][  0]LogConfig: Setting CVar [[r.AnisotropicMaterials:1]]
[2023.05.05-02.17.09:434][  0]LogConfig: Setting CVar [[r.SSS.Scale:1]]
[2023.05.05-02.17.09:434][  0]LogConfig: Setting CVar [[r.SSS.SampleSet:2]]
[2023.05.05-02.17.09:434][  0]LogConfig: Setting CVar [[r.SSS.Quality:1]]
[2023.05.05-02.17.09:434][  0]LogConfig: Setting CVar [[r.SSS.HalfRes:0]]
[2023.05.05-02.17.09:434][  0]LogConfig: Setting CVar [[r.SSGI.Quality:3]]
[2023.05.05-02.17.09:434][  0]LogConfig: Setting CVar [[r.EmitterSpawnRateScale:1.0]]
[2023.05.05-02.17.09:434][  0]LogConfig: Setting CVar [[r.ParticleLightQuality:2]]
[2023.05.05-02.17.09:434][  0]LogConfig: Setting CVar [[r.SkyAtmosphere.AerialPerspectiveLUT.FastApplyOnOpaque:1 ; Always have FastSkyLUT 1 in this case to avoid wrong sky]]
[2023.05.05-02.17.09:434][  0]LogConfig: Setting CVar [[r.SkyAtmosphere.AerialPerspectiveLUT.SampleCountMaxPerSlice:4]]
[2023.05.05-02.17.09:434][  0]LogConfig: Setting CVar [[r.SkyAtmosphere.AerialPerspectiveLUT.DepthResolution:16.0]]
[2023.05.05-02.17.09:434][  0]LogConfig: Setting CVar [[r.SkyAtmosphere.FastSkyLUT:1]]
[2023.05.05-02.17.09:434][  0]LogConfig: Setting CVar [[r.SkyAtmosphere.FastSkyLUT.SampleCountMin:4.0]]
[2023.05.05-02.17.09:434][  0]LogConfig: Setting CVar [[r.SkyAtmosphere.FastSkyLUT.SampleCountMax:128.0]]
[2023.05.05-02.17.09:434][  0]LogConfig: Setting CVar [[r.SkyAtmosphere.SampleCountMin:4.0]]
[2023.05.05-02.17.09:434][  0]LogConfig: Setting CVar [[r.SkyAtmosphere.SampleCountMax:128.0]]
[2023.05.05-02.17.09:435][  0]LogConfig: Setting CVar [[r.SkyAtmosphere.TransmittanceLUT.UseSmallFormat:0]]
[2023.05.05-02.17.09:435][  0]LogConfig: Setting CVar [[r.SkyAtmosphere.TransmittanceLUT.SampleCount:10.0]]
[2023.05.05-02.17.09:435][  0]LogConfig: Setting CVar [[r.SkyAtmosphere.MultiScatteringLUT.SampleCount:15.0]]
[2023.05.05-02.17.09:435][  0]LogConfig: Setting CVar [[r.SkyLight.RealTimeReflectionCapture:1]]
[2023.05.05-02.17.09:435][  0]LogConfig: Applying CVar settings from Section [FoliageQuality@3] File [D:/FlixInteractive/MinesweeperClone/MinesweeperClone/Saved/Config/Windows/Scalability.ini]
[2023.05.05-02.17.09:435][  0]LogConfig: Setting CVar [[foliage.DensityScale:1.0]]
[2023.05.05-02.17.09:435][  0]LogConfig: Setting CVar [[grass.DensityScale:1.0]]
[2023.05.05-02.17.09:435][  0]LogConfig: Applying CVar settings from Section [ShadingQuality@3] File [D:/FlixInteractive/MinesweeperClone/MinesweeperClone/Saved/Config/Windows/Scalability.ini]
[2023.05.05-02.17.09:435][  0]LogConfig: Setting CVar [[r.HairStrands.SkyLighting.IntegrationType:2]]
[2023.05.05-02.17.09:435][  0]LogConfig: Setting CVar [[r.HairStrands.SkyAO.SampleCount:4]]
[2023.05.05-02.17.09:435][  0]LogConfig: Setting CVar [[r.HairStrands.Visibility.MSAA.SamplePerPixel:4]]
[2023.05.05-02.17.09:435][  0]LogConfig: Applying CVar settings from Section [Startup] File [../../../Engine/Config/ConsoleVariables.ini]
[2023.05.05-02.17.09:435][  0]LogConfig: Setting CVar [[net.UseAdaptiveNetUpdateFrequency:0]]
[2023.05.05-02.17.09:435][  0]LogConfig: Setting CVar [[p.chaos.AllowCreatePhysxBodies:1]]
[2023.05.05-02.17.09:435][  0]LogConfig: Setting CVar [[fx.SkipVectorVMBackendOptimizations:1]]
[2023.05.05-02.17.09:435][  0]LogConfig: Applying CVar settings from Section [ConsoleVariables] File [D:/FlixInteractive/MinesweeperClone/MinesweeperClone/Saved/Config/Windows/Engine.ini]
[2023.05.05-02.17.09:435][  0]LogConfig: Applying CVar settings from Section [ConsoleVariables] File [D:/FlixInteractive/MinesweeperClone/MinesweeperClone/Saved/Config/Windows/Editor.ini]
[2023.05.05-02.17.09:435][  0]LogInit: Computer: DESKTOP-AGD2073
[2023.05.05-02.17.09:435][  0]LogInit: User: cadia
[2023.05.05-02.17.09:435][  0]LogInit: CPU Page size=4096, Cores=12
[2023.05.05-02.17.09:435][  0]LogInit: High frequency timer resolution =10.000000 MHz
[2023.05.05-02.17.09:435][  0]LogMemory: Memory total: Physical=63.9GB (64GB approx)
[2023.05.05-02.17.09:435][  0]LogMemory: Platform Memory Stats for Windows
[2023.05.05-02.17.09:435][  0]LogMemory: Process Physical Memory: 144.56 MB used, 144.56 MB peak
[2023.05.05-02.17.09:435][  0]LogMemory: Process Virtual Memory: 123.29 MB used, 123.29 MB peak
[2023.05.05-02.17.09:435][  0]LogMemory: Physical Memory: 15904.39 MB used,  49539.49 MB free, 65443.88 MB total
[2023.05.05-02.17.09:435][  0]LogMemory: Virtual Memory: 134164008.00 MB used,  53716.18 MB free, 134217728.00 MB total
[2023.05.05-02.17.09:439][  0]LogWindows: WindowsPlatformFeatures enabled
[2023.05.05-02.17.09:474][  0]LogInit: Physics initialised using underlying interface: PhysX
[2023.05.05-02.17.09:474][  0]LogInit: Using OS detected language (en-GB).
[2023.05.05-02.17.09:474][  0]LogInit: Using OS detected locale (en-GB).
[2023.05.05-02.17.09:476][  0]LogTextLocalizationManager: No specific localization for 'en-GB' exists, so the 'en' localization will be used.
[2023.05.05-02.17.09:964][  0]LogTargetPlatformManager: Display: Loaded TargetPlatform 'AllDesktop'
[2023.05.05-02.17.09:981][  0]LogTargetPlatformManager: Display: Loaded TargetPlatform 'Android'
[2023.05.05-02.17.09:981][  0]LogTargetPlatformManager: Display: Loaded TargetPlatform 'Android_ASTC'
[2023.05.05-02.17.09:981][  0]LogTargetPlatformManager: Display: Loaded TargetPlatform 'Android_DXT'
[2023.05.05-02.17.09:981][  0]LogTargetPlatformManager: Display: Loaded TargetPlatform 'Android_ETC2'
[2023.05.05-02.17.09:981][  0]LogTargetPlatformManager: Display: Loaded TargetPlatform 'AndroidClient'
[2023.05.05-02.17.09:981][  0]LogTargetPlatformManager: Display: Loaded TargetPlatform 'Android_ASTCClient'
[2023.05.05-02.17.09:981][  0]LogTargetPlatformManager: Display: Loaded TargetPlatform 'Android_DXTClient'
[2023.05.05-02.17.09:981][  0]LogTargetPlatformManager: Display: Loaded TargetPlatform 'Android_ETC2Client'
[2023.05.05-02.17.09:981][  0]LogTargetPlatformManager: Display: Loaded TargetPlatform 'Android_Multi'
[2023.05.05-02.17.09:981][  0]LogTargetPlatformManager: Display: Loaded TargetPlatform 'Android_MultiClient'
[2023.05.05-02.17.09:996][  0]LogTargetPlatformManager: Display: Loaded TargetPlatform 'IOSClient'
[2023.05.05-02.17.09:996][  0]LogTargetPlatformManager: Display: Loaded TargetPlatform 'IOS'
[2023.05.05-02.17.10:004][  0]LogTargetPlatformManager: Display: Loaded TargetPlatform 'Linux'
[2023.05.05-02.17.10:008][  0]LogTargetPlatformManager: Display: Loaded TargetPlatform 'LinuxNoEditor'
[2023.05.05-02.17.10:011][  0]LogTargetPlatformManager: Display: Loaded TargetPlatform 'LinuxClient'
[2023.05.05-02.17.10:014][  0]LogTargetPlatformManager: Display: Loaded TargetPlatform 'LinuxServer'
[2023.05.05-02.17.10:021][  0]LogTargetPlatformManager: Display: Loaded TargetPlatform 'LinuxAArch64NoEditor'
[2023.05.05-02.17.10:025][  0]LogTargetPlatformManager: Display: Loaded TargetPlatform 'LinuxAArch64Client'
[2023.05.05-02.17.10:029][  0]LogTargetPlatformManager: Display: Loaded TargetPlatform 'LinuxAArch64Server'
[2023.05.05-02.17.10:048][  0]LogTargetPlatformManager: Display: Loaded TargetPlatform 'Lumin'
[2023.05.05-02.17.10:048][  0]LogTargetPlatformManager: Display: Loaded TargetPlatform 'LuminClient'
[2023.05.05-02.17.10:055][  0]LogTargetPlatformManager: Display: Loaded TargetPlatform 'MacNoEditor'
[2023.05.05-02.17.10:058][  0]LogTargetPlatformManager: Display: Loaded TargetPlatform 'Mac'
[2023.05.05-02.17.10:062][  0]LogTargetPlatformManager: Display: Loaded TargetPlatform 'MacClient'
[2023.05.05-02.17.10:065][  0]LogTargetPlatformManager: Display: Loaded TargetPlatform 'MacServer'
[2023.05.05-02.17.10:073][  0]LogTargetPlatformManager: Display: Loaded TargetPlatform 'TVOSClient'
[2023.05.05-02.17.10:073][  0]LogTargetPlatformManager: Display: Loaded TargetPlatform 'TVOS'
[2023.05.05-02.17.10:081][  0]LogTargetPlatformManager: Display: Loaded TargetPlatform 'WindowsNoEditor'
[2023.05.05-02.17.10:084][  0]LogTargetPlatformManager: Display: Loaded TargetPlatform 'Windows'
[2023.05.05-02.17.10:088][  0]LogTargetPlatformManager: Display: Loaded TargetPlatform 'WindowsClient'
[2023.05.05-02.17.10:092][  0]LogTargetPlatformManager: Display: Loaded TargetPlatform 'WindowsServer'
[2023.05.05-02.17.10:092][  0]LogTargetPlatformManager: Display: Building Assets For Windows
[2023.05.05-02.17.10:098][  0]LogAudioDebug: Display: Lib vorbis DLL was dynamically loaded.
[2023.05.05-02.17.10:121][  0]LogTextureFormatOodle: Display: Oodle Texture 2.9.0 init RDO Off
[2023.05.05-02.17.10:146][  0]LogRendererCore: Ray tracing is disabled. Reason: r.RayTracing=0.
[2023.05.05-02.17.10:146][  0]LogDerivedDataCache: Display: Max Cache Size: 512 MB
[2023.05.05-02.17.10:191][  0]LogDerivedDataCache: Loaded boot cache 0.04s 95MB C:/Users/cadia/AppData/Local/UnrealEngine/4.27/DerivedDataCache/Boot.ddc.
[2023.05.05-02.17.10:191][  0]LogDerivedDataCache: Display: Loaded Boot cache: C:/Users/cadia/AppData/Local/UnrealEngine/4.27/DerivedDataCache/Boot.ddc
[2023.05.05-02.17.10:191][  0]LogDerivedDataCache: FDerivedDataBackendGraph:  Pak pak cache file ../../../../../FlixInteractive/MinesweeperClone/MinesweeperClone/DerivedDataCache/DDC.ddp not found, will not use a pak cache.
[2023.05.05-02.17.10:191][  0]LogDerivedDataCache: Unable to find inner node Pak for hierarchical cache Hierarchy.
[2023.05.05-02.17.10:191][  0]LogDerivedDataCache: FDerivedDataBackendGraph:  CompressedPak pak cache file ../../../../../FlixInteractive/MinesweeperClone/MinesweeperClone/DerivedDataCache/Compressed.ddp not found, will not use a pak cache.
[2023.05.05-02.17.10:191][  0]LogDerivedDataCache: Unable to find inner node CompressedPak for hierarchical cache Hierarchy.
[2023.05.05-02.17.10:207][  0]LogDerivedDataCache: Display: Pak cache opened for reading ../../../Engine/DerivedDataCache/Compressed.ddp.
[2023.05.05-02.17.10:207][  0]LogDerivedDataCache: FDerivedDataBackendGraph:  EnterprisePak pak cache file ../../../Enterprise/DerivedDataCache/Compressed.ddp not found, will not use a pak cache.
[2023.05.05-02.17.10:207][  0]LogDerivedDataCache: Unable to find inner node EnterprisePak for hierarchical cache Hierarchy.
[2023.05.05-02.17.10:213][  0]LogDerivedDataCache: Speed tests for C:/Users/cadia/AppData/Local/UnrealEngine/Common/DerivedDataCache took 0.01 seconds
[2023.05.05-02.17.10:213][  0]LogDerivedDataCache: Display: Performance to C:/Users/cadia/AppData/Local/UnrealEngine/Common/DerivedDataCache: Latency=0.03ms. RandomReadSpeed=878.64MBs, RandomWriteSpeed=179.93MBs. Assigned SpeedClass 'Local'
[2023.05.05-02.17.10:214][  0]LogDerivedDataCache: Using Local data cache path C:/Users/cadia/AppData/Local/UnrealEngine/Common/DerivedDataCache: Writable
[2023.05.05-02.17.10:214][  0]LogDerivedDataCache: Shared data cache path not found in *engine.ini, will not use an Shared cache.
[2023.05.05-02.17.10:214][  0]LogDerivedDataCache: Unable to find inner node Shared for hierarchical cache Hierarchy.
[2023.05.05-02.17.10:219][  0]LogAssetRegistry: FAssetRegistry took 0.0014 seconds to start up
[2023.05.05-02.17.10:404][  0]LogInit: Selected Device Profile: [Windows]
[2023.05.05-02.17.10:405][  0]LogInit: Active device profile: [00000136BC80EC00][00000136B9B6D880 49] Windows
[2023.05.05-02.17.10:405][  0]LogInit: Profiles: [00000136BC80EC00][00000136B9B6D880 49] Windows, [00000136BC817100][00000136B6A2DA00 49] WindowsNoEditor, [00000136BC80F900][00000136B6A31B80 49] WindowsServer, [00000136BC814700][00000136B6A34180 49] WindowsClient, [00000136BC80C600][00000136B6A38300 49] IOS, [00000136BC817B00][00000136B6A3C480 49] iPadAir, [00000136BC80E700][00000136B6A40600 49] iPadAir2, [00000136BC7D2300][00000136B6A4E8C0 49] IPadPro, [00000136BC7D2400][00000136B6A44900 49] iPadAir3, [00000136BC80EA00][00000136B6A58A80 49] iPadAir4, [00000136BC7D2B00][00000136BC464C00 49] iPadMini2, [00000136BC80C100][00000136BC468D80 49] iPadMini3, [00000136BC7D3100][00000136B6A22EC0 49] iPadMini4, [00000136BC80F300][00000136BC46D000 49] iPadMini5, [00000136BC811C00][00000136BC475240 49] iPhone6, [00000136BC811D00][00000136BC471280 49] iPodTouch6, [00000136BC7D0A00][00000136BC481540 49] iPhone7, [00000136BC7D2600][00000136BC47D580 49] iPodTouch7, [00000136BC812500][00000136BC485700 49] iPhone5S, [00000136BC7D2000][00000136BC489880 49] iPhone6Plus, [00000136BC812800][00000136BC48DA00 49] iPhone6S, [00000136BC7D3C00][00000136BC491B80 49] iPhone6SPlus, [00000136BC810900][00000136BC494180 49] iPhone7Plus, [00000136BC7D3300][00000136BC498300 49] iPhoneSE, [00000136BC810B00][00000136BC49C480 49] iPhone8, [00000136BC7D1800][00000136BC4A0600 49] iPhone8Plus, [00000136BC812600][00000136BC4A4780 49] iPhoneX, [00000136BC7D1900][00000136BC4A8900 49] iPhoneXS, [00000136BC813D00][00000136BC4ACA80 49] iPhoneXSMax, [00000136BC7D0D00][00000136BC4B0C00 49] iPhoneXR, [00000136BC811A00][00000136BC4B4D80 49] iPhone11, [00000136BC7D2800][00000136BC4B8F00 49] iPhone11Pro, [00000136BC811B00][00000136BC479040 49] iPhone11ProMax, [00000136BC7D2E00][00000136BC4BD180 49] iPhoneSE2, [00000136BC811800][00000136BC4C12C0 49] iPhone12Mini, [00000136BC7D2A00][00000136BC4C5400 49] iPhone12, [00000136BC811100][00000136BC4CD580 49] iPhone12Pro, [00000136BC7D3500][00000136BC4D1700 49] iPhone12ProMax, [00000136BC813F00][00000136BC4D5880 49] iPadPro105, [00000136BC7D3700][00000136BC4D9A00 49] iPadPro129, [00000136BC811E00][00000136BC4DDB80 49] iPadPro97, [00000136BC7D1C00][00000136BC4E0180 49] iPadPro2_129, [00000136BC810200][00000136BC4E4300 49] iPad5, [00000136BC7D0600][00000136BC4E8480 49] iPad6, [00000136BC810600][00000136BC4EC600 49] iPad7, [00000136BC7D0500][00000136BC4F0780 49] iPad8, [00000136BC814200][00000136BC4F4900 49] iPadPro11, [00000136BC8A8100][00000136BC4F8A80 49] iPadPro2_11, [00000136BC816900][00000136BC4FCC00 49] iPadPro3_129, [00000136BC8A9100][00000136BC500D80 49] iPadPro4_129, [00000136BC817900][00000136BC504F00 49] AppleTV, [00000136BC8A9600][00000136BC509080 49] AppleTV4K, [00000136BC815E00][00000136BC4C91C0 49] TVOS, [00000136BC8A9C00][00000136BC50D300 49] Mac, [00000136BC814C00][00000136BC511440 49] MacClient, [00000136BC8A8B00][00000136BC515580 49] MacNoEditor, [00000136BC816300][00000136BC51D700 49] MacServer, [00000136BC8A9400][00000136BC521880 49] Linux, [00000136BC814900][00000136BC525A00 49] LinuxAArch64, [00000136BC8AA000][00000136BC529B80 49] LinuxNoEditor, [00000136BC814800][00000136BC52C180 49] LinuxAArch64NoEditor, [00000136BC8A8300][00000136BF950300 49] LinuxClient, [00000136BC7D1B00][00000136BF954480 49] LinuxAArch64Client, [00000136BC812F00][00000136BF958600 49] LinuxServer, [00000136BC7D1700][00000136BF95C780 49] LinuxAArch64Server, [00000136BC813600][00000136BF960900 49] Android, [00000136BC7D3600][00000136BF964A80 49] Android_Low, [00000136BC810E00][00000136BF968C00 49] Android_Mid, [00000136BC7D1600][00000136BF96CD80 49] Android_High, [00000136BC812000][00000136BF970F00 49] Android_Default, [00000136BC7D1400][00000136BF975080 49] Android_Adreno4xx, [00000136BC811400][00000136BF979200 49] Android_Adreno5xx_Low, [00000136BC7D0C00][00000136BF97D380 49] Android_Adreno5xx, [00000136BC8A9F00][00000136BC5194C0 49] Android_Adreno6xx, [00000136BC7D1D00][00000136BF981600 49] Android_Adreno6xx_Vulkan, [00000136BC8A8700][00000136BF985740 49] Android_Mali_T6xx, [00000136BC7D1100][00000136BF98D8C0 49] Android_Mali_T7xx, [00000136BC8A8F00][00000136BF991A40 49] Android_Mali_T8xx, [00000136BC7D0400][00000136BF995BC0 49] Android_Mali_G71, [00000136BC8A8E00][00000136BF9981C0 49] Android_Mali_G72, [00000136BC7D0F00][00000136BF99C340 49] Android_Mali_G72_Vulkan, [00000136BC8A9E00][00000136BF9A04C0 49] Android_Mali_G76, [00000136BC7D0E00][00000136BF9A4640 49] Android_Mali_G76_Vulkan, [00000136BC8A8600][00000136BF9A87C0 49] Android_Mali_G77, [00000136BC7D1500][00000136BF9AC940 49] Android_Mali_G77_Vulkan, [00000136BC812C00][00000136BF9B0AC0 49] Android_Mali_G78, [00000136BC7D3F00][00000136BF9B4C40 49] Android_Mali_G78_Vulkan, [00000136BC812100][00000136BF9B8DC0 49] Android_Mali_G710, [00000136BC7D3D00][00000136BF9BCF40 49] Android_Mali_G710_Vulkan, [00000136BC810500][00000136BF9C10C0 49] Android_Vulkan_SM5, [00000136BC7D0800][00000136BF9C5240 49] Android_PowerVR_G6xxx, [00000136BC812700][00000136BF9C93C0 49] Android_PowerVR_GT7xxx, [00000136BC7D3900][00000136BF9CD540 49] Android_PowerVR_GE8xxx, [00000136BC811300][00000136BF989680 49] Android_PowerVR_GM9xxx, [00000136BC7D3400][00000136BF9D17C0 49] Android_PowerVR_GM9xxx_Vulkan, [00000136BC813B00][00000136BF9D5900 49] Android_TegraK1, [00000136BC7D2900][00000136BF9D9A40 49] Android_Unknown_Vulkan, [00000136BC811F00][00000136BF9E1BC0 49] Lumin, [00000136BC7D2C00][00000136BF9E41C0 49] Lumin_Desktop, [00000136BC813200][00000136BF9E8340 49] HoloLens, 
[2023.05.05-02.17.10:432][  0]LogMeshReduction: Using QuadricMeshReduction for automatic static mesh reduction
[2023.05.05-02.17.10:432][  0]LogMeshReduction: Using SimplygonMeshReduction for automatic skeletal mesh reduction
[2023.05.05-02.17.10:432][  0]LogMeshReduction: Using ProxyLODMeshReduction for automatic mesh merging
[2023.05.05-02.17.10:432][  0]LogMeshReduction: No distributed automatic mesh merging module available
[2023.05.05-02.17.10:432][  0]LogMeshMerging: No distributed automatic mesh merging module available
[2023.05.05-02.17.10:438][  0]LogNetVersion: MinesweeperClone 1.0.0, NetCL: 17155196, EngineNetVer: 17, GameNetVer: 0 (Checksum: 3520621560)
[2023.05.05-02.17.10:559][  0]LogHMD: PokeAHoleMaterial loaded successfully
[2023.05.05-02.17.10:760][  0]LogCollectionManager: Loaded 0 collections in 0.124917 seconds
[2023.05.05-02.17.10:762][  0]LogFileCache: Scanning file cache for directory 'D:/FlixInteractive/MinesweeperClone/MinesweeperClone/Saved/Collections/' took 0.00s
[2023.05.05-02.17.10:762][  0]LogFileCache: Scanning file cache for directory 'D:/FlixInteractive/MinesweeperClone/MinesweeperClone/Content/Developers/cadia/Collections/' took 0.00s
[2023.05.05-02.17.10:762][  0]LogFileCache: Scanning file cache for directory 'D:/FlixInteractive/MinesweeperClone/MinesweeperClone/Content/Collections/' took 0.00s
[2023.05.05-02.17.10:762][  0]LogCollectionManager: Fixed up redirectors for 0 collections in 0.000002 seconds (updated 0 objects)
[2023.05.05-02.17.10:851][  0]LogNiagaraDebuggerClient: Niagara Debugger Client Initialized | Session: A5229BA54584F02889C49EB1270CC28A | Instance: AE44AD98428612E3D49584A77EA377FF (DESKTOP-AGD2073-26344).
[2023.05.05-02.17.10:876][  0]LogPython: Using Python 3.7.7
[2023.05.05-02.17.11:368][  0]LogModuleManager: Warning: ModuleManager: Unable to load module 'MinesweeperClone' because the file 'D:/FlixInteractive/MinesweeperClone/MinesweeperClone/Binaries/Win64/UE4Editor-MinesweeperClone-0005.dll' was not found.
[2023.05.05-02.17.11:368][  0]Message dialog closed, result: Ok, title: Message, text: The game module 'MinesweeperClone' could not be found. Please ensure that this module exists and that it is compiled.
[2023.05.05-02.17.11:368][  0]LogCore: Engine exit requested (reason: EngineExit() was called)
[2023.05.05-02.17.11:369][  0]LogExit: Preparing to exit.
[2023.05.05-02.17.11:419][  0]LogUObjectArray: CloseDisregardForGC: 0/0 objects in disregard for GC pool
[2023.05.05-02.17.11:426][  0]LogDemo: Cleaned up 0 splitscreen connections with owner deletion
[2023.05.05-02.17.11:452][  0]LogExit: Object subsystem successfully closed.
[2023.05.05-02.17.11:471][  0]LogModuleManager: Shutting down and abandoning module LightPropagationVolumeRuntime (404)
[2023.05.05-02.17.11:471][  0]LogModuleManager: Shutting down and abandoning module SoundFields (402)
[2023.05.05-02.17.11:471][  0]LogModuleManager: Shutting down and abandoning module SignificanceManager (400)
[2023.05.05-02.17.11:472][  0]LogModuleManager: Shutting down and abandoning module RuntimePhysXCooking (398)
[2023.05.05-02.17.11:472][  0]LogModuleManager: Shutting down and abandoning module PropertyAccessEditor (396)
[2023.05.05-02.17.11:472][  0]LogModuleManager: Shutting down and abandoning module PhysXVehiclesEditor (394)
[2023.05.05-02.17.11:472][  0]LogModuleManager: Shutting down and abandoning module LocationServicesBPLibrary (390)
[2023.05.05-02.17.11:472][  0]LogModuleManager: Shutting down and abandoning module AudioSynesthesia (388)
[2023.05.05-02.17.11:472][  0]LogModuleManager: Shutting down and abandoning module AudioSynesthesiaCore (386)
[2023.05.05-02.17.11:472][  0]LogModuleManager: Shutting down and abandoning module UdpMessaging (384)
[2023.05.05-02.17.11:472][  0]LogModuleManager: Shutting down and abandoning module ActorSequence (382)
[2023.05.05-02.17.11:472][  0]LogModuleManager: Shutting down and abandoning module TcpMessaging (380)
[2023.05.05-02.17.11:472][  0]LogModuleManager: Shutting down and abandoning module MagicLeapARPin (378)
[2023.05.05-02.17.11:472][  0]LogModuleManager: Shutting down and abandoning module MagicLeapHandMeshing (376)
[2023.05.05-02.17.11:472][  0]LogModuleManager: Shutting down and abandoning module MagicLeapSecureStorage (374)
[2023.05.05-02.17.11:472][  0]LogModuleManager: Shutting down and abandoning module MagicLeapPrivileges (372)
[2023.05.05-02.17.11:472][  0]LogModuleManager: Shutting down and abandoning module MagicLeapPlanes (370)
[2023.05.05-02.17.11:472][  0]LogMagicLeapPlanes: Planes tracker already destroyed.
[2023.05.05-02.17.11:472][  0]LogModuleManager: Shutting down and abandoning module MagicLeapImageTracker (368)
[2023.05.05-02.17.11:472][  0]LogModuleManager: Shutting down and abandoning module MagicLeapIdentity (366)
[2023.05.05-02.17.11:472][  0]LogModuleManager: Shutting down and abandoning module MagicLeapHandTracking (364)
[2023.05.05-02.17.11:472][  0]LogModuleManager: Shutting down and abandoning module MagicLeapEyeTracker (362)
[2023.05.05-02.17.11:472][  0]LogModuleManager: Shutting down and abandoning module MagicLeapController (360)
[2023.05.05-02.17.11:472][  0]LogModuleManager: Shutting down and abandoning module MagicLeapARPinImpl (358)
[2023.05.05-02.17.11:472][  0]LogModuleManager: Shutting down and abandoning module MagicLeapAR (356)
[2023.05.05-02.17.11:472][  0]LogModuleManager: Shutting down and abandoning module PythonScriptPlugin (354)
[2023.05.05-02.17.11:472][  0]LogModuleManager: Shutting down and abandoning module NiagaraAnimNotifies (352)
[2023.05.05-02.17.11:472][  0]LogModuleManager: Shutting down and abandoning module Niagara (350)
[2023.05.05-02.17.11:472][  0]LogModuleManager: Shutting down and abandoning module SignalProcessing (349)
[2023.05.05-02.17.11:472][  0]LogModuleManager: Shutting down and abandoning module NiagaraEditor (347)
[2023.05.05-02.17.11:472][  0]LogModuleManager: Shutting down and abandoning module NiagaraCore (344)
[2023.05.05-02.17.11:472][  0]LogModuleManager: Shutting down and abandoning module GameplayTagsEditor (342)
[2023.05.05-02.17.11:472][  0]LogModuleManager: Shutting down and abandoning module FacialAnimationEditor (340)
[2023.05.05-02.17.11:472][  0]LogModuleManager: Shutting down and abandoning module FacialAnimation (338)
[2023.05.05-02.17.11:472][  0]LogModuleManager: Shutting down and abandoning module DataValidation (336)
[2023.05.05-02.17.11:472][  0]LogModuleManager: Shutting down and abandoning module AssetManagerEditor (334)
[2023.05.05-02.17.11:472][  0]LogModuleManager: Shutting down and abandoning module TreeMap (333)
[2023.05.05-02.17.11:472][  0]LogModuleManager: Shutting down and abandoning module PropertyAccessNode (330)
[2023.05.05-02.17.11:472][  0]LogModuleManager: Shutting down and abandoning module AnimationSharing (328)
[2023.05.05-02.17.11:472][  0]LogModuleManager: Shutting down and abandoning module GameplayCameras (326)
[2023.05.05-02.17.11:472][  0]LogModuleManager: Shutting down and abandoning module EnvironmentQueryEditor (324)
[2023.05.05-02.17.11:472][  0]LogModuleManager: Shutting down and abandoning module Paper2D (322)
[2023.05.05-02.17.11:472][  0]LogModuleManager: Shutting down and abandoning module NetworkReplayStreaming (320)
[2023.05.05-02.17.11:472][  0]LogModuleManager: Shutting down and abandoning module PacketHandler (318)
[2023.05.05-02.17.11:472][  0]LogModuleManager: Shutting down and abandoning module ClothingSystemEditor (316)
[2023.05.05-02.17.11:472][  0]LogModuleManager: Shutting down and abandoning module ClothingSystemRuntimeNv (314)
[2023.05.05-02.17.11:472][  0]LogModuleManager: Shutting down and abandoning module MediaAssets (312)
[2023.05.05-02.17.11:472][  0]LogModuleManager: Shutting down and abandoning module Overlay (310)
[2023.05.05-02.17.11:472][  0]LogModuleManager: Shutting down and abandoning module OverlayEditor (309)
[2023.05.05-02.17.11:472][  0]LogModuleManager: Shutting down and abandoning module Blutility (306)
[2023.05.05-02.17.11:472][  0]LogModuleManager: Shutting down and abandoning module LevelEditor (305)
[2023.05.05-02.17.11:473][  0]LogModuleManager: Shutting down and abandoning module PixelInspectorModule (304)
[2023.05.05-02.17.11:473][  0]LogModuleManager: Shutting down and abandoning module CommonMenuExtensions (302)
[2023.05.05-02.17.11:473][  0]LogModuleManager: Shutting down and abandoning module MainFrame (300)
[2023.05.05-02.17.11:473][  0]LogModuleManager: Shutting down and abandoning module HotReload (299)
[2023.05.05-02.17.11:473][  0]LogModuleManager: Shutting down and abandoning module ContentBrowser (295)
[2023.05.05-02.17.11:473][  0]LogModuleManager: Shutting down and abandoning module CollectionManager (294)
[2023.05.05-02.17.11:473][  0]LogModuleManager: Shutting down and abandoning module ContentBrowserData (292)
[2023.05.05-02.17.11:473][  0]LogModuleManager: Shutting down and abandoning module IntroTutorials (288)
[2023.05.05-02.17.11:473][  0]LogModuleManager: Shutting down and abandoning module VREditor (286)
[2023.05.05-02.17.11:473][  0]LogModuleManager: Shutting down and abandoning module StringTableEditor (284)
[2023.05.05-02.17.11:473][  0]LogModuleManager: Shutting down and abandoning module GameplayTasksEditor (282)
[2023.05.05-02.17.11:473][  0]LogModuleManager: Shutting down and abandoning module BehaviorTreeEditor (280)
[2023.05.05-02.17.11:473][  0]LogModuleManager: Shutting down and abandoning module FunctionalTesting (278)
[2023.05.05-02.17.11:473][  0]LogModuleManager: Shutting down and abandoning module CollisionAnalyzer (276)
[2023.05.05-02.17.11:473][  0]LogModuleManager: Shutting down and abandoning module WorkspaceMenuStructure (275)
[2023.05.05-02.17.11:474][  0]LogModuleManager: Shutting down and abandoning module UMG (272)
[2023.05.05-02.17.11:474][  0]LogModuleManager: Shutting down and abandoning module UMGEditor (271)
[2023.05.05-02.17.11:474][  0]LogModuleManager: Shutting down and abandoning module MessageLog (269)
[2023.05.05-02.17.11:474][  0]LogModuleManager: Shutting down and abandoning module SlateReflector (264)
[2023.05.05-02.17.11:474][  0]LogModuleManager: Shutting down and abandoning module Slate (262)
[2023.05.05-02.17.11:474][  0]LogModuleManager: Shutting down and abandoning module SlateCore (260)
[2023.05.05-02.17.11:474][  0]LogModuleManager: Shutting down and abandoning module LandscapeEditorUtilities (258)
[2023.05.05-02.17.11:474][  0]LogModuleManager: Shutting down and abandoning module UnrealEd (256)
[2023.05.05-02.17.11:474][  0]LogModuleManager: Shutting down and abandoning module MRMesh (254)
[2023.05.05-02.17.11:474][  0]LogModuleManager: Shutting down and abandoning module SourceCodeAccess (252)
[2023.05.05-02.17.11:474][  0]LogModuleManager: Shutting down and abandoning module HeadMountedDisplay (250)
[2023.05.05-02.17.11:474][  0]LogModuleManager: Shutting down and abandoning module XAudio2 (248)
[2023.05.05-02.17.11:474][  0]LogModuleManager: Shutting down and abandoning module Networking (246)
[2023.05.05-02.17.11:474][  0]LogModuleManager: Shutting down and abandoning module Core (244)
[2023.05.05-02.17.11:474][  0]LogModuleManager: Shutting down and abandoning module MaterialEditor (242)
[2023.05.05-02.17.11:474][  0]LogModuleManager: Shutting down and abandoning module Settings (241)
[2023.05.05-02.17.11:474][  0]LogModuleManager: Shutting down and abandoning module MovieSceneTools (238)
[2023.05.05-02.17.11:474][  0]LogModuleManager: Shutting down and abandoning module CurveEditor (237)
[2023.05.05-02.17.11:475][  0]LogModuleManager: Shutting down and abandoning module Sequencer (235)
[2023.05.05-02.17.11:475][  0]LogModuleManager: Shutting down and abandoning module EditorStyle (234)
[2023.05.05-02.17.11:475][  0]LogModuleManager: Shutting down and abandoning module KismetCompiler (230)
[2023.05.05-02.17.11:475][  0]LogModuleManager: Shutting down and abandoning module MeshBuilder (228)
[2023.05.05-02.17.11:475][  0]LogModuleManager: Shutting down and abandoning module MeshUtilities (226)
[2023.05.05-02.17.11:475][  0]LogModuleManager: Shutting down and abandoning module MeshMergeUtilities (225)
[2023.05.05-02.17.11:475][  0]LogModuleManager: Shutting down and abandoning module MeshReductionInterface (224)
[2023.05.05-02.17.11:475][  0]LogModuleManager: Shutting down and abandoning module MeshBoneReduction (223)
[2023.05.05-02.17.11:475][  0]LogModuleManager: Shutting down and abandoning module SkeletalMeshReduction (221)
[2023.05.05-02.17.11:475][  0]LogModuleManager: Shutting down and abandoning module ProxyLODMeshReduction (219)
[2023.05.05-02.17.11:475][  0]LogModuleManager: Shutting down and abandoning module QuadricMeshReduction (217)
[2023.05.05-02.17.11:475][  0]LogModuleManager: Shutting down and abandoning module MaterialBaking (213)
[2023.05.05-02.17.11:475][  0]LogModuleManager: Shutting down and abandoning module DirectoryWatcher (209)
[2023.05.05-02.17.11:475][  0]LogModuleManager: Shutting down and abandoning module NullInstallBundleManager (206)
[2023.05.05-02.17.11:475][  0]LogModuleManager: Shutting down and abandoning module DerivedDataCache (204)
[2023.05.05-02.17.11:715][  0]LogModuleManager: Shutting down and abandoning module TargetPlatform (202)
[2023.05.05-02.17.11:715][  0]LogModuleManager: Shutting down and abandoning module VulkanShaderFormat (201)
[2023.05.05-02.17.11:715][  0]LogModuleManager: Shutting down and abandoning module ShaderFormatVectorVM (199)
[2023.05.05-02.17.11:715][  0]LogModuleManager: Shutting down and abandoning module ShaderFormatOpenGL (197)
[2023.05.05-02.17.11:715][  0]LogModuleManager: Shutting down and abandoning module ShaderFormatD3D (195)
[2023.05.05-02.17.11:715][  0]LogModuleManager: Shutting down and abandoning module MetalShaderFormat (193)
[2023.05.05-02.17.11:715][  0]LogModuleManager: Shutting down and abandoning module TextureFormatOodle (191)
[2023.05.05-02.17.11:715][  0]LogModuleManager: Shutting down and abandoning module TextureFormatUncompressed (189)
[2023.05.05-02.17.11:715][  0]LogModuleManager: Shutting down and abandoning module TextureFormatPVR (187)
[2023.05.05-02.17.11:715][  0]LogModuleManager: Shutting down and abandoning module TextureFormatETC2 (185)
[2023.05.05-02.17.11:715][  0]LogModuleManager: Shutting down and abandoning module TextureFormatDXT (183)
[2023.05.05-02.17.11:715][  0]LogModuleManager: Shutting down and abandoning module TextureFormatIntelISPCTexComp (181)
[2023.05.05-02.17.11:715][  0]LogModuleManager: Shutting down and abandoning module TextureFormatASTC (179)
[2023.05.05-02.17.11:715][  0]LogModuleManager: Shutting down and abandoning module ImageWrapper (178)
[2023.05.05-02.17.11:715][  0]LogModuleManager: Shutting down and abandoning module AudioFormatOpus (175)
[2023.05.05-02.17.11:715][  0]LogModuleManager: Shutting down and abandoning module AudioFormatOgg (173)
[2023.05.05-02.17.11:715][  0]LogModuleManager: Shutting down and abandoning module AudioFormatADPCM (171)
[2023.05.05-02.17.11:715][  0]LogModuleManager: Shutting down and abandoning module WindowsServerTargetPlatform (169)
[2023.05.05-02.17.11:715][  0]LogModuleManager: Shutting down and abandoning module WindowsClientTargetPlatform (167)
[2023.05.05-02.17.11:715][  0]LogModuleManager: Shutting down and abandoning module WindowsTargetPlatform (165)
[2023.05.05-02.17.11:715][  0]LogModuleManager: Shutting down and abandoning module WindowsNoEditorTargetPlatform (163)
[2023.05.05-02.17.11:715][  0]LogModuleManager: Shutting down and abandoning module TVOSTargetPlatform (161)
[2023.05.05-02.17.11:716][  0]LogModuleManager: Shutting down and abandoning module MacServerTargetPlatform (159)
[2023.05.05-02.17.11:716][  0]LogModuleManager: Shutting down and abandoning module MacClientTargetPlatform (157)
[2023.05.05-02.17.11:716][  0]LogModuleManager: Shutting down and abandoning module MacTargetPlatform (155)
[2023.05.05-02.17.11:716][  0]LogModuleManager: Shutting down and abandoning module MacNoEditorTargetPlatform (153)
[2023.05.05-02.17.11:716][  0]LogModuleManager: Shutting down and abandoning module LuminTargetPlatform (151)
[2023.05.05-02.17.11:716][  0]LogModuleManager: Shutting down and abandoning module LinuxAArch64ServerTargetPlatform (149)
[2023.05.05-02.17.11:716][  0]LogModuleManager: Shutting down and abandoning module LinuxAArch64ClientTargetPlatform (147)
[2023.05.05-02.17.11:716][  0]LogModuleManager: Shutting down and abandoning module LinuxAArch64NoEditorTargetPlatform (145)
[2023.05.05-02.17.11:716][  0]LogModuleManager: Shutting down and abandoning module LinuxServerTargetPlatform (143)
[2023.05.05-02.17.11:716][  0]LogModuleManager: Shutting down and abandoning module LinuxClientTargetPlatform (141)
[2023.05.05-02.17.11:716][  0]LogModuleManager: Shutting down and abandoning module LinuxNoEditorTargetPlatform (139)
[2023.05.05-02.17.11:716][  0]LogModuleManager: Shutting down and abandoning module LinuxTargetPlatform (137)
[2023.05.05-02.17.11:716][  0]LogModuleManager: Shutting down and abandoning module Messaging (135)
[2023.05.05-02.17.11:716][  0]LogModuleManager: Shutting down and abandoning module IOSTargetPlatform (133)
[2023.05.05-02.17.11:717][  0]LogModuleManager: Shutting down and abandoning module AndroidTargetPlatform (131)
[2023.05.05-02.17.11:719][  0]LogModuleManager: Shutting down and abandoning module AllDesktopTargetPlatform (129)
[2023.05.05-02.17.11:719][  0]LogModuleManager: Shutting down and abandoning module NullDrv (126)
[2023.05.05-02.17.11:719][  0]LogModuleManager: Shutting down and abandoning module PhysXCooking (124)
[2023.05.05-02.17.11:719][  0]LogModuleManager: Shutting down and abandoning module Chaos (122)
[2023.05.05-02.17.11:719][  0]LogModuleManager: Shutting down and abandoning module WindowsPlatformFeatures (120)
[2023.05.05-02.17.11:719][  0]LogModuleManager: Shutting down and abandoning module GameplayMediaEncoder (119)
[2023.05.05-02.17.11:719][  0]LogModuleManager: Shutting down and abandoning module AVEncoder (118)
[2023.05.05-02.17.11:719][  0]LogModuleManager: Shutting down and abandoning module ExampleDeviceProfileSelector (114)
[2023.05.05-02.17.11:719][  0]LogModuleManager: Shutting down and abandoning module SteamVRInputDevice (112)
[2023.05.05-02.17.11:719][  0]LogModuleManager: Shutting down and abandoning module SteamVRInput (110)
[2023.05.05-02.17.11:719][  0]LogModuleManager: Shutting down and abandoning module SteamVR (108)
[2023.05.05-02.17.11:719][  0]LogHMD: Freeing OpenVRDLLHandle.
[2023.05.05-02.17.11:719][  0]LogModuleManager: Shutting down and abandoning module OculusHMD (106)
[2023.05.05-02.17.11:719][  0]LogModuleManager: Shutting down and abandoning module OpenXRHandTracking (104)
[2023.05.05-02.17.11:719][  0]LogModuleManager: Shutting down and abandoning module OpenXREyeTracker (102)
[2023.05.05-02.17.11:719][  0]LogModuleManager: Shutting down and abandoning module OpenXRAR (100)
[2023.05.05-02.17.11:719][  0]LogModuleManager: Shutting down and abandoning module AugmentedReality (99)
[2023.05.05-02.17.11:719][  0]LogModuleManager: Shutting down and abandoning module OpenXRHMD (96)
[2023.05.05-02.17.11:719][  0]LogModuleManager: Shutting down and abandoning module ChunkDownloader (94)
[2023.05.05-02.17.11:719][  0]LogModuleManager: Shutting down and abandoning module OnlineBlueprintSupport (92)
[2023.05.05-02.17.11:719][  0]LogModuleManager: Shutting down and abandoning module OnlineSubsystem (88)
[2023.05.05-02.17.11:719][  0]LogModuleManager: Shutting down and abandoning module XMPP (83)
[2023.05.05-02.17.11:719][  0]LogModuleManager: Shutting down and abandoning module WebSockets (82)
[2023.05.05-02.17.11:739][  0]LogModuleManager: Shutting down and abandoning module HTTP (79)
[2023.05.05-02.17.11:739][  0]LogHttp: Display: cleaning up 0 outstanding Http requests.
[2023.05.05-02.17.11:759][  0]LogModuleManager: Shutting down and abandoning module SSL (78)
[2023.05.05-02.17.11:760][  0]LogModuleManager: Shutting down and abandoning module LauncherChunkInstaller (74)
[2023.05.05-02.17.11:760][  0]LogModuleManager: Shutting down and abandoning module WmfMedia (72)
[2023.05.05-02.17.11:761][  0]LogModuleManager: Shutting down and abandoning module Media (71)
[2023.05.05-02.17.11:761][  0]LogModuleManager: Shutting down and abandoning module MediaInfo (70)
[2023.05.05-02.17.11:761][  0]LogModuleManager: Shutting down and abandoning module ExrReaderGpu (66)
[2023.05.05-02.17.11:761][  0]LogModuleManager: Shutting down and abandoning module MLSDK (64)
[2023.05.05-02.17.11:761][  0]LogModuleManager: Shutting down and abandoning module MagicLeap (62)
[2023.05.05-02.17.11:761][  0]LogModuleManager: Shutting down and abandoning module NiagaraVertexFactories (60)
[2023.05.05-02.17.11:761][  0]LogModuleManager: Shutting down and abandoning module NiagaraShader (58)
[2023.05.05-02.17.11:761][  0]LogModuleManager: Shutting down and abandoning module ChaosCloth (56)
[2023.05.05-02.17.11:761][  0]LogModuleManager: Shutting down and abandoning module VariantManagerContent (54)
[2023.05.05-02.17.11:761][  0]LogModuleManager: Shutting down and abandoning module PixWinPlugin (52)
[2023.05.05-02.17.11:761][  0]LogModuleManager: Shutting down and abandoning module DatasmithContent (50)
[2023.05.05-02.17.11:761][  0]LogModuleManager: Shutting down and abandoning module AISupportModule (48)
[2023.05.05-02.17.11:761][  0]LogModuleManager: Shutting down and abandoning module PythonScriptPluginPreload (46)
[2023.05.05-02.17.11:761][  0]LogModuleManager: Shutting down and abandoning module PlatformCryptoOpenSSL (44)
[2023.05.05-02.17.11:761][  0]LogModuleManager: Shutting down and abandoning module PlatformCryptoTypes (42)
[2023.05.05-02.17.11:761][  0]LogModuleManager: Shutting down and abandoning module PlatformCrypto (40)
[2023.05.05-02.17.11:762][  0]LogModuleManager: Shutting down and abandoning module OodleDataCompressionFormat (38)
[2023.05.05-02.17.11:762][  0]LogModuleManager: Shutting down and abandoning module XGEController (36)
[2023.05.05-02.17.11:762][  0]LogXGEController: Cannot use XGE Controller as Incredibuild is not installed on this machine.
[2023.05.05-02.17.11:762][  0]LogXGEController: Cleaning working directory: C:/Users/cadia/AppData/Local/Temp/UnrealXGEWorkingDir/
[2023.05.05-02.17.11:762][  0]LogModuleManager: Shutting down and abandoning module AnimationModifiers (34)
[2023.05.05-02.17.11:762][  0]LogModuleManager: Shutting down and abandoning module AudioEditor (32)
[2023.05.05-02.17.11:762][  0]LogModuleManager: Shutting down and abandoning module PropertyEditor (31)
[2023.05.05-02.17.11:762][  0]LogModuleManager: Shutting down and abandoning module TextureCompressor (28)
[2023.05.05-02.17.11:762][  0]LogModuleManager: Shutting down and abandoning module RenderCore (26)
[2023.05.05-02.17.11:762][  0]LogModuleManager: Shutting down and abandoning module Landscape (24)
[2023.05.05-02.17.11:762][  0]LogModuleManager: Shutting down and abandoning module SlateRHIRenderer (22)
[2023.05.05-02.17.11:762][  0]LogModuleManager: Shutting down and abandoning module AnimGraphRuntime (20)
[2023.05.05-02.17.11:762][  0]LogModuleManager: Shutting down and abandoning module Renderer (18)
[2023.05.05-02.17.11:762][  0]LogModuleManager: Shutting down and abandoning module Engine (16)
[2023.05.05-02.17.11:762][  0]LogModuleManager: Shutting down and abandoning module CoreUObject (14)
[2023.05.05-02.17.11:762][  0]LogModuleManager: Shutting down and abandoning module NetworkFile (12)
[2023.05.05-02.17.11:762][  0]LogModuleManager: Shutting down and abandoning module CookedIterativeFile (10)
[2023.05.05-02.17.11:762][  0]LogModuleManager: Shutting down and abandoning module StreamingFile (8)
[2023.05.05-02.17.11:762][  0]LogModuleManager: Shutting down and abandoning module SandboxFile (6)
[2023.05.05-02.17.11:762][  0]LogModuleManager: Shutting down and abandoning module PakFile (4)
[2023.05.05-02.17.11:762][  0]LogModuleManager: Shutting down and abandoning module RSA (3)
[2023.05.05-02.17.11:950][  0]LogExit: Exiting.
[2023.05.05-02.17.11:963][  0]Log file closed, 05/05/23 03:17:11
