Log file open, 05/03/23 11:55:42
LogWindows: Failed to load 'aqProf.dll' (GetLastError=126)
LogWindows: File 'aqProf.dll' does not exist
LogWindows: Failed to load 'VtuneApi.dll' (GetLastError=126)
LogWindows: File 'VtuneApi.dll' does not exist
LogWindows: Failed to load 'VtuneApi32e.dll' (GetLastError=126)
LogWindows: File 'VtuneApi32e.dll' does not exist
LogConsoleResponse: Display: Failed to find resolution value strings in scalability ini. Falling back to default.
LogConsoleResponse: Display: Failed to find resolution value strings in scalability ini. Falling back to default.
LogInit: Display: Running engine for game: MinesweeperClone
LogPlatformFile: Not using cached read wrapper
LogTaskGraph: Started task graph with 5 named threads and 71 total threads with 3 sets of task threads.
LogStats: Stats thread started at 0.254808
LogICUInternationalization: ICU TimeZone Detection - Raw Offset: +0:00, Platform Override: ''
LogInit: Display: Loading text-based GConfig....
LogPluginManager: Mounting plugin MeshPainting
LogPluginManager: Mounting plugin XGEController
LogPluginManager: Mounting plugin AISupport
LogPluginManager: Mounting plugin Paper2D
LogPluginManager: Mounting plugin LiveLink
LogPluginManager: Mounting plugin EnvironmentQueryEditor
LogPluginManager: Mounting plugin GameplayCameras
LogPluginManager: Mounting plugin LightPropagationVolume
LogPluginManager: Mounting plugin AssetManagerEditor
LogPluginManager: Mounting plugin CameraShakePreviewer
LogPluginManager: Mounting plugin OodleData
LogPluginManager: Mounting plugin OodleNetwork
LogPluginManager: Mounting plugin AnimationSharing
LogPluginManager: Mounting plugin CryptoKeys
LogPluginManager: Mounting plugin CLionSourceCodeAccess
LogPluginManager: Mounting plugin CodeLiteSourceCodeAccess
LogPluginManager: Mounting plugin GitSourceControl
LogPluginManager: Mounting plugin CurveEditorTools
LogPluginManager: Mounting plugin KDevelopSourceCodeAccess
LogPluginManager: Mounting plugin NullSourceCodeAccess
LogPluginManager: Mounting plugin GameplayTagsEditor
LogPluginManager: Mounting plugin FacialAnimation
LogPluginManager: Mounting plugin DataValidation
LogPluginManager: Mounting plugin GeometryMode
LogPluginManager: Mounting plugin PixWinPlugin
LogPluginManager: Mounting plugin PerforceSourceControl
LogPluginManager: Mounting plugin MacGraphicsSwitching
LogPluginManager: Mounting plugin MaterialAnalyzer
LogPluginManager: Mounting plugin PluginBrowser
LogPluginManager: Mounting plugin MobileLauncherProfileWizard
LogPluginManager: Mounting plugin PlasticSourceControl
LogPluginManager: Mounting plugin SpeedTreeImporter
LogPluginManager: Mounting plugin PluginUtils
LogPluginManager: Mounting plugin PropertyAccessNode
LogPluginManager: Mounting plugin RiderSourceCodeAccess
LogPluginManager: Mounting plugin TextureFormatOodle
LogPluginManager: Mounting plugin SubversionSourceControl
LogPluginManager: Mounting plugin UObjectPlugin
LogPluginManager: Mounting plugin VisualStudioCodeSourceCodeAccess
LogPluginManager: Mounting plugin VisualStudioSourceCodeAccess
LogPluginManager: Mounting plugin XCodeSourceCodeAccess
LogPluginManager: Mounting plugin AlembicImporter
LogPluginManager: Mounting plugin DatasmithContent
LogPluginManager: Mounting plugin VariantManagerContent
LogPluginManager: Mounting plugin AutomationUtils
LogPluginManager: Mounting plugin BackChannel
LogPluginManager: Mounting plugin ChaosClothEditor
LogPluginManager: Mounting plugin ChaosCloth
LogPluginManager: Mounting plugin ChaosEditor
LogPluginManager: Mounting plugin ChaosSolverPlugin
LogPluginManager: Mounting plugin ChaosNiagara
LogPluginManager: Mounting plugin CharacterAI
LogPluginManager: Mounting plugin GeometryCache
LogPluginManager: Mounting plugin GeometryCollectionPlugin
LogPluginManager: Mounting plugin GeometryProcessing
LogPluginManager: Mounting plugin Niagara
LogPluginManager: Mounting plugin MotoSynth
LogPluginManager: Mounting plugin OpenImageDenoise
LogPluginManager: Mounting plugin PlanarCut
LogPluginManager: Mounting plugin PlatformCrypto
LogPluginManager: Mounting plugin ProxyLODPlugin
LogPluginManager: Mounting plugin LuminPlatformFeatures
LogPluginManager: Mounting plugin MagicLeap
LogPluginManager: Mounting plugin PythonScriptPlugin
LogPluginManager: Mounting plugin SkeletalReduction
LogPluginManager: Mounting plugin MagicLeapLightEstimation
LogPluginManager: Mounting plugin MagicLeapMedia
LogPluginManager: Mounting plugin MagicLeapPassableWorld
LogPluginManager: Mounting plugin MLSDK
LogPluginManager: Mounting plugin AndroidMedia
LogPluginManager: Mounting plugin AvfMedia
LogPluginManager: Mounting plugin TcpMessaging
LogPluginManager: Mounting plugin ActorSequence
LogPluginManager: Mounting plugin UdpMessaging
LogPluginManager: Mounting plugin ImgMedia
LogPluginManager: Mounting plugin MediaCompositing
LogPluginManager: Mounting plugin MediaPlayerEditor
LogPluginManager: Mounting plugin WebMMedia
LogPluginManager: Mounting plugin MatineeToLevelSequence
LogPluginManager: Mounting plugin WmfMedia
LogPluginManager: Mounting plugin TemplateSequence
LogPluginManager: Mounting plugin LevelSequenceEditor
LogPluginManager: Mounting plugin OnlineSubsystem
LogPluginManager: Mounting plugin LauncherChunkInstaller
LogPluginManager: Mounting plugin ActorLayerUtilities
LogPluginManager: Mounting plugin AndroidDeviceProfileSelector
LogPluginManager: Mounting plugin OnlineSubsystemNull
LogPluginManager: Mounting plugin AndroidMoviePlayer
LogPluginManager: Mounting plugin OnlineSubsystemUtils
LogPluginManager: Mounting plugin AndroidPermission
LogPluginManager: Mounting plugin AppleImageUtils
LogPluginManager: Mounting plugin AppleMoviePlayer
LogPluginManager: Mounting plugin AudioCapture
LogPluginManager: Mounting plugin AssetTags
LogPluginManager: Mounting plugin ArchVisCharacter
LogPluginManager: Mounting plugin AudioSynesthesia
LogPluginManager: Mounting plugin CableComponent
LogPluginManager: Mounting plugin ChunkDownloader
LogPluginManager: Mounting plugin CustomMeshComponent
LogPluginManager: Mounting plugin EditableMesh
LogPluginManager: Mounting plugin ExampleDeviceProfileSelector
LogPluginManager: Mounting plugin GoogleCloudMessaging
LogPluginManager: Mounting plugin GooglePAD
LogPluginManager: Mounting plugin IOSDeviceProfileSelector
LogPluginManager: Mounting plugin LinuxDeviceProfileSelector
LogPluginManager: Mounting plugin LocationServicesBPLibrary
LogPluginManager: Mounting plugin MobilePatchingUtils
LogPluginManager: Mounting plugin OpenXREyeTracker
LogPluginManager: Mounting plugin OpenXR
LogPluginManager: Mounting plugin ScreenshotTools
LogPluginManager: Mounting plugin OpenXRHandTracking
LogPluginManager: Mounting plugin PhysXVehicles
LogPluginManager: Mounting plugin PostSplashScreen
LogPluginManager: Mounting plugin ProceduralMeshComponent
LogPluginManager: Mounting plugin PropertyAccessEditor
LogPluginManager: Mounting plugin RuntimePhysXCooking
LogPluginManager: Mounting plugin SignificanceManager
LogPluginManager: Mounting plugin SoundFields
LogPluginManager: Mounting plugin Synthesis
LogPluginManager: Mounting plugin WebMMoviePlayer
LogPluginManager: Mounting plugin WindowsMoviePlayer
LogPluginManager: Mounting plugin Takes
LogPluginManager: Mounting plugin ContentBrowserAssetDataSource
LogPluginManager: Mounting plugin ContentBrowserClassDataSource
LogPluginManager: Mounting plugin ContentBrowserFileDataSource
LogPluginManager: Mounting plugin OnlineSubsystemGooglePlay
LogPluginManager: Mounting plugin OnlineSubsystemIOS
LogPluginManager: Mounting plugin OculusVR
LogPluginManager: Mounting plugin SteamVR
PixWinPlugin: PIX capture plugin failed to initialize! Check that the process is launched from PIX.
LogInit: Using libcurl 7.55.1-DEV
LogInit:  - built for x86_64-pc-win32
LogInit:  - supports SSL with OpenSSL/1.1.1
LogInit:  - supports HTTP deflate (compression) using libz 1.2.8
LogInit:  - other features:
LogInit:      CURL_VERSION_SSL
LogInit:      CURL_VERSION_LIBZ
LogInit:      CURL_VERSION_IPV6
LogInit:      CURL_VERSION_ASYNCHDNS
LogInit:      CURL_VERSION_LARGEFILE
LogInit:      CURL_VERSION_IDN
LogInit:  CurlRequestOptions (configurable via config and command line):
LogInit:  - bVerifyPeer = true  - Libcurl will verify peer certificate
LogInit:  - bUseHttpProxy = false  - Libcurl will NOT use HTTP proxy
LogInit:  - bDontReuseConnections = false  - Libcurl will reuse connections
LogInit:  - MaxHostConnections = 16  - Libcurl will limit the number of connections to a host
LogInit:  - LocalHostAddr = Default
LogInit:  - BufferSize = 65536
LogOnline: OSS: Creating online subsystem instance for: NULL
LogInit: WinSock: version 1.1 (2.2), MaxSocks=32767, MaxUdp=65467
LogOnline: OSS: TryLoadSubsystemAndSetDefault: Loaded subsystem for module [NULL]
LogOculusPluginWrapper: OculusPlugin initialized successfully
LogHMD: Failed initializing OVRPlugin 1.59.0
LogInit: Build: ++UE4+Release-4.27-CL-18319896
LogInit: Engine Version: 4.27.2-18319896+++UE4+Release-4.27
LogInit: Compatible Engine Version: 4.27.0-17155196+++UE4+Release-4.27
LogInit: Net CL: 17155196
LogInit: OS: Windows 10 (Release 2009) (), CPU: AMD Ryzen 9 5900X 12-Core Processor            , GPU: NVIDIA GeForce RTX 3090
LogInit: Compiled (64-bit): Nov 30 2021 07:12:08
LogInit: Compiled with Visual C++: 19.24.28315.00
LogInit: Build Configuration: Development
LogInit: Branch Name: ++UE4+Release-4.27
LogInit: Command Line:  -skipcompile
LogInit: Base Directory: D:/EpicGames/UE_4.27/Engine/Binaries/Win64/
LogInit: Allocator: TBB
LogInit: Installed Engine Build: 1
LogDevObjectVersion: Number of dev versions registered: 29
LogDevObjectVersion:   Dev-Blueprints (B0D832E4-1F89-4F0D-ACCF-7EB736FD4AA2): 10
LogDevObjectVersion:   Dev-Build (E1C64328-A22C-4D53-A36C-8E866417BD8C): 0
LogDevObjectVersion:   Dev-Core (375EC13C-06E4-48FB-B500-84F0262A717E): 4
LogDevObjectVersion:   Dev-Editor (E4B068ED-F494-42E9-A231-DA0B2E46BB41): 40
LogDevObjectVersion:   Dev-Framework (CFFC743F-43B0-4480-9391-14DF171D2073): 37
LogDevObjectVersion:   Dev-Mobile (B02B49B5-BB20-44E9-A304-32B752E40360): 3
LogDevObjectVersion:   Dev-Networking (A4E4105C-59A1-49B5-A7C5-40C4547EDFEE): 0
LogDevObjectVersion:   Dev-Online (39C831C9-5AE6-47DC-9A44-9C173E1C8E7C): 0
LogDevObjectVersion:   Dev-Physics (78F01B33-EBEA-4F98-B9B4-84EACCB95AA2): 14
LogDevObjectVersion:   Dev-Platform (6631380F-2D4D-43E0-8009-CF276956A95A): 0
LogDevObjectVersion:   Dev-Rendering (12F88B9F-8875-4AFC-A67C-D90C383ABD29): 45
LogDevObjectVersion:   Dev-Sequencer (7B5AE74C-D270-4C10-A958-57980B212A5A): 13
LogDevObjectVersion:   Dev-VR (D7296918-1DD6-4BDD-9DE2-64A83CC13884): 3
LogDevObjectVersion:   Dev-LoadTimes (C2A15278-BFE7-4AFE-6C17-90FF531DF755): 1
LogDevObjectVersion:   Private-Geometry (6EACA3D4-40EC-4CC1-B786-8BED09428FC5): 3
LogDevObjectVersion:   Dev-AnimPhys (29E575DD-E0A3-4627-9D10-D276232CDCEA): 17
LogDevObjectVersion:   Dev-Anim (AF43A65D-7FD3-4947-9873-3E8ED9C1BB05): 15
LogDevObjectVersion:   Dev-ReflectionCapture (6B266CEC-1EC7-4B8F-A30B-E4D90942FC07): 1
LogDevObjectVersion:   Dev-Automation (0DF73D61-A23F-47EA-B727-89E90C41499A): 1
LogDevObjectVersion:   FortniteMain (601D1886-AC64-4F84-AA16-D3DE0DEAC7D6): 47
LogDevObjectVersion:   FortniteRelease (E7086368-6B23-4C58-8439-1B7016265E91): 1
LogDevObjectVersion:   Dev-Enterprise (9DFFBCD6-494F-0158-E221-12823C92A888): 10
LogDevObjectVersion:   Dev-Niagara (F2AED0AC-9AFE-416F-8664-AA7FFA26D6FC): 1
LogDevObjectVersion:   Dev-Destruction (174F1F0B-B4C6-45A5-B13F-2EE8D0FB917D): 10
LogDevObjectVersion:   Dev-Physics-Ext (35F94A83-E258-406C-A318-09F59610247C): 41
LogDevObjectVersion:   Dev-PhysicsMaterial-Chaos (B68FC16E-8B1B-42E2-B453-215C058844FE): 1
LogDevObjectVersion:   Dev-CineCamera (B2E18506-4273-CFC2-A54E-F4BB758BBA07): 1
LogDevObjectVersion:   Dev-VirtualProduction (64F58936-FD1B-42BA-BA96-7289D5D0FA4E): 1
LogDevObjectVersion:   Dev-MediaFramework (6F0ED827-A609-4895-9C91-998D90180EA4): 2
LogInit: Presizing for max 25165824 objects, including 0 objects not considered by GC, pre-allocating 0 bytes for permanent pool.
LogConfig: Applying CVar settings from Section [/Script/Engine.StreamingSettings] File [D:/FlixInteractive/MinesweeperClone/MinesweeperClone/Saved/Config/Windows/Engine.ini]
LogConfig: Setting CVar [[s.MinBulkDataSizeForAsyncLoading:131072]]
LogConfig: Setting CVar [[s.AsyncLoadingThreadEnabled:0]]
LogConfig: Setting CVar [[s.EventDrivenLoaderEnabled:1]]
LogConfig: Setting CVar [[s.WarnIfTimeLimitExceeded:0]]
LogConfig: Setting CVar [[s.TimeLimitExceededMultiplier:1.5]]
LogConfig: Setting CVar [[s.TimeLimitExceededMinTime:0.005]]
LogConfig: Setting CVar [[s.UseBackgroundLevelStreaming:1]]
LogConfig: Setting CVar [[s.PriorityAsyncLoadingExtraTime:15.0]]
LogConfig: Setting CVar [[s.LevelStreamingActorsUpdateTimeLimit:5.0]]
LogConfig: Setting CVar [[s.PriorityLevelStreamingActorsUpdateExtraTime:5.0]]
LogConfig: Setting CVar [[s.LevelStreamingComponentsRegistrationGranularity:10]]
LogConfig: Setting CVar [[s.UnregisterComponentsTimeLimit:1.0]]
LogConfig: Setting CVar [[s.LevelStreamingComponentsUnregistrationGranularity:5]]
LogConfig: Setting CVar [[s.FlushStreamingOnExit:1]]
LogInit: Object subsystem initialized
LogConfig: Setting CVar [[con.DebugEarlyDefault:1]]
LogConfig: Setting CVar [[r.setres:1280x720]]
[2023.05.03-10.55.43:118][  0]LogConfig: Setting CVar [[r.VSync:0]]
[2023.05.03-10.55.43:118][  0]LogConfig: Setting CVar [[r.RHICmdBypass:0]]
[2023.05.03-10.55.43:119][  0]LogConfig: Applying CVar settings from Section [/Script/Engine.RendererSettings] File [D:/FlixInteractive/MinesweeperClone/MinesweeperClone/Saved/Config/Windows/Engine.ini]
[2023.05.03-10.55.43:119][  0]LogConfig: Setting CVar [[r.GPUCrashDebugging:0]]
[2023.05.03-10.55.43:119][  0]LogConfig: Applying CVar settings from Section [/Script/Engine.RendererOverrideSettings] File [D:/FlixInteractive/MinesweeperClone/MinesweeperClone/Saved/Config/Windows/Engine.ini]
[2023.05.03-10.55.43:119][  0]LogConfig: Applying CVar settings from Section [/Script/Engine.StreamingSettings] File [D:/FlixInteractive/MinesweeperClone/MinesweeperClone/Saved/Config/Windows/Engine.ini]
[2023.05.03-10.55.43:119][  0]LogConfig: Setting CVar [[s.MinBulkDataSizeForAsyncLoading:131072]]
[2023.05.03-10.55.43:119][  0]LogConfig: Setting CVar [[s.AsyncLoadingThreadEnabled:0]]
[2023.05.03-10.55.43:119][  0]LogConfig: Setting CVar [[s.EventDrivenLoaderEnabled:1]]
[2023.05.03-10.55.43:119][  0]LogConfig: Setting CVar [[s.WarnIfTimeLimitExceeded:0]]
[2023.05.03-10.55.43:119][  0]LogConfig: Setting CVar [[s.TimeLimitExceededMultiplier:1.5]]
[2023.05.03-10.55.43:119][  0]LogConfig: Setting CVar [[s.TimeLimitExceededMinTime:0.005]]
[2023.05.03-10.55.43:119][  0]LogConfig: Setting CVar [[s.UseBackgroundLevelStreaming:1]]
[2023.05.03-10.55.43:119][  0]LogConfig: Setting CVar [[s.PriorityAsyncLoadingExtraTime:15.0]]
[2023.05.03-10.55.43:119][  0]LogConfig: Setting CVar [[s.LevelStreamingActorsUpdateTimeLimit:5.0]]
[2023.05.03-10.55.43:119][  0]LogConfig: Setting CVar [[s.PriorityLevelStreamingActorsUpdateExtraTime:5.0]]
[2023.05.03-10.55.43:119][  0]LogConfig: Setting CVar [[s.LevelStreamingComponentsRegistrationGranularity:10]]
[2023.05.03-10.55.43:119][  0]LogConfig: Setting CVar [[s.UnregisterComponentsTimeLimit:1.0]]
[2023.05.03-10.55.43:119][  0]LogConfig: Setting CVar [[s.LevelStreamingComponentsUnregistrationGranularity:5]]
[2023.05.03-10.55.43:119][  0]LogConfig: Setting CVar [[s.FlushStreamingOnExit:1]]
[2023.05.03-10.55.43:119][  0]LogConfig: Applying CVar settings from Section [/Script/Engine.GarbageCollectionSettings] File [D:/FlixInteractive/MinesweeperClone/MinesweeperClone/Saved/Config/Windows/Engine.ini]
[2023.05.03-10.55.43:119][  0]LogConfig: Setting CVar [[gc.MaxObjectsNotConsideredByGC:1]]
[2023.05.03-10.55.43:119][  0]LogConfig: Setting CVar [[gc.SizeOfPermanentObjectPool:0]]
[2023.05.03-10.55.43:119][  0]LogConfig: Setting CVar [[gc.FlushStreamingOnGC:0]]
[2023.05.03-10.55.43:119][  0]LogConfig: Setting CVar [[gc.NumRetriesBeforeForcingGC:10]]
[2023.05.03-10.55.43:119][  0]LogConfig: Setting CVar [[gc.AllowParallelGC:1]]
[2023.05.03-10.55.43:119][  0]LogConfig: Setting CVar [[gc.TimeBetweenPurgingPendingKillObjects:61.1]]
[2023.05.03-10.55.43:119][  0]LogConfig: Setting CVar [[gc.MaxObjectsInEditor:25165824]]
[2023.05.03-10.55.43:120][  0]LogConfig: Setting CVar [[gc.IncrementalBeginDestroyEnabled:1]]
[2023.05.03-10.55.43:120][  0]LogConfig: Setting CVar [[gc.CreateGCClusters:1]]
[2023.05.03-10.55.43:120][  0]LogConfig: Setting CVar [[gc.MinGCClusterSize:5]]
[2023.05.03-10.55.43:120][  0]LogConfig: Setting CVar [[gc.ActorClusteringEnabled:0]]
[2023.05.03-10.55.43:120][  0]LogConfig: Setting CVar [[gc.BlueprintClusteringEnabled:0]]
[2023.05.03-10.55.43:120][  0]LogConfig: Setting CVar [[gc.UseDisregardForGCOnDedicatedServers:0]]
[2023.05.03-10.55.43:120][  0]LogConfig: Setting CVar [[gc.MultithreadedDestructionEnabled:1]]
[2023.05.03-10.55.43:120][  0]LogConfig: Applying CVar settings from Section [/Script/Engine.NetworkSettings] File [D:/FlixInteractive/MinesweeperClone/MinesweeperClone/Saved/Config/Windows/Engine.ini]
[2023.05.03-10.55.43:120][  0]LogConfig: Applying CVar settings from Section [/Script/UnrealEd.CookerSettings] File [D:/FlixInteractive/MinesweeperClone/MinesweeperClone/Saved/Config/Windows/Engine.ini]
[2023.05.03-10.55.43:141][  0]LogConfig: Applying CVar settings from Section [ViewDistanceQuality@3] File [D:/FlixInteractive/MinesweeperClone/MinesweeperClone/Saved/Config/Windows/Scalability.ini]
[2023.05.03-10.55.43:141][  0]LogConfig: Setting CVar [[r.SkeletalMeshLODBias:0]]
[2023.05.03-10.55.43:141][  0]LogConfig: Setting CVar [[r.ViewDistanceScale:1.0]]
[2023.05.03-10.55.43:142][  0]LogConfig: Applying CVar settings from Section [AntiAliasingQuality@3] File [D:/FlixInteractive/MinesweeperClone/MinesweeperClone/Saved/Config/Windows/Scalability.ini]
[2023.05.03-10.55.43:142][  0]LogConfig: Setting CVar [[r.PostProcessAAQuality:4]]
[2023.05.03-10.55.43:142][  0]LogConfig: Applying CVar settings from Section [ShadowQuality@3] File [D:/FlixInteractive/MinesweeperClone/MinesweeperClone/Saved/Config/Windows/Scalability.ini]
[2023.05.03-10.55.43:142][  0]LogConfig: Setting CVar [[r.LightFunctionQuality:1]]
[2023.05.03-10.55.43:142][  0]LogConfig: Setting CVar [[r.ShadowQuality:5]]
[2023.05.03-10.55.43:142][  0]LogConfig: Setting CVar [[r.Shadow.CSM.MaxCascades:10]]
[2023.05.03-10.55.43:142][  0]LogConfig: Setting CVar [[r.Shadow.MaxResolution:2048]]
[2023.05.03-10.55.43:142][  0]LogConfig: Setting CVar [[r.Shadow.MaxCSMResolution:2048]]
[2023.05.03-10.55.43:142][  0]LogConfig: Setting CVar [[r.Shadow.RadiusThreshold:0.01]]
[2023.05.03-10.55.43:142][  0]LogConfig: Setting CVar [[r.Shadow.DistanceScale:1.0]]
[2023.05.03-10.55.43:142][  0]LogConfig: Setting CVar [[r.Shadow.CSM.TransitionScale:1.0]]
[2023.05.03-10.55.43:142][  0]LogConfig: Setting CVar [[r.Shadow.PreShadowResolutionFactor:1.0]]
[2023.05.03-10.55.43:142][  0]LogConfig: Setting CVar [[r.DistanceFieldShadowing:1]]
[2023.05.03-10.55.43:142][  0]LogConfig: Setting CVar [[r.DistanceFieldAO:1]]
[2023.05.03-10.55.43:142][  0]LogConfig: Setting CVar [[r.AOQuality:2]]
[2023.05.03-10.55.43:142][  0]LogConfig: Setting CVar [[r.VolumetricFog:1]]
[2023.05.03-10.55.43:142][  0]LogConfig: Setting CVar [[r.VolumetricFog.GridPixelSize:8]]
[2023.05.03-10.55.43:142][  0]LogConfig: Setting CVar [[r.VolumetricFog.GridSizeZ:128]]
[2023.05.03-10.55.43:142][  0]LogConfig: Setting CVar [[r.VolumetricFog.HistoryMissSupersampleCount:4]]
[2023.05.03-10.55.43:142][  0]LogConfig: Setting CVar [[r.LightMaxDrawDistanceScale:1]]
[2023.05.03-10.55.43:142][  0]LogConfig: Setting CVar [[r.CapsuleShadows:1]]
[2023.05.03-10.55.43:142][  0]LogConfig: Applying CVar settings from Section [PostProcessQuality@3] File [D:/FlixInteractive/MinesweeperClone/MinesweeperClone/Saved/Config/Windows/Scalability.ini]
[2023.05.03-10.55.43:142][  0]LogConfig: Setting CVar [[r.MotionBlurQuality:4]]
[2023.05.03-10.55.43:142][  0]LogConfig: Setting CVar [[r.AmbientOcclusionMipLevelFactor:0.4]]
[2023.05.03-10.55.43:143][  0]LogConfig: Setting CVar [[r.AmbientOcclusionMaxQuality:100]]
[2023.05.03-10.55.43:143][  0]LogConfig: Setting CVar [[r.AmbientOcclusionLevels:-1]]
[2023.05.03-10.55.43:143][  0]LogConfig: Setting CVar [[r.AmbientOcclusionRadiusScale:1.0]]
[2023.05.03-10.55.43:143][  0]LogConfig: Setting CVar [[r.DepthOfFieldQuality:2]]
[2023.05.03-10.55.43:143][  0]LogConfig: Setting CVar [[r.RenderTargetPoolMin:400]]
[2023.05.03-10.55.43:143][  0]LogConfig: Setting CVar [[r.LensFlareQuality:2]]
[2023.05.03-10.55.43:143][  0]LogConfig: Setting CVar [[r.SceneColorFringeQuality:1]]
[2023.05.03-10.55.43:143][  0]LogConfig: Setting CVar [[r.EyeAdaptationQuality:2]]
[2023.05.03-10.55.43:143][  0]LogConfig: Setting CVar [[r.BloomQuality:5]]
[2023.05.03-10.55.43:143][  0]LogConfig: Setting CVar [[r.FastBlurThreshold:100]]
[2023.05.03-10.55.43:143][  0]LogConfig: Setting CVar [[r.Upscale.Quality:3]]
[2023.05.03-10.55.43:143][  0]LogConfig: Setting CVar [[r.Tonemapper.GrainQuantization:1]]
[2023.05.03-10.55.43:143][  0]LogConfig: Setting CVar [[r.LightShaftQuality:1]]
[2023.05.03-10.55.43:143][  0]LogConfig: Setting CVar [[r.Filter.SizeScale:1]]
[2023.05.03-10.55.43:143][  0]LogConfig: Setting CVar [[r.Tonemapper.Quality:5]]
[2023.05.03-10.55.43:143][  0]LogConfig: Setting CVar [[r.DOF.Gather.AccumulatorQuality:1        ; higher gathering accumulator quality]]
[2023.05.03-10.55.43:143][  0]LogConfig: Setting CVar [[r.DOF.Gather.PostfilterMethod:1          ; Median3x3 postfilering method]]
[2023.05.03-10.55.43:143][  0]LogConfig: Setting CVar [[r.DOF.Gather.EnableBokehSettings:0       ; no bokeh simulation when gathering]]
[2023.05.03-10.55.43:143][  0]LogConfig: Setting CVar [[r.DOF.Gather.RingCount:4                 ; medium number of samples when gathering]]
[2023.05.03-10.55.43:143][  0]LogConfig: Setting CVar [[r.DOF.Scatter.ForegroundCompositing:1    ; additive foreground scattering]]
[2023.05.03-10.55.43:143][  0]LogConfig: Setting CVar [[r.DOF.Scatter.BackgroundCompositing:2    ; additive background scattering]]
[2023.05.03-10.55.43:143][  0]LogConfig: Setting CVar [[r.DOF.Scatter.EnableBokehSettings:1      ; bokeh simulation when scattering]]
[2023.05.03-10.55.43:143][  0]LogConfig: Setting CVar [[r.DOF.Scatter.MaxSpriteRatio:0.1         ; only a maximum of 10% of scattered bokeh]]
[2023.05.03-10.55.43:143][  0]LogConfig: Setting CVar [[r.DOF.Recombine.Quality:1                ; cheap slight out of focus]]
[2023.05.03-10.55.43:143][  0]LogConfig: Setting CVar [[r.DOF.Recombine.EnableBokehSettings:0    ; no bokeh simulation on slight out of focus]]
[2023.05.03-10.55.43:143][  0]LogConfig: Setting CVar [[r.DOF.TemporalAAQuality:1                ; more stable temporal accumulation]]
[2023.05.03-10.55.43:144][  0]LogConfig: Setting CVar [[r.DOF.Kernel.MaxForegroundRadius:0.025]]
[2023.05.03-10.55.43:144][  0]LogConfig: Setting CVar [[r.DOF.Kernel.MaxBackgroundRadius:0.025]]
[2023.05.03-10.55.43:144][  0]LogConfig: Applying CVar settings from Section [TextureQuality@3] File [D:/FlixInteractive/MinesweeperClone/MinesweeperClone/Saved/Config/Windows/Scalability.ini]
[2023.05.03-10.55.43:144][  0]LogConfig: Setting CVar [[r.Streaming.MipBias:0]]
[2023.05.03-10.55.43:144][  0]LogConfig: Setting CVar [[r.Streaming.AmortizeCPUToGPUCopy:0]]
[2023.05.03-10.55.43:144][  0]LogConfig: Setting CVar [[r.Streaming.MaxNumTexturesToStreamPerFrame:0]]
[2023.05.03-10.55.43:144][  0]LogConfig: Setting CVar [[r.Streaming.Boost:1]]
[2023.05.03-10.55.43:144][  0]LogConfig: Setting CVar [[r.MaxAnisotropy:8]]
[2023.05.03-10.55.43:144][  0]LogConfig: Setting CVar [[r.VT.MaxAnisotropy:8]]
[2023.05.03-10.55.43:144][  0]LogConfig: Setting CVar [[r.Streaming.LimitPoolSizeToVRAM:0]]
[2023.05.03-10.55.43:144][  0]LogConfig: Setting CVar [[r.Streaming.PoolSize:1000]]
[2023.05.03-10.55.43:144][  0]LogConfig: Setting CVar [[r.Streaming.MaxEffectiveScreenSize:0]]
[2023.05.03-10.55.43:144][  0]LogConfig: Applying CVar settings from Section [EffectsQuality@3] File [D:/FlixInteractive/MinesweeperClone/MinesweeperClone/Saved/Config/Windows/Scalability.ini]
[2023.05.03-10.55.43:144][  0]LogConfig: Setting CVar [[r.TranslucencyLightingVolumeDim:64]]
[2023.05.03-10.55.43:144][  0]LogConfig: Setting CVar [[r.RefractionQuality:2]]
[2023.05.03-10.55.43:144][  0]LogConfig: Setting CVar [[r.SSR.Quality:3]]
[2023.05.03-10.55.43:144][  0]LogConfig: Setting CVar [[r.SSR.HalfResSceneColor:0]]
[2023.05.03-10.55.43:144][  0]LogConfig: Setting CVar [[r.SceneColorFormat:4]]
[2023.05.03-10.55.43:144][  0]LogConfig: Setting CVar [[r.DetailMode:2]]
[2023.05.03-10.55.43:144][  0]LogConfig: Setting CVar [[r.TranslucencyVolumeBlur:1]]
[2023.05.03-10.55.43:144][  0]LogConfig: Setting CVar [[r.MaterialQualityLevel:1 ; High quality]]
[2023.05.03-10.55.43:144][  0]LogConfig: Setting CVar [[r.AnisotropicMaterials:1]]
[2023.05.03-10.55.43:144][  0]LogConfig: Setting CVar [[r.SSS.Scale:1]]
[2023.05.03-10.55.43:144][  0]LogConfig: Setting CVar [[r.SSS.SampleSet:2]]
[2023.05.03-10.55.43:144][  0]LogConfig: Setting CVar [[r.SSS.Quality:1]]
[2023.05.03-10.55.43:145][  0]LogConfig: Setting CVar [[r.SSS.HalfRes:0]]
[2023.05.03-10.55.43:145][  0]LogConfig: Setting CVar [[r.SSGI.Quality:3]]
[2023.05.03-10.55.43:145][  0]LogConfig: Setting CVar [[r.EmitterSpawnRateScale:1.0]]
[2023.05.03-10.55.43:145][  0]LogConfig: Setting CVar [[r.ParticleLightQuality:2]]
[2023.05.03-10.55.43:145][  0]LogConfig: Setting CVar [[r.SkyAtmosphere.AerialPerspectiveLUT.FastApplyOnOpaque:1 ; Always have FastSkyLUT 1 in this case to avoid wrong sky]]
[2023.05.03-10.55.43:145][  0]LogConfig: Setting CVar [[r.SkyAtmosphere.AerialPerspectiveLUT.SampleCountMaxPerSlice:4]]
[2023.05.03-10.55.43:145][  0]LogConfig: Setting CVar [[r.SkyAtmosphere.AerialPerspectiveLUT.DepthResolution:16.0]]
[2023.05.03-10.55.43:145][  0]LogConfig: Setting CVar [[r.SkyAtmosphere.FastSkyLUT:1]]
[2023.05.03-10.55.43:145][  0]LogConfig: Setting CVar [[r.SkyAtmosphere.FastSkyLUT.SampleCountMin:4.0]]
[2023.05.03-10.55.43:145][  0]LogConfig: Setting CVar [[r.SkyAtmosphere.FastSkyLUT.SampleCountMax:128.0]]
[2023.05.03-10.55.43:145][  0]LogConfig: Setting CVar [[r.SkyAtmosphere.SampleCountMin:4.0]]
[2023.05.03-10.55.43:145][  0]LogConfig: Setting CVar [[r.SkyAtmosphere.SampleCountMax:128.0]]
[2023.05.03-10.55.43:145][  0]LogConfig: Setting CVar [[r.SkyAtmosphere.TransmittanceLUT.UseSmallFormat:0]]
[2023.05.03-10.55.43:145][  0]LogConfig: Setting CVar [[r.SkyAtmosphere.TransmittanceLUT.SampleCount:10.0]]
[2023.05.03-10.55.43:145][  0]LogConfig: Setting CVar [[r.SkyAtmosphere.MultiScatteringLUT.SampleCount:15.0]]
[2023.05.03-10.55.43:145][  0]LogConfig: Setting CVar [[r.SkyLight.RealTimeReflectionCapture:1]]
[2023.05.03-10.55.43:145][  0]LogConfig: Applying CVar settings from Section [FoliageQuality@3] File [D:/FlixInteractive/MinesweeperClone/MinesweeperClone/Saved/Config/Windows/Scalability.ini]
[2023.05.03-10.55.43:145][  0]LogConfig: Setting CVar [[foliage.DensityScale:1.0]]
[2023.05.03-10.55.43:145][  0]LogConfig: Setting CVar [[grass.DensityScale:1.0]]
[2023.05.03-10.55.43:145][  0]LogConfig: Applying CVar settings from Section [ShadingQuality@3] File [D:/FlixInteractive/MinesweeperClone/MinesweeperClone/Saved/Config/Windows/Scalability.ini]
[2023.05.03-10.55.43:145][  0]LogConfig: Setting CVar [[r.HairStrands.SkyLighting.IntegrationType:2]]
[2023.05.03-10.55.43:145][  0]LogConfig: Setting CVar [[r.HairStrands.SkyAO.SampleCount:4]]
[2023.05.03-10.55.43:145][  0]LogConfig: Setting CVar [[r.HairStrands.Visibility.MSAA.SamplePerPixel:4]]
[2023.05.03-10.55.43:145][  0]LogInit: Selected Device Profile: [Windows]
[2023.05.03-10.55.43:146][  0]LogInit: Applying CVar settings loaded from the selected device profile: [Windows]
[2023.05.03-10.55.43:146][  0]LogHAL: Display: Platform has ~ 64 GB [68622884864 / 68719476736 / 64], which maps to Largest [LargestMinGB=32, LargerMinGB=12, DefaultMinGB=8, SmallerMinGB=6, SmallestMinGB=0)
[2023.05.03-10.55.43:146][  0]LogInit: Going up to parent DeviceProfile []
[2023.05.03-10.55.43:146][  0]LogConfig: Applying CVar settings from Section [ViewDistanceQuality@3] File [D:/FlixInteractive/MinesweeperClone/MinesweeperClone/Saved/Config/Windows/Scalability.ini]
[2023.05.03-10.55.43:146][  0]LogConfig: Setting CVar [[r.SkeletalMeshLODBias:0]]
[2023.05.03-10.55.43:146][  0]LogConfig: Setting CVar [[r.ViewDistanceScale:1.0]]
[2023.05.03-10.55.43:146][  0]LogConfig: Applying CVar settings from Section [AntiAliasingQuality@3] File [D:/FlixInteractive/MinesweeperClone/MinesweeperClone/Saved/Config/Windows/Scalability.ini]
[2023.05.03-10.55.43:146][  0]LogConfig: Setting CVar [[r.PostProcessAAQuality:4]]
[2023.05.03-10.55.43:146][  0]LogConfig: Applying CVar settings from Section [ShadowQuality@3] File [D:/FlixInteractive/MinesweeperClone/MinesweeperClone/Saved/Config/Windows/Scalability.ini]
[2023.05.03-10.55.43:146][  0]LogConfig: Setting CVar [[r.LightFunctionQuality:1]]
[2023.05.03-10.55.43:146][  0]LogConfig: Setting CVar [[r.ShadowQuality:5]]
[2023.05.03-10.55.43:146][  0]LogConfig: Setting CVar [[r.Shadow.CSM.MaxCascades:10]]
[2023.05.03-10.55.43:146][  0]LogConfig: Setting CVar [[r.Shadow.MaxResolution:2048]]
[2023.05.03-10.55.43:146][  0]LogConfig: Setting CVar [[r.Shadow.MaxCSMResolution:2048]]
[2023.05.03-10.55.43:146][  0]LogConfig: Setting CVar [[r.Shadow.RadiusThreshold:0.01]]
[2023.05.03-10.55.43:146][  0]LogConfig: Setting CVar [[r.Shadow.DistanceScale:1.0]]
[2023.05.03-10.55.43:146][  0]LogConfig: Setting CVar [[r.Shadow.CSM.TransitionScale:1.0]]
[2023.05.03-10.55.43:146][  0]LogConfig: Setting CVar [[r.Shadow.PreShadowResolutionFactor:1.0]]
[2023.05.03-10.55.43:146][  0]LogConfig: Setting CVar [[r.DistanceFieldShadowing:1]]
[2023.05.03-10.55.43:146][  0]LogConfig: Setting CVar [[r.DistanceFieldAO:1]]
[2023.05.03-10.55.43:146][  0]LogConfig: Setting CVar [[r.AOQuality:2]]
[2023.05.03-10.55.43:146][  0]LogConfig: Setting CVar [[r.VolumetricFog:1]]
[2023.05.03-10.55.43:146][  0]LogConfig: Setting CVar [[r.VolumetricFog.GridPixelSize:8]]
[2023.05.03-10.55.43:147][  0]LogConfig: Setting CVar [[r.VolumetricFog.GridSizeZ:128]]
[2023.05.03-10.55.43:147][  0]LogConfig: Setting CVar [[r.VolumetricFog.HistoryMissSupersampleCount:4]]
[2023.05.03-10.55.43:147][  0]LogConfig: Setting CVar [[r.LightMaxDrawDistanceScale:1]]
[2023.05.03-10.55.43:147][  0]LogConfig: Setting CVar [[r.CapsuleShadows:1]]
[2023.05.03-10.55.43:147][  0]LogConfig: Applying CVar settings from Section [PostProcessQuality@3] File [D:/FlixInteractive/MinesweeperClone/MinesweeperClone/Saved/Config/Windows/Scalability.ini]
[2023.05.03-10.55.43:147][  0]LogConfig: Setting CVar [[r.MotionBlurQuality:4]]
[2023.05.03-10.55.43:147][  0]LogConfig: Setting CVar [[r.AmbientOcclusionMipLevelFactor:0.4]]
[2023.05.03-10.55.43:147][  0]LogConfig: Setting CVar [[r.AmbientOcclusionMaxQuality:100]]
[2023.05.03-10.55.43:147][  0]LogConfig: Setting CVar [[r.AmbientOcclusionLevels:-1]]
[2023.05.03-10.55.43:147][  0]LogConfig: Setting CVar [[r.AmbientOcclusionRadiusScale:1.0]]
[2023.05.03-10.55.43:147][  0]LogConfig: Setting CVar [[r.DepthOfFieldQuality:2]]
[2023.05.03-10.55.43:147][  0]LogConfig: Setting CVar [[r.RenderTargetPoolMin:400]]
[2023.05.03-10.55.43:147][  0]LogConfig: Setting CVar [[r.LensFlareQuality:2]]
[2023.05.03-10.55.43:147][  0]LogConfig: Setting CVar [[r.SceneColorFringeQuality:1]]
[2023.05.03-10.55.43:147][  0]LogConfig: Setting CVar [[r.EyeAdaptationQuality:2]]
[2023.05.03-10.55.43:147][  0]LogConfig: Setting CVar [[r.BloomQuality:5]]
[2023.05.03-10.55.43:147][  0]LogConfig: Setting CVar [[r.FastBlurThreshold:100]]
[2023.05.03-10.55.43:147][  0]LogConfig: Setting CVar [[r.Upscale.Quality:3]]
[2023.05.03-10.55.43:147][  0]LogConfig: Setting CVar [[r.Tonemapper.GrainQuantization:1]]
[2023.05.03-10.55.43:147][  0]LogConfig: Setting CVar [[r.LightShaftQuality:1]]
[2023.05.03-10.55.43:147][  0]LogConfig: Setting CVar [[r.Filter.SizeScale:1]]
[2023.05.03-10.55.43:147][  0]LogConfig: Setting CVar [[r.Tonemapper.Quality:5]]
[2023.05.03-10.55.43:147][  0]LogConfig: Setting CVar [[r.DOF.Gather.AccumulatorQuality:1        ; higher gathering accumulator quality]]
[2023.05.03-10.55.43:147][  0]LogConfig: Setting CVar [[r.DOF.Gather.PostfilterMethod:1          ; Median3x3 postfilering method]]
[2023.05.03-10.55.43:147][  0]LogConfig: Setting CVar [[r.DOF.Gather.EnableBokehSettings:0       ; no bokeh simulation when gathering]]
[2023.05.03-10.55.43:148][  0]LogConfig: Setting CVar [[r.DOF.Gather.RingCount:4                 ; medium number of samples when gathering]]
[2023.05.03-10.55.43:148][  0]LogConfig: Setting CVar [[r.DOF.Scatter.ForegroundCompositing:1    ; additive foreground scattering]]
[2023.05.03-10.55.43:148][  0]LogConfig: Setting CVar [[r.DOF.Scatter.BackgroundCompositing:2    ; additive background scattering]]
[2023.05.03-10.55.43:148][  0]LogConfig: Setting CVar [[r.DOF.Scatter.EnableBokehSettings:1      ; bokeh simulation when scattering]]
[2023.05.03-10.55.43:148][  0]LogConfig: Setting CVar [[r.DOF.Scatter.MaxSpriteRatio:0.1         ; only a maximum of 10% of scattered bokeh]]
[2023.05.03-10.55.43:148][  0]LogConfig: Setting CVar [[r.DOF.Recombine.Quality:1                ; cheap slight out of focus]]
[2023.05.03-10.55.43:148][  0]LogConfig: Setting CVar [[r.DOF.Recombine.EnableBokehSettings:0    ; no bokeh simulation on slight out of focus]]
[2023.05.03-10.55.43:148][  0]LogConfig: Setting CVar [[r.DOF.TemporalAAQuality:1                ; more stable temporal accumulation]]
[2023.05.03-10.55.43:148][  0]LogConfig: Setting CVar [[r.DOF.Kernel.MaxForegroundRadius:0.025]]
[2023.05.03-10.55.43:148][  0]LogConfig: Setting CVar [[r.DOF.Kernel.MaxBackgroundRadius:0.025]]
[2023.05.03-10.55.43:148][  0]LogConfig: Applying CVar settings from Section [TextureQuality@3] File [D:/FlixInteractive/MinesweeperClone/MinesweeperClone/Saved/Config/Windows/Scalability.ini]
[2023.05.03-10.55.43:148][  0]LogConfig: Setting CVar [[r.Streaming.MipBias:0]]
[2023.05.03-10.55.43:148][  0]LogConfig: Setting CVar [[r.Streaming.AmortizeCPUToGPUCopy:0]]
[2023.05.03-10.55.43:148][  0]LogConfig: Setting CVar [[r.Streaming.MaxNumTexturesToStreamPerFrame:0]]
[2023.05.03-10.55.43:148][  0]LogConfig: Setting CVar [[r.Streaming.Boost:1]]
[2023.05.03-10.55.43:148][  0]LogConfig: Setting CVar [[r.MaxAnisotropy:8]]
[2023.05.03-10.55.43:148][  0]LogConfig: Setting CVar [[r.VT.MaxAnisotropy:8]]
[2023.05.03-10.55.43:148][  0]LogConfig: Setting CVar [[r.Streaming.LimitPoolSizeToVRAM:0]]
[2023.05.03-10.55.43:148][  0]LogConfig: Setting CVar [[r.Streaming.PoolSize:1000]]
[2023.05.03-10.55.43:148][  0]LogConfig: Setting CVar [[r.Streaming.MaxEffectiveScreenSize:0]]
[2023.05.03-10.55.43:148][  0]LogConfig: Applying CVar settings from Section [EffectsQuality@3] File [D:/FlixInteractive/MinesweeperClone/MinesweeperClone/Saved/Config/Windows/Scalability.ini]
[2023.05.03-10.55.43:148][  0]LogConfig: Setting CVar [[r.TranslucencyLightingVolumeDim:64]]
[2023.05.03-10.55.43:148][  0]LogConfig: Setting CVar [[r.RefractionQuality:2]]
[2023.05.03-10.55.43:148][  0]LogConfig: Setting CVar [[r.SSR.Quality:3]]
[2023.05.03-10.55.43:148][  0]LogConfig: Setting CVar [[r.SSR.HalfResSceneColor:0]]
[2023.05.03-10.55.43:149][  0]LogConfig: Setting CVar [[r.SceneColorFormat:4]]
[2023.05.03-10.55.43:149][  0]LogConfig: Setting CVar [[r.DetailMode:2]]
[2023.05.03-10.55.43:149][  0]LogConfig: Setting CVar [[r.TranslucencyVolumeBlur:1]]
[2023.05.03-10.55.43:149][  0]LogConfig: Setting CVar [[r.MaterialQualityLevel:1 ; High quality]]
[2023.05.03-10.55.43:149][  0]LogConfig: Setting CVar [[r.AnisotropicMaterials:1]]
[2023.05.03-10.55.43:149][  0]LogConfig: Setting CVar [[r.SSS.Scale:1]]
[2023.05.03-10.55.43:149][  0]LogConfig: Setting CVar [[r.SSS.SampleSet:2]]
[2023.05.03-10.55.43:149][  0]LogConfig: Setting CVar [[r.SSS.Quality:1]]
[2023.05.03-10.55.43:149][  0]LogConfig: Setting CVar [[r.SSS.HalfRes:0]]
[2023.05.03-10.55.43:149][  0]LogConfig: Setting CVar [[r.SSGI.Quality:3]]
[2023.05.03-10.55.43:149][  0]LogConfig: Setting CVar [[r.EmitterSpawnRateScale:1.0]]
[2023.05.03-10.55.43:149][  0]LogConfig: Setting CVar [[r.ParticleLightQuality:2]]
[2023.05.03-10.55.43:149][  0]LogConfig: Setting CVar [[r.SkyAtmosphere.AerialPerspectiveLUT.FastApplyOnOpaque:1 ; Always have FastSkyLUT 1 in this case to avoid wrong sky]]
[2023.05.03-10.55.43:149][  0]LogConfig: Setting CVar [[r.SkyAtmosphere.AerialPerspectiveLUT.SampleCountMaxPerSlice:4]]
[2023.05.03-10.55.43:149][  0]LogConfig: Setting CVar [[r.SkyAtmosphere.AerialPerspectiveLUT.DepthResolution:16.0]]
[2023.05.03-10.55.43:149][  0]LogConfig: Setting CVar [[r.SkyAtmosphere.FastSkyLUT:1]]
[2023.05.03-10.55.43:149][  0]LogConfig: Setting CVar [[r.SkyAtmosphere.FastSkyLUT.SampleCountMin:4.0]]
[2023.05.03-10.55.43:149][  0]LogConfig: Setting CVar [[r.SkyAtmosphere.FastSkyLUT.SampleCountMax:128.0]]
[2023.05.03-10.55.43:149][  0]LogConfig: Setting CVar [[r.SkyAtmosphere.SampleCountMin:4.0]]
[2023.05.03-10.55.43:149][  0]LogConfig: Setting CVar [[r.SkyAtmosphere.SampleCountMax:128.0]]
[2023.05.03-10.55.43:149][  0]LogConfig: Setting CVar [[r.SkyAtmosphere.TransmittanceLUT.UseSmallFormat:0]]
[2023.05.03-10.55.43:149][  0]LogConfig: Setting CVar [[r.SkyAtmosphere.TransmittanceLUT.SampleCount:10.0]]
[2023.05.03-10.55.43:149][  0]LogConfig: Setting CVar [[r.SkyAtmosphere.MultiScatteringLUT.SampleCount:15.0]]
[2023.05.03-10.55.43:149][  0]LogConfig: Setting CVar [[r.SkyLight.RealTimeReflectionCapture:1]]
[2023.05.03-10.55.43:149][  0]LogConfig: Applying CVar settings from Section [FoliageQuality@3] File [D:/FlixInteractive/MinesweeperClone/MinesweeperClone/Saved/Config/Windows/Scalability.ini]
[2023.05.03-10.55.43:150][  0]LogConfig: Setting CVar [[foliage.DensityScale:1.0]]
[2023.05.03-10.55.43:150][  0]LogConfig: Setting CVar [[grass.DensityScale:1.0]]
[2023.05.03-10.55.43:150][  0]LogConfig: Applying CVar settings from Section [ShadingQuality@3] File [D:/FlixInteractive/MinesweeperClone/MinesweeperClone/Saved/Config/Windows/Scalability.ini]
[2023.05.03-10.55.43:150][  0]LogConfig: Setting CVar [[r.HairStrands.SkyLighting.IntegrationType:2]]
[2023.05.03-10.55.43:150][  0]LogConfig: Setting CVar [[r.HairStrands.SkyAO.SampleCount:4]]
[2023.05.03-10.55.43:150][  0]LogConfig: Setting CVar [[r.HairStrands.Visibility.MSAA.SamplePerPixel:4]]
[2023.05.03-10.55.43:150][  0]LogConfig: Applying CVar settings from Section [Startup] File [../../../Engine/Config/ConsoleVariables.ini]
[2023.05.03-10.55.43:150][  0]LogConfig: Setting CVar [[net.UseAdaptiveNetUpdateFrequency:0]]
[2023.05.03-10.55.43:150][  0]LogConfig: Setting CVar [[p.chaos.AllowCreatePhysxBodies:1]]
[2023.05.03-10.55.43:150][  0]LogConfig: Setting CVar [[fx.SkipVectorVMBackendOptimizations:1]]
[2023.05.03-10.55.43:150][  0]LogConfig: Applying CVar settings from Section [ConsoleVariables] File [D:/FlixInteractive/MinesweeperClone/MinesweeperClone/Saved/Config/Windows/Engine.ini]
[2023.05.03-10.55.43:150][  0]LogConfig: Applying CVar settings from Section [ConsoleVariables] File [D:/FlixInteractive/MinesweeperClone/MinesweeperClone/Saved/Config/Windows/Editor.ini]
[2023.05.03-10.55.43:150][  0]LogInit: Computer: DESKTOP-AGD2073
[2023.05.03-10.55.43:150][  0]LogInit: User: cadia
[2023.05.03-10.55.43:150][  0]LogInit: CPU Page size=4096, Cores=12
[2023.05.03-10.55.43:150][  0]LogInit: High frequency timer resolution =10.000000 MHz
[2023.05.03-10.55.43:151][  0]LogMemory: Memory total: Physical=63.9GB (64GB approx)
[2023.05.03-10.55.43:151][  0]LogMemory: Platform Memory Stats for Windows
[2023.05.03-10.55.43:151][  0]LogMemory: Process Physical Memory: 149.52 MB used, 149.53 MB peak
[2023.05.03-10.55.43:151][  0]LogMemory: Process Virtual Memory: 123.66 MB used, 123.66 MB peak
[2023.05.03-10.55.43:151][  0]LogMemory: Physical Memory: 15099.69 MB used,  50344.20 MB free, 65443.88 MB total
[2023.05.03-10.55.43:151][  0]LogMemory: Virtual Memory: 134163008.00 MB used,  54723.77 MB free, 134217728.00 MB total
[2023.05.03-10.55.43:157][  0]LogWindows: WindowsPlatformFeatures enabled
[2023.05.03-10.55.43:257][  0]LogInit: Physics initialised using underlying interface: PhysX
[2023.05.03-10.55.43:258][  0]LogInit: Using OS detected language (en-GB).
[2023.05.03-10.55.43:258][  0]LogInit: Using OS detected locale (en-GB).
[2023.05.03-10.55.43:260][  0]LogTextLocalizationManager: No specific localization for 'en-GB' exists, so the 'en' localization will be used.
[2023.05.03-10.55.43:392][  0]LogInit: Setting process to per monitor DPI aware
[2023.05.03-10.55.43:408][  0]LogWindowsTextInputMethodSystem: Display: IME system deactivated.
[2023.05.03-10.55.43:428][  0]LogSlate: New Slate User Created.  User Index 0, Is Virtual User: 0
[2023.05.03-10.55.43:428][  0]LogSlate: Slate User Registered.  User Index 0, Is Virtual User: 0
[2023.05.03-10.55.43:603][  0]LogD3D11RHI: Loaded GFSDK_Aftermath_Lib.x64.dll
[2023.05.03-10.55.43:646][  0]LogHMD: Failed to initialize OpenVR with code 126
[2023.05.03-10.55.43:646][  0]LogD3D11RHI: D3D11 min allowed feature level: 11_0
[2023.05.03-10.55.43:646][  0]LogD3D11RHI: D3D11 max allowed feature level: 11_0
[2023.05.03-10.55.43:646][  0]LogD3D11RHI: D3D11 adapters:
[2023.05.03-10.55.43:810][  0]LogD3D11RHI:    0. 'NVIDIA GeForce RTX 3090' (Feature Level 11_0)
[2023.05.03-10.55.43:810][  0]LogD3D11RHI:       24339/0/32721 MB DedicatedVideo/DedicatedSystem/SharedSystem, Outputs:2, VendorId:0x10de
[2023.05.03-10.55.43:813][  0]LogD3D11RHI:    1. 'Microsoft Basic Render Driver' (Feature Level 11_0)
[2023.05.03-10.55.43:813][  0]LogD3D11RHI:       0/0/32721 MB DedicatedVideo/DedicatedSystem/SharedSystem, Outputs:0, VendorId:0x1414
[2023.05.03-10.55.43:813][  0]LogD3D11RHI: Chosen D3D11 Adapter:
[2023.05.03-10.55.43:814][  0]LogD3D11RHI:     Description : NVIDIA GeForce RTX 3090
[2023.05.03-10.55.43:814][  0]LogD3D11RHI:     VendorId    : 10de
[2023.05.03-10.55.43:814][  0]LogD3D11RHI:     DeviceId    : 2204
[2023.05.03-10.55.43:814][  0]LogD3D11RHI:     SubSysId    : 87af1043
[2023.05.03-10.55.43:814][  0]LogD3D11RHI:     Revision    : 00a1
[2023.05.03-10.55.43:814][  0]LogD3D11RHI:     DedicatedVideoMemory : 25521291264 bytes
[2023.05.03-10.55.43:814][  0]LogD3D11RHI:     DedicatedSystemMemory : 0 bytes
[2023.05.03-10.55.43:814][  0]LogD3D11RHI:     SharedSystemMemory : 34311442432 bytes
[2023.05.03-10.55.43:814][  0]LogD3D11RHI:     AdapterLuid : 0 66876
[2023.05.03-10.55.43:822][  0]LogD3D11RHI: Creating new Direct3DDevice
[2023.05.03-10.55.43:822][  0]LogD3D11RHI:     GPU DeviceId: 0x2204 (for the marketing name, search the web for "GPU Device Id")
[2023.05.03-10.55.43:822][  0]LogWindows: EnumDisplayDevices:
[2023.05.03-10.55.43:822][  0]LogWindows:    0. 'NVIDIA GeForce RTX 3090' (P:1 D:1)
[2023.05.03-10.55.43:822][  0]LogWindows:    1. 'NVIDIA GeForce RTX 3090' (P:0 D:1)
[2023.05.03-10.55.43:822][  0]LogWindows:    2. 'NVIDIA GeForce RTX 3090' (P:0 D:0)
[2023.05.03-10.55.43:823][  0]LogWindows:    3. 'NVIDIA GeForce RTX 3090' (P:0 D:0)
[2023.05.03-10.55.43:823][  0]LogWindows: DebugString: FoundDriverCount:4 
[2023.05.03-10.55.43:823][  0]LogD3D11RHI:     Adapter Name: NVIDIA GeForce RTX 3090
[2023.05.03-10.55.43:823][  0]LogD3D11RHI:   Driver Version: 531.68 (internal:31.0.15.3168, unified:531.68)
[2023.05.03-10.55.43:823][  0]LogD3D11RHI:      Driver Date: 4-13-2023
[2023.05.03-10.55.43:823][  0]LogRHI: Texture pool is 17037 MB (70% of 24339 MB)
[2023.05.03-10.55.43:823][  0]LogD3D11RHI: Creating D3DDevice using adapter:
[2023.05.03-10.55.43:823][  0]LogD3D11RHI:     Description : NVIDIA GeForce RTX 3090
[2023.05.03-10.55.43:823][  0]LogD3D11RHI:     VendorId    : 10de
[2023.05.03-10.55.43:823][  0]LogD3D11RHI:     DeviceId    : 2204
[2023.05.03-10.55.43:823][  0]LogD3D11RHI:     SubSysId    : 87af1043
[2023.05.03-10.55.43:823][  0]LogD3D11RHI:     Revision    : 00a1
[2023.05.03-10.55.43:823][  0]LogD3D11RHI:     DedicatedVideoMemory : 25521291264 bytes
[2023.05.03-10.55.43:823][  0]LogD3D11RHI:     DedicatedSystemMemory : 0 bytes
[2023.05.03-10.55.43:823][  0]LogD3D11RHI:     SharedSystemMemory : 34311442432 bytes
[2023.05.03-10.55.43:823][  0]LogD3D11RHI:     AdapterLuid : 0 66876
[2023.05.03-10.55.43:923][  0]LogD3D11RHI: RHI has support for 64 bit atomics
[2023.05.03-10.55.43:924][  0]LogD3D11RHI: Async texture creation enabled
[2023.05.03-10.55.43:924][  0]LogD3D11RHI: Array index from any shader is supported
[2023.05.03-10.55.43:925][  0]LogD3D11RHI: HDR output is supported on display 0 (NvId: 0x80061080).
[2023.05.03-10.55.43:957][  0]LogD3D11RHI: GPU Timing Frequency: 1000.000000 (Debug: 2 2)
[2023.05.03-10.55.43:979][  0]LogRHI: GeForceNow SDK initialized: 1
[2023.05.03-10.55.44:208][  0]LogTargetPlatformManager: Display: Loaded TargetPlatform 'AllDesktop'
[2023.05.03-10.55.44:225][  0]LogTargetPlatformManager: Display: Loaded TargetPlatform 'Android'
[2023.05.03-10.55.44:225][  0]LogTargetPlatformManager: Display: Loaded TargetPlatform 'Android_ASTC'
[2023.05.03-10.55.44:225][  0]LogTargetPlatformManager: Display: Loaded TargetPlatform 'Android_DXT'
[2023.05.03-10.55.44:225][  0]LogTargetPlatformManager: Display: Loaded TargetPlatform 'Android_ETC2'
[2023.05.03-10.55.44:225][  0]LogTargetPlatformManager: Display: Loaded TargetPlatform 'AndroidClient'
[2023.05.03-10.55.44:225][  0]LogTargetPlatformManager: Display: Loaded TargetPlatform 'Android_ASTCClient'
[2023.05.03-10.55.44:225][  0]LogTargetPlatformManager: Display: Loaded TargetPlatform 'Android_DXTClient'
[2023.05.03-10.55.44:225][  0]LogTargetPlatformManager: Display: Loaded TargetPlatform 'Android_ETC2Client'
[2023.05.03-10.55.44:226][  0]LogTargetPlatformManager: Display: Loaded TargetPlatform 'Android_Multi'
[2023.05.03-10.55.44:226][  0]LogTargetPlatformManager: Display: Loaded TargetPlatform 'Android_MultiClient'
[2023.05.03-10.55.44:243][  0]LogTargetPlatformManager: Display: Loaded TargetPlatform 'IOSClient'
[2023.05.03-10.55.44:243][  0]LogTargetPlatformManager: Display: Loaded TargetPlatform 'IOS'
[2023.05.03-10.55.44:252][  0]LogTargetPlatformManager: Display: Loaded TargetPlatform 'Linux'
[2023.05.03-10.55.44:256][  0]LogTargetPlatformManager: Display: Loaded TargetPlatform 'LinuxNoEditor'
[2023.05.03-10.55.44:260][  0]LogTargetPlatformManager: Display: Loaded TargetPlatform 'LinuxClient'
[2023.05.03-10.55.44:265][  0]LogTargetPlatformManager: Display: Loaded TargetPlatform 'LinuxServer'
[2023.05.03-10.55.44:273][  0]LogTargetPlatformManager: Display: Loaded TargetPlatform 'LinuxAArch64NoEditor'
[2023.05.03-10.55.44:277][  0]LogTargetPlatformManager: Display: Loaded TargetPlatform 'LinuxAArch64Client'
[2023.05.03-10.55.44:282][  0]LogTargetPlatformManager: Display: Loaded TargetPlatform 'LinuxAArch64Server'
[2023.05.03-10.55.44:301][  0]LogTargetPlatformManager: Display: Loaded TargetPlatform 'Lumin'
[2023.05.03-10.55.44:301][  0]LogTargetPlatformManager: Display: Loaded TargetPlatform 'LuminClient'
[2023.05.03-10.55.44:309][  0]LogTargetPlatformManager: Display: Loaded TargetPlatform 'MacNoEditor'
[2023.05.03-10.55.44:314][  0]LogTargetPlatformManager: Display: Loaded TargetPlatform 'Mac'
[2023.05.03-10.55.44:319][  0]LogTargetPlatformManager: Display: Loaded TargetPlatform 'MacClient'
[2023.05.03-10.55.44:323][  0]LogTargetPlatformManager: Display: Loaded TargetPlatform 'MacServer'
[2023.05.03-10.55.44:332][  0]LogTargetPlatformManager: Display: Loaded TargetPlatform 'TVOSClient'
[2023.05.03-10.55.44:332][  0]LogTargetPlatformManager: Display: Loaded TargetPlatform 'TVOS'
[2023.05.03-10.55.44:340][  0]LogTargetPlatformManager: Display: Loaded TargetPlatform 'WindowsNoEditor'
[2023.05.03-10.55.44:345][  0]LogTargetPlatformManager: Display: Loaded TargetPlatform 'Windows'
[2023.05.03-10.55.44:349][  0]LogTargetPlatformManager: Display: Loaded TargetPlatform 'WindowsClient'
[2023.05.03-10.55.44:354][  0]LogTargetPlatformManager: Display: Loaded TargetPlatform 'WindowsServer'
[2023.05.03-10.55.44:354][  0]LogTargetPlatformManager: Display: Building Assets For Windows
[2023.05.03-10.55.44:366][  0]LogAudioDebug: Display: Lib vorbis DLL was dynamically loaded.
[2023.05.03-10.55.44:403][  0]LogTextureFormatOodle: Display: Oodle Texture 2.9.0 init RDO Off
[2023.05.03-10.55.44:446][  0]LogRendererCore: Ray tracing is disabled. Reason: r.RayTracing=0.
[2023.05.03-10.55.44:446][  0]LogShaderCompilers: Guid format shader working directory is -19 characters bigger than the processId version (../../../../../FlixInteractive/MinesweeperClone/MinesweeperClone/Intermediate/Shaders/WorkingDirectory/28640/).
[2023.05.03-10.55.44:447][  0]LogShaderCompilers: Cleaned the shader compiler working directory 'C:/Users/cadia/AppData/Local/Temp/UnrealShaderWorkingDir/A4F6320D4111068E4F366BAFB9999CBA/'.
[2023.05.03-10.55.44:447][  0]LogXGEController: Cannot use XGE Controller as Incredibuild is not installed on this machine.
[2023.05.03-10.55.44:447][  0]LogShaderCompilers: Cannot use XGE Shader Compiler as Incredibuild is not installed on this machine.
[2023.05.03-10.55.44:447][  0]LogShaderCompilers: Display: Using Local Shader Compiler.
[2023.05.03-10.55.45:088][  0]LogDerivedDataCache: Display: Max Cache Size: 512 MB
[2023.05.03-10.55.45:134][  0]LogDerivedDataCache: Loaded boot cache 0.05s 94MB C:/Users/cadia/AppData/Local/UnrealEngine/4.27/DerivedDataCache/Boot.ddc.
[2023.05.03-10.55.45:134][  0]LogDerivedDataCache: Display: Loaded Boot cache: C:/Users/cadia/AppData/Local/UnrealEngine/4.27/DerivedDataCache/Boot.ddc
[2023.05.03-10.55.45:134][  0]LogDerivedDataCache: FDerivedDataBackendGraph:  Pak pak cache file ../../../../../FlixInteractive/MinesweeperClone/MinesweeperClone/DerivedDataCache/DDC.ddp not found, will not use a pak cache.
[2023.05.03-10.55.45:134][  0]LogDerivedDataCache: Unable to find inner node Pak for hierarchical cache Hierarchy.
[2023.05.03-10.55.45:134][  0]LogDerivedDataCache: FDerivedDataBackendGraph:  CompressedPak pak cache file ../../../../../FlixInteractive/MinesweeperClone/MinesweeperClone/DerivedDataCache/Compressed.ddp not found, will not use a pak cache.
[2023.05.03-10.55.45:134][  0]LogDerivedDataCache: Unable to find inner node CompressedPak for hierarchical cache Hierarchy.
[2023.05.03-10.55.45:150][  0]LogDerivedDataCache: Display: Pak cache opened for reading ../../../Engine/DerivedDataCache/Compressed.ddp.
[2023.05.03-10.55.45:150][  0]LogDerivedDataCache: FDerivedDataBackendGraph:  EnterprisePak pak cache file ../../../Enterprise/DerivedDataCache/Compressed.ddp not found, will not use a pak cache.
[2023.05.03-10.55.45:150][  0]LogDerivedDataCache: Unable to find inner node EnterprisePak for hierarchical cache Hierarchy.
[2023.05.03-10.55.45:158][  0]LogDerivedDataCache: Speed tests for C:/Users/cadia/AppData/Local/UnrealEngine/Common/DerivedDataCache took 0.01 seconds
[2023.05.03-10.55.45:158][  0]LogDerivedDataCache: Display: Performance to C:/Users/cadia/AppData/Local/UnrealEngine/Common/DerivedDataCache: Latency=0.04ms. RandomReadSpeed=1067.26MBs, RandomWriteSpeed=159.48MBs. Assigned SpeedClass 'Local'
[2023.05.03-10.55.45:159][  0]LogDerivedDataCache: Using Local data cache path C:/Users/cadia/AppData/Local/UnrealEngine/Common/DerivedDataCache: Writable
[2023.05.03-10.55.45:160][  0]LogDerivedDataCache: Shared data cache path not found in *engine.ini, will not use an Shared cache.
[2023.05.03-10.55.45:160][  0]LogDerivedDataCache: Unable to find inner node Shared for hierarchical cache Hierarchy.
[2023.05.03-10.55.45:198][  0]LogSlate: Using FreeType 2.10.0
[2023.05.03-10.55.45:199][  0]LogSlate: SlateFontServices - WITH_FREETYPE: 1, WITH_HARFBUZZ: 1
[2023.05.03-10.55.45:221][  0]LogAssetRegistry: FAssetRegistry took 0.0038 seconds to start up
[2023.05.03-10.55.45:417][  0]LogInit: Selected Device Profile: [Windows]
[2023.05.03-10.55.45:417][  0]LogInit: Active device profile: [0000020A32E00700][0000020A33F76EC0 49] Windows
[2023.05.03-10.55.45:417][  0]LogInit: Profiles: [0000020A32E00700][0000020A33F76EC0 49] Windows, [0000020A32DBB700][0000020A33F8B040 49] WindowsNoEditor, [0000020A32E03300][0000020A317551C0 49] WindowsServer, [0000020A32DB8F00][0000020A31767340 49] WindowsClient, [0000020A32E03500][0000020A3176B4C0 49] IOS, [0000020A32D87F00][0000020A2BAB7640 49] iPadAir, [0000020A32DBBB00][0000020A2BABB7C0 49] iPadAir2, [0000020A32D40500][0000020A2BAC3A80 49] IPadPro, [0000020A32D40600][0000020A2BABFAC0 49] iPadAir3, [0000020A32D84100][0000020A2BAC60C0 49] iPadAir4, [0000020A32D42C00][0000020A2BACA240 49] iPadMini2, [0000020A32D86500][0000020A2BACE3C0 49] iPadMini3, [0000020A32D43400][0000020A2BDC8540 49] iPadMini4, [0000020A32D84F00][0000020A2BDCC6C0 49] iPadMini5, [0000020A32CFFE00][0000020A2BDD0900 49] iPhone6, [0000020A32CFFF00][0000020A33F7A940 49] iPodTouch6, [0000020A32E03900][0000020A33B06B80 49] iPhone7, [0000020A32E02100][0000020A2BDD8BC0 49] iPodTouch7, [0000020A32CFC400][0000020A2BA48D40 49] iPhone5S, [0000020A32D43D00][0000020A2BA4CEC0 49] iPhone6Plus, [0000020A32E03400][0000020A2BDE5040 49] iPhone6S, [0000020A32D42000][0000020A2BDE91C0 49] iPhone6SPlus, [0000020A32E00900][0000020A2BDD5340 49] iPhone7Plus, [0000020A32D40E00][0000020A2BDDD4C0 49] iPhoneSE, [0000020A32E00200][0000020A2BDF9640 49] iPhone8, [0000020A32D42400][0000020A2BDFD7C0 49] iPhone8Plus, [0000020A32E01E00][0000020A2BE01940 49] iPhoneX, [0000020A32D43E00][0000020A33F4DAC0 49] iPhoneXS, [0000020A32E01600][0000020A33F500C0 49] iPhoneXSMax, [0000020A32D42500][0000020A33F54240 49] iPhoneXR, [0000020A32E02A00][0000020A33F583C0 49] iPhone11, [0000020A32D43A00][0000020A33F5C540 49] iPhone11Pro, [0000020A32E00F00][0000020A33F606C0 49] iPhone11ProMax, [0000020A32D42300][0000020A28C4E840 49] iPhoneSE2, [0000020A32E02700][0000020A2BDE0980 49] iPhone12Mini, [0000020A32D40700][0000020A286F2AC0 49] iPhone12, [0000020A32E03100][0000020A33B7CC00 49] iPhone12Pro, [0000020A32D43500][0000020A2DE50D40 49] iPhone12ProMax, [0000020A32E00800][0000020A33F64EC0 49] iPadPro105, [0000020A32D41C00][0000020A33F69040 49] iPadPro129, [0000020A32E00300][0000020A33F6D1C0 49] iPadPro97, [0000020A32D41D00][0000020A33F71340 49] iPadPro2_129, [0000020A32E00C00][0000020A33B2B4C0 49] iPad5, [0000020A32D43000][0000020A33B2F640 49] iPad6, [0000020A32E02C00][0000020A33B337C0 49] iPad7, [0000020A32D42E00][0000020A33B37940 49] iPad8, [0000020A32E01800][0000020A33B3BAC0 49] iPadPro11, [0000020A32D41B00][0000020A33B3E0C0 49] iPadPro2_11, [0000020A32E01500][0000020A33B42240 49] iPadPro3_129, [0000020A32D42700][0000020A33B463C0 49] iPadPro4_129, [0000020A32E00100][0000020A33B4A540 49] AppleTV, [0000020A32D42B00][0000020A33B4E6C0 49] AppleTV4K, [0000020A32E01B00][0000020A33814840 49] TVOS, [0000020A32D40900][0000020A338189C0 49] Mac, [0000020A32E01700][0000020A3381CB40 49] MacClient, [0000020A32D42F00][0000020A2DE54C80 49] MacNoEditor, [0000020A32E00D00][0000020A33820DC0 49] MacServer, [0000020A32D40300][0000020A33824F00 49] Linux, [0000020A32E02E00][0000020A3382D080 49] LinuxAArch64, [0000020A32D41500][0000020A33831200 49] LinuxNoEditor, [0000020A32E02400][0000020A33835380 49] LinuxAArch64NoEditor, [0000020A32D40200][0000020A33839500 49] LinuxClient, [0000020A32E02D00][0000020A3383D680 49] LinuxAArch64Client, [0000020A32D40C00][0000020A33841800 49] LinuxServer, [0000020A32E00400][0000020A33845980 49] LinuxAArch64Server, [0000020A32D41000][0000020A33849B00 49] Android, [0000020A32D87900][0000020A2BA66100 49] Android_Low, [0000020A32CFDB00][0000020A2BA6A280 49] Android_Mid, [0000020A32D87000][0000020A2BA6E400 49] Android_High, [0000020A32CFE300][0000020A2BA72580 49] Android_Default, [0000020A32D86000][0000020A2BA76700 49] Android_Adreno4xx, [0000020A32CFC100][0000020A2BA7A880 49] Android_Adreno5xx_Low, [0000020A32D84B00][0000020A2BA7EA00 49] Android_Adreno5xx, [0000020A32CFD800][0000020A2BA82B80 49] Android_Adreno6xx, [0000020A32D85100][0000020A2BA86D00 49] Android_Adreno6xx_Vulkan, [0000020A32CFC800][0000020A33828E40 49] Android_Mali_T6xx, [0000020A32D87600][0000020A2BA8AF80 49] Android_Mali_T7xx, [0000020A32CFCD00][0000020A2BA8F0C0 49] Android_Mali_T8xx, [0000020A32D87C00][0000020A2BA97240 49] Android_Mali_G71, [0000020A32CFD500][0000020A2BA9B3C0 49] Android_Mali_G72, [0000020A32D87E00][0000020A2BA9F540 49] Android_Mali_G72_Vulkan, [0000020A32CFFD00][0000020A2BAA36C0 49] Android_Mali_G76, [0000020A32D87A00][0000020A2BAA7840 49] Android_Mali_G76_Vulkan, [0000020A32CFF600][0000020A2BAAB9C0 49] Android_Mali_G77, [0000020A32D86200][0000020A2BAAFB40 49] Android_Mali_G77_Vulkan, [0000020A32CFD200][0000020A2BAB2140 49] Android_Mali_G78, [0000020A32D84A00][0000020A33A3E2C0 49] Android_Mali_G78_Vulkan, [0000020A32CFF000][0000020A33A42440 49] Android_Mali_G710, [0000020A32D85400][0000020A33A465C0 49] Android_Mali_G710_Vulkan, [0000020A32CFC700][0000020A33A4A740 49] Android_Vulkan_SM5, [0000020A32D85800][0000020A33A4E8C0 49] Android_PowerVR_G6xxx, [0000020A32CFCE00][0000020A33A52A40 49] Android_PowerVR_GT7xxx, [0000020A32D84200][0000020A33A56BC0 49] Android_PowerVR_GE8xxx, [0000020A32CFC600][0000020A33A5AD40 49] Android_PowerVR_GM9xxx, [0000020A32D86600][0000020A33A5EEC0 49] Android_PowerVR_GM9xxx_Vulkan, [0000020A32D40F00][0000020A2BA93000 49] Android_TegraK1, [0000020A32D86A00][0000020A33A63140 49] Android_Unknown_Vulkan, [0000020A32D40D00][0000020A33A67280 49] Lumin, [0000020A32D85200][0000020A33A6B3C0 49] Lumin_Desktop, [0000020A32D40B00][0000020A33A73540 49] HoloLens, 
[2023.05.03-10.55.45:533][  0]LogMeshReduction: Using QuadricMeshReduction for automatic static mesh reduction
[2023.05.03-10.55.45:533][  0]LogMeshReduction: Using SimplygonMeshReduction for automatic skeletal mesh reduction
[2023.05.03-10.55.45:533][  0]LogMeshReduction: Using ProxyLODMeshReduction for automatic mesh merging
[2023.05.03-10.55.45:533][  0]LogMeshReduction: No distributed automatic mesh merging module available
[2023.05.03-10.55.45:533][  0]LogMeshMerging: No distributed automatic mesh merging module available
[2023.05.03-10.55.45:552][  0]LogNetVersion: MinesweeperClone 1.0.0, NetCL: 17155196, EngineNetVer: 17, GameNetVer: 0 (Checksum: 3520621560)
[2023.05.03-10.55.45:851][  0]LogTexture: Default maximum texture size for cubemaps generated from long-lat sources has been changed from 512 to unlimited. In order to preserve old behaiour for '/Engine/MapTemplates/Sky/DaylightAmbientCubemap.DaylightAmbientCubemap', its maximum texture size has been explicitly set to 512.
[2023.05.03-10.55.45:900][  0]LogHMD: PokeAHoleMaterial loaded successfully
[2023.05.03-10.55.45:905][  0]LogUObjectArray: 17178 objects as part of root set at end of initial load.
[2023.05.03-10.55.45:905][  0]LogUObjectAllocator: 4302048 out of 0 bytes used by permanent object pool.
[2023.05.03-10.55.45:905][  0]LogUObjectArray: CloseDisregardForGC: 0/0 objects in disregard for GC pool
[2023.05.03-10.55.46:174][  0]LogNiagaraDebuggerClient: Niagara Debugger Client Initialized | Session: 635B0FB24EC49876D3F9BABD128045EC | Instance: 36DCA7994CC4D18AF5715597D0069852 (DESKTOP-AGD2073-28640).
[2023.05.03-10.55.46:276][  0]LogPython: Using Python 3.7.7
[2023.05.03-10.55.46:685][  0]LogTcpMessaging: Initializing TcpMessaging bridge
[2023.05.03-10.55.46:694][  0]LogUdpMessaging: Initializing bridge on interface 0.0.0.0:0 to multicast group 230.0.0.1:6666.
[2023.05.03-10.55.46:876][  0]SourceControl: Source control is disabled
[2023.05.03-10.55.46:876][  0]SourceControl: Source control is disabled
[2023.05.03-10.55.46:883][  0]SourceControl: Source control is disabled
[2023.05.03-10.55.46:899][  0]SourceControl: Source control is disabled
[2023.05.03-10.55.46:933][  0]SourceControl: Source control is disabled
[2023.05.03-10.55.46:939][  0]LogUProjectInfo: Found projects:
[2023.05.03-10.55.47:082][  0]LogOpenImageDenoise: OIDN starting up
[2023.05.03-10.55.47:123][  0]LogAndroidPermission: UAndroidPermissionCallbackProxy::GetInstance
[2023.05.03-10.55.47:136][  0]LogAudioCaptureCore: Display: No Audio Capture implementations found. Audio input will be silent.
[2023.05.03-10.55.47:136][  0]LogAudioCaptureCore: Display: No Audio Capture implementations found. Audio input will be silent.
[2023.05.03-10.55.47:251][  0]LogCollectionManager: Loaded 0 collections in 0.000633 seconds
[2023.05.03-10.55.47:276][  0]LogFileCache: Scanning file cache for directory 'D:/FlixInteractive/MinesweeperClone/MinesweeperClone/Saved/Collections/' took 0.00s
[2023.05.03-10.55.47:276][  0]LogFileCache: Scanning file cache for directory 'D:/FlixInteractive/MinesweeperClone/MinesweeperClone/Content/Developers/cadia/Collections/' took 0.00s
[2023.05.03-10.55.47:276][  0]LogFileCache: Scanning file cache for directory 'D:/FlixInteractive/MinesweeperClone/MinesweeperClone/Content/Collections/' took 0.00s
[2023.05.03-10.55.47:276][  0]LogOcInput: OculusInput pre-init called
[2023.05.03-10.55.47:468][  0]LogEngine: Initializing Engine...
[2023.05.03-10.55.47:547][  0]LogHMD: Failed to initialize OpenVR with code 108
[2023.05.03-10.55.47:571][  0]LogHMD: Optional extension XR_VARJO_quad_views is not available
[2023.05.03-10.55.47:571][  0]LogHMD: Warning: Required extension XR_EXT_eye_gaze_interaction is not available
[2023.05.03-10.55.47:571][  0]LogHMD: Could not enable all required OpenXR extensions for OpenXREyeTracker on current system. This plugin will be loaded but ignored, but will be enabled on a target platform that supports the required extension.
[2023.05.03-10.55.47:615][  0]LogHMD: Failed to create an OpenXR instance, result is XR_ERROR_RUNTIME_FAILURE. Please check if you have an OpenXR runtime installed. The following extensions were enabled:
[2023.05.03-10.55.47:615][  0]LogHMD: - XR_KHR_D3D11_enable
[2023.05.03-10.55.47:615][  0]LogHMD: - XR_KHR_D3D12_enable
[2023.05.03-10.55.47:615][  0]LogHMD: - XR_KHR_opengl_enable
[2023.05.03-10.55.47:615][  0]LogHMD: - XR_KHR_vulkan_enable
[2023.05.03-10.55.47:615][  0]LogHMD: - XR_KHR_composition_layer_depth
[2023.05.03-10.55.47:615][  0]LogHMD: - XR_KHR_visibility_mask
[2023.05.03-10.55.47:615][  0]LogHMD: - XR_EXT_hand_tracking
[2023.05.03-10.55.47:615][  0]LogMagicLeap: Warning: VR disabled because ZI is not enabled.  To enable, in the editor, Edit -> Project Settings -> Plugins -> Magic Leap Plugin -> Enable Zero Iteration
[2023.05.03-10.55.47:616][  0]LogStats: UGameplayTagsManager::InitializeManager -  0.000 s
[2023.05.03-10.55.47:712][  0]LogInit: Initializing FReadOnlyCVARCache
[2023.05.03-10.55.47:719][  0]LogAIModule: Creating AISystem for world Untitled
[2023.05.03-10.55.47:720][  0]LogAudio: Display: Initializing Audio Device Manager...
[2023.05.03-10.55.47:724][  0]LogAudio: Display: Loading Default Audio Settings Objects...
[2023.05.03-10.55.47:724][  0]LogAudio: Display: No default SoundConcurrencyObject specified (or failed to load).
[2023.05.03-10.55.47:725][  0]LogAudio: Display: Audio Device Manager Initialized
[2023.05.03-10.55.47:725][  0]LogAudio: Display: Creating Audio Device:                 Id: 1, Scope: Shared, Realtime: True
[2023.05.03-10.55.47:725][  0]LogAudioMixer: Display: Audio Mixer Platform Settings:
[2023.05.03-10.55.47:725][  0]LogAudioMixer: Display: 	Sample Rate:						  48000
[2023.05.03-10.55.47:725][  0]LogAudioMixer: Display: 	Callback Buffer Frame Size Requested: 1024
[2023.05.03-10.55.47:725][  0]LogAudioMixer: Display: 	Callback Buffer Frame Size To Use:	  1024
[2023.05.03-10.55.47:725][  0]LogAudioMixer: Display: 	Number of buffers to queue:			  2
[2023.05.03-10.55.47:725][  0]LogAudioMixer: Display: 	Max Channels (voices):				  32
[2023.05.03-10.55.47:725][  0]LogAudioMixer: Display: 	Number of Async Source Workers:		  0
[2023.05.03-10.55.47:725][  0]LogAudio: Display: AudioDevice MaxSources: 32
[2023.05.03-10.55.47:725][  0]LogAudio: Display: Audio Spatialization Plugin: None (built-in).
[2023.05.03-10.55.47:725][  0]LogAudio: Display: Audio Reverb Plugin: None (built-in).
[2023.05.03-10.55.47:726][  0]LogAudio: Display: Audio Occlusion Plugin: None (built-in).
[2023.05.03-10.55.47:726][  0]LogAudioMixer: Display: Initializing audio mixer.
[2023.05.03-10.55.47:739][  0]LogAudioMixer: Display: 0: FrontLeft
[2023.05.03-10.55.47:739][  0]LogAudioMixer: Display: 1: FrontRight
[2023.05.03-10.55.47:739][  0]LogAudioMixer: Display: 2: FrontCenter
[2023.05.03-10.55.47:739][  0]LogAudioMixer: Display: 3: LowFrequency
[2023.05.03-10.55.47:739][  0]LogAudioMixer: Display: 4: BackLeft
[2023.05.03-10.55.47:739][  0]LogAudioMixer: Display: 5: BackRight
[2023.05.03-10.55.47:739][  0]LogAudioMixer: Display: 6: SideLeft
[2023.05.03-10.55.47:739][  0]LogAudioMixer: Display: 7: SideRight
[2023.05.03-10.55.47:878][  0]LogAudioMixer: Display: Using Audio Device Headset Earphone (CORSAIR VOID ELITE USB Gaming Headset)
[2023.05.03-10.55.47:879][  0]LogAudioMixer: Display: Initializing Sound Submixes...
[2023.05.03-10.55.47:881][  0]LogAudioMixer: Display: Creating Master Submix 'MasterSubmixDefault'
[2023.05.03-10.55.47:881][  0]LogAudioMixer: Display: Creating Master Submix 'MasterReverbSubmixDefault'
[2023.05.03-10.55.47:882][  0]LogAudioMixer: Display: Creating Master Submix 'MasterEQSubmixDefault'
[2023.05.03-10.55.47:882][  0]LogAudioMixer: FMixerPlatformXAudio2::StartAudioStream() called
[2023.05.03-10.55.47:882][  0]LogAudioMixer: Display: Output buffers initialized: Frames=1024, Channels=8, Samples=8192
[2023.05.03-10.55.47:883][  0]LogAudioMixer: Display: Starting AudioMixerPlatformInterface::RunInternal()
[2023.05.03-10.55.47:883][  0]LogAudioMixer: Display: FMixerPlatformXAudio2::SubmitBuffer() called for the first time
[2023.05.03-10.55.47:883][  0]LogInit: FAudioDevice initialized.
[2023.05.03-10.55.47:883][  0]LogAudio: Display: Audio Device (ID: 1) registered with world 'Untitled'.
[2023.05.03-10.55.47:883][  0]LogNetVersion: Set ProjectVersion to 1.0.0.0. Version Checksum will be recalculated on next use.
[2023.05.03-10.55.47:950][  0]LogDerivedDataCache: Saved boot cache 0.07s 94MB C:/Users/cadia/AppData/Local/UnrealEngine/4.27/DerivedDataCache/Boot.ddc.
[2023.05.03-10.55.47:951][  0]LogInit: Texture streaming: Enabled
[2023.05.03-10.55.47:962][  0]LogAnalytics: Display: [UEEditor.Rocket.Release] APIServer = https://datarouter.ol.epicgames.com/. AppVersion = 4.27.2-18319896+++UE4+Release-4.27
[2023.05.03-10.55.47:966][  0]LogEngineSessionManager: EngineSessionManager initialized
[2023.05.03-10.55.47:966][  0]LogEditorSessionSummary: Verbose: Initializing EditorSessionSummaryWriter for editor session tracking
[2023.05.03-10.55.47:967][  0]LogEditorSessionSummary: EditorSessionSummaryWriter initialized
[2023.05.03-10.55.47:985][  0]LogInit: Transaction tracking system initialized
[2023.05.03-10.55.48:007][  0]BlueprintLog: New page: Editor Load
[2023.05.03-10.55.48:062][  0]LocalizationService: Localization service is disabled
[2023.05.03-10.55.48:083][  0]TimingProfiler: Initialize
[2023.05.03-10.55.48:083][  0]TimingProfiler: OnSessionChanged
[2023.05.03-10.55.48:083][  0]LoadingProfiler: Initialize
[2023.05.03-10.55.48:084][  0]LoadingProfiler: OnSessionChanged
[2023.05.03-10.55.48:084][  0]NetworkingProfiler: Initialize
[2023.05.03-10.55.48:084][  0]NetworkingProfiler: OnSessionChanged
[2023.05.03-10.55.48:084][  0]MemoryProfiler: Initialize
[2023.05.03-10.55.48:084][  0]MemoryProfiler: OnSessionChanged
[2023.05.03-10.55.48:200][  0]LogCook: Display: CookSettings for Memory: MemoryMaxUsedVirtual 0MiB, MemoryMaxUsedPhysical 16384MiB, MemoryMinFreeVirtual 0MiB, MemoryMinFreePhysical 1024MiB
[2023.05.03-10.55.48:200][  0]LogCook: Display: Mobile HDR setting 1
[2023.05.03-10.55.48:361][  0]LogFileCache: Scanning file cache for directory 'D:/FlixInteractive/MinesweeperClone/MinesweeperClone/Content/' took 0.00s
[2023.05.03-10.55.48:494][  0]LogInit: Display: Engine is initialized. Leaving FEngineLoop::Init()
[2023.05.03-10.55.48:497][  0]SourceControl: Source control is disabled
[2023.05.03-10.55.48:497][  0]LogUnrealEdMisc: Loading editor; pre map load, took 6.405
[2023.05.03-10.55.48:497][  0]Cmd: MAP LOAD FILE="../../../../../FlixInteractive/MinesweeperClone/MinesweeperClone/Content/PuzzleCPP/Maps/PuzzleExampleMap.umap" TEMPLATE=0 SHOWPROGRESS=1 FEATURELEVEL=3
[2023.05.03-10.55.48:498][  0]LightingResults: New page: Lighting Build
[2023.05.03-10.55.48:499][  0]LogWorld: UWorld::CleanupWorld for Untitled, bSessionEnded=true, bCleanupResources=true
[2023.05.03-10.55.48:499][  0]LogSlate: InvalidateAllWidgets triggered.  All widgets were invalidated
[2023.05.03-10.55.48:499][  0]MapCheck: New page: Map Check
[2023.05.03-10.55.48:499][  0]LightingResults: New page: Lighting Build
[2023.05.03-10.55.48:504][  0]LogAudio: Display: Audio Device unregistered from world 'None'.
[2023.05.03-10.55.48:506][  0]LogUObjectHash: Compacting FUObjectHashTables data took   0.66ms
[2023.05.03-10.55.48:537][  0]LogLinker: Warning: [AssetLog] D:\FlixInteractive\MinesweeperClone\MinesweeperClone\Content\PuzzleCPP\Maps\PuzzleExampleMap.umap: Failed to load '/Game/PuzzleCPP/Maps/PuzzleExampleMap_BuiltData': Can't find file.
[2023.05.03-10.55.48:537][  0]LogLinker: Warning: [AssetLog] D:\FlixInteractive\MinesweeperClone\MinesweeperClone\Content\PuzzleCPP\Maps\PuzzleExampleMap.umap: Failed to load '/Game/PuzzleCPP/Maps/PuzzleExampleMap_BuiltData': Can't find file.
[2023.05.03-10.55.48:538][  0]LogLinker: Warning: [AssetLog] D:\FlixInteractive\MinesweeperClone\MinesweeperClone\Content\PuzzleCPP\Maps\PuzzleExampleMap.umap: Failed to load '/Game/PuzzleCPP/Maps/PuzzleExampleMap_BuiltData': Can't find file.
[2023.05.03-10.55.48:538][  0]LogLinker: Warning: Failed to load '/Game/PuzzleCPP/Maps/PuzzleExampleMap_BuiltData': Can't find file.
[2023.05.03-10.55.48:538][  0]LogLinker: Warning: Failed to load '/Game/PuzzleCPP/Maps/PuzzleExampleMap_BuiltData': Can't find file.
[2023.05.03-10.55.48:541][  0]LogLinker: Warning: [AssetLog] D:\FlixInteractive\MinesweeperClone\MinesweeperClone\Content\PuzzleCPP\Maps\PuzzleExampleMap.umap: Failed to load '/Game/PuzzleCPP/Maps/PuzzleExampleMap_BuiltData': Can't find file.
[2023.05.03-10.55.48:541][  0]LoadErrors: Failed to load /Game/PuzzleCPP/Maps/PuzzleExampleMap_BuiltData.PuzzleExampleMap_BuiltData Referenced by PersistentLevel
[2023.05.03-10.55.48:551][  0]LogAudio: Display: Audio Device (ID: 1) registered with world 'PuzzleExampleMap'.
[2023.05.03-10.55.48:552][  0]LogAIModule: Creating AISystem for world PuzzleExampleMap
[2023.05.03-10.55.48:555][  0]LogEditorServer: Finished looking for orphan Actors (0.000 secs)
[2023.05.03-10.55.48:588][  0]LogUObjectHash: Compacting FUObjectHashTables data took   0.75ms
[2023.05.03-10.55.48:588][  0]Cmd: MAP CHECKDEP NOCLEARLOG
[2023.05.03-10.55.48:588][  0]MapCheck: Map check complete: 0 Error(s), 0 Warning(s), took 0.079ms to complete.
[2023.05.03-10.55.48:589][  0]LogFileHelpers: Loading map 'PuzzleExampleMap' took 0.091
[2023.05.03-10.55.48:591][  0]LogUnrealEdMisc: Total Editor Startup Time, took 6.499
[2023.05.03-10.55.48:693][  0]LogSlate: Updating window title bar state: overlay mode, drag disabled, window buttons hidden, title bar hidden
[2023.05.03-10.55.48:698][  0]LogSlate: Updating window title bar state: overlay mode, drag disabled, window buttons hidden, title bar hidden
[2023.05.03-10.55.48:702][  0]LogSlate: Updating window title bar state: overlay mode, drag disabled, window buttons hidden, title bar hidden
[2023.05.03-10.55.48:709][  0]LogSlate: Updating window title bar state: overlay mode, drag disabled, window buttons hidden, title bar hidden
[2023.05.03-10.55.48:720][  0]LogNativeClassHierarchy: Verbose: Native class hierarchy populated in 0.0078 seconds. Added 3830 classes and 931 folders.
[2023.05.03-10.55.48:721][  0]LogNativeClassHierarchy: Verbose: Native class hierarchy updated for 'WidgetCarousel' in 0.0002 seconds. Added 0 classes and 0 folders.
[2023.05.03-10.55.48:723][  0]LogPakFile: PakFile PrimaryIndexSize=187
[2023.05.03-10.55.48:723][  0]LogPakFile: PakFile PathHashIndexSize=101
[2023.05.03-10.55.48:723][  0]LogPakFile: PakFile FullDirectoryIndexSize=148
[2023.05.03-10.55.48:723][  0]LogShaderLibrary: Display: ShaderCodeLibraryPakFileMountedCallback: PakFile 'D:/EpicGames/UE_4.27/FeaturePacks/FP_FirstPerson.upack' (chunk index -1, root 'root:/') mounted
[2023.05.03-10.55.48:723][  0]LogShaderLibrary: Display: ShaderCodeLibraryPakFileMountedCallback: pending pak file info (ChunkID:-1 Root:root:/ File:D:/EpicGames/UE_4.27/FeaturePacks/FP_FirstPerson.upack)
[2023.05.03-10.55.48:723][  0]LogPakFile: OnPakFileMounted2Time == 0.000125
[2023.05.03-10.55.48:724][  0]LogPakFile: PakFile PrimaryIndexSize=189
[2023.05.03-10.55.48:724][  0]LogPakFile: PakFile PathHashIndexSize=101
[2023.05.03-10.55.48:724][  0]LogPakFile: PakFile FullDirectoryIndexSize=152
[2023.05.03-10.55.48:724][  0]LogShaderLibrary: Display: ShaderCodeLibraryPakFileMountedCallback: PakFile 'D:/EpicGames/UE_4.27/FeaturePacks/FP_FirstPersonBP.upack' (chunk index -1, root 'root:/') mounted
[2023.05.03-10.55.48:724][  0]LogShaderLibrary: Display: ShaderCodeLibraryPakFileMountedCallback: pending pak file info (ChunkID:-1 Root:root:/ File:D:/EpicGames/UE_4.27/FeaturePacks/FP_FirstPersonBP.upack)
[2023.05.03-10.55.48:724][  0]LogPakFile: OnPakFileMounted2Time == 0.000106
[2023.05.03-10.55.48:725][  0]LogPakFile: PakFile PrimaryIndexSize=191
[2023.05.03-10.55.48:725][  0]LogPakFile: PakFile PathHashIndexSize=101
[2023.05.03-10.55.48:725][  0]LogPakFile: PakFile FullDirectoryIndexSize=160
[2023.05.03-10.55.48:725][  0]LogShaderLibrary: Display: ShaderCodeLibraryPakFileMountedCallback: PakFile 'D:/EpicGames/UE_4.27/FeaturePacks/MobileStarterContent.upack' (chunk index -1, root 'root:/') mounted
[2023.05.03-10.55.48:725][  0]LogShaderLibrary: Display: ShaderCodeLibraryPakFileMountedCallback: pending pak file info (ChunkID:-1 Root:root:/ File:D:/EpicGames/UE_4.27/FeaturePacks/MobileStarterContent.upack)
[2023.05.03-10.55.48:725][  0]LogPakFile: OnPakFileMounted2Time == 0.000106
[2023.05.03-10.55.48:725][  0]LogPakFile: PakFile PrimaryIndexSize=185
[2023.05.03-10.55.48:726][  0]LogPakFile: PakFile PathHashIndexSize=101
[2023.05.03-10.55.48:726][  0]LogPakFile: PakFile FullDirectoryIndexSize=148
[2023.05.03-10.55.48:726][  0]LogShaderLibrary: Display: ShaderCodeLibraryPakFileMountedCallback: PakFile 'D:/EpicGames/UE_4.27/FeaturePacks/StarterContent.upack' (chunk index -1, root 'root:/') mounted
[2023.05.03-10.55.48:726][  0]LogShaderLibrary: Display: ShaderCodeLibraryPakFileMountedCallback: pending pak file info (ChunkID:-1 Root:root:/ File:D:/EpicGames/UE_4.27/FeaturePacks/StarterContent.upack)
[2023.05.03-10.55.48:726][  0]LogPakFile: OnPakFileMounted2Time == 0.000100
[2023.05.03-10.55.48:726][  0]LogPakFile: PakFile PrimaryIndexSize=190
[2023.05.03-10.55.48:726][  0]LogPakFile: PakFile PathHashIndexSize=101
[2023.05.03-10.55.48:726][  0]LogPakFile: PakFile FullDirectoryIndexSize=154
[2023.05.03-10.55.48:726][  0]LogShaderLibrary: Display: ShaderCodeLibraryPakFileMountedCallback: PakFile 'D:/EpicGames/UE_4.27/FeaturePacks/TP_2DSideScroller.upack' (chunk index -1, root 'root:/') mounted
[2023.05.03-10.55.48:727][  0]LogShaderLibrary: Display: ShaderCodeLibraryPakFileMountedCallback: pending pak file info (ChunkID:-1 Root:root:/ File:D:/EpicGames/UE_4.27/FeaturePacks/TP_2DSideScroller.upack)
[2023.05.03-10.55.48:727][  0]LogPakFile: OnPakFileMounted2Time == 0.000106
[2023.05.03-10.55.48:727][  0]LogPakFile: PakFile PrimaryIndexSize=192
[2023.05.03-10.55.48:727][  0]LogPakFile: PakFile PathHashIndexSize=101
[2023.05.03-10.55.48:727][  0]LogPakFile: PakFile FullDirectoryIndexSize=158
[2023.05.03-10.55.48:727][  0]LogShaderLibrary: Display: ShaderCodeLibraryPakFileMountedCallback: PakFile 'D:/EpicGames/UE_4.27/FeaturePacks/TP_2DSideScrollerBP.upack' (chunk index -1, root 'root:/') mounted
[2023.05.03-10.55.48:727][  0]LogShaderLibrary: Display: ShaderCodeLibraryPakFileMountedCallback: pending pak file info (ChunkID:-1 Root:root:/ File:D:/EpicGames/UE_4.27/FeaturePacks/TP_2DSideScrollerBP.upack)
[2023.05.03-10.55.48:727][  0]LogPakFile: OnPakFileMounted2Time == 0.000106
[2023.05.03-10.55.48:728][  0]LogPakFile: PakFile PrimaryIndexSize=182
[2023.05.03-10.55.48:728][  0]LogPakFile: PakFile PathHashIndexSize=101
[2023.05.03-10.55.48:728][  0]LogPakFile: PakFile FullDirectoryIndexSize=138
[2023.05.03-10.55.48:728][  0]LogShaderLibrary: Display: ShaderCodeLibraryPakFileMountedCallback: PakFile 'D:/EpicGames/UE_4.27/FeaturePacks/TP_Flying.upack' (chunk index -1, root 'root:/') mounted
[2023.05.03-10.55.48:728][  0]LogShaderLibrary: Display: ShaderCodeLibraryPakFileMountedCallback: pending pak file info (ChunkID:-1 Root:root:/ File:D:/EpicGames/UE_4.27/FeaturePacks/TP_Flying.upack)
[2023.05.03-10.55.48:728][  0]LogPakFile: OnPakFileMounted2Time == 0.000094
[2023.05.03-10.55.48:729][  0]LogPakFile: PakFile PrimaryIndexSize=184
[2023.05.03-10.55.48:729][  0]LogPakFile: PakFile PathHashIndexSize=101
[2023.05.03-10.55.48:729][  0]LogPakFile: PakFile FullDirectoryIndexSize=142
[2023.05.03-10.55.48:729][  0]LogShaderLibrary: Display: ShaderCodeLibraryPakFileMountedCallback: PakFile 'D:/EpicGames/UE_4.27/FeaturePacks/TP_FlyingBP.upack' (chunk index -1, root 'root:/') mounted
[2023.05.03-10.55.48:729][  0]LogShaderLibrary: Display: ShaderCodeLibraryPakFileMountedCallback: pending pak file info (ChunkID:-1 Root:root:/ File:D:/EpicGames/UE_4.27/FeaturePacks/TP_FlyingBP.upack)
[2023.05.03-10.55.48:729][  0]LogPakFile: OnPakFileMounted2Time == 0.000096
[2023.05.03-10.55.48:730][  0]LogPakFile: PakFile PrimaryIndexSize=188
[2023.05.03-10.55.48:730][  0]LogPakFile: PakFile PathHashIndexSize=101
[2023.05.03-10.55.48:730][  0]LogPakFile: PakFile FullDirectoryIndexSize=150
[2023.05.03-10.55.48:730][  0]LogShaderLibrary: Display: ShaderCodeLibraryPakFileMountedCallback: PakFile 'D:/EpicGames/UE_4.27/FeaturePacks/TP_HandheldARBP.upack' (chunk index -1, root 'root:/') mounted
[2023.05.03-10.55.48:730][  0]LogShaderLibrary: Display: ShaderCodeLibraryPakFileMountedCallback: pending pak file info (ChunkID:-1 Root:root:/ File:D:/EpicGames/UE_4.27/FeaturePacks/TP_HandheldARBP.upack)
[2023.05.03-10.55.48:730][  0]LogPakFile: OnPakFileMounted2Time == 0.000104
[2023.05.03-10.55.48:731][  0]LogPakFile: PakFile PrimaryIndexSize=182
[2023.05.03-10.55.48:731][  0]LogPakFile: PakFile PathHashIndexSize=101
[2023.05.03-10.55.48:731][  0]LogPakFile: PakFile FullDirectoryIndexSize=138
[2023.05.03-10.55.48:731][  0]LogShaderLibrary: Display: ShaderCodeLibraryPakFileMountedCallback: PakFile 'D:/EpicGames/UE_4.27/FeaturePacks/TP_Puzzle.upack' (chunk index -1, root 'root:/') mounted
[2023.05.03-10.55.48:731][  0]LogShaderLibrary: Display: ShaderCodeLibraryPakFileMountedCallback: pending pak file info (ChunkID:-1 Root:root:/ File:D:/EpicGames/UE_4.27/FeaturePacks/TP_Puzzle.upack)
[2023.05.03-10.55.48:731][  0]LogPakFile: OnPakFileMounted2Time == 0.000104
[2023.05.03-10.55.48:732][  0]LogPakFile: PakFile PrimaryIndexSize=184
[2023.05.03-10.55.48:732][  0]LogPakFile: PakFile PathHashIndexSize=101
[2023.05.03-10.55.48:732][  0]LogPakFile: PakFile FullDirectoryIndexSize=142
[2023.05.03-10.55.48:732][  0]LogShaderLibrary: Display: ShaderCodeLibraryPakFileMountedCallback: PakFile 'D:/EpicGames/UE_4.27/FeaturePacks/TP_PuzzleBP.upack' (chunk index -1, root 'root:/') mounted
[2023.05.03-10.55.48:732][  0]LogShaderLibrary: Display: ShaderCodeLibraryPakFileMountedCallback: pending pak file info (ChunkID:-1 Root:root:/ File:D:/EpicGames/UE_4.27/FeaturePacks/TP_PuzzleBP.upack)
[2023.05.03-10.55.48:732][  0]LogPakFile: OnPakFileMounted2Time == 0.000096
[2023.05.03-10.55.48:732][  0]LogPakFile: PakFile PrimaryIndexSize=183
[2023.05.03-10.55.48:733][  0]LogPakFile: PakFile PathHashIndexSize=101
[2023.05.03-10.55.48:733][  0]LogPakFile: PakFile FullDirectoryIndexSize=140
[2023.05.03-10.55.48:733][  0]LogShaderLibrary: Display: ShaderCodeLibraryPakFileMountedCallback: PakFile 'D:/EpicGames/UE_4.27/FeaturePacks/TP_Rolling.upack' (chunk index -1, root 'root:/') mounted
[2023.05.03-10.55.48:733][  0]LogShaderLibrary: Display: ShaderCodeLibraryPakFileMountedCallback: pending pak file info (ChunkID:-1 Root:root:/ File:D:/EpicGames/UE_4.27/FeaturePacks/TP_Rolling.upack)
[2023.05.03-10.55.48:733][  0]LogPakFile: OnPakFileMounted2Time == 0.000103
[2023.05.03-10.55.48:733][  0]LogPakFile: PakFile PrimaryIndexSize=185
[2023.05.03-10.55.48:733][  0]LogPakFile: PakFile PathHashIndexSize=101
[2023.05.03-10.55.48:734][  0]LogPakFile: PakFile FullDirectoryIndexSize=144
[2023.05.03-10.55.48:734][  0]LogShaderLibrary: Display: ShaderCodeLibraryPakFileMountedCallback: PakFile 'D:/EpicGames/UE_4.27/FeaturePacks/TP_RollingBP.upack' (chunk index -1, root 'root:/') mounted
[2023.05.03-10.55.48:734][  0]LogShaderLibrary: Display: ShaderCodeLibraryPakFileMountedCallback: pending pak file info (ChunkID:-1 Root:root:/ File:D:/EpicGames/UE_4.27/FeaturePacks/TP_RollingBP.upack)
[2023.05.03-10.55.48:734][  0]LogPakFile: OnPakFileMounted2Time == 0.000100
[2023.05.03-10.55.48:734][  0]LogPakFile: PakFile PrimaryIndexSize=188
[2023.05.03-10.55.48:734][  0]LogPakFile: PakFile PathHashIndexSize=101
[2023.05.03-10.55.48:734][  0]LogPakFile: PakFile FullDirectoryIndexSize=150
[2023.05.03-10.55.48:734][  0]LogShaderLibrary: Display: ShaderCodeLibraryPakFileMountedCallback: PakFile 'D:/EpicGames/UE_4.27/FeaturePacks/TP_SideScroller.upack' (chunk index -1, root 'root:/') mounted
[2023.05.03-10.55.48:735][  0]LogShaderLibrary: Display: ShaderCodeLibraryPakFileMountedCallback: pending pak file info (ChunkID:-1 Root:root:/ File:D:/EpicGames/UE_4.27/FeaturePacks/TP_SideScroller.upack)
[2023.05.03-10.55.48:735][  0]LogPakFile: OnPakFileMounted2Time == 0.000115
[2023.05.03-10.55.48:735][  0]LogPakFile: PakFile PrimaryIndexSize=190
[2023.05.03-10.55.48:735][  0]LogPakFile: PakFile PathHashIndexSize=101
[2023.05.03-10.55.48:735][  0]LogPakFile: PakFile FullDirectoryIndexSize=154
[2023.05.03-10.55.48:735][  0]LogShaderLibrary: Display: ShaderCodeLibraryPakFileMountedCallback: PakFile 'D:/EpicGames/UE_4.27/FeaturePacks/TP_SideScrollerBP.upack' (chunk index -1, root 'root:/') mounted
[2023.05.03-10.55.48:735][  0]LogShaderLibrary: Display: ShaderCodeLibraryPakFileMountedCallback: pending pak file info (ChunkID:-1 Root:root:/ File:D:/EpicGames/UE_4.27/FeaturePacks/TP_SideScrollerBP.upack)
[2023.05.03-10.55.48:735][  0]LogPakFile: OnPakFileMounted2Time == 0.000102
[2023.05.03-10.55.48:736][  0]LogPakFile: PakFile PrimaryIndexSize=187
[2023.05.03-10.55.48:736][  0]LogPakFile: PakFile PathHashIndexSize=101
[2023.05.03-10.55.48:736][  0]LogPakFile: PakFile FullDirectoryIndexSize=148
[2023.05.03-10.55.48:736][  0]LogShaderLibrary: Display: ShaderCodeLibraryPakFileMountedCallback: PakFile 'D:/EpicGames/UE_4.27/FeaturePacks/TP_ThirdPerson.upack' (chunk index -1, root 'root:/') mounted
[2023.05.03-10.55.48:736][  0]LogShaderLibrary: Display: ShaderCodeLibraryPakFileMountedCallback: pending pak file info (ChunkID:-1 Root:root:/ File:D:/EpicGames/UE_4.27/FeaturePacks/TP_ThirdPerson.upack)
[2023.05.03-10.55.48:736][  0]LogPakFile: OnPakFileMounted2Time == 0.000102
[2023.05.03-10.55.48:737][  0]LogPakFile: PakFile PrimaryIndexSize=189
[2023.05.03-10.55.48:737][  0]LogPakFile: PakFile PathHashIndexSize=101
[2023.05.03-10.55.48:737][  0]LogPakFile: PakFile FullDirectoryIndexSize=152
[2023.05.03-10.55.48:737][  0]LogShaderLibrary: Display: ShaderCodeLibraryPakFileMountedCallback: PakFile 'D:/EpicGames/UE_4.27/FeaturePacks/TP_ThirdPersonBP.upack' (chunk index -1, root 'root:/') mounted
[2023.05.03-10.55.48:737][  0]LogShaderLibrary: Display: ShaderCodeLibraryPakFileMountedCallback: pending pak file info (ChunkID:-1 Root:root:/ File:D:/EpicGames/UE_4.27/FeaturePacks/TP_ThirdPersonBP.upack)
[2023.05.03-10.55.48:737][  0]LogPakFile: OnPakFileMounted2Time == 0.000095
[2023.05.03-10.55.48:738][  0]LogPakFile: PakFile PrimaryIndexSize=183
[2023.05.03-10.55.48:738][  0]LogPakFile: PakFile PathHashIndexSize=101
[2023.05.03-10.55.48:738][  0]LogPakFile: PakFile FullDirectoryIndexSize=140
[2023.05.03-10.55.48:738][  0]LogShaderLibrary: Display: ShaderCodeLibraryPakFileMountedCallback: PakFile 'D:/EpicGames/UE_4.27/FeaturePacks/TP_TopDown.upack' (chunk index -1, root 'root:/') mounted
[2023.05.03-10.55.48:738][  0]LogShaderLibrary: Display: ShaderCodeLibraryPakFileMountedCallback: pending pak file info (ChunkID:-1 Root:root:/ File:D:/EpicGames/UE_4.27/FeaturePacks/TP_TopDown.upack)
[2023.05.03-10.55.48:738][  0]LogPakFile: OnPakFileMounted2Time == 0.000110
[2023.05.03-10.55.48:739][  0]LogPakFile: PakFile PrimaryIndexSize=185
[2023.05.03-10.55.48:739][  0]LogPakFile: PakFile PathHashIndexSize=101
[2023.05.03-10.55.48:739][  0]LogPakFile: PakFile FullDirectoryIndexSize=144
[2023.05.03-10.55.48:739][  0]LogShaderLibrary: Display: ShaderCodeLibraryPakFileMountedCallback: PakFile 'D:/EpicGames/UE_4.27/FeaturePacks/TP_TopDownBP.upack' (chunk index -1, root 'root:/') mounted
[2023.05.03-10.55.48:739][  0]LogShaderLibrary: Display: ShaderCodeLibraryPakFileMountedCallback: pending pak file info (ChunkID:-1 Root:root:/ File:D:/EpicGames/UE_4.27/FeaturePacks/TP_TopDownBP.upack)
[2023.05.03-10.55.48:739][  0]LogPakFile: OnPakFileMounted2Time == 0.000102
[2023.05.03-10.55.48:739][  0]LogPakFile: PakFile PrimaryIndexSize=185
[2023.05.03-10.55.48:740][  0]LogPakFile: PakFile PathHashIndexSize=101
[2023.05.03-10.55.48:740][  0]LogPakFile: PakFile FullDirectoryIndexSize=144
[2023.05.03-10.55.48:740][  0]LogShaderLibrary: Display: ShaderCodeLibraryPakFileMountedCallback: PakFile 'D:/EpicGames/UE_4.27/FeaturePacks/TP_TwinStick.upack' (chunk index -1, root 'root:/') mounted
[2023.05.03-10.55.48:740][  0]LogShaderLibrary: Display: ShaderCodeLibraryPakFileMountedCallback: pending pak file info (ChunkID:-1 Root:root:/ File:D:/EpicGames/UE_4.27/FeaturePacks/TP_TwinStick.upack)
[2023.05.03-10.55.48:740][  0]LogPakFile: OnPakFileMounted2Time == 0.000094
[2023.05.03-10.55.48:740][  0]LogPakFile: PakFile PrimaryIndexSize=187
[2023.05.03-10.55.48:740][  0]LogPakFile: PakFile PathHashIndexSize=101
[2023.05.03-10.55.48:740][  0]LogPakFile: PakFile FullDirectoryIndexSize=148
[2023.05.03-10.55.48:740][  0]LogShaderLibrary: Display: ShaderCodeLibraryPakFileMountedCallback: PakFile 'D:/EpicGames/UE_4.27/FeaturePacks/TP_TwinStickBP.upack' (chunk index -1, root 'root:/') mounted
[2023.05.03-10.55.48:741][  0]LogShaderLibrary: Display: ShaderCodeLibraryPakFileMountedCallback: pending pak file info (ChunkID:-1 Root:root:/ File:D:/EpicGames/UE_4.27/FeaturePacks/TP_TwinStickBP.upack)
[2023.05.03-10.55.48:741][  0]LogPakFile: OnPakFileMounted2Time == 0.000099
[2023.05.03-10.55.48:741][  0]LogPakFile: PakFile PrimaryIndexSize=183
[2023.05.03-10.55.48:741][  0]LogPakFile: PakFile PathHashIndexSize=101
[2023.05.03-10.55.48:741][  0]LogPakFile: PakFile FullDirectoryIndexSize=140
[2023.05.03-10.55.48:741][  0]LogShaderLibrary: Display: ShaderCodeLibraryPakFileMountedCallback: PakFile 'D:/EpicGames/UE_4.27/FeaturePacks/TP_Vehicle.upack' (chunk index -1, root 'root:/') mounted
[2023.05.03-10.55.48:741][  0]LogShaderLibrary: Display: ShaderCodeLibraryPakFileMountedCallback: pending pak file info (ChunkID:-1 Root:root:/ File:D:/EpicGames/UE_4.27/FeaturePacks/TP_Vehicle.upack)
[2023.05.03-10.55.48:741][  0]LogPakFile: OnPakFileMounted2Time == 0.000094
[2023.05.03-10.55.48:742][  0]LogPakFile: PakFile PrimaryIndexSize=186
[2023.05.03-10.55.48:742][  0]LogPakFile: PakFile PathHashIndexSize=101
[2023.05.03-10.55.48:742][  0]LogPakFile: PakFile FullDirectoryIndexSize=146
[2023.05.03-10.55.48:742][  0]LogShaderLibrary: Display: ShaderCodeLibraryPakFileMountedCallback: PakFile 'D:/EpicGames/UE_4.27/FeaturePacks/TP_VehicleAdv.upack' (chunk index -1, root 'root:/') mounted
[2023.05.03-10.55.48:742][  0]LogShaderLibrary: Display: ShaderCodeLibraryPakFileMountedCallback: pending pak file info (ChunkID:-1 Root:root:/ File:D:/EpicGames/UE_4.27/FeaturePacks/TP_VehicleAdv.upack)
[2023.05.03-10.55.48:742][  0]LogPakFile: OnPakFileMounted2Time == 0.000102
[2023.05.03-10.55.48:743][  0]LogPakFile: PakFile PrimaryIndexSize=188
[2023.05.03-10.55.48:743][  0]LogPakFile: PakFile PathHashIndexSize=101
[2023.05.03-10.55.48:743][  0]LogPakFile: PakFile FullDirectoryIndexSize=150
[2023.05.03-10.55.48:743][  0]LogShaderLibrary: Display: ShaderCodeLibraryPakFileMountedCallback: PakFile 'D:/EpicGames/UE_4.27/FeaturePacks/TP_VehicleAdvBP.upack' (chunk index -1, root 'root:/') mounted
[2023.05.03-10.55.48:743][  0]LogShaderLibrary: Display: ShaderCodeLibraryPakFileMountedCallback: pending pak file info (ChunkID:-1 Root:root:/ File:D:/EpicGames/UE_4.27/FeaturePacks/TP_VehicleAdvBP.upack)
[2023.05.03-10.55.48:743][  0]LogPakFile: OnPakFileMounted2Time == 0.000097
[2023.05.03-10.55.48:744][  0]LogPakFile: PakFile PrimaryIndexSize=185
[2023.05.03-10.55.48:744][  0]LogPakFile: PakFile PathHashIndexSize=101
[2023.05.03-10.55.48:744][  0]LogPakFile: PakFile FullDirectoryIndexSize=144
[2023.05.03-10.55.48:744][  0]LogShaderLibrary: Display: ShaderCodeLibraryPakFileMountedCallback: PakFile 'D:/EpicGames/UE_4.27/FeaturePacks/TP_VehicleBP.upack' (chunk index -1, root 'root:/') mounted
[2023.05.03-10.55.48:744][  0]LogShaderLibrary: Display: ShaderCodeLibraryPakFileMountedCallback: pending pak file info (ChunkID:-1 Root:root:/ File:D:/EpicGames/UE_4.27/FeaturePacks/TP_VehicleBP.upack)
[2023.05.03-10.55.48:744][  0]LogPakFile: OnPakFileMounted2Time == 0.000104
[2023.05.03-10.55.48:745][  0]LogPakFile: PakFile PrimaryIndexSize=192
[2023.05.03-10.55.48:745][  0]LogPakFile: PakFile PathHashIndexSize=101
[2023.05.03-10.55.48:745][  0]LogPakFile: PakFile FullDirectoryIndexSize=158
[2023.05.03-10.55.48:745][  0]LogShaderLibrary: Display: ShaderCodeLibraryPakFileMountedCallback: PakFile 'D:/EpicGames/UE_4.27/FeaturePacks/TP_VirtualRealityBP.upack' (chunk index -1, root 'root:/') mounted
[2023.05.03-10.55.48:745][  0]LogShaderLibrary: Display: ShaderCodeLibraryPakFileMountedCallback: pending pak file info (ChunkID:-1 Root:root:/ File:D:/EpicGames/UE_4.27/FeaturePacks/TP_VirtualRealityBP.upack)
[2023.05.03-10.55.48:745][  0]LogPakFile: OnPakFileMounted2Time == 0.000098
[2023.05.03-10.55.48:798][  0]LogNativeClassHierarchy: Verbose: Native class hierarchy updated for 'AddContentDialog' in 0.0003 seconds. Added 0 classes and 0 folders.
[2023.05.03-10.55.48:799][  0]LogNativeClassHierarchy: Verbose: Native class hierarchy updated for 'SceneOutliner' in 0.0002 seconds. Added 2 classes and 0 folders.
[2023.05.03-10.55.48:817][  0]LogSlate: Took 0.000164 seconds to synchronously load lazily loaded font '../../../Engine/Content/Slate/Fonts/Roboto-Regular.ttf' (155K)
[2023.05.03-10.55.48:818][  0]LogSlate: Took 0.000136 seconds to synchronously load lazily loaded font '../../../Engine/Content/Editor/Slate/Fonts/FontAwesome.ttf' (139K)
[2023.05.03-10.55.48:819][  0]LogSlate: Took 0.000136 seconds to synchronously load lazily loaded font '../../../Engine/Content/Slate/Fonts/Roboto-Bold.ttf' (160K)
[2023.05.03-10.55.48:890][  0]LogRenderer: Reallocating scene render targets to support 1208x572 Format 10 NumSamples 1 (Frame:1).
[2023.05.03-10.55.48:935][  0]LogSlate: Took 0.000246 seconds to synchronously load lazily loaded font '../../../Engine/Content/Slate/Fonts/Roboto-Light.ttf' (167K)
[2023.05.03-10.55.48:980][  0]LogNativeClassHierarchy: Verbose: Native class hierarchy updated for 'HierarchicalLODOutliner' in 0.0003 seconds. Added 0 classes and 0 folders.
[2023.05.03-10.55.48:980][  0]LogInput: Warning: Action TriggerClick uses invalid key OculusGo_Left_Trigger_Click.
[2023.05.03-10.55.48:980][  0]LogInput: Warning: Action ResetVR uses invalid key OculusGo_Left_Back_Click.
[2023.05.03-10.55.48:980][  0]LogInput: Warning: Use -RemoveInvalidKeys to remove instances of these keys from the action mapping.
[2023.05.03-10.55.48:980][  0]LogLoad: (Engine Initialization) Total time: 6.89 seconds
[2023.05.03-10.55.48:980][  0]LogLoad: (Engine Initialization) Total Blueprint compile time: 0.00 seconds
[2023.05.03-10.55.49:012][  0]LogAssetRegistry: Asset discovery search completed in 3.7932 seconds
[2023.05.03-10.55.49:017][  0]LogCollectionManager: Fixed up redirectors for 0 collections in 0.000003 seconds (updated 0 objects)
[2023.05.03-10.55.49:018][  0]LogContentStreaming: Texture pool size now 1000 MB
[2023.05.03-10.55.49:056][  0]LogSlate: Took 0.000137 seconds to synchronously load lazily loaded font '../../../Engine/Content/Slate/Fonts/DroidSansMono.ttf' (77K)
[2023.05.03-10.56.04:976][635]LogSlate: Window 'Message Log' being destroyed
[2023.05.03-10.56.04:979][635]LogSlate: Window 'Message Log' being destroyed
[2023.05.03-10.56.06:145][770]LogUObjectHash: Compacting FUObjectHashTables data took   0.53ms
[2023.05.03-10.56.06:211][770]LogSlate: Took 0.000176 seconds to synchronously load lazily loaded font '../../../Engine/Content/Slate/Fonts/Roboto-Light.ttf' (167K)
[2023.05.03-10.56.06:227][770]LogAssetEditorSubsystem: Opening Asset editor for World /Game/PuzzleCPP/Maps/PuzzleExampleMap.PuzzleExampleMap
[2023.05.03-10.56.06:228][770]Cmd: MAP LOAD FILE="../../../../../FlixInteractive/MinesweeperClone/MinesweeperClone/Content/PuzzleCPP/Maps/PuzzleExampleMap.umap" TEMPLATE=0 SHOWPROGRESS=1 FEATURELEVEL=3
[2023.05.03-10.56.06:228][770]LightingResults: New page: Lighting Build
[2023.05.03-10.56.06:228][770]LoadErrors: New page: Loading map: PuzzleExampleMap.umap
[2023.05.03-10.56.06:229][770]LogWorld: UWorld::CleanupWorld for PuzzleExampleMap, bSessionEnded=true, bCleanupResources=true
[2023.05.03-10.56.06:229][770]LogSlate: InvalidateAllWidgets triggered.  All widgets were invalidated
[2023.05.03-10.56.06:229][770]MapCheck: New page: Map Check
[2023.05.03-10.56.06:229][770]LightingResults: New page: Lighting Build
[2023.05.03-10.56.06:232][770]LogAudio: Display: Audio Device unregistered from world 'None'.
[2023.05.03-10.56.06:234][770]LogUObjectHash: Compacting FUObjectHashTables data took   0.61ms
[2023.05.03-10.56.06:235][770]LogLinker: Warning: [AssetLog] D:\FlixInteractive\MinesweeperClone\MinesweeperClone\Content\PuzzleCPP\Maps\PuzzleExampleMap.umap: Failed to load '/Game/PuzzleCPP/Maps/PuzzleExampleMap_BuiltData': Can't find file.
[2023.05.03-10.56.06:235][770]LogLinker: Warning: [AssetLog] D:\FlixInteractive\MinesweeperClone\MinesweeperClone\Content\PuzzleCPP\Maps\PuzzleExampleMap.umap: Failed to load '/Game/PuzzleCPP/Maps/PuzzleExampleMap_BuiltData': Can't find file.
[2023.05.03-10.56.06:235][770]LogLinker: Warning: [AssetLog] D:\FlixInteractive\MinesweeperClone\MinesweeperClone\Content\PuzzleCPP\Maps\PuzzleExampleMap.umap: Failed to load '/Game/PuzzleCPP/Maps/PuzzleExampleMap_BuiltData': Can't find file.
[2023.05.03-10.56.06:236][770]LogLinker: Warning: Failed to load '/Game/PuzzleCPP/Maps/PuzzleExampleMap_BuiltData': Can't find file.
[2023.05.03-10.56.06:236][770]LogLinker: Warning: Failed to load '/Game/PuzzleCPP/Maps/PuzzleExampleMap_BuiltData': Can't find file.
[2023.05.03-10.56.06:238][770]LogLinker: Warning: [AssetLog] D:\FlixInteractive\MinesweeperClone\MinesweeperClone\Content\PuzzleCPP\Maps\PuzzleExampleMap.umap: Failed to load '/Game/PuzzleCPP/Maps/PuzzleExampleMap_BuiltData': Can't find file.
[2023.05.03-10.56.06:238][770]LoadErrors: Failed to load /Game/PuzzleCPP/Maps/PuzzleExampleMap_BuiltData.PuzzleExampleMap_BuiltData Referenced by PersistentLevel
[2023.05.03-10.56.06:242][770]LogAudio: Display: Audio Device (ID: 1) registered with world 'PuzzleExampleMap'.
[2023.05.03-10.56.06:242][770]LogAIModule: Creating AISystem for world PuzzleExampleMap
[2023.05.03-10.56.06:269][770]LogEditorServer: Finished looking for orphan Actors (0.000 secs)
[2023.05.03-10.56.06:305][770]LogUObjectHash: Compacting FUObjectHashTables data took   0.68ms
[2023.05.03-10.56.06:313][770]Cmd: MAP CHECKDEP NOCLEARLOG
[2023.05.03-10.56.06:313][770]MapCheck: Map check complete: 0 Error(s), 0 Warning(s), took 0.062ms to complete.
[2023.05.03-10.56.06:313][770]LogFileHelpers: Loading map 'PuzzleExampleMap' took 0.085
[2023.05.03-10.56.08:193][986]LogSlate: Window 'Message Log' being destroyed
[2023.05.03-10.56.08:196][986]LogSlate: Window 'Message Log' being destroyed
[2023.05.03-10.56.17:431][916]LogUObjectHash: Compacting FUObjectHashTables data took   0.22ms
[2023.05.03-10.56.17:444][916]LogAssetEditorSubsystem: Opening Asset editor for World /Game/MineswepperMap.MineswepperMap
[2023.05.03-10.56.17:444][916]Cmd: MAP LOAD FILE="../../../../../FlixInteractive/MinesweeperClone/MinesweeperClone/Content/MineswepperMap.umap" TEMPLATE=0 SHOWPROGRESS=1 FEATURELEVEL=3
[2023.05.03-10.56.17:444][916]LightingResults: New page: Lighting Build
[2023.05.03-10.56.17:445][916]LoadErrors: New page: Loading map: MineswepperMap.umap
[2023.05.03-10.56.17:446][916]LogWorld: UWorld::CleanupWorld for PuzzleExampleMap, bSessionEnded=true, bCleanupResources=true
[2023.05.03-10.56.17:446][916]LogSlate: InvalidateAllWidgets triggered.  All widgets were invalidated
[2023.05.03-10.56.17:446][916]MapCheck: New page: Map Check
[2023.05.03-10.56.17:446][916]LightingResults: New page: Lighting Build
[2023.05.03-10.56.17:449][916]LogAudio: Display: Audio Device unregistered from world 'None'.
[2023.05.03-10.56.17:450][916]LogUObjectHash: Compacting FUObjectHashTables data took   0.58ms
[2023.05.03-10.56.17:451][916]LogAudio: Display: Audio Device (ID: 1) registered with world 'MineswepperMap'.
[2023.05.03-10.56.17:451][916]LogEditorServer: Finished looking for orphan Actors (0.000 secs)
[2023.05.03-10.56.17:451][916]LogAIModule: Creating AISystem for world MineswepperMap
[2023.05.03-10.56.17:456][916]LogUObjectHash: Compacting FUObjectHashTables data took   0.52ms
[2023.05.03-10.56.17:464][916]Cmd: MAP CHECKDEP NOCLEARLOG
[2023.05.03-10.56.17:464][916]MapCheck: Map check complete: 0 Error(s), 0 Warning(s), took 0.055ms to complete.
[2023.05.03-10.56.17:464][916]LogFileHelpers: Loading map 'MineswepperMap' took 0.019
[2023.05.03-10.56.19:130][ 77]LogTemp: Repeating last play command: Selected Viewport
