Log file open, 04/27/23 11:15:15
LogWindows: Failed to load 'aqProf.dll' (GetLastError=126)
LogWindows: File 'aqProf.dll' does not exist
LogWindows: Failed to load 'VtuneApi.dll' (GetLastError=126)
LogWindows: File 'VtuneApi.dll' does not exist
LogWindows: Failed to load 'VtuneApi32e.dll' (GetLastError=126)
LogWindows: File 'VtuneApi32e.dll' does not exist
LogConsoleResponse: Display: Failed to find resolution value strings in scalability ini. Falling back to default.
LogConsoleResponse: Display: Failed to find resolution value strings in scalability ini. Falling back to default.
LogInit: Display: Running engine for game: MinesweeperClone
LogPlatformFile: Not using cached read wrapper
LogTaskGraph: Started task graph with 5 named threads and 71 total threads with 3 sets of task threads.
LogStats: Stats thread started at 0.224765
LogICUInternationalization: ICU TimeZone Detection - Raw Offset: +0:00, Platform Override: ''
LogInit: Display: Loading text-based GConfig....
LogPluginManager: Mounting plugin MeshPainting
LogPluginManager: Mounting plugin XGEController
LogPluginManager: Mounting plugin Paper2D
LogPluginManager: Mounting plugin LightPropagationVolume
LogPluginManager: Mounting plugin AISupport
LogPluginManager: Mounting plugin LiveLink
LogPluginManager: Mounting plugin EnvironmentQueryEditor
LogPluginManager: Mounting plugin GameplayCameras
LogPluginManager: Mounting plugin CameraShakePreviewer
LogPluginManager: Mounting plugin OodleData
LogPluginManager: Mounting plugin OodleNetwork
LogPluginManager: Mounting plugin AnimationSharing
LogPluginManager: Mounting plugin CodeLiteSourceCodeAccess
LogPluginManager: Mounting plugin AssetManagerEditor
LogPluginManager: Mounting plugin CLionSourceCodeAccess
LogPluginManager: Mounting plugin GitSourceControl
LogPluginManager: Mounting plugin KDevelopSourceCodeAccess
LogPluginManager: Mounting plugin NullSourceCodeAccess
LogPluginManager: Mounting plugin CurveEditorTools
LogPluginManager: Mounting plugin CryptoKeys
LogPluginManager: Mounting plugin PlasticSourceControl
LogPluginManager: Mounting plugin PixWinPlugin
LogPluginManager: Mounting plugin DataValidation
LogPluginManager: Mounting plugin PerforceSourceControl
LogPluginManager: Mounting plugin RiderSourceCodeAccess
LogPluginManager: Mounting plugin PluginUtils
LogPluginManager: Mounting plugin TextureFormatOodle
LogPluginManager: Mounting plugin PropertyAccessNode
LogPluginManager: Mounting plugin UObjectPlugin
LogPluginManager: Mounting plugin VisualStudioCodeSourceCodeAccess
LogPluginManager: Mounting plugin VisualStudioSourceCodeAccess
LogPluginManager: Mounting plugin GameplayTagsEditor
LogPluginManager: Mounting plugin FacialAnimation
LogPluginManager: Mounting plugin GeometryMode
LogPluginManager: Mounting plugin SubversionSourceControl
LogPluginManager: Mounting plugin XCodeSourceCodeAccess
LogPluginManager: Mounting plugin MacGraphicsSwitching
LogPluginManager: Mounting plugin AlembicImporter
LogPluginManager: Mounting plugin MaterialAnalyzer
LogPluginManager: Mounting plugin SpeedTreeImporter
LogPluginManager: Mounting plugin PluginBrowser
LogPluginManager: Mounting plugin MobileLauncherProfileWizard
LogPluginManager: Mounting plugin AutomationUtils
LogPluginManager: Mounting plugin BackChannel
LogPluginManager: Mounting plugin DatasmithContent
LogPluginManager: Mounting plugin ChaosCloth
LogPluginManager: Mounting plugin ChaosClothEditor
LogPluginManager: Mounting plugin ChaosEditor
LogPluginManager: Mounting plugin ChaosSolverPlugin
LogPluginManager: Mounting plugin ChaosNiagara
LogPluginManager: Mounting plugin CharacterAI
LogPluginManager: Mounting plugin VariantManagerContent
LogPluginManager: Mounting plugin GeometryCache
LogPluginManager: Mounting plugin GeometryCollectionPlugin
LogPluginManager: Mounting plugin GeometryProcessing
LogPluginManager: Mounting plugin MotoSynth
LogPluginManager: Mounting plugin OpenImageDenoise
LogPluginManager: Mounting plugin PlanarCut
LogPluginManager: Mounting plugin Niagara
LogPluginManager: Mounting plugin PlatformCrypto
LogPluginManager: Mounting plugin ProxyLODPlugin
LogPluginManager: Mounting plugin PythonScriptPlugin
LogPluginManager: Mounting plugin LuminPlatformFeatures
LogPluginManager: Mounting plugin MagicLeap
LogPluginManager: Mounting plugin SkeletalReduction
LogPluginManager: Mounting plugin MagicLeapLightEstimation
LogPluginManager: Mounting plugin MagicLeapMedia
LogPluginManager: Mounting plugin MLSDK
LogPluginManager: Mounting plugin MagicLeapPassableWorld
LogPluginManager: Mounting plugin AndroidMedia
LogPluginManager: Mounting plugin AvfMedia
LogPluginManager: Mounting plugin ActorSequence
LogPluginManager: Mounting plugin UdpMessaging
LogPluginManager: Mounting plugin ImgMedia
LogPluginManager: Mounting plugin TcpMessaging
LogPluginManager: Mounting plugin WebMMedia
LogPluginManager: Mounting plugin WmfMedia
LogPluginManager: Mounting plugin MediaCompositing
LogPluginManager: Mounting plugin LauncherChunkInstaller
LogPluginManager: Mounting plugin MediaPlayerEditor
LogPluginManager: Mounting plugin LevelSequenceEditor
LogPluginManager: Mounting plugin MatineeToLevelSequence
LogPluginManager: Mounting plugin TemplateSequence
LogPluginManager: Mounting plugin ActorLayerUtilities
LogPluginManager: Mounting plugin OnlineSubsystem
LogPluginManager: Mounting plugin AndroidDeviceProfileSelector
LogPluginManager: Mounting plugin AndroidMoviePlayer
LogPluginManager: Mounting plugin AndroidPermission
LogPluginManager: Mounting plugin OnlineSubsystemNull
LogPluginManager: Mounting plugin OnlineSubsystemUtils
LogPluginManager: Mounting plugin AppleImageUtils
LogPluginManager: Mounting plugin AppleMoviePlayer
LogPluginManager: Mounting plugin ArchVisCharacter
LogPluginManager: Mounting plugin AssetTags
LogPluginManager: Mounting plugin AudioCapture
LogPluginManager: Mounting plugin AudioSynesthesia
LogPluginManager: Mounting plugin CableComponent
LogPluginManager: Mounting plugin ChunkDownloader
LogPluginManager: Mounting plugin CustomMeshComponent
LogPluginManager: Mounting plugin EditableMesh
LogPluginManager: Mounting plugin ExampleDeviceProfileSelector
LogPluginManager: Mounting plugin GoogleCloudMessaging
LogPluginManager: Mounting plugin GooglePAD
LogPluginManager: Mounting plugin IOSDeviceProfileSelector
LogPluginManager: Mounting plugin LinuxDeviceProfileSelector
LogPluginManager: Mounting plugin LocationServicesBPLibrary
LogPluginManager: Mounting plugin MobilePatchingUtils
LogPluginManager: Mounting plugin OpenXR
LogPluginManager: Mounting plugin OpenXREyeTracker
LogPluginManager: Mounting plugin OpenXRHandTracking
LogPluginManager: Mounting plugin PhysXVehicles
LogPluginManager: Mounting plugin PostSplashScreen
LogPluginManager: Mounting plugin ProceduralMeshComponent
LogPluginManager: Mounting plugin PropertyAccessEditor
LogPluginManager: Mounting plugin RuntimePhysXCooking
LogPluginManager: Mounting plugin SignificanceManager
LogPluginManager: Mounting plugin SoundFields
LogPluginManager: Mounting plugin Synthesis
LogPluginManager: Mounting plugin WebMMoviePlayer
LogPluginManager: Mounting plugin WindowsMoviePlayer
LogPluginManager: Mounting plugin ScreenshotTools
LogPluginManager: Mounting plugin Takes
LogPluginManager: Mounting plugin ContentBrowserFileDataSource
LogPluginManager: Mounting plugin ContentBrowserClassDataSource
LogPluginManager: Mounting plugin ContentBrowserAssetDataSource
LogPluginManager: Mounting plugin OnlineSubsystemIOS
LogPluginManager: Mounting plugin OnlineSubsystemGooglePlay
LogPluginManager: Mounting plugin OculusVR
LogPluginManager: Mounting plugin SteamVR
PixWinPlugin: PIX capture plugin failed to initialize! Check that the process is launched from PIX.
LogInit: Using libcurl 7.55.1-DEV
LogInit:  - built for x86_64-pc-win32
LogInit:  - supports SSL with OpenSSL/1.1.1
LogInit:  - supports HTTP deflate (compression) using libz 1.2.8
LogInit:  - other features:
LogInit:      CURL_VERSION_SSL
LogInit:      CURL_VERSION_LIBZ
LogInit:      CURL_VERSION_IPV6
LogInit:      CURL_VERSION_ASYNCHDNS
LogInit:      CURL_VERSION_LARGEFILE
LogInit:      CURL_VERSION_IDN
LogInit:  CurlRequestOptions (configurable via config and command line):
LogInit:  - bVerifyPeer = true  - Libcurl will verify peer certificate
LogInit:  - bUseHttpProxy = false  - Libcurl will NOT use HTTP proxy
LogInit:  - bDontReuseConnections = false  - Libcurl will reuse connections
LogInit:  - MaxHostConnections = 16  - Libcurl will limit the number of connections to a host
LogInit:  - LocalHostAddr = Default
LogInit:  - BufferSize = 65536
LogOnline: OSS: Creating online subsystem instance for: NULL
LogInit: WinSock: version 1.1 (2.2), MaxSocks=32767, MaxUdp=65467
LogOnline: OSS: TryLoadSubsystemAndSetDefault: Loaded subsystem for module [NULL]
LogInit: Build: ++UE4+Release-4.27-CL-18319896
LogInit: Engine Version: 4.27.2-18319896+++UE4+Release-4.27
LogInit: Compatible Engine Version: 4.27.0-17155196+++UE4+Release-4.27
LogInit: Net CL: 17155196
LogInit: OS: Windows 10 (Release 2009) (), CPU: AMD Ryzen 9 5900X 12-Core Processor            , GPU: NVIDIA GeForce RTX 3090
LogInit: Compiled (64-bit): Nov 30 2021 07:12:08
LogInit: Compiled with Visual C++: 19.24.28315.00
LogInit: Build Configuration: Development
LogInit: Branch Name: ++UE4+Release-4.27
LogInit: Command Line:  D:\FlixInteractive\MinesweeperClone\MinesweeperClone\MinesweeperClone.uproject -run=VisualStudioTools -unattended -noshadercompile -noaudio -nullrhi -nocpuprofilertrace -nocrashreports -nosplash -output C:\Users\cadia\AppData\Local\Temp\tmp221F.tmp
LogInit: Base Directory: D:/EpicGames/UE_4.27/Engine/Binaries/Win64/
LogInit: Allocator: TBB
LogInit: Installed Engine Build: 1
LogDevObjectVersion: Number of dev versions registered: 29
LogDevObjectVersion:   Dev-Blueprints (B0D832E4-1F89-4F0D-ACCF-7EB736FD4AA2): 10
LogDevObjectVersion:   Dev-Build (E1C64328-A22C-4D53-A36C-8E866417BD8C): 0
LogDevObjectVersion:   Dev-Core (375EC13C-06E4-48FB-B500-84F0262A717E): 4
LogDevObjectVersion:   Dev-Editor (E4B068ED-F494-42E9-A231-DA0B2E46BB41): 40
LogDevObjectVersion:   Dev-Framework (CFFC743F-43B0-4480-9391-14DF171D2073): 37
LogDevObjectVersion:   Dev-Mobile (B02B49B5-BB20-44E9-A304-32B752E40360): 3
LogDevObjectVersion:   Dev-Networking (A4E4105C-59A1-49B5-A7C5-40C4547EDFEE): 0
LogDevObjectVersion:   Dev-Online (39C831C9-5AE6-47DC-9A44-9C173E1C8E7C): 0
LogDevObjectVersion:   Dev-Physics (78F01B33-EBEA-4F98-B9B4-84EACCB95AA2): 14
LogDevObjectVersion:   Dev-Platform (6631380F-2D4D-43E0-8009-CF276956A95A): 0
LogDevObjectVersion:   Dev-Rendering (12F88B9F-8875-4AFC-A67C-D90C383ABD29): 45
LogDevObjectVersion:   Dev-Sequencer (7B5AE74C-D270-4C10-A958-57980B212A5A): 13
LogDevObjectVersion:   Dev-VR (D7296918-1DD6-4BDD-9DE2-64A83CC13884): 3
LogDevObjectVersion:   Dev-LoadTimes (C2A15278-BFE7-4AFE-6C17-90FF531DF755): 1
LogDevObjectVersion:   Private-Geometry (6EACA3D4-40EC-4CC1-B786-8BED09428FC5): 3
LogDevObjectVersion:   Dev-AnimPhys (29E575DD-E0A3-4627-9D10-D276232CDCEA): 17
LogDevObjectVersion:   Dev-Anim (AF43A65D-7FD3-4947-9873-3E8ED9C1BB05): 15
LogDevObjectVersion:   Dev-ReflectionCapture (6B266CEC-1EC7-4B8F-A30B-E4D90942FC07): 1
LogDevObjectVersion:   Dev-Automation (0DF73D61-A23F-47EA-B727-89E90C41499A): 1
LogDevObjectVersion:   FortniteMain (601D1886-AC64-4F84-AA16-D3DE0DEAC7D6): 47
LogDevObjectVersion:   FortniteRelease (E7086368-6B23-4C58-8439-1B7016265E91): 1
LogDevObjectVersion:   Dev-Enterprise (9DFFBCD6-494F-0158-E221-12823C92A888): 10
LogDevObjectVersion:   Dev-Niagara (F2AED0AC-9AFE-416F-8664-AA7FFA26D6FC): 1
LogDevObjectVersion:   Dev-Destruction (174F1F0B-B4C6-45A5-B13F-2EE8D0FB917D): 10
LogDevObjectVersion:   Dev-Physics-Ext (35F94A83-E258-406C-A318-09F59610247C): 41
LogDevObjectVersion:   Dev-PhysicsMaterial-Chaos (B68FC16E-8B1B-42E2-B453-215C058844FE): 1
LogDevObjectVersion:   Dev-CineCamera (B2E18506-4273-CFC2-A54E-F4BB758BBA07): 1
LogDevObjectVersion:   Dev-VirtualProduction (64F58936-FD1B-42BA-BA96-7289D5D0FA4E): 1
LogDevObjectVersion:   Dev-MediaFramework (6F0ED827-A609-4895-9C91-998D90180EA4): 2
LogInit: Presizing for max 25165824 objects, including 0 objects not considered by GC, pre-allocating 0 bytes for permanent pool.
LogConfig: Applying CVar settings from Section [/Script/Engine.StreamingSettings] File [D:/FlixInteractive/MinesweeperClone/MinesweeperClone/Saved/Config/Windows/Engine.ini]
LogConfig: Setting CVar [[s.MinBulkDataSizeForAsyncLoading:131072]]
LogConfig: Setting CVar [[s.AsyncLoadingThreadEnabled:0]]
LogConfig: Setting CVar [[s.EventDrivenLoaderEnabled:1]]
LogConfig: Setting CVar [[s.WarnIfTimeLimitExceeded:0]]
LogConfig: Setting CVar [[s.TimeLimitExceededMultiplier:1.5]]
LogConfig: Setting CVar [[s.TimeLimitExceededMinTime:0.005]]
LogConfig: Setting CVar [[s.UseBackgroundLevelStreaming:1]]
LogConfig: Setting CVar [[s.PriorityAsyncLoadingExtraTime:15.0]]
LogConfig: Setting CVar [[s.LevelStreamingActorsUpdateTimeLimit:5.0]]
LogConfig: Setting CVar [[s.PriorityLevelStreamingActorsUpdateExtraTime:5.0]]
LogConfig: Setting CVar [[s.LevelStreamingComponentsRegistrationGranularity:10]]
LogConfig: Setting CVar [[s.UnregisterComponentsTimeLimit:1.0]]
LogConfig: Setting CVar [[s.LevelStreamingComponentsUnregistrationGranularity:5]]
LogConfig: Setting CVar [[s.FlushStreamingOnExit:1]]
LogInit: Object subsystem initialized
LogConfig: Setting CVar [[con.DebugEarlyDefault:1]]
LogConfig: Setting CVar [[r.setres:1280x720]]
[2023.04.27-10.15.15:588][  0]LogConfig: Setting CVar [[con.DebugEarlyDefault:1]]
[2023.04.27-10.15.15:588][  0]LogConfig: Setting CVar [[r.setres:1280x720]]
[2023.04.27-10.15.15:588][  0]LogConfig: Applying CVar settings from Section [/Script/Engine.RendererSettings] File [D:/FlixInteractive/MinesweeperClone/MinesweeperClone/Saved/Config/Windows/Engine.ini]
[2023.04.27-10.15.15:588][  0]LogConfig: Setting CVar [[r.GPUCrashDebugging:0]]
[2023.04.27-10.15.15:588][  0]LogConfig: Applying CVar settings from Section [/Script/Engine.RendererOverrideSettings] File [D:/FlixInteractive/MinesweeperClone/MinesweeperClone/Saved/Config/Windows/Engine.ini]
[2023.04.27-10.15.15:588][  0]LogConfig: Applying CVar settings from Section [/Script/Engine.StreamingSettings] File [D:/FlixInteractive/MinesweeperClone/MinesweeperClone/Saved/Config/Windows/Engine.ini]
[2023.04.27-10.15.15:588][  0]LogConfig: Setting CVar [[s.MinBulkDataSizeForAsyncLoading:131072]]
[2023.04.27-10.15.15:588][  0]LogConfig: Setting CVar [[s.AsyncLoadingThreadEnabled:0]]
[2023.04.27-10.15.15:589][  0]LogConfig: Setting CVar [[s.EventDrivenLoaderEnabled:1]]
[2023.04.27-10.15.15:589][  0]LogConfig: Setting CVar [[s.WarnIfTimeLimitExceeded:0]]
[2023.04.27-10.15.15:589][  0]LogConfig: Setting CVar [[s.TimeLimitExceededMultiplier:1.5]]
[2023.04.27-10.15.15:589][  0]LogConfig: Setting CVar [[s.TimeLimitExceededMinTime:0.005]]
[2023.04.27-10.15.15:589][  0]LogConfig: Setting CVar [[s.UseBackgroundLevelStreaming:1]]
[2023.04.27-10.15.15:589][  0]LogConfig: Setting CVar [[s.PriorityAsyncLoadingExtraTime:15.0]]
[2023.04.27-10.15.15:589][  0]LogConfig: Setting CVar [[s.LevelStreamingActorsUpdateTimeLimit:5.0]]
[2023.04.27-10.15.15:589][  0]LogConfig: Setting CVar [[s.PriorityLevelStreamingActorsUpdateExtraTime:5.0]]
[2023.04.27-10.15.15:589][  0]LogConfig: Setting CVar [[s.LevelStreamingComponentsRegistrationGranularity:10]]
[2023.04.27-10.15.15:589][  0]LogConfig: Setting CVar [[s.UnregisterComponentsTimeLimit:1.0]]
[2023.04.27-10.15.15:589][  0]LogConfig: Setting CVar [[s.LevelStreamingComponentsUnregistrationGranularity:5]]
[2023.04.27-10.15.15:589][  0]LogConfig: Setting CVar [[s.FlushStreamingOnExit:1]]
[2023.04.27-10.15.15:589][  0]LogConfig: Applying CVar settings from Section [/Script/Engine.GarbageCollectionSettings] File [D:/FlixInteractive/MinesweeperClone/MinesweeperClone/Saved/Config/Windows/Engine.ini]
[2023.04.27-10.15.15:589][  0]LogConfig: Setting CVar [[gc.MaxObjectsNotConsideredByGC:1]]
[2023.04.27-10.15.15:589][  0]LogConfig: Setting CVar [[gc.SizeOfPermanentObjectPool:0]]
[2023.04.27-10.15.15:589][  0]LogConfig: Setting CVar [[gc.FlushStreamingOnGC:0]]
[2023.04.27-10.15.15:589][  0]LogConfig: Setting CVar [[gc.NumRetriesBeforeForcingGC:10]]
[2023.04.27-10.15.15:589][  0]LogConfig: Setting CVar [[gc.AllowParallelGC:1]]
[2023.04.27-10.15.15:589][  0]LogConfig: Setting CVar [[gc.TimeBetweenPurgingPendingKillObjects:61.1]]
[2023.04.27-10.15.15:589][  0]LogConfig: Setting CVar [[gc.MaxObjectsInEditor:25165824]]
[2023.04.27-10.15.15:589][  0]LogConfig: Setting CVar [[gc.IncrementalBeginDestroyEnabled:1]]
[2023.04.27-10.15.15:589][  0]LogConfig: Setting CVar [[gc.CreateGCClusters:1]]
[2023.04.27-10.15.15:589][  0]LogConfig: Setting CVar [[gc.MinGCClusterSize:5]]
[2023.04.27-10.15.15:589][  0]LogConfig: Setting CVar [[gc.ActorClusteringEnabled:0]]
[2023.04.27-10.15.15:589][  0]LogConfig: Setting CVar [[gc.BlueprintClusteringEnabled:0]]
[2023.04.27-10.15.15:589][  0]LogConfig: Setting CVar [[gc.UseDisregardForGCOnDedicatedServers:0]]
[2023.04.27-10.15.15:589][  0]LogConfig: Setting CVar [[gc.MultithreadedDestructionEnabled:1]]
[2023.04.27-10.15.15:589][  0]LogConfig: Applying CVar settings from Section [/Script/Engine.NetworkSettings] File [D:/FlixInteractive/MinesweeperClone/MinesweeperClone/Saved/Config/Windows/Engine.ini]
[2023.04.27-10.15.15:589][  0]LogConfig: Applying CVar settings from Section [/Script/UnrealEd.CookerSettings] File [D:/FlixInteractive/MinesweeperClone/MinesweeperClone/Saved/Config/Windows/Engine.ini]
[2023.04.27-10.15.15:589][  0]LogConfig: Applying CVar settings from Section [ViewDistanceQuality@3] File [D:/FlixInteractive/MinesweeperClone/MinesweeperClone/Saved/Config/Windows/Scalability.ini]
[2023.04.27-10.15.15:589][  0]LogConfig: Setting CVar [[r.SkeletalMeshLODBias:0]]
[2023.04.27-10.15.15:589][  0]LogConfig: Setting CVar [[r.ViewDistanceScale:1.0]]
[2023.04.27-10.15.15:589][  0]LogConfig: Applying CVar settings from Section [AntiAliasingQuality@3] File [D:/FlixInteractive/MinesweeperClone/MinesweeperClone/Saved/Config/Windows/Scalability.ini]
[2023.04.27-10.15.15:589][  0]LogConfig: Setting CVar [[r.PostProcessAAQuality:4]]
[2023.04.27-10.15.15:589][  0]LogConfig: Applying CVar settings from Section [ShadowQuality@3] File [D:/FlixInteractive/MinesweeperClone/MinesweeperClone/Saved/Config/Windows/Scalability.ini]
[2023.04.27-10.15.15:589][  0]LogConfig: Setting CVar [[r.LightFunctionQuality:1]]
[2023.04.27-10.15.15:589][  0]LogConfig: Setting CVar [[r.ShadowQuality:5]]
[2023.04.27-10.15.15:589][  0]LogConfig: Setting CVar [[r.Shadow.CSM.MaxCascades:10]]
[2023.04.27-10.15.15:589][  0]LogConfig: Setting CVar [[r.Shadow.MaxResolution:2048]]
[2023.04.27-10.15.15:589][  0]LogConfig: Setting CVar [[r.Shadow.MaxCSMResolution:2048]]
[2023.04.27-10.15.15:589][  0]LogConfig: Setting CVar [[r.Shadow.RadiusThreshold:0.01]]
[2023.04.27-10.15.15:589][  0]LogConfig: Setting CVar [[r.Shadow.DistanceScale:1.0]]
[2023.04.27-10.15.15:589][  0]LogConfig: Setting CVar [[r.Shadow.CSM.TransitionScale:1.0]]
[2023.04.27-10.15.15:589][  0]LogConfig: Setting CVar [[r.Shadow.PreShadowResolutionFactor:1.0]]
[2023.04.27-10.15.15:589][  0]LogConfig: Setting CVar [[r.DistanceFieldShadowing:1]]
[2023.04.27-10.15.15:589][  0]LogConfig: Setting CVar [[r.DistanceFieldAO:1]]
[2023.04.27-10.15.15:589][  0]LogConfig: Setting CVar [[r.AOQuality:2]]
[2023.04.27-10.15.15:589][  0]LogConfig: Setting CVar [[r.VolumetricFog:1]]
[2023.04.27-10.15.15:589][  0]LogConfig: Setting CVar [[r.VolumetricFog.GridPixelSize:8]]
[2023.04.27-10.15.15:589][  0]LogConfig: Setting CVar [[r.VolumetricFog.GridSizeZ:128]]
[2023.04.27-10.15.15:589][  0]LogConfig: Setting CVar [[r.VolumetricFog.HistoryMissSupersampleCount:4]]
[2023.04.27-10.15.15:589][  0]LogConfig: Setting CVar [[r.LightMaxDrawDistanceScale:1]]
[2023.04.27-10.15.15:589][  0]LogConfig: Setting CVar [[r.CapsuleShadows:1]]
[2023.04.27-10.15.15:589][  0]LogConfig: Applying CVar settings from Section [PostProcessQuality@3] File [D:/FlixInteractive/MinesweeperClone/MinesweeperClone/Saved/Config/Windows/Scalability.ini]
[2023.04.27-10.15.15:589][  0]LogConfig: Setting CVar [[r.MotionBlurQuality:4]]
[2023.04.27-10.15.15:589][  0]LogConfig: Setting CVar [[r.AmbientOcclusionMipLevelFactor:0.4]]
[2023.04.27-10.15.15:589][  0]LogConfig: Setting CVar [[r.AmbientOcclusionMaxQuality:100]]
[2023.04.27-10.15.15:589][  0]LogConfig: Setting CVar [[r.AmbientOcclusionLevels:-1]]
[2023.04.27-10.15.15:589][  0]LogConfig: Setting CVar [[r.AmbientOcclusionRadiusScale:1.0]]
[2023.04.27-10.15.15:589][  0]LogConfig: Setting CVar [[r.DepthOfFieldQuality:2]]
[2023.04.27-10.15.15:589][  0]LogConfig: Setting CVar [[r.RenderTargetPoolMin:400]]
[2023.04.27-10.15.15:589][  0]LogConfig: Setting CVar [[r.LensFlareQuality:2]]
[2023.04.27-10.15.15:589][  0]LogConfig: Setting CVar [[r.SceneColorFringeQuality:1]]
[2023.04.27-10.15.15:589][  0]LogConfig: Setting CVar [[r.EyeAdaptationQuality:2]]
[2023.04.27-10.15.15:589][  0]LogConfig: Setting CVar [[r.BloomQuality:5]]
[2023.04.27-10.15.15:589][  0]LogConfig: Setting CVar [[r.FastBlurThreshold:100]]
[2023.04.27-10.15.15:589][  0]LogConfig: Setting CVar [[r.Upscale.Quality:3]]
[2023.04.27-10.15.15:589][  0]LogConfig: Setting CVar [[r.Tonemapper.GrainQuantization:1]]
[2023.04.27-10.15.15:589][  0]LogConfig: Setting CVar [[r.LightShaftQuality:1]]
[2023.04.27-10.15.15:589][  0]LogConfig: Setting CVar [[r.Filter.SizeScale:1]]
[2023.04.27-10.15.15:589][  0]LogConfig: Setting CVar [[r.Tonemapper.Quality:5]]
[2023.04.27-10.15.15:589][  0]LogConfig: Setting CVar [[r.DOF.Gather.AccumulatorQuality:1        ; higher gathering accumulator quality]]
[2023.04.27-10.15.15:589][  0]LogConfig: Setting CVar [[r.DOF.Gather.PostfilterMethod:1          ; Median3x3 postfilering method]]
[2023.04.27-10.15.15:589][  0]LogConfig: Setting CVar [[r.DOF.Gather.EnableBokehSettings:0       ; no bokeh simulation when gathering]]
[2023.04.27-10.15.15:589][  0]LogConfig: Setting CVar [[r.DOF.Gather.RingCount:4                 ; medium number of samples when gathering]]
[2023.04.27-10.15.15:589][  0]LogConfig: Setting CVar [[r.DOF.Scatter.ForegroundCompositing:1    ; additive foreground scattering]]
[2023.04.27-10.15.15:589][  0]LogConfig: Setting CVar [[r.DOF.Scatter.BackgroundCompositing:2    ; additive background scattering]]
[2023.04.27-10.15.15:589][  0]LogConfig: Setting CVar [[r.DOF.Scatter.EnableBokehSettings:1      ; bokeh simulation when scattering]]
[2023.04.27-10.15.15:589][  0]LogConfig: Setting CVar [[r.DOF.Scatter.MaxSpriteRatio:0.1         ; only a maximum of 10% of scattered bokeh]]
[2023.04.27-10.15.15:589][  0]LogConfig: Setting CVar [[r.DOF.Recombine.Quality:1                ; cheap slight out of focus]]
[2023.04.27-10.15.15:589][  0]LogConfig: Setting CVar [[r.DOF.Recombine.EnableBokehSettings:0    ; no bokeh simulation on slight out of focus]]
[2023.04.27-10.15.15:589][  0]LogConfig: Setting CVar [[r.DOF.TemporalAAQuality:1                ; more stable temporal accumulation]]
[2023.04.27-10.15.15:589][  0]LogConfig: Setting CVar [[r.DOF.Kernel.MaxForegroundRadius:0.025]]
[2023.04.27-10.15.15:589][  0]LogConfig: Setting CVar [[r.DOF.Kernel.MaxBackgroundRadius:0.025]]
[2023.04.27-10.15.15:589][  0]LogConfig: Applying CVar settings from Section [TextureQuality@3] File [D:/FlixInteractive/MinesweeperClone/MinesweeperClone/Saved/Config/Windows/Scalability.ini]
[2023.04.27-10.15.15:589][  0]LogConfig: Setting CVar [[r.Streaming.MipBias:0]]
[2023.04.27-10.15.15:589][  0]LogConfig: Setting CVar [[r.Streaming.AmortizeCPUToGPUCopy:0]]
[2023.04.27-10.15.15:589][  0]LogConfig: Setting CVar [[r.Streaming.MaxNumTexturesToStreamPerFrame:0]]
[2023.04.27-10.15.15:589][  0]LogConfig: Setting CVar [[r.Streaming.Boost:1]]
[2023.04.27-10.15.15:589][  0]LogConfig: Setting CVar [[r.MaxAnisotropy:8]]
[2023.04.27-10.15.15:589][  0]LogConfig: Setting CVar [[r.VT.MaxAnisotropy:8]]
[2023.04.27-10.15.15:589][  0]LogConfig: Setting CVar [[r.Streaming.LimitPoolSizeToVRAM:0]]
[2023.04.27-10.15.15:589][  0]LogConfig: Setting CVar [[r.Streaming.PoolSize:1000]]
[2023.04.27-10.15.15:589][  0]LogConfig: Setting CVar [[r.Streaming.MaxEffectiveScreenSize:0]]
[2023.04.27-10.15.15:589][  0]LogConfig: Applying CVar settings from Section [EffectsQuality@3] File [D:/FlixInteractive/MinesweeperClone/MinesweeperClone/Saved/Config/Windows/Scalability.ini]
[2023.04.27-10.15.15:589][  0]LogConfig: Setting CVar [[r.TranslucencyLightingVolumeDim:64]]
[2023.04.27-10.15.15:589][  0]LogConfig: Setting CVar [[r.RefractionQuality:2]]
[2023.04.27-10.15.15:589][  0]LogConfig: Setting CVar [[r.SSR.Quality:3]]
[2023.04.27-10.15.15:589][  0]LogConfig: Setting CVar [[r.SSR.HalfResSceneColor:0]]
[2023.04.27-10.15.15:589][  0]LogConfig: Setting CVar [[r.SceneColorFormat:4]]
[2023.04.27-10.15.15:589][  0]LogConfig: Setting CVar [[r.DetailMode:2]]
[2023.04.27-10.15.15:589][  0]LogConfig: Setting CVar [[r.TranslucencyVolumeBlur:1]]
[2023.04.27-10.15.15:589][  0]LogConfig: Setting CVar [[r.MaterialQualityLevel:1 ; High quality]]
[2023.04.27-10.15.15:589][  0]LogConfig: Setting CVar [[r.AnisotropicMaterials:1]]
[2023.04.27-10.15.15:589][  0]LogConfig: Setting CVar [[r.SSS.Scale:1]]
[2023.04.27-10.15.15:590][  0]LogConfig: Setting CVar [[r.SSS.SampleSet:2]]
[2023.04.27-10.15.15:590][  0]LogConfig: Setting CVar [[r.SSS.Quality:1]]
[2023.04.27-10.15.15:590][  0]LogConfig: Setting CVar [[r.SSS.HalfRes:0]]
[2023.04.27-10.15.15:590][  0]LogConfig: Setting CVar [[r.SSGI.Quality:3]]
[2023.04.27-10.15.15:590][  0]LogConfig: Setting CVar [[r.EmitterSpawnRateScale:1.0]]
[2023.04.27-10.15.15:590][  0]LogConfig: Setting CVar [[r.ParticleLightQuality:2]]
[2023.04.27-10.15.15:590][  0]LogConfig: Setting CVar [[r.SkyAtmosphere.AerialPerspectiveLUT.FastApplyOnOpaque:1 ; Always have FastSkyLUT 1 in this case to avoid wrong sky]]
[2023.04.27-10.15.15:590][  0]LogConfig: Setting CVar [[r.SkyAtmosphere.AerialPerspectiveLUT.SampleCountMaxPerSlice:4]]
[2023.04.27-10.15.15:590][  0]LogConfig: Setting CVar [[r.SkyAtmosphere.AerialPerspectiveLUT.DepthResolution:16.0]]
[2023.04.27-10.15.15:590][  0]LogConfig: Setting CVar [[r.SkyAtmosphere.FastSkyLUT:1]]
[2023.04.27-10.15.15:590][  0]LogConfig: Setting CVar [[r.SkyAtmosphere.FastSkyLUT.SampleCountMin:4.0]]
[2023.04.27-10.15.15:590][  0]LogConfig: Setting CVar [[r.SkyAtmosphere.FastSkyLUT.SampleCountMax:128.0]]
[2023.04.27-10.15.15:590][  0]LogConfig: Setting CVar [[r.SkyAtmosphere.SampleCountMin:4.0]]
[2023.04.27-10.15.15:590][  0]LogConfig: Setting CVar [[r.SkyAtmosphere.SampleCountMax:128.0]]
[2023.04.27-10.15.15:590][  0]LogConfig: Setting CVar [[r.SkyAtmosphere.TransmittanceLUT.UseSmallFormat:0]]
[2023.04.27-10.15.15:590][  0]LogConfig: Setting CVar [[r.SkyAtmosphere.TransmittanceLUT.SampleCount:10.0]]
[2023.04.27-10.15.15:590][  0]LogConfig: Setting CVar [[r.SkyAtmosphere.MultiScatteringLUT.SampleCount:15.0]]
[2023.04.27-10.15.15:590][  0]LogConfig: Setting CVar [[r.SkyLight.RealTimeReflectionCapture:1]]
[2023.04.27-10.15.15:590][  0]LogConfig: Applying CVar settings from Section [FoliageQuality@3] File [D:/FlixInteractive/MinesweeperClone/MinesweeperClone/Saved/Config/Windows/Scalability.ini]
[2023.04.27-10.15.15:590][  0]LogConfig: Setting CVar [[foliage.DensityScale:1.0]]
[2023.04.27-10.15.15:590][  0]LogConfig: Setting CVar [[grass.DensityScale:1.0]]
[2023.04.27-10.15.15:590][  0]LogConfig: Applying CVar settings from Section [ShadingQuality@3] File [D:/FlixInteractive/MinesweeperClone/MinesweeperClone/Saved/Config/Windows/Scalability.ini]
[2023.04.27-10.15.15:590][  0]LogConfig: Setting CVar [[r.HairStrands.SkyLighting.IntegrationType:2]]
[2023.04.27-10.15.15:590][  0]LogConfig: Setting CVar [[r.HairStrands.SkyAO.SampleCount:4]]
[2023.04.27-10.15.15:590][  0]LogConfig: Setting CVar [[r.HairStrands.Visibility.MSAA.SamplePerPixel:4]]
[2023.04.27-10.15.15:611][  0]LogInit: Selected Device Profile: [Windows]
[2023.04.27-10.15.15:611][  0]LogInit: Applying CVar settings loaded from the selected device profile: [Windows]
[2023.04.27-10.15.15:611][  0]LogHAL: Display: Platform has ~ 64 GB [68622884864 / 68719476736 / 64], which maps to Largest [LargestMinGB=32, LargerMinGB=12, DefaultMinGB=8, SmallerMinGB=6, SmallestMinGB=0)
[2023.04.27-10.15.15:611][  0]LogInit: Going up to parent DeviceProfile []
[2023.04.27-10.15.15:611][  0]LogConfig: Applying CVar settings from Section [ViewDistanceQuality@3] File [D:/FlixInteractive/MinesweeperClone/MinesweeperClone/Saved/Config/Windows/Scalability.ini]
[2023.04.27-10.15.15:611][  0]LogConfig: Setting CVar [[r.SkeletalMeshLODBias:0]]
[2023.04.27-10.15.15:611][  0]LogConfig: Setting CVar [[r.ViewDistanceScale:1.0]]
[2023.04.27-10.15.15:611][  0]LogConfig: Applying CVar settings from Section [AntiAliasingQuality@3] File [D:/FlixInteractive/MinesweeperClone/MinesweeperClone/Saved/Config/Windows/Scalability.ini]
[2023.04.27-10.15.15:611][  0]LogConfig: Setting CVar [[r.PostProcessAAQuality:4]]
[2023.04.27-10.15.15:611][  0]LogConfig: Applying CVar settings from Section [ShadowQuality@3] File [D:/FlixInteractive/MinesweeperClone/MinesweeperClone/Saved/Config/Windows/Scalability.ini]
[2023.04.27-10.15.15:611][  0]LogConfig: Setting CVar [[r.LightFunctionQuality:1]]
[2023.04.27-10.15.15:611][  0]LogConfig: Setting CVar [[r.ShadowQuality:5]]
[2023.04.27-10.15.15:611][  0]LogConfig: Setting CVar [[r.Shadow.CSM.MaxCascades:10]]
[2023.04.27-10.15.15:611][  0]LogConfig: Setting CVar [[r.Shadow.MaxResolution:2048]]
[2023.04.27-10.15.15:611][  0]LogConfig: Setting CVar [[r.Shadow.MaxCSMResolution:2048]]
[2023.04.27-10.15.15:611][  0]LogConfig: Setting CVar [[r.Shadow.RadiusThreshold:0.01]]
[2023.04.27-10.15.15:611][  0]LogConfig: Setting CVar [[r.Shadow.DistanceScale:1.0]]
[2023.04.27-10.15.15:611][  0]LogConfig: Setting CVar [[r.Shadow.CSM.TransitionScale:1.0]]
[2023.04.27-10.15.15:611][  0]LogConfig: Setting CVar [[r.Shadow.PreShadowResolutionFactor:1.0]]
[2023.04.27-10.15.15:611][  0]LogConfig: Setting CVar [[r.DistanceFieldShadowing:1]]
[2023.04.27-10.15.15:611][  0]LogConfig: Setting CVar [[r.DistanceFieldAO:1]]
[2023.04.27-10.15.15:611][  0]LogConfig: Setting CVar [[r.AOQuality:2]]
[2023.04.27-10.15.15:611][  0]LogConfig: Setting CVar [[r.VolumetricFog:1]]
[2023.04.27-10.15.15:611][  0]LogConfig: Setting CVar [[r.VolumetricFog.GridPixelSize:8]]
[2023.04.27-10.15.15:611][  0]LogConfig: Setting CVar [[r.VolumetricFog.GridSizeZ:128]]
[2023.04.27-10.15.15:611][  0]LogConfig: Setting CVar [[r.VolumetricFog.HistoryMissSupersampleCount:4]]
[2023.04.27-10.15.15:611][  0]LogConfig: Setting CVar [[r.LightMaxDrawDistanceScale:1]]
[2023.04.27-10.15.15:611][  0]LogConfig: Setting CVar [[r.CapsuleShadows:1]]
[2023.04.27-10.15.15:611][  0]LogConfig: Applying CVar settings from Section [PostProcessQuality@3] File [D:/FlixInteractive/MinesweeperClone/MinesweeperClone/Saved/Config/Windows/Scalability.ini]
[2023.04.27-10.15.15:611][  0]LogConfig: Setting CVar [[r.MotionBlurQuality:4]]
[2023.04.27-10.15.15:611][  0]LogConfig: Setting CVar [[r.AmbientOcclusionMipLevelFactor:0.4]]
[2023.04.27-10.15.15:611][  0]LogConfig: Setting CVar [[r.AmbientOcclusionMaxQuality:100]]
[2023.04.27-10.15.15:611][  0]LogConfig: Setting CVar [[r.AmbientOcclusionLevels:-1]]
[2023.04.27-10.15.15:611][  0]LogConfig: Setting CVar [[r.AmbientOcclusionRadiusScale:1.0]]
[2023.04.27-10.15.15:611][  0]LogConfig: Setting CVar [[r.DepthOfFieldQuality:2]]
[2023.04.27-10.15.15:611][  0]LogConfig: Setting CVar [[r.RenderTargetPoolMin:400]]
[2023.04.27-10.15.15:611][  0]LogConfig: Setting CVar [[r.LensFlareQuality:2]]
[2023.04.27-10.15.15:611][  0]LogConfig: Setting CVar [[r.SceneColorFringeQuality:1]]
[2023.04.27-10.15.15:611][  0]LogConfig: Setting CVar [[r.EyeAdaptationQuality:2]]
[2023.04.27-10.15.15:611][  0]LogConfig: Setting CVar [[r.BloomQuality:5]]
[2023.04.27-10.15.15:611][  0]LogConfig: Setting CVar [[r.FastBlurThreshold:100]]
[2023.04.27-10.15.15:611][  0]LogConfig: Setting CVar [[r.Upscale.Quality:3]]
[2023.04.27-10.15.15:611][  0]LogConfig: Setting CVar [[r.Tonemapper.GrainQuantization:1]]
[2023.04.27-10.15.15:611][  0]LogConfig: Setting CVar [[r.LightShaftQuality:1]]
[2023.04.27-10.15.15:611][  0]LogConfig: Setting CVar [[r.Filter.SizeScale:1]]
[2023.04.27-10.15.15:611][  0]LogConfig: Setting CVar [[r.Tonemapper.Quality:5]]
[2023.04.27-10.15.15:611][  0]LogConfig: Setting CVar [[r.DOF.Gather.AccumulatorQuality:1        ; higher gathering accumulator quality]]
[2023.04.27-10.15.15:611][  0]LogConfig: Setting CVar [[r.DOF.Gather.PostfilterMethod:1          ; Median3x3 postfilering method]]
[2023.04.27-10.15.15:611][  0]LogConfig: Setting CVar [[r.DOF.Gather.EnableBokehSettings:0       ; no bokeh simulation when gathering]]
[2023.04.27-10.15.15:611][  0]LogConfig: Setting CVar [[r.DOF.Gather.RingCount:4                 ; medium number of samples when gathering]]
[2023.04.27-10.15.15:611][  0]LogConfig: Setting CVar [[r.DOF.Scatter.ForegroundCompositing:1    ; additive foreground scattering]]
[2023.04.27-10.15.15:611][  0]LogConfig: Setting CVar [[r.DOF.Scatter.BackgroundCompositing:2    ; additive background scattering]]
[2023.04.27-10.15.15:611][  0]LogConfig: Setting CVar [[r.DOF.Scatter.EnableBokehSettings:1      ; bokeh simulation when scattering]]
[2023.04.27-10.15.15:611][  0]LogConfig: Setting CVar [[r.DOF.Scatter.MaxSpriteRatio:0.1         ; only a maximum of 10% of scattered bokeh]]
[2023.04.27-10.15.15:611][  0]LogConfig: Setting CVar [[r.DOF.Recombine.Quality:1                ; cheap slight out of focus]]
[2023.04.27-10.15.15:611][  0]LogConfig: Setting CVar [[r.DOF.Recombine.EnableBokehSettings:0    ; no bokeh simulation on slight out of focus]]
[2023.04.27-10.15.15:611][  0]LogConfig: Setting CVar [[r.DOF.TemporalAAQuality:1                ; more stable temporal accumulation]]
[2023.04.27-10.15.15:611][  0]LogConfig: Setting CVar [[r.DOF.Kernel.MaxForegroundRadius:0.025]]
[2023.04.27-10.15.15:611][  0]LogConfig: Setting CVar [[r.DOF.Kernel.MaxBackgroundRadius:0.025]]
[2023.04.27-10.15.15:611][  0]LogConfig: Applying CVar settings from Section [TextureQuality@3] File [D:/FlixInteractive/MinesweeperClone/MinesweeperClone/Saved/Config/Windows/Scalability.ini]
[2023.04.27-10.15.15:611][  0]LogConfig: Setting CVar [[r.Streaming.MipBias:0]]
[2023.04.27-10.15.15:611][  0]LogConfig: Setting CVar [[r.Streaming.AmortizeCPUToGPUCopy:0]]
[2023.04.27-10.15.15:611][  0]LogConfig: Setting CVar [[r.Streaming.MaxNumTexturesToStreamPerFrame:0]]
[2023.04.27-10.15.15:611][  0]LogConfig: Setting CVar [[r.Streaming.Boost:1]]
[2023.04.27-10.15.15:611][  0]LogConfig: Setting CVar [[r.MaxAnisotropy:8]]
[2023.04.27-10.15.15:611][  0]LogConfig: Setting CVar [[r.VT.MaxAnisotropy:8]]
[2023.04.27-10.15.15:611][  0]LogConfig: Setting CVar [[r.Streaming.LimitPoolSizeToVRAM:0]]
[2023.04.27-10.15.15:611][  0]LogConfig: Setting CVar [[r.Streaming.PoolSize:1000]]
[2023.04.27-10.15.15:611][  0]LogConfig: Setting CVar [[r.Streaming.MaxEffectiveScreenSize:0]]
[2023.04.27-10.15.15:611][  0]LogConfig: Applying CVar settings from Section [EffectsQuality@3] File [D:/FlixInteractive/MinesweeperClone/MinesweeperClone/Saved/Config/Windows/Scalability.ini]
[2023.04.27-10.15.15:611][  0]LogConfig: Setting CVar [[r.TranslucencyLightingVolumeDim:64]]
[2023.04.27-10.15.15:611][  0]LogConfig: Setting CVar [[r.RefractionQuality:2]]
[2023.04.27-10.15.15:611][  0]LogConfig: Setting CVar [[r.SSR.Quality:3]]
[2023.04.27-10.15.15:611][  0]LogConfig: Setting CVar [[r.SSR.HalfResSceneColor:0]]
[2023.04.27-10.15.15:611][  0]LogConfig: Setting CVar [[r.SceneColorFormat:4]]
[2023.04.27-10.15.15:611][  0]LogConfig: Setting CVar [[r.DetailMode:2]]
[2023.04.27-10.15.15:611][  0]LogConfig: Setting CVar [[r.TranslucencyVolumeBlur:1]]
[2023.04.27-10.15.15:611][  0]LogConfig: Setting CVar [[r.MaterialQualityLevel:1 ; High quality]]
[2023.04.27-10.15.15:611][  0]LogConfig: Setting CVar [[r.AnisotropicMaterials:1]]
[2023.04.27-10.15.15:611][  0]LogConfig: Setting CVar [[r.SSS.Scale:1]]
[2023.04.27-10.15.15:611][  0]LogConfig: Setting CVar [[r.SSS.SampleSet:2]]
[2023.04.27-10.15.15:611][  0]LogConfig: Setting CVar [[r.SSS.Quality:1]]
[2023.04.27-10.15.15:611][  0]LogConfig: Setting CVar [[r.SSS.HalfRes:0]]
[2023.04.27-10.15.15:611][  0]LogConfig: Setting CVar [[r.SSGI.Quality:3]]
[2023.04.27-10.15.15:611][  0]LogConfig: Setting CVar [[r.EmitterSpawnRateScale:1.0]]
[2023.04.27-10.15.15:611][  0]LogConfig: Setting CVar [[r.ParticleLightQuality:2]]
[2023.04.27-10.15.15:611][  0]LogConfig: Setting CVar [[r.SkyAtmosphere.AerialPerspectiveLUT.FastApplyOnOpaque:1 ; Always have FastSkyLUT 1 in this case to avoid wrong sky]]
[2023.04.27-10.15.15:611][  0]LogConfig: Setting CVar [[r.SkyAtmosphere.AerialPerspectiveLUT.SampleCountMaxPerSlice:4]]
[2023.04.27-10.15.15:611][  0]LogConfig: Setting CVar [[r.SkyAtmosphere.AerialPerspectiveLUT.DepthResolution:16.0]]
[2023.04.27-10.15.15:611][  0]LogConfig: Setting CVar [[r.SkyAtmosphere.FastSkyLUT:1]]
[2023.04.27-10.15.15:611][  0]LogConfig: Setting CVar [[r.SkyAtmosphere.FastSkyLUT.SampleCountMin:4.0]]
[2023.04.27-10.15.15:611][  0]LogConfig: Setting CVar [[r.SkyAtmosphere.FastSkyLUT.SampleCountMax:128.0]]
[2023.04.27-10.15.15:611][  0]LogConfig: Setting CVar [[r.SkyAtmosphere.SampleCountMin:4.0]]
[2023.04.27-10.15.15:611][  0]LogConfig: Setting CVar [[r.SkyAtmosphere.SampleCountMax:128.0]]
[2023.04.27-10.15.15:611][  0]LogConfig: Setting CVar [[r.SkyAtmosphere.TransmittanceLUT.UseSmallFormat:0]]
[2023.04.27-10.15.15:611][  0]LogConfig: Setting CVar [[r.SkyAtmosphere.TransmittanceLUT.SampleCount:10.0]]
[2023.04.27-10.15.15:611][  0]LogConfig: Setting CVar [[r.SkyAtmosphere.MultiScatteringLUT.SampleCount:15.0]]
[2023.04.27-10.15.15:612][  0]LogConfig: Setting CVar [[r.SkyLight.RealTimeReflectionCapture:1]]
[2023.04.27-10.15.15:612][  0]LogConfig: Applying CVar settings from Section [FoliageQuality@3] File [D:/FlixInteractive/MinesweeperClone/MinesweeperClone/Saved/Config/Windows/Scalability.ini]
[2023.04.27-10.15.15:612][  0]LogConfig: Setting CVar [[foliage.DensityScale:1.0]]
[2023.04.27-10.15.15:612][  0]LogConfig: Setting CVar [[grass.DensityScale:1.0]]
[2023.04.27-10.15.15:612][  0]LogConfig: Applying CVar settings from Section [ShadingQuality@3] File [D:/FlixInteractive/MinesweeperClone/MinesweeperClone/Saved/Config/Windows/Scalability.ini]
[2023.04.27-10.15.15:612][  0]LogConfig: Setting CVar [[r.HairStrands.SkyLighting.IntegrationType:2]]
[2023.04.27-10.15.15:612][  0]LogConfig: Setting CVar [[r.HairStrands.SkyAO.SampleCount:4]]
[2023.04.27-10.15.15:612][  0]LogConfig: Setting CVar [[r.HairStrands.Visibility.MSAA.SamplePerPixel:4]]
[2023.04.27-10.15.15:612][  0]LogConfig: Applying CVar settings from Section [Startup] File [../../../Engine/Config/ConsoleVariables.ini]
[2023.04.27-10.15.15:612][  0]LogConfig: Setting CVar [[net.UseAdaptiveNetUpdateFrequency:0]]
[2023.04.27-10.15.15:612][  0]LogConfig: Setting CVar [[p.chaos.AllowCreatePhysxBodies:1]]
[2023.04.27-10.15.15:612][  0]LogConfig: Setting CVar [[fx.SkipVectorVMBackendOptimizations:1]]
[2023.04.27-10.15.15:612][  0]LogConfig: Applying CVar settings from Section [ConsoleVariables] File [D:/FlixInteractive/MinesweeperClone/MinesweeperClone/Saved/Config/Windows/Engine.ini]
[2023.04.27-10.15.15:612][  0]LogConfig: Applying CVar settings from Section [ConsoleVariables] File [D:/FlixInteractive/MinesweeperClone/MinesweeperClone/Saved/Config/Windows/Editor.ini]
[2023.04.27-10.15.15:612][  0]LogInit: Computer: DESKTOP-AGD2073
[2023.04.27-10.15.15:612][  0]LogInit: User: cadia
[2023.04.27-10.15.15:612][  0]LogInit: CPU Page size=4096, Cores=12
[2023.04.27-10.15.15:612][  0]LogInit: High frequency timer resolution =10.000000 MHz
[2023.04.27-10.15.15:612][  0]LogMemory: Memory total: Physical=63.9GB (64GB approx)
[2023.04.27-10.15.15:612][  0]LogMemory: Platform Memory Stats for Windows
[2023.04.27-10.15.15:612][  0]LogMemory: Process Physical Memory: 147.84 MB used, 147.84 MB peak
[2023.04.27-10.15.15:612][  0]LogMemory: Process Virtual Memory: 126.36 MB used, 126.36 MB peak
[2023.04.27-10.15.15:612][  0]LogMemory: Physical Memory: 12221.84 MB used,  53222.05 MB free, 65443.88 MB total
[2023.04.27-10.15.15:612][  0]LogMemory: Virtual Memory: 134158984.00 MB used,  58747.87 MB free, 134217728.00 MB total
[2023.04.27-10.15.15:616][  0]LogWindows: WindowsPlatformFeatures enabled
[2023.04.27-10.15.15:650][  0]LogInit: Physics initialised using underlying interface: PhysX
[2023.04.27-10.15.15:650][  0]LogInit: Using OS detected language (en-GB).
[2023.04.27-10.15.15:650][  0]LogInit: Using OS detected locale (en-GB).
[2023.04.27-10.15.15:652][  0]LogTextLocalizationManager: No specific localization for 'en-GB' exists, so the 'en' localization will be used.
[2023.04.27-10.15.16:201][  0]LogTargetPlatformManager: Display: Loaded TargetPlatform 'AllDesktop'
[2023.04.27-10.15.16:219][  0]LogTargetPlatformManager: Display: Loaded TargetPlatform 'Android'
[2023.04.27-10.15.16:219][  0]LogTargetPlatformManager: Display: Loaded TargetPlatform 'Android_ASTC'
[2023.04.27-10.15.16:219][  0]LogTargetPlatformManager: Display: Loaded TargetPlatform 'Android_DXT'
[2023.04.27-10.15.16:219][  0]LogTargetPlatformManager: Display: Loaded TargetPlatform 'Android_ETC2'
[2023.04.27-10.15.16:219][  0]LogTargetPlatformManager: Display: Loaded TargetPlatform 'AndroidClient'
[2023.04.27-10.15.16:219][  0]LogTargetPlatformManager: Display: Loaded TargetPlatform 'Android_ASTCClient'
[2023.04.27-10.15.16:219][  0]LogTargetPlatformManager: Display: Loaded TargetPlatform 'Android_DXTClient'
[2023.04.27-10.15.16:219][  0]LogTargetPlatformManager: Display: Loaded TargetPlatform 'Android_ETC2Client'
[2023.04.27-10.15.16:219][  0]LogTargetPlatformManager: Display: Loaded TargetPlatform 'Android_Multi'
[2023.04.27-10.15.16:219][  0]LogTargetPlatformManager: Display: Loaded TargetPlatform 'Android_MultiClient'
[2023.04.27-10.15.16:233][  0]LogTargetPlatformManager: Display: Loaded TargetPlatform 'IOSClient'
[2023.04.27-10.15.16:233][  0]LogTargetPlatformManager: Display: Loaded TargetPlatform 'IOS'
[2023.04.27-10.15.16:240][  0]LogTargetPlatformManager: Display: Loaded TargetPlatform 'Linux'
[2023.04.27-10.15.16:244][  0]LogTargetPlatformManager: Display: Loaded TargetPlatform 'LinuxNoEditor'
[2023.04.27-10.15.16:247][  0]LogTargetPlatformManager: Display: Loaded TargetPlatform 'LinuxClient'
[2023.04.27-10.15.16:251][  0]LogTargetPlatformManager: Display: Loaded TargetPlatform 'LinuxServer'
[2023.04.27-10.15.16:258][  0]LogTargetPlatformManager: Display: Loaded TargetPlatform 'LinuxAArch64NoEditor'
[2023.04.27-10.15.16:261][  0]LogTargetPlatformManager: Display: Loaded TargetPlatform 'LinuxAArch64Client'
[2023.04.27-10.15.16:265][  0]LogTargetPlatformManager: Display: Loaded TargetPlatform 'LinuxAArch64Server'
[2023.04.27-10.15.16:284][  0]LogTargetPlatformManager: Display: Loaded TargetPlatform 'Lumin'
[2023.04.27-10.15.16:284][  0]LogTargetPlatformManager: Display: Loaded TargetPlatform 'LuminClient'
[2023.04.27-10.15.16:290][  0]LogTargetPlatformManager: Display: Loaded TargetPlatform 'MacNoEditor'
[2023.04.27-10.15.16:294][  0]LogTargetPlatformManager: Display: Loaded TargetPlatform 'Mac'
[2023.04.27-10.15.16:298][  0]LogTargetPlatformManager: Display: Loaded TargetPlatform 'MacClient'
[2023.04.27-10.15.16:301][  0]LogTargetPlatformManager: Display: Loaded TargetPlatform 'MacServer'
[2023.04.27-10.15.16:309][  0]LogTargetPlatformManager: Display: Loaded TargetPlatform 'TVOSClient'
[2023.04.27-10.15.16:309][  0]LogTargetPlatformManager: Display: Loaded TargetPlatform 'TVOS'
[2023.04.27-10.15.16:316][  0]LogTargetPlatformManager: Display: Loaded TargetPlatform 'WindowsNoEditor'
[2023.04.27-10.15.16:319][  0]LogTargetPlatformManager: Display: Loaded TargetPlatform 'Windows'
[2023.04.27-10.15.16:323][  0]LogTargetPlatformManager: Display: Loaded TargetPlatform 'WindowsClient'
[2023.04.27-10.15.16:327][  0]LogTargetPlatformManager: Display: Loaded TargetPlatform 'WindowsServer'
[2023.04.27-10.15.16:327][  0]LogTargetPlatformManager: Display: Building Assets For Windows
[2023.04.27-10.15.16:333][  0]LogAudioDebug: Display: Lib vorbis DLL was dynamically loaded.
[2023.04.27-10.15.16:357][  0]LogTextureFormatOodle: Display: Oodle Texture 2.9.0 init RDO Off
[2023.04.27-10.15.16:383][  0]LogRendererCore: Ray tracing is disabled. Reason: r.RayTracing=0.
[2023.04.27-10.15.16:383][  0]LogDerivedDataCache: Display: Max Cache Size: 512 MB
[2023.04.27-10.15.16:423][  0]LogDerivedDataCache: Loaded boot cache 0.04s 103MB C:/Users/cadia/AppData/Local/UnrealEngine/4.27/DerivedDataCache/Boot.ddc.
[2023.04.27-10.15.16:423][  0]LogDerivedDataCache: Display: Loaded Boot cache: C:/Users/cadia/AppData/Local/UnrealEngine/4.27/DerivedDataCache/Boot.ddc
[2023.04.27-10.15.16:423][  0]LogDerivedDataCache: FDerivedDataBackendGraph:  Pak pak cache file ../../../../../FlixInteractive/MinesweeperClone/MinesweeperClone/DerivedDataCache/DDC.ddp not found, will not use a pak cache.
[2023.04.27-10.15.16:423][  0]LogDerivedDataCache: Unable to find inner node Pak for hierarchical cache Hierarchy.
[2023.04.27-10.15.16:423][  0]LogDerivedDataCache: FDerivedDataBackendGraph:  CompressedPak pak cache file ../../../../../FlixInteractive/MinesweeperClone/MinesweeperClone/DerivedDataCache/Compressed.ddp not found, will not use a pak cache.
[2023.04.27-10.15.16:423][  0]LogDerivedDataCache: Unable to find inner node CompressedPak for hierarchical cache Hierarchy.
[2023.04.27-10.15.16:439][  0]LogDerivedDataCache: Display: Pak cache opened for reading ../../../Engine/DerivedDataCache/Compressed.ddp.
[2023.04.27-10.15.16:439][  0]LogDerivedDataCache: FDerivedDataBackendGraph:  EnterprisePak pak cache file ../../../Enterprise/DerivedDataCache/Compressed.ddp not found, will not use a pak cache.
[2023.04.27-10.15.16:439][  0]LogDerivedDataCache: Unable to find inner node EnterprisePak for hierarchical cache Hierarchy.
[2023.04.27-10.15.16:451][  0]LogDerivedDataCache: Speed tests for C:/Users/cadia/AppData/Local/UnrealEngine/Common/DerivedDataCache took 0.01 seconds
[2023.04.27-10.15.16:451][  0]LogDerivedDataCache: Display: Performance to C:/Users/cadia/AppData/Local/UnrealEngine/Common/DerivedDataCache: Latency=0.03ms. RandomReadSpeed=1280.21MBs, RandomWriteSpeed=83.45MBs. Assigned SpeedClass 'Local'
[2023.04.27-10.15.16:452][  0]LogDerivedDataCache: Using Local data cache path C:/Users/cadia/AppData/Local/UnrealEngine/Common/DerivedDataCache: Writable
[2023.04.27-10.15.16:452][  0]LogDerivedDataCache: Shared data cache path not found in *engine.ini, will not use an Shared cache.
[2023.04.27-10.15.16:452][  0]LogDerivedDataCache: Unable to find inner node Shared for hierarchical cache Hierarchy.
[2023.04.27-10.15.16:459][  0]LogAssetRegistry: FAssetRegistry took 0.0021 seconds to start up
[2023.04.27-10.15.16:709][  0]LogInit: Selected Device Profile: [Windows]
[2023.04.27-10.15.16:709][  0]LogInit: Active device profile: [0000019BEF55D400][0000019BEA662D80 49] Windows
[2023.04.27-10.15.16:709][  0]LogInit: Profiles: [0000019BEF55D400][0000019BEA662D80 49] Windows, [0000019BEF50B100][0000019BEA66CEC0 49] WindowsNoEditor, [0000019BEF55CF00][0000019BEA671000 49] WindowsServer, [0000019BEF509300][0000019BEA679180 49] WindowsClient, [0000019BEF4F3F00][0000019BEA67D300 49] IOS, [0000019BEF55D800][0000019BF008B480 49] iPadAir, [0000019BEF508200][0000019BF008F600 49] iPadAir2, [0000019BEF4AC400][0000019BF009D8C0 49] IPadPro, [0000019BEF4AC500][0000019BF0093900 49] iPadAir3, [0000019BEF4F1800][0000019BF00A7A80 49] iPadAir4, [0000019BEF4AF000][0000019BF00ABC00 49] iPadMini2, [0000019BEF4F3100][0000019BF00AE200 49] iPadMini3, [0000019BEF4AD200][0000019BF00B2380 49] iPadMini4, [0000019BEF50A000][0000019BF00B6500 49] iPadMini5, [0000019BEF4A7C00][0000019BF00BE7C0 49] iPhone6, [0000019BEF4A7D00][0000019BF00BA800 49] iPodTouch6, [0000019BEF4ADF00][0000019BF00C6AC0 49] iPhone7, [0000019BEF4AC100][0000019BF00C2B00 49] iPodTouch7, [0000019BEF4A4300][0000019BF00CAC80 49] iPhone5S, [0000019BEF4F0D00][0000019BEA674DC0 49] iPhone6Plus, [0000019BEF4AEC00][0000019BF00CEF00 49] iPhone6S, [0000019BEF4F2300][0000019BF00D3040 49] iPhone6SPlus, [0000019BEF4AD100][0000019BF00D7180 49] iPhone7Plus, [0000019BEF4F0B00][0000019BF00DF300 49] iPhoneSE, [0000019BEF4AC300][0000019BF00E3480 49] iPhone8, [0000019BEF4F2C00][0000019BF00E7600 49] iPhone8Plus, [0000019BEF4ADD00][0000019BF00EB780 49] iPhoneX, [0000019BEF4F3C00][0000019BF00EF900 49] iPhoneXS, [0000019BEF4ACB00][0000019BF00F3A80 49] iPhoneXSMax, [0000019BEF4F0400][0000019BF00F7C00 49] iPhoneXR, [0000019BEF4AE900][0000019BF00FA200 49] iPhone11, [0000019BEF4F3A00][0000019BF00FE380 49] iPhone11Pro, [0000019BEF4AE600][0000019BF0102500 49] iPhone11ProMax, [0000019BEF4F1700][0000019BF0106680 49] iPhoneSE2, [0000019BEF4AC800][0000019BF010A800 49] iPhone12Mini, [0000019BEF4F0500][0000019BF010E980 49] iPhone12, [0000019BEF4AE800][0000019BF0112B00 49] iPhone12Pro, [0000019BEF4F2100][0000019BF0116C80 49] iPhone12ProMax, [0000019BEF4ADB00][0000019BF011AE00 49] iPadPro105, [0000019BEF4F3D00][0000019BF011EF80 49] iPadPro129, [0000019BEF4ACF00][0000019BF00DB0C0 49] iPadPro97, [0000019BEF4F0100][0000019BF0123200 49] iPadPro2_129, [0000019BEF4ACC00][0000019BF0127340 49] iPad5, [0000019BEF4F1500][0000019BF012F4C0 49] iPad6, [0000019BEF4ADC00][0000019BF0133640 49] iPad7, [0000019BEF4F2B00][0000019BF01377C0 49] iPad8, [0000019BEF4AE000][0000019BF013B940 49] iPadPro11, [0000019BEF4F1C00][0000019BF013FAC0 49] iPadPro2_11, [0000019BEF4ACA00][0000019BF01420C0 49] iPadPro3_129, [0000019BEF4F0E00][0000019BF0146240 49] iPadPro4_129, [0000019BEF4AF100][0000019BF014A3C0 49] AppleTV, [0000019BEF4F1E00][0000019BF014E540 49] AppleTV4K, [0000019BEF4AF400][0000019BF01526C0 49] TVOS, [0000019BEF4F0900][0000019BF0156840 49] Mac, [0000019BEF4AEB00][0000019BF015A9C0 49] MacClient, [0000019BEF4F2D00][0000019BF015EB40 49] MacNoEditor, [0000019BEF4AFF00][0000019BF0162CC0 49] MacServer, [0000019BEF4F1A00][0000019BF0166E40 49] Linux, [0000019BEF4AFD00][0000019BF016AFC0 49] LinuxAArch64, [0000019BEF4F1900][0000019BF016F140 49] LinuxNoEditor, [0000019BEF4AF700][0000019BF012B280 49] LinuxAArch64NoEditor, [0000019BEF4F2F00][0000019BF01733C0 49] LinuxClient, [0000019BEF4AD800][0000019BF0177500 49] LinuxAArch64Client, [0000019BEF4F0200][0000019BF017B640 49] LinuxServer, [0000019BEF4AE300][0000019BF01837C0 49] LinuxAArch64Server, [0000019BEF4F2000][0000019BF0187940 49] Android, [0000019BEF4AEA00][0000019BF018BAC0 49] Android_Low, [0000019BEF55F200][0000019BF018E0C0 49] Android_Mid, [0000019BEF4A4B00][0000019BF0192240 49] Android_High, [0000019BEF55D200][0000019BF01963C0 49] Android_Default, [0000019BEF4A5000][0000019BF019A540 49] Android_Adreno4xx, [0000019BEF55E300][0000019BF019E6C0 49] Android_Adreno5xx_Low, [0000019BEF4A5A00][0000019BF01A2840 49] Android_Adreno5xx, [0000019BEF55F300][0000019BF01A69C0 49] Android_Adreno6xx, [0000019BEF4A6600][0000019BF01AAB40 49] Android_Adreno6xx_Vulkan, [0000019BEF55EB00][0000019BF25D0CC0 49] Android_Mali_T6xx, [0000019BEF4A5F00][0000019BF25D4E40 49] Android_Mali_T7xx, [0000019BEF55ED00][0000019BF25D8FC0 49] Android_Mali_T8xx, [0000019BEF4A7800][0000019BF25DD140 49] Android_Mali_G71, [0000019BEF55C100][0000019BF25E12C0 49] Android_Mali_G72, [0000019BEF4A6200][0000019BF017F400 49] Android_Mali_G72_Vulkan, [0000019BEF55FA00][0000019BF25E5540 49] Android_Mali_G76, [0000019BEF4A6C00][0000019BF25E9680 49] Android_Mali_G76_Vulkan, [0000019BEF55D300][0000019BF25ED7C0 49] Android_Mali_G77, [0000019BEF4A5B00][0000019BF25F5940 49] Android_Mali_G77_Vulkan, [0000019BEF55CD00][0000019BF25F9AC0 49] Android_Mali_G78, [0000019BEF4A7400][0000019BF25FC0C0 49] Android_Mali_G78_Vulkan, [0000019BEF55C800][0000019BF2600240 49] Android_Mali_G710, [0000019BEF4A6B00][0000019BF26043C0 49] Android_Mali_G710_Vulkan, [0000019BEF55F100][0000019BF2608540 49] Android_Vulkan_SM5, [0000019BEF4A6300][0000019BF260C6C0 49] Android_PowerVR_G6xxx, [0000019BEF55CC00][0000019BF2610840 49] Android_PowerVR_GT7xxx, [0000019BEF4AF500][0000019BF26149C0 49] Android_PowerVR_GE8xxx, [0000019BEF55F000][0000019BF2618B40 49] Android_PowerVR_GM9xxx, [0000019BEF4ADE00][0000019BF261CCC0 49] Android_PowerVR_GM9xxx_Vulkan, [0000019BEF55E000][0000019BF2620E40 49] Android_TegraK1, [0000019BEF4ADA00][0000019BF2624FC0 49] Android_Unknown_Vulkan, [0000019BEF55D900][0000019BF2629140 49] Lumin, [0000019BEF4AFA00][0000019BF262D2C0 49] Lumin_Desktop, [0000019BEF55D600][0000019BF2631440 49] HoloLens, 
[2023.04.27-10.15.16:738][  0]LogMeshReduction: Using QuadricMeshReduction for automatic static mesh reduction
[2023.04.27-10.15.16:738][  0]LogMeshReduction: Using SimplygonMeshReduction for automatic skeletal mesh reduction
[2023.04.27-10.15.16:738][  0]LogMeshReduction: Using ProxyLODMeshReduction for automatic mesh merging
[2023.04.27-10.15.16:738][  0]LogMeshReduction: No distributed automatic mesh merging module available
[2023.04.27-10.15.16:738][  0]LogMeshMerging: No distributed automatic mesh merging module available
[2023.04.27-10.15.16:743][  0]LogNetVersion: MinesweeperClone 1.0.0, NetCL: 17155196, EngineNetVer: 17, GameNetVer: 0 (Checksum: 3520621560)
[2023.04.27-10.15.16:884][  0]LogHMD: PokeAHoleMaterial loaded successfully
[2023.04.27-10.15.16:959][  0]LogCollectionManager: Loaded 0 collections in 0.000550 seconds
[2023.04.27-10.15.16:960][  0]LogFileCache: Scanning file cache for directory 'D:/FlixInteractive/MinesweeperClone/MinesweeperClone/Saved/Collections/' took 0.00s
[2023.04.27-10.15.16:960][  0]LogFileCache: Scanning file cache for directory 'D:/FlixInteractive/MinesweeperClone/MinesweeperClone/Content/Developers/cadia/Collections/' took 0.00s
[2023.04.27-10.15.16:960][  0]LogFileCache: Scanning file cache for directory 'D:/FlixInteractive/MinesweeperClone/MinesweeperClone/Content/Collections/' took 0.00s
[2023.04.27-10.15.16:960][  0]LogCollectionManager: Fixed up redirectors for 0 collections in 0.000001 seconds (updated 0 objects)
[2023.04.27-10.15.17:054][  0]LogNiagaraDebuggerClient: Niagara Debugger Client Initialized | Session: 81E7543E4AA929EC6621EDA8C375CF87 | Instance: B96F031140CC153ABA65309FD62B2836 (DESKTOP-AGD2073-27984).
[2023.04.27-10.15.17:078][  0]LogPython: Using Python 3.7.7
[2023.04.27-10.15.17:657][  0]SourceControl: Source control is disabled
[2023.04.27-10.15.17:657][  0]SourceControl: Source control is disabled
[2023.04.27-10.15.17:668][  0]SourceControl: Source control is disabled
[2023.04.27-10.15.17:671][  0]SourceControl: Source control is disabled
[2023.04.27-10.15.17:678][  0]LogUProjectInfo: Found projects:
[2023.04.27-10.15.17:687][  0]SourceControl: Source control is disabled
[2023.04.27-10.15.17:814][  0]LogOpenImageDenoise: OIDN starting up
[2023.04.27-10.15.17:841][  0]LogAndroidPermission: UAndroidPermissionCallbackProxy::GetInstance
[2023.04.27-10.15.17:858][  0]LogAudioCaptureCore: Display: No Audio Capture implementations found. Audio input will be silent.
[2023.04.27-10.15.17:858][  0]LogAudioCaptureCore: Display: No Audio Capture implementations found. Audio input will be silent.
[2023.04.27-10.15.17:959][  0]LogOcInput: OculusInput pre-init called
[2023.04.27-10.15.17:986][  0]LogUObjectArray: 23093 objects as part of root set at end of initial load.
[2023.04.27-10.15.17:986][  0]LogUObjectAllocator: 6379392 out of 0 bytes used by permanent object pool.
[2023.04.27-10.15.17:986][  0]LogUObjectArray: CloseDisregardForGC: 0/0 objects in disregard for GC pool
[2023.04.27-10.15.17:989][  0]LogInit: Error: VisualStudioToolsCommandlet looked like a commandlet, but we could not find the class.
[2023.04.27-10.15.17:989][  0]LogCore: Engine exit requested (reason: Failed to find commandlet class VisualStudioToolsCommandlet)
[2023.04.27-10.15.17:989][  0]LogCore: Engine exit requested (reason: EngineExit() was called; note: exit was already requested)
[2023.04.27-10.15.17:989][  0]LogExit: Preparing to exit.
[2023.04.27-10.15.18:007][  0]LogUObjectHash: Compacting FUObjectHashTables data took   0.59ms
[2023.04.27-10.15.18:051][  0]LogDemo: Cleaned up 0 splitscreen connections with owner deletion
[2023.04.27-10.15.18:082][  0]LogExit: Object subsystem successfully closed.
[2023.04.27-10.15.18:111][  0]LogModuleManager: Shutting down and abandoning module AudioSynesthesiaEditor (594)
[2023.04.27-10.15.18:111][  0]LogModuleManager: Shutting down and abandoning module OculusEditor (592)
[2023.04.27-10.15.18:111][  0]LogModuleManager: Shutting down and abandoning module OculusInput (590)
[2023.04.27-10.15.18:111][  0]LogModuleManager: Shutting down and abandoning module ContentBrowserAssetDataSource (588)
[2023.04.27-10.15.18:111][  0]LogModuleManager: Shutting down and abandoning module ContentBrowserClassDataSource (586)
[2023.04.27-10.15.18:111][  0]LogModuleManager: Shutting down and abandoning module ToolMenus (585)
[2023.04.27-10.15.18:111][  0]LogModuleManager: Shutting down and abandoning module ContentBrowserFileDataSource (582)
[2023.04.27-10.15.18:111][  0]LogModuleManager: Shutting down and abandoning module TakeSequencer (580)
[2023.04.27-10.15.18:111][  0]LogModuleManager: Shutting down and abandoning module TakeMovieScene (578)
[2023.04.27-10.15.18:111][  0]LogModuleManager: Shutting down and abandoning module ScreenshotTools (576)
[2023.04.27-10.15.18:111][  0]LogModuleManager: Shutting down and abandoning module SynthesisEditor (574)
[2023.04.27-10.15.18:111][  0]LogModuleManager: Shutting down and abandoning module Synthesis (572)
[2023.04.27-10.15.18:111][  0]LogModuleManager: Shutting down and abandoning module ProceduralMeshComponentEditor (570)
[2023.04.27-10.15.18:111][  0]LogModuleManager: Shutting down and abandoning module ProceduralMeshComponent (568)
[2023.04.27-10.15.18:111][  0]LogModuleManager: Shutting down and abandoning module OpenXREditor (566)
[2023.04.27-10.15.18:111][  0]LogModuleManager: Shutting down and abandoning module MobilePatchingUtils (564)
[2023.04.27-10.15.18:111][  0]LogModuleManager: Shutting down and abandoning module GooglePAD (562)
[2023.04.27-10.15.18:111][  0]LogModuleManager: Shutting down and abandoning module EditableMesh (560)
[2023.04.27-10.15.18:111][  0]LogModuleManager: Shutting down and abandoning module CustomMeshComponent (558)
[2023.04.27-10.15.18:111][  0]LogModuleManager: Shutting down and abandoning module CableComponent (556)
[2023.04.27-10.15.18:111][  0]LogModuleManager: Shutting down and abandoning module AudioCapture (554)
[2023.04.27-10.15.18:111][  0]LogModuleManager: Shutting down and abandoning module AudioCaptureRtAudio (553)
[2023.04.27-10.15.18:111][  0]LogModuleManager: Shutting down and abandoning module AssetTags (550)
[2023.04.27-10.15.18:111][  0]LogModuleManager: Shutting down and abandoning module ArchVisCharacter (548)
[2023.04.27-10.15.18:111][  0]LogModuleManager: Shutting down and abandoning module AppleImageUtilsBlueprintSupport (546)
[2023.04.27-10.15.18:111][  0]LogModuleManager: Shutting down and abandoning module AppleImageUtils (544)
[2023.04.27-10.15.18:111][  0]LogModuleManager: Shutting down and abandoning module AndroidPermission (542)
[2023.04.27-10.15.18:111][  0]LogModuleManager: Shutting down and abandoning module ActorLayerUtilitiesEditor (540)
[2023.04.27-10.15.18:111][  0]LogModuleManager: Shutting down and abandoning module ActorLayerUtilities (538)
[2023.04.27-10.15.18:111][  0]LogModuleManager: Shutting down and abandoning module TemplateSequence (536)
[2023.04.27-10.15.18:111][  0]LogModuleManager: Shutting down and abandoning module MediaCompositing (534)
[2023.04.27-10.15.18:111][  0]LogModuleManager: Shutting down and abandoning module MagicLeapSharedWorld (532)
[2023.04.27-10.15.18:111][  0]LogModuleManager: Shutting down and abandoning module MagicLeapLightEstimation (530)
[2023.04.27-10.15.18:111][  0]LogModuleManager: Shutting down and abandoning module MagicLeapHelperVulkan (528)
[2023.04.27-10.15.18:111][  0]LogModuleManager: Shutting down and abandoning module MagicLeapHelperOpenGL (526)
[2023.04.27-10.15.18:111][  0]LogModuleManager: Shutting down and abandoning module MagicLeapAudio (524)
[2023.04.27-10.15.18:111][  0]LogModuleManager: Shutting down and abandoning module NiagaraEditorWidgets (522)
[2023.04.27-10.15.18:111][  0]LogModuleManager: Shutting down and abandoning module OpenImageDenoise (520)
[2023.04.27-10.15.18:111][  0]LogOpenImageDenoise: OIDN shutting down
[2023.04.27-10.15.18:111][  0]LogModuleManager: Shutting down and abandoning module MotoSynthEditor (518)
[2023.04.27-10.15.18:111][  0]LogModuleManager: Shutting down and abandoning module MotoSynth (516)
[2023.04.27-10.15.18:111][  0]LogModuleManager: Shutting down and abandoning module MeshConversion (514)
[2023.04.27-10.15.18:111][  0]LogModuleManager: Shutting down and abandoning module DynamicMesh (512)
[2023.04.27-10.15.18:111][  0]LogModuleManager: Shutting down and abandoning module GeometryAlgorithms (510)
[2023.04.27-10.15.18:111][  0]LogModuleManager: Shutting down and abandoning module GeometricObjects (508)
[2023.04.27-10.15.18:111][  0]LogModuleManager: Shutting down and abandoning module GeometryCollectionTracks (506)
[2023.04.27-10.15.18:111][  0]LogModuleManager: Shutting down and abandoning module GeometryCollectionSequencer (505)
[2023.04.27-10.15.18:111][  0]LogModuleManager: Shutting down and abandoning module GeometryCollectionEditor (502)
[2023.04.27-10.15.18:111][  0]LogModuleManager: Shutting down and abandoning module GeometryCacheTracks (500)
[2023.04.27-10.15.18:111][  0]LogModuleManager: Shutting down and abandoning module GeometryCacheStreamer (498)
[2023.04.27-10.15.18:111][  0]LogModuleManager: Shutting down and abandoning module GeometryCacheSequencer (496)
[2023.04.27-10.15.18:111][  0]LogModuleManager: Shutting down and abandoning module VariantManagerContentEditor (494)
[2023.04.27-10.15.18:111][  0]LogModuleManager: Shutting down and abandoning module ChaosNiagara (492)
[2023.04.27-10.15.18:111][  0]LogModuleManager: Shutting down and abandoning module ChaosSolverEditor (490)
[2023.04.27-10.15.18:111][  0]LogModuleManager: Shutting down and abandoning module FractureEditor (488)
[2023.04.27-10.15.18:111][  0]LogModuleManager: Shutting down and abandoning module FieldSystemEngine (487)
[2023.04.27-10.15.18:111][  0]LogModuleManager: Shutting down and abandoning module ChaosClothEditor (484)
[2023.04.27-10.15.18:111][  0]LogModuleManager: Shutting down and abandoning module DatasmithContentEditor (482)
[2023.04.27-10.15.18:111][  0]LogModuleManager: Shutting down and abandoning module AutomationUtilsEditor (480)
[2023.04.27-10.15.18:111][  0]LogModuleManager: Shutting down and abandoning module AutomationUtils (478)
[2023.04.27-10.15.18:111][  0]LogModuleManager: Shutting down and abandoning module MobileLauncherProfileWizard (476)
[2023.04.27-10.15.18:111][  0]LogModuleManager: Shutting down and abandoning module PluginBrowser (474)
[2023.04.27-10.15.18:112][  0]LogModuleManager: Shutting down and abandoning module SpeedTreeImporter (472)
[2023.04.27-10.15.18:112][  0]LogModuleManager: Shutting down and abandoning module MaterialAnalyzer (470)
[2023.04.27-10.15.18:112][  0]LogModuleManager: Shutting down and abandoning module AlembicImporter (468)
[2023.04.27-10.15.18:112][  0]LogModuleManager: Shutting down and abandoning module AlembicLibrary (467)
[2023.04.27-10.15.18:112][  0]LogModuleManager: Shutting down and abandoning module GeometryCache (466)
[2023.04.27-10.15.18:112][  0]LogModuleManager: Shutting down and abandoning module GeometryCacheEd (465)
[2023.04.27-10.15.18:112][  0]LogModuleManager: Shutting down and abandoning module SubversionSourceControl (460)
[2023.04.27-10.15.18:112][  0]LogModuleManager: Shutting down and abandoning module VisualStudioSourceCodeAccess (458)
[2023.04.27-10.15.18:112][  0]LogModuleManager: Shutting down and abandoning module VisualStudioCodeSourceCodeAccess (456)
[2023.04.27-10.15.18:112][  0]LogModuleManager: Shutting down and abandoning module UObjectPlugin (454)
[2023.04.27-10.15.18:112][  0]LogModuleManager: Shutting down and abandoning module PluginUtils (452)
[2023.04.27-10.15.18:112][  0]LogModuleManager: Shutting down and abandoning module PerforceSourceControl (450)
[2023.04.27-10.15.18:112][  0]LogModuleManager: Shutting down and abandoning module PlasticSourceControl (448)
[2023.04.27-10.15.18:112][  0]LogModuleManager: Shutting down and abandoning module CryptoKeysOpenSSL (446)
[2023.04.27-10.15.18:112][  0]LogModuleManager: Shutting down and abandoning module CryptoKeys (444)
[2023.04.27-10.15.18:112][  0]LogModuleManager: Shutting down and abandoning module CurveEditorTools (442)
[2023.04.27-10.15.18:112][  0]LogModuleManager: Shutting down and abandoning module GitSourceControl (440)
[2023.04.27-10.15.18:112][  0]LogModuleManager: Shutting down and abandoning module SourceControl (439)
[2023.04.27-10.15.18:112][  0]LogModuleManager: Shutting down and abandoning module CLionSourceCodeAccess (436)
[2023.04.27-10.15.18:112][  0]LogModuleManager: Shutting down and abandoning module AnimationSharingEd (434)
[2023.04.27-10.15.18:112][  0]LogModuleManager: Shutting down and abandoning module OodleNetworkHandlerComponent (432)
[2023.04.27-10.15.18:112][  0]LogModuleManager: Shutting down and abandoning module LiveLinkSequencer (430)
[2023.04.27-10.15.18:112][  0]LogModuleManager: Shutting down and abandoning module LiveLinkMovieScene (428)
[2023.04.27-10.15.18:112][  0]LogModuleManager: Shutting down and abandoning module LiveLinkGraphNode (426)
[2023.04.27-10.15.18:112][  0]LogModuleManager: Shutting down and abandoning module LiveLinkEditor (424)
[2023.04.27-10.15.18:112][  0]LogModuleManager: Shutting down and abandoning module LiveLinkComponents (422)
[2023.04.27-10.15.18:112][  0]LogModuleManager: Shutting down and abandoning module LiveLink (420)
[2023.04.27-10.15.18:609][  0]LogModuleManager: Shutting down and abandoning module LightPropagationVolumeEditor (418)
[2023.04.27-10.15.18:609][  0]LogModuleManager: Shutting down and abandoning module PaperTiledImporter (416)
[2023.04.27-10.15.18:609][  0]LogModuleManager: Shutting down and abandoning module PaperSpriteSheetImporter (414)
[2023.04.27-10.15.18:609][  0]LogModuleManager: Shutting down and abandoning module Paper2DEditor (412)
[2023.04.27-10.15.18:609][  0]LogModuleManager: Shutting down and abandoning module MeshPaintingToolset (410)
[2023.04.27-10.15.18:609][  0]LogModuleManager: Shutting down and abandoning module MeshPaintEditorMode (408)
[2023.04.27-10.15.18:609][  0]LogModuleManager: Shutting down and abandoning module MinesweeperClone (406)
[2023.04.27-10.15.18:609][  0]LogModuleManager: Shutting down and abandoning module SoundFields (404)
[2023.04.27-10.15.18:609][  0]LogModuleManager: Shutting down and abandoning module SignificanceManager (402)
[2023.04.27-10.15.18:609][  0]LogModuleManager: Shutting down and abandoning module RuntimePhysXCooking (400)
[2023.04.27-10.15.18:609][  0]LogModuleManager: Shutting down and abandoning module PropertyAccessEditor (398)
[2023.04.27-10.15.18:609][  0]LogModuleManager: Shutting down and abandoning module PhysXVehiclesEditor (396)
[2023.04.27-10.15.18:609][  0]LogModuleManager: Shutting down and abandoning module LocationServicesBPLibrary (392)
[2023.04.27-10.15.18:609][  0]LogModuleManager: Shutting down and abandoning module AudioSynesthesia (390)
[2023.04.27-10.15.18:609][  0]LogModuleManager: Shutting down and abandoning module AudioSynesthesiaCore (388)
[2023.04.27-10.15.18:609][  0]LogModuleManager: Shutting down and abandoning module TcpMessaging (386)
[2023.04.27-10.15.18:609][  0]LogModuleManager: Shutting down and abandoning module UdpMessaging (384)
[2023.04.27-10.15.18:609][  0]LogModuleManager: Shutting down and abandoning module ActorSequence (382)
[2023.04.27-10.15.18:609][  0]LogModuleManager: Shutting down and abandoning module MagicLeapARPin (380)
[2023.04.27-10.15.18:609][  0]LogModuleManager: Shutting down and abandoning module MagicLeapHandMeshing (378)
[2023.04.27-10.15.18:609][  0]LogModuleManager: Shutting down and abandoning module MagicLeapSecureStorage (376)
[2023.04.27-10.15.18:609][  0]LogModuleManager: Shutting down and abandoning module MagicLeapPrivileges (374)
[2023.04.27-10.15.18:609][  0]LogModuleManager: Shutting down and abandoning module MagicLeapPlanes (372)
[2023.04.27-10.15.18:609][  0]LogMagicLeapPlanes: Planes tracker already destroyed.
[2023.04.27-10.15.18:609][  0]LogModuleManager: Shutting down and abandoning module MagicLeapImageTracker (370)
[2023.04.27-10.15.18:609][  0]LogModuleManager: Shutting down and abandoning module MagicLeapIdentity (368)
[2023.04.27-10.15.18:609][  0]LogModuleManager: Shutting down and abandoning module MagicLeapHandTracking (366)
[2023.04.27-10.15.18:609][  0]LogModuleManager: Shutting down and abandoning module MagicLeapEyeTracker (364)
[2023.04.27-10.15.18:609][  0]LogModuleManager: Shutting down and abandoning module MagicLeapController (362)
[2023.04.27-10.15.18:609][  0]LogModuleManager: Shutting down and abandoning module MagicLeapARPinImpl (360)
[2023.04.27-10.15.18:609][  0]LogModuleManager: Shutting down and abandoning module MagicLeapAR (358)
[2023.04.27-10.15.18:609][  0]LogModuleManager: Shutting down and abandoning module PythonScriptPlugin (356)
[2023.04.27-10.15.18:609][  0]LogModuleManager: Shutting down and abandoning module NiagaraAnimNotifies (354)
[2023.04.27-10.15.18:609][  0]LogModuleManager: Shutting down and abandoning module Niagara (352)
[2023.04.27-10.15.18:609][  0]LogModuleManager: Shutting down and abandoning module SignalProcessing (351)
[2023.04.27-10.15.18:609][  0]LogModuleManager: Shutting down and abandoning module NiagaraEditor (349)
[2023.04.27-10.15.18:609][  0]LogModuleManager: Shutting down and abandoning module NiagaraCore (346)
[2023.04.27-10.15.18:609][  0]LogModuleManager: Shutting down and abandoning module FacialAnimationEditor (344)
[2023.04.27-10.15.18:609][  0]LogModuleManager: Shutting down and abandoning module FacialAnimation (342)
[2023.04.27-10.15.18:609][  0]LogModuleManager: Shutting down and abandoning module GameplayTagsEditor (340)
[2023.04.27-10.15.18:609][  0]LogModuleManager: Shutting down and abandoning module PropertyAccessNode (338)
[2023.04.27-10.15.18:609][  0]LogModuleManager: Shutting down and abandoning module DataValidation (336)
[2023.04.27-10.15.18:609][  0]LogModuleManager: Shutting down and abandoning module AssetManagerEditor (334)
[2023.04.27-10.15.18:609][  0]LogModuleManager: Shutting down and abandoning module TreeMap (333)
[2023.04.27-10.15.18:610][  0]LogModuleManager: Shutting down and abandoning module AnimationSharing (330)
[2023.04.27-10.15.18:610][  0]LogModuleManager: Shutting down and abandoning module GameplayCameras (328)
[2023.04.27-10.15.18:610][  0]LogModuleManager: Shutting down and abandoning module EnvironmentQueryEditor (326)
[2023.04.27-10.15.18:610][  0]LogModuleManager: Shutting down and abandoning module LightPropagationVolumeRuntime (324)
[2023.04.27-10.15.18:610][  0]LogModuleManager: Shutting down and abandoning module Paper2D (322)
[2023.04.27-10.15.18:610][  0]LogModuleManager: Shutting down and abandoning module NetworkReplayStreaming (320)
[2023.04.27-10.15.18:610][  0]LogModuleManager: Shutting down and abandoning module PacketHandler (318)
[2023.04.27-10.15.18:610][  0]LogModuleManager: Shutting down and abandoning module ClothingSystemEditor (316)
[2023.04.27-10.15.18:610][  0]LogModuleManager: Shutting down and abandoning module ClothingSystemRuntimeNv (314)
[2023.04.27-10.15.18:610][  0]LogModuleManager: Shutting down and abandoning module MediaAssets (312)
[2023.04.27-10.15.18:610][  0]LogModuleManager: Shutting down and abandoning module Overlay (310)
[2023.04.27-10.15.18:610][  0]LogModuleManager: Shutting down and abandoning module OverlayEditor (309)
[2023.04.27-10.15.18:610][  0]LogModuleManager: Shutting down and abandoning module Blutility (306)
[2023.04.27-10.15.18:610][  0]LogModuleManager: Shutting down and abandoning module LevelEditor (305)
[2023.04.27-10.15.18:610][  0]LogModuleManager: Shutting down and abandoning module PixelInspectorModule (304)
[2023.04.27-10.15.18:610][  0]LogModuleManager: Shutting down and abandoning module CommonMenuExtensions (302)
[2023.04.27-10.15.18:610][  0]LogModuleManager: Shutting down and abandoning module MainFrame (300)
[2023.04.27-10.15.18:610][  0]LogModuleManager: Shutting down and abandoning module HotReload (299)
[2023.04.27-10.15.18:611][  0]LogModuleManager: Shutting down and abandoning module ContentBrowser (295)
[2023.04.27-10.15.18:611][  0]LogModuleManager: Shutting down and abandoning module CollectionManager (294)
[2023.04.27-10.15.18:611][  0]LogModuleManager: Shutting down and abandoning module ContentBrowserData (292)
[2023.04.27-10.15.18:611][  0]LogModuleManager: Shutting down and abandoning module IntroTutorials (288)
[2023.04.27-10.15.18:611][  0]LogModuleManager: Shutting down and abandoning module VREditor (286)
[2023.04.27-10.15.18:611][  0]LogModuleManager: Shutting down and abandoning module StringTableEditor (284)
[2023.04.27-10.15.18:611][  0]LogModuleManager: Shutting down and abandoning module GameplayTasksEditor (282)
[2023.04.27-10.15.18:611][  0]LogModuleManager: Shutting down and abandoning module BehaviorTreeEditor (280)
[2023.04.27-10.15.18:611][  0]LogModuleManager: Shutting down and abandoning module FunctionalTesting (278)
[2023.04.27-10.15.18:611][  0]LogModuleManager: Shutting down and abandoning module CollisionAnalyzer (276)
[2023.04.27-10.15.18:611][  0]LogModuleManager: Shutting down and abandoning module WorkspaceMenuStructure (275)
[2023.04.27-10.15.18:611][  0]LogModuleManager: Shutting down and abandoning module UMG (272)
[2023.04.27-10.15.18:611][  0]LogModuleManager: Shutting down and abandoning module UMGEditor (271)
[2023.04.27-10.15.18:611][  0]LogModuleManager: Shutting down and abandoning module MessageLog (269)
[2023.04.27-10.15.18:611][  0]LogModuleManager: Shutting down and abandoning module SlateReflector (264)
[2023.04.27-10.15.18:611][  0]LogModuleManager: Shutting down and abandoning module Slate (262)
[2023.04.27-10.15.18:611][  0]LogModuleManager: Shutting down and abandoning module SlateCore (260)
[2023.04.27-10.15.18:612][  0]LogModuleManager: Shutting down and abandoning module LandscapeEditorUtilities (258)
[2023.04.27-10.15.18:612][  0]LogModuleManager: Shutting down and abandoning module UnrealEd (256)
[2023.04.27-10.15.18:612][  0]LogModuleManager: Shutting down and abandoning module MRMesh (254)
[2023.04.27-10.15.18:612][  0]LogModuleManager: Shutting down and abandoning module SourceCodeAccess (252)
[2023.04.27-10.15.18:612][  0]LogModuleManager: Shutting down and abandoning module HeadMountedDisplay (250)
[2023.04.27-10.15.18:612][  0]LogModuleManager: Shutting down and abandoning module XAudio2 (248)
[2023.04.27-10.15.18:612][  0]LogModuleManager: Shutting down and abandoning module Networking (246)
[2023.04.27-10.15.18:612][  0]LogModuleManager: Shutting down and abandoning module Core (244)
[2023.04.27-10.15.18:612][  0]LogModuleManager: Shutting down and abandoning module MaterialEditor (242)
[2023.04.27-10.15.18:612][  0]LogModuleManager: Shutting down and abandoning module Settings (241)
[2023.04.27-10.15.18:612][  0]LogModuleManager: Shutting down and abandoning module MovieSceneTools (238)
[2023.04.27-10.15.18:612][  0]LogModuleManager: Shutting down and abandoning module CurveEditor (237)
[2023.04.27-10.15.18:612][  0]LogModuleManager: Shutting down and abandoning module Sequencer (235)
[2023.04.27-10.15.18:612][  0]LogModuleManager: Shutting down and abandoning module EditorStyle (234)
[2023.04.27-10.15.18:613][  0]LogModuleManager: Shutting down and abandoning module KismetCompiler (230)
[2023.04.27-10.15.18:613][  0]LogModuleManager: Shutting down and abandoning module MeshBuilder (228)
[2023.04.27-10.15.18:613][  0]LogModuleManager: Shutting down and abandoning module MeshUtilities (226)
[2023.04.27-10.15.18:613][  0]LogModuleManager: Shutting down and abandoning module MeshMergeUtilities (225)
[2023.04.27-10.15.18:613][  0]LogModuleManager: Shutting down and abandoning module MeshReductionInterface (224)
[2023.04.27-10.15.18:613][  0]LogModuleManager: Shutting down and abandoning module MeshBoneReduction (223)
[2023.04.27-10.15.18:613][  0]LogModuleManager: Shutting down and abandoning module SkeletalMeshReduction (221)
[2023.04.27-10.15.18:613][  0]LogModuleManager: Shutting down and abandoning module ProxyLODMeshReduction (219)
[2023.04.27-10.15.18:613][  0]LogModuleManager: Shutting down and abandoning module QuadricMeshReduction (217)
[2023.04.27-10.15.18:613][  0]LogModuleManager: Shutting down and abandoning module MaterialBaking (213)
[2023.04.27-10.15.18:613][  0]LogModuleManager: Shutting down and abandoning module DirectoryWatcher (209)
[2023.04.27-10.15.18:613][  0]LogModuleManager: Shutting down and abandoning module NullInstallBundleManager (206)
[2023.04.27-10.15.18:613][  0]LogModuleManager: Shutting down and abandoning module DerivedDataCache (204)
[2023.04.27-10.15.18:613][  0]LogModuleManager: Shutting down and abandoning module TargetPlatform (202)
[2023.04.27-10.15.18:613][  0]LogModuleManager: Shutting down and abandoning module VulkanShaderFormat (201)
[2023.04.27-10.15.18:613][  0]LogModuleManager: Shutting down and abandoning module ShaderFormatVectorVM (199)
[2023.04.27-10.15.18:613][  0]LogModuleManager: Shutting down and abandoning module ShaderFormatOpenGL (197)
[2023.04.27-10.15.18:613][  0]LogModuleManager: Shutting down and abandoning module ShaderFormatD3D (195)
[2023.04.27-10.15.18:613][  0]LogModuleManager: Shutting down and abandoning module MetalShaderFormat (193)
[2023.04.27-10.15.18:613][  0]LogModuleManager: Shutting down and abandoning module TextureFormatOodle (191)
[2023.04.27-10.15.18:613][  0]LogModuleManager: Shutting down and abandoning module TextureFormatUncompressed (189)
[2023.04.27-10.15.18:613][  0]LogModuleManager: Shutting down and abandoning module TextureFormatPVR (187)
[2023.04.27-10.15.18:613][  0]LogModuleManager: Shutting down and abandoning module TextureFormatETC2 (185)
[2023.04.27-10.15.18:613][  0]LogModuleManager: Shutting down and abandoning module TextureFormatDXT (183)
[2023.04.27-10.15.18:613][  0]LogModuleManager: Shutting down and abandoning module TextureFormatIntelISPCTexComp (181)
[2023.04.27-10.15.18:613][  0]LogModuleManager: Shutting down and abandoning module TextureFormatASTC (179)
[2023.04.27-10.15.18:613][  0]LogModuleManager: Shutting down and abandoning module ImageWrapper (178)
[2023.04.27-10.15.18:613][  0]LogModuleManager: Shutting down and abandoning module AudioFormatOpus (175)
[2023.04.27-10.15.18:613][  0]LogModuleManager: Shutting down and abandoning module AudioFormatOgg (173)
[2023.04.27-10.15.18:613][  0]LogModuleManager: Shutting down and abandoning module AudioFormatADPCM (171)
[2023.04.27-10.15.18:613][  0]LogModuleManager: Shutting down and abandoning module WindowsServerTargetPlatform (169)
[2023.04.27-10.15.18:613][  0]LogModuleManager: Shutting down and abandoning module WindowsClientTargetPlatform (167)
[2023.04.27-10.15.18:613][  0]LogModuleManager: Shutting down and abandoning module WindowsTargetPlatform (165)
[2023.04.27-10.15.18:613][  0]LogModuleManager: Shutting down and abandoning module WindowsNoEditorTargetPlatform (163)
[2023.04.27-10.15.18:613][  0]LogModuleManager: Shutting down and abandoning module TVOSTargetPlatform (161)
[2023.04.27-10.15.18:614][  0]LogModuleManager: Shutting down and abandoning module MacServerTargetPlatform (159)
[2023.04.27-10.15.18:614][  0]LogModuleManager: Shutting down and abandoning module MacClientTargetPlatform (157)
[2023.04.27-10.15.18:614][  0]LogModuleManager: Shutting down and abandoning module MacTargetPlatform (155)
[2023.04.27-10.15.18:614][  0]LogModuleManager: Shutting down and abandoning module MacNoEditorTargetPlatform (153)
[2023.04.27-10.15.18:614][  0]LogModuleManager: Shutting down and abandoning module LuminTargetPlatform (151)
[2023.04.27-10.15.18:614][  0]LogModuleManager: Shutting down and abandoning module LinuxAArch64ServerTargetPlatform (149)
[2023.04.27-10.15.18:614][  0]LogModuleManager: Shutting down and abandoning module LinuxAArch64ClientTargetPlatform (147)
[2023.04.27-10.15.18:614][  0]LogModuleManager: Shutting down and abandoning module LinuxAArch64NoEditorTargetPlatform (145)
[2023.04.27-10.15.18:614][  0]LogModuleManager: Shutting down and abandoning module LinuxServerTargetPlatform (143)
[2023.04.27-10.15.18:614][  0]LogModuleManager: Shutting down and abandoning module LinuxClientTargetPlatform (141)
[2023.04.27-10.15.18:614][  0]LogModuleManager: Shutting down and abandoning module LinuxNoEditorTargetPlatform (139)
[2023.04.27-10.15.18:614][  0]LogModuleManager: Shutting down and abandoning module LinuxTargetPlatform (137)
[2023.04.27-10.15.18:614][  0]LogModuleManager: Shutting down and abandoning module Messaging (135)
[2023.04.27-10.15.18:614][  0]LogModuleManager: Shutting down and abandoning module IOSTargetPlatform (133)
[2023.04.27-10.15.18:615][  0]LogModuleManager: Shutting down and abandoning module AndroidTargetPlatform (131)
[2023.04.27-10.15.18:617][  0]LogModuleManager: Shutting down and abandoning module AllDesktopTargetPlatform (129)
[2023.04.27-10.15.18:617][  0]LogModuleManager: Shutting down and abandoning module NullDrv (126)
[2023.04.27-10.15.18:617][  0]LogModuleManager: Shutting down and abandoning module PhysXCooking (124)
[2023.04.27-10.15.18:617][  0]LogModuleManager: Shutting down and abandoning module Chaos (122)
[2023.04.27-10.15.18:617][  0]LogModuleManager: Shutting down and abandoning module WindowsPlatformFeatures (120)
[2023.04.27-10.15.18:617][  0]LogModuleManager: Shutting down and abandoning module GameplayMediaEncoder (119)
[2023.04.27-10.15.18:617][  0]LogModuleManager: Shutting down and abandoning module AVEncoder (118)
[2023.04.27-10.15.18:617][  0]LogModuleManager: Shutting down and abandoning module ExampleDeviceProfileSelector (114)
[2023.04.27-10.15.18:617][  0]LogModuleManager: Shutting down and abandoning module SteamVRInputDevice (112)
[2023.04.27-10.15.18:617][  0]LogModuleManager: Shutting down and abandoning module SteamVRInput (110)
[2023.04.27-10.15.18:617][  0]LogModuleManager: Shutting down and abandoning module SteamVR (108)
[2023.04.27-10.15.18:617][  0]LogHMD: Freeing OpenVRDLLHandle.
[2023.04.27-10.15.18:617][  0]LogModuleManager: Shutting down and abandoning module OculusHMD (106)
[2023.04.27-10.15.18:617][  0]LogModuleManager: Shutting down and abandoning module OpenXRHandTracking (104)
[2023.04.27-10.15.18:617][  0]LogModuleManager: Shutting down and abandoning module OpenXREyeTracker (102)
[2023.04.27-10.15.18:617][  0]LogModuleManager: Shutting down and abandoning module OpenXRAR (100)
[2023.04.27-10.15.18:617][  0]LogModuleManager: Shutting down and abandoning module AugmentedReality (99)
[2023.04.27-10.15.18:617][  0]LogModuleManager: Shutting down and abandoning module OpenXRHMD (96)
[2023.04.27-10.15.18:617][  0]LogModuleManager: Shutting down and abandoning module ChunkDownloader (94)
[2023.04.27-10.15.18:617][  0]LogModuleManager: Shutting down and abandoning module OnlineBlueprintSupport (92)
[2023.04.27-10.15.18:617][  0]LogModuleManager: Shutting down and abandoning module OnlineSubsystem (88)
[2023.04.27-10.15.18:617][  0]LogModuleManager: Shutting down and abandoning module XMPP (83)
[2023.04.27-10.15.18:617][  0]LogModuleManager: Shutting down and abandoning module WebSockets (82)
[2023.04.27-10.15.18:630][  0]LogModuleManager: Shutting down and abandoning module HTTP (79)
[2023.04.27-10.15.18:630][  0]LogHttp: Display: cleaning up 0 outstanding Http requests.
[2023.04.27-10.15.18:650][  0]LogModuleManager: Shutting down and abandoning module SSL (78)
[2023.04.27-10.15.18:650][  0]LogModuleManager: Shutting down and abandoning module LauncherChunkInstaller (74)
[2023.04.27-10.15.18:650][  0]LogModuleManager: Shutting down and abandoning module WmfMedia (72)
[2023.04.27-10.15.18:651][  0]LogModuleManager: Shutting down and abandoning module Media (71)
[2023.04.27-10.15.18:652][  0]LogModuleManager: Shutting down and abandoning module MediaInfo (70)
[2023.04.27-10.15.18:652][  0]LogModuleManager: Shutting down and abandoning module ExrReaderGpu (66)
[2023.04.27-10.15.18:652][  0]LogModuleManager: Shutting down and abandoning module MLSDK (64)
[2023.04.27-10.15.18:652][  0]LogModuleManager: Shutting down and abandoning module MagicLeap (62)
[2023.04.27-10.15.18:652][  0]LogModuleManager: Shutting down and abandoning module NiagaraVertexFactories (60)
[2023.04.27-10.15.18:652][  0]LogModuleManager: Shutting down and abandoning module NiagaraShader (58)
[2023.04.27-10.15.18:652][  0]LogModuleManager: Shutting down and abandoning module VariantManagerContent (56)
[2023.04.27-10.15.18:652][  0]LogModuleManager: Shutting down and abandoning module ChaosCloth (54)
[2023.04.27-10.15.18:652][  0]LogModuleManager: Shutting down and abandoning module DatasmithContent (52)
[2023.04.27-10.15.18:652][  0]LogModuleManager: Shutting down and abandoning module PixWinPlugin (50)
[2023.04.27-10.15.18:652][  0]LogModuleManager: Shutting down and abandoning module AISupportModule (48)
[2023.04.27-10.15.18:652][  0]LogModuleManager: Shutting down and abandoning module PythonScriptPluginPreload (46)
[2023.04.27-10.15.18:652][  0]LogModuleManager: Shutting down and abandoning module PlatformCryptoOpenSSL (44)
[2023.04.27-10.15.18:652][  0]LogModuleManager: Shutting down and abandoning module PlatformCryptoTypes (42)
[2023.04.27-10.15.18:652][  0]LogModuleManager: Shutting down and abandoning module PlatformCrypto (40)
[2023.04.27-10.15.18:652][  0]LogModuleManager: Shutting down and abandoning module OodleDataCompressionFormat (38)
[2023.04.27-10.15.18:652][  0]LogModuleManager: Shutting down and abandoning module XGEController (36)
[2023.04.27-10.15.18:652][  0]LogXGEController: Cannot use XGE Controller as Incredibuild is not installed on this machine.
[2023.04.27-10.15.18:652][  0]LogModuleManager: Shutting down and abandoning module AnimationModifiers (34)
[2023.04.27-10.15.18:653][  0]LogModuleManager: Shutting down and abandoning module AudioEditor (32)
[2023.04.27-10.15.18:653][  0]LogModuleManager: Shutting down and abandoning module PropertyEditor (31)
[2023.04.27-10.15.18:653][  0]LogModuleManager: Shutting down and abandoning module TextureCompressor (28)
[2023.04.27-10.15.18:653][  0]LogModuleManager: Shutting down and abandoning module RenderCore (26)
[2023.04.27-10.15.18:653][  0]LogModuleManager: Shutting down and abandoning module Landscape (24)
[2023.04.27-10.15.18:653][  0]LogModuleManager: Shutting down and abandoning module SlateRHIRenderer (22)
[2023.04.27-10.15.18:653][  0]LogModuleManager: Shutting down and abandoning module AnimGraphRuntime (20)
[2023.04.27-10.15.18:653][  0]LogModuleManager: Shutting down and abandoning module Renderer (18)
[2023.04.27-10.15.18:653][  0]LogModuleManager: Shutting down and abandoning module Engine (16)
[2023.04.27-10.15.18:653][  0]LogModuleManager: Shutting down and abandoning module CoreUObject (14)
[2023.04.27-10.15.18:653][  0]LogModuleManager: Shutting down and abandoning module NetworkFile (12)
[2023.04.27-10.15.18:653][  0]LogModuleManager: Shutting down and abandoning module CookedIterativeFile (10)
[2023.04.27-10.15.18:653][  0]LogModuleManager: Shutting down and abandoning module StreamingFile (8)
[2023.04.27-10.15.18:653][  0]LogModuleManager: Shutting down and abandoning module SandboxFile (6)
[2023.04.27-10.15.18:653][  0]LogModuleManager: Shutting down and abandoning module PakFile (4)
[2023.04.27-10.15.18:653][  0]LogModuleManager: Shutting down and abandoning module RSA (3)
[2023.04.27-10.15.18:745][  0]LogContentStreaming: Display: There are 1 unreleased StreamingManagers
[2023.04.27-10.15.18:762][  0]LogExit: Exiting.
[2023.04.27-10.15.18:774][  0]Log file closed, 04/27/23 11:15:18
